2025-03-05 15:06:30 - [INIT] with clock rate 6 and peers ['localhost:50051', 'localhost:50052'], [1, 2]
2025-03-05 15:06:32 - [INTERNAL], Logical clock: 1
2025-03-05 15:06:33 - [SENT] to Machine 2, Logical clock: 1
2025-03-05 15:06:33 - [RECEIVED] from Machine 2, Logical clock: 3, Queue length: 1
2025-03-05 15:06:34 - [RECEIVED] from Machine 2, Logical clock: 4, Queue length: 1
2025-03-05 15:06:34 - [RECEIVED] from Machine 2, Logical clock: 5, Queue length: 0
2025-03-05 15:06:34 - [INTERNAL], Logical clock: 6
2025-03-05 15:06:34 - [RECEIVED] from Machine 2, Logical clock: 7, Queue length: 0
2025-03-05 15:06:34 - [RECEIVED] from Machine 2, Logical clock: 8, Queue length: 0
2025-03-05 15:06:35 - [RECEIVED] from Machine 2, Logical clock: 9, Queue length: 0
2025-03-05 15:06:35 - [SENT] to Machine 1, Logical clock: 9
2025-03-05 15:06:35 - [INTERNAL], Logical clock: 11
2025-03-05 15:06:35 - [SENT] to Machine 1, Logical clock: 11
2025-03-05 15:06:36 - [SENT] to Machine 1, Logical clock: 12
2025-03-05 15:06:36 - [INTERNAL], Logical clock: 14
2025-03-05 15:06:36 - [SENT] to Machine 1, Logical clock: 14
2025-03-05 15:06:37 - [SENT] to Machine 2, Logical clock: 15
2025-03-05 15:06:37 - [INTERNAL], Logical clock: 17
2025-03-05 15:06:37 - [INTERNAL], Logical clock: 18
2025-03-05 15:06:37 - [SENT] to Machine 1, Logical clock: 18
2025-03-05 15:06:37 - [INTERNAL], Logical clock: 20
2025-03-05 15:06:38 - [INTERNAL], Logical clock: 21
2025-03-05 15:06:38 - [SENT] to Machine 1, Logical clock: 21
2025-03-05 15:06:38 - [SENT] to Machine 2, Logical clock: 21
2025-03-05 15:06:38 - [RECEIVED] from Machine 2, Logical clock: 23, Queue length: 0
2025-03-05 15:06:38 - [RECEIVED] from Machine 2, Logical clock: 24, Queue length: 0
2025-03-05 15:06:39 - [SENT] to Machine 1, Logical clock: 24
2025-03-05 15:06:39 - [SENT] to Machine 2, Logical clock: 24
2025-03-05 15:06:39 - [INTERNAL], Logical clock: 26
2025-03-05 15:06:39 - [INTERNAL], Logical clock: 27
2025-03-05 15:06:39 - [INTERNAL], Logical clock: 28
2025-03-05 15:06:40 - [SENT] to Machine 1, Logical clock: 28
2025-03-05 15:06:40 - [SENT] to Machine 2, Logical clock: 28
2025-03-05 15:06:40 - [SENT] to Machine 1, Logical clock: 29
2025-03-05 15:06:40 - [INTERNAL], Logical clock: 31
2025-03-05 15:06:41 - [SENT] to Machine 1, Logical clock: 31
2025-03-05 15:06:41 - [RECEIVED] from Machine 2, Logical clock: 35, Queue length: 0
2025-03-05 15:06:41 - [INTERNAL], Logical clock: 36
2025-03-05 15:06:41 - [RECEIVED] from Machine 2, Logical clock: 37, Queue length: 0
2025-03-05 15:06:41 - [INTERNAL], Logical clock: 38
2025-03-05 15:06:42 - [INTERNAL], Logical clock: 39
2025-03-05 15:06:42 - [RECEIVED] from Machine 2, Logical clock: 40, Queue length: 0
2025-03-05 15:06:42 - [RECEIVED] from Machine 2, Logical clock: 41, Queue length: 0
2025-03-05 15:06:42 - [INTERNAL], Logical clock: 42
2025-03-05 15:06:42 - [INTERNAL], Logical clock: 43
2025-03-05 15:06:43 - [INTERNAL], Logical clock: 44
2025-03-05 15:06:43 - [INTERNAL], Logical clock: 45
2025-03-05 15:06:44 - [SENT] to Machine 1, Logical clock: 45
2025-03-05 15:06:44 - [SENT] to Machine 2, Logical clock: 45
2025-03-05 15:06:44 - [RECEIVED] from Machine 2, Logical clock: 48, Queue length: 2
2025-03-05 15:06:44 - [RECEIVED] from Machine 2, Logical clock: 49, Queue length: 2
2025-03-05 15:06:44 - [RECEIVED] from Machine 2, Logical clock: 50, Queue length: 1
2025-03-05 15:06:44 - [RECEIVED] from Machine 2, Logical clock: 51, Queue length: 0
2025-03-05 15:06:45 - [SENT] to Machine 1, Logical clock: 51
2025-03-05 15:06:45 - [RECEIVED] from Machine 2, Logical clock: 54, Queue length: 0
2025-03-05 15:06:45 - [INTERNAL], Logical clock: 55
2025-03-05 15:06:45 - [SENT] to Machine 2, Logical clock: 55
2025-03-05 15:06:45 - [INTERNAL], Logical clock: 57
2025-03-05 15:06:46 - [INTERNAL], Logical clock: 58
2025-03-05 15:06:46 - [SENT] to Machine 1, Logical clock: 58
2025-03-05 15:06:46 - [SENT] to Machine 2, Logical clock: 58
2025-03-05 15:06:46 - [RECEIVED] from Machine 2, Logical clock: 61, Queue length: 1
2025-03-05 15:06:47 - [RECEIVED] from Machine 2, Logical clock: 62, Queue length: 0
2025-03-05 15:06:47 - [INTERNAL], Logical clock: 63
2025-03-05 15:06:47 - [INTERNAL], Logical clock: 64
2025-03-05 15:06:47 - [INTERNAL], Logical clock: 65
2025-03-05 15:06:47 - [RECEIVED] from Machine 2, Logical clock: 66, Queue length: 1
2025-03-05 15:06:48 - [RECEIVED] from Machine 2, Logical clock: 67, Queue length: 0
2025-03-05 15:06:48 - [INTERNAL], Logical clock: 68
2025-03-05 15:06:48 - [INTERNAL], Logical clock: 69
2025-03-05 15:06:48 - [RECEIVED] from Machine 2, Logical clock: 70, Queue length: 0
2025-03-05 15:06:49 - [SENT] to Machine 2, Logical clock: 70
2025-03-05 15:06:49 - [INTERNAL], Logical clock: 72
2025-03-05 15:06:49 - [INTERNAL], Logical clock: 73
2025-03-05 15:06:49 - [INTERNAL], Logical clock: 74
2025-03-05 15:06:49 - [INTERNAL], Logical clock: 75
2025-03-05 15:06:50 - [RECEIVED] from Machine 2, Logical clock: 76, Queue length: 0
2025-03-05 15:06:50 - [RECEIVED] from Machine 2, Logical clock: 77, Queue length: 0
2025-03-05 15:06:50 - [SENT] to Machine 1, Logical clock: 77
2025-03-05 15:06:50 - [INTERNAL], Logical clock: 79
2025-03-05 15:06:51 - [INTERNAL], Logical clock: 80
2025-03-05 15:06:51 - [INTERNAL], Logical clock: 81
2025-03-05 15:06:51 - [SENT] to Machine 1, Logical clock: 81
2025-03-05 15:06:51 - [SENT] to Machine 2, Logical clock: 81
2025-03-05 15:06:51 - [RECEIVED] from Machine 2, Logical clock: 83, Queue length: 0
2025-03-05 15:06:51 - [INTERNAL], Logical clock: 84
2025-03-05 15:06:52 - [SENT] to Machine 1, Logical clock: 84
2025-03-05 15:06:52 - [INTERNAL], Logical clock: 86
2025-03-05 15:06:52 - [RECEIVED] from Machine 2, Logical clock: 87, Queue length: 1
2025-03-05 15:06:52 - [RECEIVED] from Machine 2, Logical clock: 88, Queue length: 0
2025-03-05 15:06:53 - [INTERNAL], Logical clock: 89
2025-03-05 15:06:53 - [INTERNAL], Logical clock: 90
2025-03-05 15:06:53 - [RECEIVED] from Machine 2, Logical clock: 91, Queue length: 0
2025-03-05 15:06:54 - [SENT] to Machine 2, Logical clock: 91
2025-03-05 15:06:54 - [INTERNAL], Logical clock: 93
2025-03-05 15:06:54 - [RECEIVED] from Machine 2, Logical clock: 94, Queue length: 0
2025-03-05 15:06:54 - [INTERNAL], Logical clock: 95
2025-03-05 15:06:54 - [INTERNAL], Logical clock: 96
2025-03-05 15:06:55 - [RECEIVED] from Machine 2, Logical clock: 97, Queue length: 0
2025-03-05 15:06:55 - [SENT] to Machine 1, Logical clock: 97
2025-03-05 15:06:55 - [SENT] to Machine 2, Logical clock: 98
2025-03-05 15:06:55 - [RECEIVED] from Machine 2, Logical clock: 100, Queue length: 0
2025-03-05 15:06:56 - [INTERNAL], Logical clock: 101
2025-03-05 15:06:56 - [INTERNAL], Logical clock: 102
2025-03-05 15:06:56 - [INTERNAL], Logical clock: 103
2025-03-05 15:06:56 - [INTERNAL], Logical clock: 104
2025-03-05 15:06:56 - [INTERNAL], Logical clock: 105
2025-03-05 15:06:57 - [INTERNAL], Logical clock: 106
2025-03-05 15:06:57 - [INTERNAL], Logical clock: 107
2025-03-05 15:06:57 - [SENT] to Machine 1, Logical clock: 107
2025-03-05 15:06:58 - [SENT] to Machine 2, Logical clock: 107
2025-03-05 15:06:58 - [SENT] to Machine 2, Logical clock: 108
2025-03-05 15:06:58 - [RECEIVED] from Machine 2, Logical clock: 110, Queue length: 0
2025-03-05 15:06:58 - [SENT] to Machine 1, Logical clock: 110
2025-03-05 15:06:58 - [SENT] to Machine 2, Logical clock: 110
2025-03-05 15:06:58 - [RECEIVED] from Machine 2, Logical clock: 113, Queue length: 0
2025-03-05 15:06:59 - [RECEIVED] from Machine 2, Logical clock: 114, Queue length: 0
2025-03-05 15:06:59 - [SENT] to Machine 1, Logical clock: 114
2025-03-05 15:06:59 - [SENT] to Machine 2, Logical clock: 114
2025-03-05 15:06:59 - [RECEIVED] from Machine 2, Logical clock: 117, Queue length: 1
2025-03-05 15:06:59 - [RECEIVED] from Machine 2, Logical clock: 118, Queue length: 0
2025-03-05 15:07:00 - [INTERNAL], Logical clock: 119
2025-03-05 15:07:00 - [INTERNAL], Logical clock: 120
2025-03-05 15:07:00 - [INTERNAL], Logical clock: 121
2025-03-05 15:07:00 - [INTERNAL], Logical clock: 122
2025-03-05 15:07:01 - [RECEIVED] from Machine 2, Logical clock: 123, Queue length: 0
2025-03-05 15:07:01 - [RECEIVED] from Machine 2, Logical clock: 124, Queue length: 0
2025-03-05 15:07:01 - [INTERNAL], Logical clock: 125
2025-03-05 15:07:02 - [SENT] to Machine 2, Logical clock: 125
2025-03-05 15:07:02 - [SENT] to Machine 1, Logical clock: 126
2025-03-05 15:07:02 - [SENT] to Machine 2, Logical clock: 126
2025-03-05 15:07:02 - [INTERNAL], Logical clock: 128
2025-03-05 15:07:02 - [INTERNAL], Logical clock: 129
2025-03-05 15:07:02 - [INTERNAL], Logical clock: 130
2025-03-05 15:07:02 - [INTERNAL], Logical clock: 131
2025-03-05 15:07:03 - [INTERNAL], Logical clock: 132
2025-03-05 15:07:03 - [SENT] to Machine 1, Logical clock: 132
2025-03-05 15:07:03 - [SENT] to Machine 2, Logical clock: 132
2025-03-05 15:07:03 - [INTERNAL], Logical clock: 134
2025-03-05 15:07:04 - [SENT] to Machine 1, Logical clock: 134
2025-03-05 15:07:04 - [INTERNAL], Logical clock: 136
2025-03-05 15:07:04 - [INTERNAL], Logical clock: 137
2025-03-05 15:07:04 - [INTERNAL], Logical clock: 138
2025-03-05 15:07:04 - [INTERNAL], Logical clock: 139
2025-03-05 15:07:04 - [INTERNAL], Logical clock: 140
2025-03-05 15:07:05 - [INTERNAL], Logical clock: 141
2025-03-05 15:07:05 - [INTERNAL], Logical clock: 142
2025-03-05 15:07:05 - [SENT] to Machine 1, Logical clock: 142
2025-03-05 15:07:06 - [RECEIVED] from Machine 2, Logical clock: 146, Queue length: 1
2025-03-05 15:07:06 - [RECEIVED] from Machine 2, Logical clock: 147, Queue length: 0
2025-03-05 15:07:06 - [RECEIVED] from Machine 2, Logical clock: 148, Queue length: 0
2025-03-05 15:07:06 - [RECEIVED] from Machine 2, Logical clock: 149, Queue length: 0
2025-03-05 15:07:06 - [RECEIVED] from Machine 2, Logical clock: 150, Queue length: 0
2025-03-05 15:07:07 - [RECEIVED] from Machine 2, Logical clock: 151, Queue length: 0
2025-03-05 15:07:07 - [SENT] to Machine 1, Logical clock: 151
2025-03-05 15:07:07 - [RECEIVED] from Machine 2, Logical clock: 153, Queue length: 0
2025-03-05 15:07:07 - [INTERNAL], Logical clock: 154
2025-03-05 15:07:08 - [RECEIVED] from Machine 2, Logical clock: 155, Queue length: 0
2025-03-05 15:07:08 - [INTERNAL], Logical clock: 156
2025-03-05 15:07:08 - [SENT] to Machine 2, Logical clock: 156
2025-03-05 15:07:08 - [INTERNAL], Logical clock: 158
2025-03-05 15:07:08 - [INTERNAL], Logical clock: 159
2025-03-05 15:07:08 - [INTERNAL], Logical clock: 160
2025-03-05 15:07:09 - [INTERNAL], Logical clock: 161
2025-03-05 15:07:09 - [INTERNAL], Logical clock: 162
2025-03-05 15:07:09 - [RECEIVED] from Machine 2, Logical clock: 163, Queue length: 0
2025-03-05 15:07:09 - [RECEIVED] from Machine 2, Logical clock: 164, Queue length: 0
2025-03-05 15:07:10 - [INTERNAL], Logical clock: 165
2025-03-05 15:07:10 - [INTERNAL], Logical clock: 166
2025-03-05 15:07:10 - [INTERNAL], Logical clock: 167
2025-03-05 15:07:10 - [INTERNAL], Logical clock: 168
2025-03-05 15:07:11 - [SENT] to Machine 1, Logical clock: 168
2025-03-05 15:07:11 - [INTERNAL], Logical clock: 170
2025-03-05 15:07:11 - [SENT] to Machine 1, Logical clock: 170
2025-03-05 15:07:12 - [SENT] to Machine 2, Logical clock: 170
2025-03-05 15:07:12 - [SENT] to Machine 2, Logical clock: 171
2025-03-05 15:07:12 - [INTERNAL], Logical clock: 173
2025-03-05 15:07:12 - [INTERNAL], Logical clock: 174
2025-03-05 15:07:12 - [INTERNAL], Logical clock: 175
2025-03-05 15:07:13 - [SENT] to Machine 1, Logical clock: 175
2025-03-05 15:07:13 - [INTERNAL], Logical clock: 177
2025-03-05 15:07:13 - [RECEIVED] from Machine 2, Logical clock: 178, Queue length: 0
2025-03-05 15:07:13 - [INTERNAL], Logical clock: 179
2025-03-05 15:07:13 - [INTERNAL], Logical clock: 180
2025-03-05 15:07:14 - [SENT] to Machine 1, Logical clock: 180
2025-03-05 15:07:14 - [RECEIVED] from Machine 2, Logical clock: 182, Queue length: 0
2025-03-05 15:07:14 - [INTERNAL], Logical clock: 183
2025-03-05 15:07:15 - [SENT] to Machine 1, Logical clock: 183
2025-03-05 15:07:15 - [SENT] to Machine 2, Logical clock: 183
2025-03-05 15:07:15 - [SENT] to Machine 1, Logical clock: 184
2025-03-05 15:07:15 - [RECEIVED] from Machine 2, Logical clock: 186, Queue length: 0
2025-03-05 15:07:15 - [SENT] to Machine 1, Logical clock: 186
2025-03-05 15:07:15 - [INTERNAL], Logical clock: 188
2025-03-05 15:07:16 - [SENT] to Machine 2, Logical clock: 188
2025-03-05 15:07:16 - [SENT] to Machine 2, Logical clock: 189
2025-03-05 15:07:16 - [INTERNAL], Logical clock: 191
2025-03-05 15:07:16 - [SENT] to Machine 1, Logical clock: 191
2025-03-05 15:07:16 - [INTERNAL], Logical clock: 193
2025-03-05 15:07:17 - [SENT] to Machine 2, Logical clock: 193
2025-03-05 15:07:17 - [INTERNAL], Logical clock: 195
2025-03-05 15:07:17 - [SENT] to Machine 1, Logical clock: 195
2025-03-05 15:07:18 - [INTERNAL], Logical clock: 197
2025-03-05 15:07:18 - [INTERNAL], Logical clock: 198
2025-03-05 15:07:18 - [INTERNAL], Logical clock: 199
2025-03-05 15:07:18 - [INTERNAL], Logical clock: 200
2025-03-05 15:07:18 - [INTERNAL], Logical clock: 201
2025-03-05 15:07:19 - [SENT] to Machine 1, Logical clock: 201
2025-03-05 15:07:19 - [RECEIVED] from Machine 2, Logical clock: 203, Queue length: 0
2025-03-05 15:07:19 - [INTERNAL], Logical clock: 204
2025-03-05 15:07:20 - [SENT] to Machine 1, Logical clock: 204
2025-03-05 15:07:20 - [SENT] to Machine 2, Logical clock: 204
2025-03-05 15:07:20 - [INTERNAL], Logical clock: 206
2025-03-05 15:07:20 - [RECEIVED] from Machine 2, Logical clock: 208, Queue length: 1
2025-03-05 15:07:20 - [RECEIVED] from Machine 2, Logical clock: 209, Queue length: 0
2025-03-05 15:07:21 - [SENT] to Machine 1, Logical clock: 209
2025-03-05 15:07:21 - [SENT] to Machine 2, Logical clock: 209
2025-03-05 15:07:21 - [INTERNAL], Logical clock: 211
2025-03-05 15:07:21 - [INTERNAL], Logical clock: 212
2025-03-05 15:07:21 - [INTERNAL], Logical clock: 213
2025-03-05 15:07:21 - [INTERNAL], Logical clock: 214
2025-03-05 15:07:22 - [INTERNAL], Logical clock: 215
2025-03-05 15:07:22 - [INTERNAL], Logical clock: 216
2025-03-05 15:07:22 - [SENT] to Machine 2, Logical clock: 216
2025-03-05 15:07:22 - [INTERNAL], Logical clock: 218
2025-03-05 15:07:22 - [INTERNAL], Logical clock: 219
2025-03-05 15:07:23 - [INTERNAL], Logical clock: 220
2025-03-05 15:07:23 - [RECEIVED] from Machine 2, Logical clock: 223, Queue length: 0
2025-03-05 15:07:23 - [RECEIVED] from Machine 2, Logical clock: 224, Queue length: 0
2025-03-05 15:07:23 - [INTERNAL], Logical clock: 225
2025-03-05 15:07:23 - [INTERNAL], Logical clock: 226
2025-03-05 15:07:24 - [RECEIVED] from Machine 2, Logical clock: 227, Queue length: 0
2025-03-05 15:07:24 - [INTERNAL], Logical clock: 228
2025-03-05 15:07:24 - [INTERNAL], Logical clock: 229
2025-03-05 15:07:24 - [INTERNAL], Logical clock: 230
2025-03-05 15:07:25 - [SENT] to Machine 1, Logical clock: 230
2025-03-05 15:07:25 - [SENT] to Machine 2, Logical clock: 230
2025-03-05 15:07:25 - [INTERNAL], Logical clock: 232
2025-03-05 15:07:25 - [INTERNAL], Logical clock: 233
2025-03-05 15:07:25 - [INTERNAL], Logical clock: 234
2025-03-05 15:07:26 - [SENT] to Machine 2, Logical clock: 234
2025-03-05 15:07:26 - [SENT] to Machine 1, Logical clock: 235
2025-03-05 15:07:26 - [INTERNAL], Logical clock: 237
2025-03-05 15:07:26 - [INTERNAL], Logical clock: 238
2025-03-05 15:07:26 - [INTERNAL], Logical clock: 239
2025-03-05 15:07:27 - [SENT] to Machine 2, Logical clock: 239
2025-03-05 15:07:27 - [SENT] to Machine 1, Logical clock: 240
2025-03-05 15:07:27 - [INTERNAL], Logical clock: 242
2025-03-05 15:07:27 - [INTERNAL], Logical clock: 243
2025-03-05 15:07:27 - [SENT] to Machine 1, Logical clock: 243
2025-03-05 15:07:28 - [SENT] to Machine 2, Logical clock: 244
2025-03-05 15:07:28 - [SENT] to Machine 2, Logical clock: 245
2025-03-05 15:07:28 - [SENT] to Machine 1, Logical clock: 246
2025-03-05 15:07:29 - [SENT] to Machine 2, Logical clock: 246
2025-03-05 15:07:29 - [INTERNAL], Logical clock: 248
2025-03-05 15:07:29 - [INTERNAL], Logical clock: 249
2025-03-05 15:07:29 - [INTERNAL], Logical clock: 250
2025-03-05 15:07:29 - [INTERNAL], Logical clock: 251
2025-03-05 15:07:30 - [RECEIVED] from Machine 2, Logical clock: 255, Queue length: 0
2025-03-05 15:07:30 - [INTERNAL], Logical clock: 256
2025-03-05 15:07:30 - [SENT] to Machine 1, Logical clock: 256
2025-03-05 15:07:30 - [RECEIVED] from Machine 2, Logical clock: 258, Queue length: 1
2025-03-05 15:07:31 - [RECEIVED] from Machine 2, Logical clock: 259, Queue length: 0
2025-03-05 15:07:31 - [RECEIVED] from Machine 2, Logical clock: 260, Queue length: 0
2025-03-05 15:07:31 - [INTERNAL], Logical clock: 261
2025-03-05 15:07:31 - [INTERNAL], Logical clock: 262
2025-03-05 15:07:31 - [RECEIVED] from Machine 2, Logical clock: 263, Queue length: 1
2025-03-05 15:07:32 - [RECEIVED] from Machine 2, Logical clock: 264, Queue length: 0
2025-03-05 15:07:32 - [INTERNAL], Logical clock: 265
2025-03-05 15:07:32 - [INTERNAL], Logical clock: 266
2025-03-05 15:07:32 - [INTERNAL], Logical clock: 267
2025-03-05 15:07:32 - [RECEIVED] from Machine 2, Logical clock: 268, Queue length: 0
2025-03-05 15:07:33 - [INTERNAL], Logical clock: 269
2025-03-05 15:07:33 - [INTERNAL], Logical clock: 270
2025-03-05 15:07:33 - [SENT] to Machine 1, Logical clock: 270
2025-03-05 15:07:33 - [INTERNAL], Logical clock: 272
2025-03-05 15:07:34 - [SENT] to Machine 2, Logical clock: 272
2025-03-05 15:07:34 - [RECEIVED] from Machine 2, Logical clock: 274, Queue length: 0
2025-03-05 15:07:34 - [INTERNAL], Logical clock: 275
2025-03-05 15:07:34 - [RECEIVED] from Machine 2, Logical clock: 276, Queue length: 0
2025-03-05 15:07:34 - [INTERNAL], Logical clock: 277
2025-03-05 15:07:35 - [RECEIVED] from Machine 2, Logical clock: 278, Queue length: 0
2025-03-05 15:07:35 - [INTERNAL], Logical clock: 279
2025-03-05 15:07:35 - [RECEIVED] from Machine 2, Logical clock: 280, Queue length: 1
2025-03-05 15:07:35 - [RECEIVED] from Machine 2, Logical clock: 281, Queue length: 0
2025-03-05 15:07:35 - [RECEIVED] from Machine 2, Logical clock: 282, Queue length: 0
2025-03-05 15:07:36 - [SENT] to Machine 1, Logical clock: 282
2025-03-05 15:07:36 - [SENT] to Machine 2, Logical clock: 282
2025-03-05 15:07:36 - [RECEIVED] from Machine 2, Logical clock: 284, Queue length: 0
2025-03-05 15:07:36 - [SENT] to Machine 2, Logical clock: 284
2025-03-05 15:07:36 - [RECEIVED] from Machine 2, Logical clock: 286, Queue length: 0
2025-03-05 15:07:37 - [RECEIVED] from Machine 2, Logical clock: 287, Queue length: 0
2025-03-05 15:07:37 - [INTERNAL], Logical clock: 288
2025-03-05 15:07:37 - [INTERNAL], Logical clock: 289
2025-03-05 15:07:37 - [SENT] to Machine 2, Logical clock: 289
2025-03-05 15:07:37 - [RECEIVED] from Machine 2, Logical clock: 291, Queue length: 0
2025-03-05 15:07:38 - [RECEIVED] from Machine 2, Logical clock: 292, Queue length: 0
2025-03-05 15:07:38 - [INTERNAL], Logical clock: 293
2025-03-05 15:07:38 - [RECEIVED] from Machine 2, Logical clock: 294, Queue length: 0
2025-03-05 15:07:38 - [SENT] to Machine 2, Logical clock: 294
2025-03-05 15:07:38 - [RECEIVED] from Machine 2, Logical clock: 296, Queue length: 1
2025-03-05 15:07:38 - [RECEIVED] from Machine 2, Logical clock: 297, Queue length: 0
2025-03-05 15:07:39 - [INTERNAL], Logical clock: 298
2025-03-05 15:07:39 - [INTERNAL], Logical clock: 299
2025-03-05 15:07:39 - [INTERNAL], Logical clock: 300
2025-03-05 15:07:39 - [INTERNAL], Logical clock: 301
2025-03-05 15:07:39 - [INTERNAL], Logical clock: 302
2025-03-05 15:07:40 - [SENT] to Machine 1, Logical clock: 302
2025-03-05 15:07:40 - [SENT] to Machine 2, Logical clock: 303
2025-03-05 15:07:40 - [RECEIVED] from Machine 2, Logical clock: 305, Queue length: 0
2025-03-05 15:07:41 - [SENT] to Machine 2, Logical clock: 305
2025-03-05 15:07:41 - [RECEIVED] from Machine 2, Logical clock: 307, Queue length: 0
2025-03-05 15:07:41 - [INTERNAL], Logical clock: 308
2025-03-05 15:07:41 - [INTERNAL], Logical clock: 309
2025-03-05 15:07:41 - [INTERNAL], Logical clock: 310
2025-03-05 15:07:42 - [INTERNAL], Logical clock: 311
2025-03-05 15:07:42 - [INTERNAL], Logical clock: 312
2025-03-05 15:07:42 - [SENT] to Machine 2, Logical clock: 312
2025-03-05 15:07:42 - [INTERNAL], Logical clock: 314
2025-03-05 15:07:42 - [INTERNAL], Logical clock: 315
2025-03-05 15:07:43 - [RECEIVED] from Machine 2, Logical clock: 316, Queue length: 1
2025-03-05 15:07:43 - [RECEIVED] from Machine 2, Logical clock: 317, Queue length: 1
2025-03-05 15:07:43 - [RECEIVED] from Machine 2, Logical clock: 318, Queue length: 0
2025-03-05 15:07:44 - [SENT] to Machine 1, Logical clock: 318
2025-03-05 15:07:44 - [SENT] to Machine 2, Logical clock: 319
2025-03-05 15:07:44 - [INTERNAL], Logical clock: 321
2025-03-05 15:07:44 - [INTERNAL], Logical clock: 322
2025-03-05 15:07:44 - [RECEIVED] from Machine 2, Logical clock: 323, Queue length: 0
2025-03-05 15:07:45 - [SENT] to Machine 1, Logical clock: 323
2025-03-05 15:07:45 - [SENT] to Machine 2, Logical clock: 323
2025-03-05 15:07:45 - [INTERNAL], Logical clock: 325
2025-03-05 15:07:46 - [RECEIVED] from Machine 2, Logical clock: 326, Queue length: 0
2025-03-05 15:07:46 - [INTERNAL], Logical clock: 327
2025-03-05 15:07:46 - [INTERNAL], Logical clock: 328
2025-03-05 15:07:46 - [INTERNAL], Logical clock: 329
2025-03-05 15:07:46 - [INTERNAL], Logical clock: 330
2025-03-05 15:07:47 - [RECEIVED] from Machine 2, Logical clock: 331, Queue length: 0
2025-03-05 15:07:47 - [SENT] to Machine 2, Logical clock: 331
2025-03-05 15:07:47 - [INTERNAL], Logical clock: 333
2025-03-05 15:07:47 - [RECEIVED] from Machine 2, Logical clock: 334, Queue length: 1
2025-03-05 15:07:47 - [RECEIVED] from Machine 2, Logical clock: 335, Queue length: 0
2025-03-05 15:07:48 - [SENT] to Machine 2, Logical clock: 335
2025-03-05 15:07:48 - [SENT] to Machine 1, Logical clock: 336
2025-03-05 15:07:48 - [SENT] to Machine 2, Logical clock: 336
2025-03-05 15:07:48 - [RECEIVED] from Machine 2, Logical clock: 338, Queue length: 0
2025-03-05 15:07:48 - [INTERNAL], Logical clock: 339
2025-03-05 15:07:48 - [INTERNAL], Logical clock: 340
2025-03-05 15:07:49 - [SENT] to Machine 1, Logical clock: 340
2025-03-05 15:07:50 - [SENT] to Machine 2, Logical clock: 340
2025-03-05 15:07:50 - [RECEIVED] from Machine 2, Logical clock: 343, Queue length: 1
2025-03-05 15:07:50 - [RECEIVED] from Machine 2, Logical clock: 344, Queue length: 0
2025-03-05 15:07:50 - [INTERNAL], Logical clock: 345
2025-03-05 15:07:50 - [INTERNAL], Logical clock: 346
2025-03-05 15:07:50 - [RECEIVED] from Machine 2, Logical clock: 347, Queue length: 1
2025-03-05 15:07:51 - [RECEIVED] from Machine 2, Logical clock: 348, Queue length: 1
2025-03-05 15:07:51 - [RECEIVED] from Machine 2, Logical clock: 349, Queue length: 0
2025-03-05 15:07:51 - [INTERNAL], Logical clock: 350
2025-03-05 15:07:51 - [RECEIVED] from Machine 2, Logical clock: 351, Queue length: 0
2025-03-05 15:07:51 - [RECEIVED] from Machine 2, Logical clock: 352, Queue length: 0
2025-03-05 15:07:52 - [INTERNAL], Logical clock: 353
2025-03-05 15:07:52 - [SENT] to Machine 1, Logical clock: 353
2025-03-05 15:07:52 - [SENT] to Machine 2, Logical clock: 353
2025-03-05 15:07:52 - [INTERNAL], Logical clock: 355
2025-03-05 15:07:53 - [SENT] to Machine 1, Logical clock: 355
2025-03-05 15:07:53 - [INTERNAL], Logical clock: 357
2025-03-05 15:07:53 - [INTERNAL], Logical clock: 358
2025-03-05 15:07:53 - [INTERNAL], Logical clock: 359
2025-03-05 15:07:53 - [SENT] to Machine 2, Logical clock: 359
2025-03-05 15:07:54 - [INTERNAL], Logical clock: 361
2025-03-05 15:07:54 - [INTERNAL], Logical clock: 362
2025-03-05 15:07:54 - [INTERNAL], Logical clock: 363
2025-03-05 15:07:54 - [INTERNAL], Logical clock: 364
2025-03-05 15:07:54 - [SENT] to Machine 1, Logical clock: 364
2025-03-05 15:07:55 - [INTERNAL], Logical clock: 366
2025-03-05 15:07:55 - [INTERNAL], Logical clock: 367
2025-03-05 15:07:55 - [INTERNAL], Logical clock: 368
2025-03-05 15:07:55 - [INTERNAL], Logical clock: 369
2025-03-05 15:07:55 - [INTERNAL], Logical clock: 370
2025-03-05 15:07:56 - [SENT] to Machine 1, Logical clock: 370
2025-03-05 15:07:56 - [SENT] to Machine 2, Logical clock: 370
2025-03-05 15:07:56 - [RECEIVED] from Machine 2, Logical clock: 372, Queue length: 0
2025-03-05 15:07:57 - [SENT] to Machine 1, Logical clock: 372
2025-03-05 15:07:57 - [SENT] to Machine 2, Logical clock: 372
2025-03-05 15:07:57 - [INTERNAL], Logical clock: 374
2025-03-05 15:07:57 - [INTERNAL], Logical clock: 375
2025-03-05 15:07:57 - [INTERNAL], Logical clock: 376
2025-03-05 15:07:57 - [INTERNAL], Logical clock: 377
2025-03-05 15:07:57 - [RECEIVED] from Machine 2, Logical clock: 378, Queue length: 0
2025-03-05 15:07:58 - [RECEIVED] from Machine 2, Logical clock: 379, Queue length: 0
2025-03-05 15:07:58 - [SENT] to Machine 2, Logical clock: 379
2025-03-05 15:07:58 - [SENT] to Machine 1, Logical clock: 380
2025-03-05 15:07:58 - [SENT] to Machine 2, Logical clock: 380
2025-03-05 15:07:58 - [INTERNAL], Logical clock: 382
2025-03-05 15:07:59 - [INTERNAL], Logical clock: 383
2025-03-05 15:07:59 - [SENT] to Machine 2, Logical clock: 383
2025-03-05 15:07:59 - [SENT] to Machine 1, Logical clock: 384
2025-03-05 15:08:00 - [SENT] to Machine 2, Logical clock: 384
2025-03-05 15:08:00 - [INTERNAL], Logical clock: 386
2025-03-05 15:08:00 - [INTERNAL], Logical clock: 387
2025-03-05 15:08:00 - [INTERNAL], Logical clock: 388
2025-03-05 15:08:00 - [INTERNAL], Logical clock: 389
2025-03-05 15:08:01 - [INTERNAL], Logical clock: 390
2025-03-05 15:08:01 - [INTERNAL], Logical clock: 391
2025-03-05 15:08:01 - [SENT] to Machine 1, Logical clock: 391
2025-03-05 15:08:01 - [RECEIVED] from Machine 2, Logical clock: 393, Queue length: 0
2025-03-05 15:08:02 - [SENT] to Machine 2, Logical clock: 393
2025-03-05 15:08:02 - [SENT] to Machine 2, Logical clock: 394
2025-03-05 15:08:02 - [INTERNAL], Logical clock: 396
2025-03-05 15:08:02 - [SENT] to Machine 1, Logical clock: 396
2025-03-05 15:08:03 - [SENT] to Machine 2, Logical clock: 396
2025-03-05 15:08:03 - [SENT] to Machine 2, Logical clock: 397
2025-03-05 15:08:03 - [SENT] to Machine 1, Logical clock: 398
2025-03-05 15:08:03 - [SENT] to Machine 2, Logical clock: 398
2025-03-05 15:08:03 - [INTERNAL], Logical clock: 400
2025-03-05 15:08:04 - [INTERNAL], Logical clock: 401
2025-03-05 15:08:04 - [SENT] to Machine 1, Logical clock: 401
2025-03-05 15:08:04 - [INTERNAL], Logical clock: 403
2025-03-05 15:08:04 - [INTERNAL], Logical clock: 404
2025-03-05 15:08:04 - [INTERNAL], Logical clock: 405
2025-03-05 15:08:05 - [RECEIVED] from Machine 2, Logical clock: 408, Queue length: 0
2025-03-05 15:08:05 - [RECEIVED] from Machine 2, Logical clock: 409, Queue length: 0
2025-03-05 15:08:06 - [SENT] to Machine 2, Logical clock: 409
2025-03-05 15:08:06 - [SENT] to Machine 1, Logical clock: 410
2025-03-05 15:08:06 - [INTERNAL], Logical clock: 412
2025-03-05 15:08:06 - [INTERNAL], Logical clock: 413
2025-03-05 15:08:06 - [RECEIVED] from Machine 2, Logical clock: 414, Queue length: 0
2025-03-05 15:08:07 - [INTERNAL], Logical clock: 415
2025-03-05 15:08:07 - [INTERNAL], Logical clock: 416
2025-03-05 15:08:07 - [INTERNAL], Logical clock: 417
2025-03-05 15:08:07 - [INTERNAL], Logical clock: 418
2025-03-05 15:08:07 - [INTERNAL], Logical clock: 419
2025-03-05 15:08:07 - [INTERNAL], Logical clock: 420
2025-03-05 15:08:08 - [SENT] to Machine 1, Logical clock: 420
2025-03-05 15:08:08 - [INTERNAL], Logical clock: 422
2025-03-05 15:08:08 - [RECEIVED] from Machine 2, Logical clock: 423, Queue length: 0
2025-03-05 15:08:08 - [INTERNAL], Logical clock: 424
2025-03-05 15:08:09 - [INTERNAL], Logical clock: 425
2025-03-05 15:08:09 - [INTERNAL], Logical clock: 426
2025-03-05 15:08:09 - [SENT] to Machine 1, Logical clock: 426
2025-03-05 15:08:09 - [RECEIVED] from Machine 2, Logical clock: 428, Queue length: 0
2025-03-05 15:08:09 - [RECEIVED] from Machine 2, Logical clock: 429, Queue length: 0
2025-03-05 15:08:10 - [SENT] to Machine 1, Logical clock: 429
2025-03-05 15:08:10 - [SENT] to Machine 1, Logical clock: 430
2025-03-05 15:08:10 - [SENT] to Machine 2, Logical clock: 430
2025-03-05 15:08:10 - [RECEIVED] from Machine 2, Logical clock: 432, Queue length: 0
2025-03-05 15:08:11 - [SENT] to Machine 1, Logical clock: 432
2025-03-05 15:08:11 - [INTERNAL], Logical clock: 434
2025-03-05 15:08:11 - [INTERNAL], Logical clock: 435
2025-03-05 15:08:11 - [INTERNAL], Logical clock: 436
2025-03-05 15:08:11 - [INTERNAL], Logical clock: 437
2025-03-05 15:08:12 - [INTERNAL], Logical clock: 438
2025-03-05 15:08:12 - [SENT] to Machine 1, Logical clock: 438
2025-03-05 15:08:12 - [SENT] to Machine 2, Logical clock: 438
2025-03-05 15:08:12 - [INTERNAL], Logical clock: 440
2025-03-05 15:08:13 - [SENT] to Machine 2, Logical clock: 440
2025-03-05 15:08:13 - [INTERNAL], Logical clock: 442
2025-03-05 15:08:13 - [INTERNAL], Logical clock: 443
2025-03-05 15:08:13 - [INTERNAL], Logical clock: 444
2025-03-05 15:08:13 - [SENT] to Machine 1, Logical clock: 444
2025-03-05 15:08:14 - [SENT] to Machine 2, Logical clock: 444
2025-03-05 15:08:14 - [INTERNAL], Logical clock: 446
2025-03-05 15:08:14 - [INTERNAL], Logical clock: 447
2025-03-05 15:08:14 - [INTERNAL], Logical clock: 448
2025-03-05 15:08:14 - [INTERNAL], Logical clock: 449
2025-03-05 15:08:14 - [INTERNAL], Logical clock: 450
2025-03-05 15:08:15 - [SENT] to Machine 2, Logical clock: 450
2025-03-05 15:08:15 - [INTERNAL], Logical clock: 452
2025-03-05 15:08:15 - [INTERNAL], Logical clock: 453
2025-03-05 15:08:16 - [SENT] to Machine 2, Logical clock: 453
2025-03-05 15:08:16 - [INTERNAL], Logical clock: 455
2025-03-05 15:08:16 - [INTERNAL], Logical clock: 456
2025-03-05 15:08:16 - [INTERNAL], Logical clock: 457
2025-03-05 15:08:16 - [INTERNAL], Logical clock: 458
2025-03-05 15:08:17 - [RECEIVED] from Machine 2, Logical clock: 462, Queue length: 0
2025-03-05 15:08:17 - [RECEIVED] from Machine 2, Logical clock: 463, Queue length: 0
2025-03-05 15:08:17 - [INTERNAL], Logical clock: 464
2025-03-05 15:08:17 - [RECEIVED] from Machine 2, Logical clock: 465, Queue length: 2
2025-03-05 15:08:17 - [RECEIVED] from Machine 2, Logical clock: 466, Queue length: 2
2025-03-05 15:08:18 - [RECEIVED] from Machine 2, Logical clock: 467, Queue length: 1
2025-03-05 15:08:18 - [RECEIVED] from Machine 2, Logical clock: 468, Queue length: 1
2025-03-05 15:08:18 - [RECEIVED] from Machine 2, Logical clock: 469, Queue length: 0
2025-03-05 15:08:18 - [RECEIVED] from Machine 2, Logical clock: 470, Queue length: 1
2025-03-05 15:08:18 - [RECEIVED] from Machine 2, Logical clock: 471, Queue length: 1
2025-03-05 15:08:19 - [RECEIVED] from Machine 2, Logical clock: 472, Queue length: 0
2025-03-05 15:08:19 - [RECEIVED] from Machine 2, Logical clock: 473, Queue length: 0
2025-03-05 15:08:19 - [RECEIVED] from Machine 2, Logical clock: 474, Queue length: 0
2025-03-05 15:08:19 - [SENT] to Machine 2, Logical clock: 474
2025-03-05 15:08:19 - [RECEIVED] from Machine 2, Logical clock: 476, Queue length: 0
2025-03-05 15:08:20 - [INTERNAL], Logical clock: 477
2025-03-05 15:08:20 - [INTERNAL], Logical clock: 478
2025-03-05 15:08:21 - [SENT] to Machine 1, Logical clock: 478
2025-03-05 15:08:21 - [RECEIVED] from Machine 2, Logical clock: 480, Queue length: 0
2025-03-05 15:08:21 - [INTERNAL], Logical clock: 481
2025-03-05 15:08:21 - [RECEIVED] from Machine 2, Logical clock: 482, Queue length: 0
2025-03-05 15:08:21 - [RECEIVED] from Machine 2, Logical clock: 483, Queue length: 0
2025-03-05 15:08:22 - [SENT] to Machine 2, Logical clock: 483
2025-03-05 15:08:22 - [SENT] to Machine 2, Logical clock: 484
2025-03-05 15:08:22 - [INTERNAL], Logical clock: 486
2025-03-05 15:08:22 - [INTERNAL], Logical clock: 487
2025-03-05 15:08:22 - [INTERNAL], Logical clock: 488
2025-03-05 15:08:23 - [INTERNAL], Logical clock: 489
2025-03-05 15:08:23 - [INTERNAL], Logical clock: 490
2025-03-05 15:08:23 - [SENT] to Machine 1, Logical clock: 490
2025-03-05 15:08:23 - [RECEIVED] from Machine 2, Logical clock: 492, Queue length: 0
2025-03-05 15:08:24 - [SENT] to Machine 2, Logical clock: 492
2025-03-05 15:08:24 - [INTERNAL], Logical clock: 494
2025-03-05 15:08:24 - [RECEIVED] from Machine 2, Logical clock: 495, Queue length: 0
2025-03-05 15:08:24 - [SENT] to Machine 1, Logical clock: 495
2025-03-05 15:08:25 - [SENT] to Machine 2, Logical clock: 495
2025-03-05 15:08:25 - [INTERNAL], Logical clock: 497
2025-03-05 15:08:25 - [INTERNAL], Logical clock: 498
2025-03-05 15:08:25 - [SENT] to Machine 1, Logical clock: 498
2025-03-05 15:08:26 - [SENT] to Machine 2, Logical clock: 499
2025-03-05 15:08:26 - [INTERNAL], Logical clock: 501
2025-03-05 15:08:26 - [SENT] to Machine 1, Logical clock: 501
2025-03-05 15:08:26 - [INTERNAL], Logical clock: 503
2025-03-05 15:08:27 - [RECEIVED] from Machine 2, Logical clock: 504, Queue length: 0
2025-03-05 15:08:27 - [RECEIVED] from Machine 2, Logical clock: 505, Queue length: 0
2025-03-05 15:08:27 - [SENT] to Machine 1, Logical clock: 505
2025-03-05 15:08:28 - [SENT] to Machine 2, Logical clock: 505
2025-03-05 15:08:28 - [RECEIVED] from Machine 2, Logical clock: 507, Queue length: 0
2025-03-05 15:08:28 - [RECEIVED] from Machine 2, Logical clock: 508, Queue length: 0
2025-03-05 15:08:28 - [SENT] to Machine 2, Logical clock: 508
2025-03-05 15:08:28 - [RECEIVED] from Machine 2, Logical clock: 510, Queue length: 0
2025-03-05 15:08:29 - [INTERNAL], Logical clock: 511
2025-03-05 15:08:29 - [RECEIVED] from Machine 2, Logical clock: 512, Queue length: 0
2025-03-05 15:08:29 - [INTERNAL], Logical clock: 513
2025-03-05 15:08:29 - [INTERNAL], Logical clock: 514
2025-03-05 15:08:29 - [INTERNAL], Logical clock: 515
2025-03-05 15:08:29 - [INTERNAL], Logical clock: 516
2025-03-05 15:08:30 - [SENT] to Machine 2, Logical clock: 516
2025-03-05 15:08:30 - [SENT] to Machine 1, Logical clock: 517
2025-03-05 15:08:31 - [SENT] to Machine 1, Logical clock: 518
2025-03-05 15:08:31 - [SENT] to Machine 2, Logical clock: 518
2025-03-05 15:08:31 - [INTERNAL], Logical clock: 520
2025-03-05 15:08:31 - [INTERNAL], Logical clock: 521
2025-03-05 15:08:31 - [SENT] to Machine 1, Logical clock: 521
2025-03-05 15:08:31 - [SENT] to Machine 2, Logical clock: 521
2025-03-05 15:08:31 - [RECEIVED] from Machine 2, Logical clock: 525, Queue length: 0
2025-03-05 15:08:32 - [INTERNAL], Logical clock: 526
2025-03-05 15:08:32 - [SENT] to Machine 1, Logical clock: 526
2025-03-05 15:08:32 - [SENT] to Machine 2, Logical clock: 526
2025-03-05 15:08:33 - [SENT] to Machine 1, Logical clock: 527
2025-03-05 15:08:33 - [SENT] to Machine 1, Logical clock: 528
2025-03-05 15:08:33 - [SENT] to Machine 2, Logical clock: 529
2025-03-05 15:08:33 - [INTERNAL], Logical clock: 531
2025-03-05 15:08:34 - [SENT] to Machine 2, Logical clock: 531
2025-03-05 15:08:34 - [INTERNAL], Logical clock: 533
2025-03-05 15:08:34 - [INTERNAL], Logical clock: 534
2025-03-05 15:08:34 - [INTERNAL], Logical clock: 535
2025-03-05 15:08:35 - [INTERNAL], Logical clock: 536
2025-03-05 15:08:35 - [INTERNAL], Logical clock: 537
2025-03-05 15:08:35 - [INTERNAL], Logical clock: 538
2025-03-05 15:08:35 - [RECEIVED] from Machine 2, Logical clock: 543, Queue length: 0
2025-03-05 15:08:35 - [INTERNAL], Logical clock: 544
2025-03-05 15:08:36 - [INTERNAL], Logical clock: 545
2025-03-05 15:08:36 - [INTERNAL], Logical clock: 546
2025-03-05 15:08:36 - [INTERNAL], Logical clock: 547
2025-03-05 15:08:36 - [INTERNAL], Logical clock: 548
2025-03-05 15:08:36 - [INTERNAL], Logical clock: 549
2025-03-05 15:08:37 - [SENT] to Machine 1, Logical clock: 549
2025-03-05 15:08:37 - [INTERNAL], Logical clock: 551
2025-03-05 15:08:37 - [INTERNAL], Logical clock: 552
2025-03-05 15:08:38 - [INTERNAL], Logical clock: 553
2025-03-05 15:08:38 - [SENT] to Machine 1, Logical clock: 553
2025-03-05 15:08:39 - [SENT] to Machine 1, Logical clock: 554
2025-03-05 15:08:39 - [SENT] to Machine 2, Logical clock: 555
2025-03-05 15:08:39 - [INTERNAL], Logical clock: 557
2025-03-05 15:08:39 - [INTERNAL], Logical clock: 558
2025-03-05 15:08:39 - [INTERNAL], Logical clock: 559
2025-03-05 15:08:39 - [INTERNAL], Logical clock: 560
2025-03-05 15:08:40 - [INTERNAL], Logical clock: 561
2025-03-05 15:08:40 - [INTERNAL], Logical clock: 562
2025-03-05 15:08:40 - [INTERNAL], Logical clock: 563
2025-03-05 15:08:40 - [RECEIVED] from Machine 2, Logical clock: 567, Queue length: 0
2025-03-05 15:08:40 - [RECEIVED] from Machine 2, Logical clock: 568, Queue length: 1
2025-03-05 15:08:41 - [RECEIVED] from Machine 2, Logical clock: 569, Queue length: 1
2025-03-05 15:08:41 - [RECEIVED] from Machine 2, Logical clock: 570, Queue length: 0
2025-03-05 15:08:42 - [SENT] to Machine 1, Logical clock: 570
2025-03-05 15:08:42 - [SENT] to Machine 1, Logical clock: 571
2025-03-05 15:08:42 - [SENT] to Machine 2, Logical clock: 571
2025-03-05 15:08:42 - [RECEIVED] from Machine 2, Logical clock: 573, Queue length: 1
2025-03-05 15:08:42 - [RECEIVED] from Machine 2, Logical clock: 574, Queue length: 0
2025-03-05 15:08:42 - [INTERNAL], Logical clock: 575
2025-03-05 15:08:43 - [INTERNAL], Logical clock: 576
2025-03-05 15:08:43 - [INTERNAL], Logical clock: 577
2025-03-05 15:08:43 - [INTERNAL], Logical clock: 578
2025-03-05 15:08:43 - [INTERNAL], Logical clock: 579
2025-03-05 15:08:44 - [SENT] to Machine 2, Logical clock: 579
2025-03-05 15:08:44 - [RECEIVED] from Machine 2, Logical clock: 583, Queue length: 0
2025-03-05 15:08:44 - [INTERNAL], Logical clock: 584
2025-03-05 15:08:44 - [INTERNAL], Logical clock: 585
2025-03-05 15:08:44 - [RECEIVED] from Machine 2, Logical clock: 586, Queue length: 0
2025-03-05 15:08:44 - [INTERNAL], Logical clock: 587
2025-03-05 15:08:45 - [RECEIVED] from Machine 2, Logical clock: 588, Queue length: 0
2025-03-05 15:08:45 - [RECEIVED] from Machine 2, Logical clock: 589, Queue length: 0
2025-03-05 15:08:45 - [SENT] to Machine 1, Logical clock: 589
2025-03-05 15:08:46 - [SENT] to Machine 2, Logical clock: 589
2025-03-05 15:08:46 - [RECEIVED] from Machine 2, Logical clock: 591, Queue length: 2
2025-03-05 15:08:46 - [RECEIVED] from Machine 2, Logical clock: 592, Queue length: 1
2025-03-05 15:08:46 - [RECEIVED] from Machine 2, Logical clock: 593, Queue length: 0
2025-03-05 15:08:46 - [INTERNAL], Logical clock: 594
2025-03-05 15:08:46 - [RECEIVED] from Machine 2, Logical clock: 595, Queue length: 0
2025-03-05 15:08:47 - [INTERNAL], Logical clock: 596
2025-03-05 15:08:47 - [INTERNAL], Logical clock: 597
2025-03-05 15:08:47 - [RECEIVED] from Machine 2, Logical clock: 598, Queue length: 0
2025-03-05 15:08:48 - [SENT] to Machine 2, Logical clock: 598
2025-03-05 15:08:48 - [INTERNAL], Logical clock: 600
2025-03-05 15:08:48 - [INTERNAL], Logical clock: 601
2025-03-05 15:08:48 - [INTERNAL], Logical clock: 602
2025-03-05 15:08:48 - [RECEIVED] from Machine 2, Logical clock: 603, Queue length: 0
2025-03-05 15:08:48 - [INTERNAL], Logical clock: 604
2025-03-05 15:08:48 - [INTERNAL], Logical clock: 605
2025-03-05 15:08:49 - [INTERNAL], Logical clock: 606
2025-03-05 15:08:49 - [INTERNAL], Logical clock: 607
2025-03-05 15:08:49 - [INTERNAL], Logical clock: 608
2025-03-05 15:08:49 - [INTERNAL], Logical clock: 609
2025-03-05 15:08:50 - [RECEIVED] from Machine 2, Logical clock: 610, Queue length: 0
2025-03-05 15:08:50 - [INTERNAL], Logical clock: 611
2025-03-05 15:08:50 - [INTERNAL], Logical clock: 612
2025-03-05 15:08:50 - [INTERNAL], Logical clock: 613
2025-03-05 15:08:50 - [INTERNAL], Logical clock: 614
2025-03-05 15:08:51 - [SENT] to Machine 1, Logical clock: 614
2025-03-05 15:08:51 - [RECEIVED] from Machine 2, Logical clock: 616, Queue length: 0
2025-03-05 15:08:51 - [INTERNAL], Logical clock: 617
2025-03-05 15:08:51 - [RECEIVED] from Machine 2, Logical clock: 618, Queue length: 0
2025-03-05 15:08:51 - [RECEIVED] from Machine 2, Logical clock: 619, Queue length: 0
2025-03-05 15:08:52 - [INTERNAL], Logical clock: 620
2025-03-05 15:08:52 - [INTERNAL], Logical clock: 621
2025-03-05 15:08:52 - [INTERNAL], Logical clock: 622
2025-03-05 15:08:52 - [SENT] to Machine 1, Logical clock: 622
2025-03-05 15:08:52 - [INTERNAL], Logical clock: 624
2025-03-05 15:08:53 - [RECEIVED] from Machine 2, Logical clock: 625, Queue length: 0
2025-03-05 15:08:53 - [INTERNAL], Logical clock: 626
2025-03-05 15:08:53 - [RECEIVED] from Machine 2, Logical clock: 627, Queue length: 0
2025-03-05 15:08:53 - [INTERNAL], Logical clock: 628
2025-03-05 15:08:53 - [INTERNAL], Logical clock: 629
2025-03-05 15:08:54 - [RECEIVED] from Machine 2, Logical clock: 630, Queue length: 1
2025-03-05 15:08:54 - [RECEIVED] from Machine 2, Logical clock: 631, Queue length: 0
2025-03-05 15:08:54 - [RECEIVED] from Machine 2, Logical clock: 632, Queue length: 0
2025-03-05 15:08:54 - [RECEIVED] from Machine 2, Logical clock: 633, Queue length: 0
2025-03-05 15:08:55 - [INTERNAL], Logical clock: 634
2025-03-05 15:08:55 - [SENT] to Machine 2, Logical clock: 634
2025-03-05 15:08:55 - [SENT] to Machine 1, Logical clock: 635
2025-03-05 15:08:55 - [SENT] to Machine 1, Logical clock: 636
2025-03-05 15:08:56 - [SENT] to Machine 2, Logical clock: 636
2025-03-05 15:08:56 - [RECEIVED] from Machine 2, Logical clock: 638, Queue length: 0
2025-03-05 15:08:56 - [SENT] to Machine 1, Logical clock: 638
2025-03-05 15:08:56 - [SENT] to Machine 2, Logical clock: 638
2025-03-05 15:08:56 - [INTERNAL], Logical clock: 640
2025-03-05 15:08:57 - [INTERNAL], Logical clock: 641
2025-03-05 15:08:57 - [INTERNAL], Logical clock: 642
2025-03-05 15:08:57 - [INTERNAL], Logical clock: 643
2025-03-05 15:08:57 - [SENT] to Machine 1, Logical clock: 643
2025-03-05 15:08:58 - [SENT] to Machine 2, Logical clock: 644
2025-03-05 15:08:58 - [INTERNAL], Logical clock: 646
2025-03-05 15:08:58 - [INTERNAL], Logical clock: 647
2025-03-05 15:08:58 - [INTERNAL], Logical clock: 648
2025-03-05 15:08:59 - [INTERNAL], Logical clock: 649
2025-03-05 15:08:59 - [RECEIVED] from Machine 2, Logical clock: 651, Queue length: 0
2025-03-05 15:08:59 - [SENT] to Machine 1, Logical clock: 651
2025-03-05 15:08:59 - [SENT] to Machine 2, Logical clock: 652
2025-03-05 15:08:59 - [INTERNAL], Logical clock: 654
2025-03-05 15:08:59 - [INTERNAL], Logical clock: 655
2025-03-05 15:09:00 - [INTERNAL], Logical clock: 656
2025-03-05 15:09:00 - [SENT] to Machine 2, Logical clock: 656
2025-03-05 15:09:00 - [INTERNAL], Logical clock: 658
2025-03-05 15:09:01 - [INTERNAL], Logical clock: 659
2025-03-05 15:09:01 - [RECEIVED] from Machine 2, Logical clock: 661, Queue length: 0
2025-03-05 15:09:01 - [SENT] to Machine 2, Logical clock: 661
2025-03-05 15:09:01 - [INTERNAL], Logical clock: 663
2025-03-05 15:09:02 - [INTERNAL], Logical clock: 664
2025-03-05 15:09:02 - [RECEIVED] from Machine 2, Logical clock: 665, Queue length: 0
2025-03-05 15:09:02 - [INTERNAL], Logical clock: 666
2025-03-05 15:09:02 - [INTERNAL], Logical clock: 667
2025-03-05 15:09:02 - [INTERNAL], Logical clock: 668
2025-03-05 15:09:03 - [INTERNAL], Logical clock: 669
2025-03-05 15:09:03 - [SENT] to Machine 1, Logical clock: 669
2025-03-05 15:09:03 - [INTERNAL], Logical clock: 671
2025-03-05 15:09:03 - [INTERNAL], Logical clock: 672
2025-03-05 15:09:03 - [INTERNAL], Logical clock: 673
2025-03-05 15:09:04 - [RECEIVED] from Machine 2, Logical clock: 674, Queue length: 0
2025-03-05 15:09:04 - [RECEIVED] from Machine 2, Logical clock: 675, Queue length: 0
2025-03-05 15:09:04 - [RECEIVED] from Machine 2, Logical clock: 676, Queue length: 0
2025-03-05 15:09:04 - [RECEIVED] from Machine 2, Logical clock: 677, Queue length: 1
2025-03-05 15:09:04 - [RECEIVED] from Machine 2, Logical clock: 678, Queue length: 0
2025-03-05 15:09:04 - [INTERNAL], Logical clock: 679
2025-03-05 15:09:05 - [RECEIVED] from Machine 2, Logical clock: 680, Queue length: 0
2025-03-05 15:09:05 - [RECEIVED] from Machine 2, Logical clock: 681, Queue length: 0
2025-03-05 15:09:05 - [INTERNAL], Logical clock: 682
2025-03-05 15:09:05 - [INTERNAL], Logical clock: 683
2025-03-05 15:09:06 - [INTERNAL], Logical clock: 684
2025-03-05 15:09:06 - [SENT] to Machine 1, Logical clock: 684
2025-03-05 15:09:06 - [RECEIVED] from Machine 2, Logical clock: 686, Queue length: 0
2025-03-05 15:09:06 - [INTERNAL], Logical clock: 687
2025-03-05 15:09:07 - [INTERNAL], Logical clock: 688
2025-03-05 15:09:07 - [SENT] to Machine 2, Logical clock: 688
2025-03-05 15:09:07 - [RECEIVED] from Machine 2, Logical clock: 690, Queue length: 0
2025-03-05 15:09:07 - [RECEIVED] from Machine 2, Logical clock: 691, Queue length: 0
2025-03-05 15:09:08 - [INTERNAL], Logical clock: 692
2025-03-05 15:09:08 - [INTERNAL], Logical clock: 693
2025-03-05 15:09:08 - [RECEIVED] from Machine 2, Logical clock: 694, Queue length: 1
2025-03-05 15:09:08 - [RECEIVED] from Machine 2, Logical clock: 695, Queue length: 0
2025-03-05 15:09:09 - [SENT] to Machine 2, Logical clock: 695
2025-03-05 15:09:09 - [RECEIVED] from Machine 2, Logical clock: 697, Queue length: 1
2025-03-05 15:09:09 - [RECEIVED] from Machine 2, Logical clock: 698, Queue length: 0
2025-03-05 15:09:09 - [INTERNAL], Logical clock: 699
2025-03-05 15:09:10 - [INTERNAL], Logical clock: 700
2025-03-05 15:09:10 - [INTERNAL], Logical clock: 701
2025-03-05 15:09:10 - [RECEIVED] from Machine 2, Logical clock: 702, Queue length: 0
2025-03-05 15:09:10 - [INTERNAL], Logical clock: 703
2025-03-05 15:09:11 - [RECEIVED] from Machine 2, Logical clock: 704, Queue length: 0
2025-03-05 15:09:11 - [RECEIVED] from Machine 2, Logical clock: 705, Queue length: 0
2025-03-05 15:09:11 - [SENT] to Machine 1, Logical clock: 705
2025-03-05 15:09:11 - [SENT] to Machine 2, Logical clock: 705
2025-03-05 15:09:11 - [INTERNAL], Logical clock: 707
2025-03-05 15:09:11 - [INTERNAL], Logical clock: 708
2025-03-05 15:09:12 - [RECEIVED] from Machine 2, Logical clock: 709, Queue length: 1
2025-03-05 15:09:12 - [RECEIVED] from Machine 2, Logical clock: 710, Queue length: 0
2025-03-05 15:09:12 - [RECEIVED] from Machine 2, Logical clock: 711, Queue length: 1
2025-03-05 15:09:13 - [RECEIVED] from Machine 2, Logical clock: 712, Queue length: 0
2025-03-05 15:09:13 - [INTERNAL], Logical clock: 713
2025-03-05 15:09:13 - [RECEIVED] from Machine 2, Logical clock: 714, Queue length: 0
2025-03-05 15:09:13 - [INTERNAL], Logical clock: 715
2025-03-05 15:09:14 - [RECEIVED] from Machine 2, Logical clock: 716, Queue length: 0
2025-03-05 15:09:14 - [SENT] to Machine 2, Logical clock: 716
2025-03-05 15:09:14 - [INTERNAL], Logical clock: 718
2025-03-05 15:09:15 - [SENT] to Machine 1, Logical clock: 718
2025-03-05 15:09:15 - [SENT] to Machine 2, Logical clock: 718
2025-03-05 15:09:15 - [INTERNAL], Logical clock: 720
2025-03-05 15:09:16 - [SENT] to Machine 2, Logical clock: 720
2025-03-05 15:09:16 - [RECEIVED] from Machine 2, Logical clock: 722, Queue length: 0
2025-03-05 15:09:16 - [INTERNAL], Logical clock: 723
2025-03-05 15:09:16 - [SENT] to Machine 1, Logical clock: 723
2025-03-05 15:09:16 - [INTERNAL], Logical clock: 725
2025-03-05 15:09:16 - [INTERNAL], Logical clock: 726
2025-03-05 15:09:17 - [INTERNAL], Logical clock: 727
2025-03-05 15:09:17 - [SENT] to Machine 1, Logical clock: 727
2025-03-05 15:09:17 - [SENT] to Machine 2, Logical clock: 727
2025-03-05 15:09:17 - [SENT] to Machine 1, Logical clock: 728
2025-03-05 15:09:17 - [SENT] to Machine 2, Logical clock: 728
2025-03-05 15:09:17 - [INTERNAL], Logical clock: 730
2025-03-05 15:09:18 - [SENT] to Machine 2, Logical clock: 730
2025-03-05 15:09:18 - [SENT] to Machine 1, Logical clock: 731
2025-03-05 15:09:18 - [SENT] to Machine 2, Logical clock: 731
2025-03-05 15:09:18 - [SENT] to Machine 2, Logical clock: 732
2025-03-05 15:09:19 - [INTERNAL], Logical clock: 734
2025-03-05 15:09:19 - [INTERNAL], Logical clock: 735
2025-03-05 15:09:19 - [INTERNAL], Logical clock: 736
2025-03-05 15:09:20 - [SENT] to Machine 1, Logical clock: 736
2025-03-05 15:09:20 - [RECEIVED] from Machine 2, Logical clock: 739, Queue length: 0
2025-03-05 15:09:20 - [RECEIVED] from Machine 2, Logical clock: 741, Queue length: 1
2025-03-05 15:09:20 - [RECEIVED] from Machine 2, Logical clock: 742, Queue length: 0
2025-03-05 15:09:20 - [RECEIVED] from Machine 2, Logical clock: 743, Queue length: 1
2025-03-05 15:09:21 - [RECEIVED] from Machine 2, Logical clock: 744, Queue length: 0
2025-03-05 15:09:21 - [SENT] to Machine 1, Logical clock: 744
2025-03-05 15:09:21 - [SENT] to Machine 2, Logical clock: 744
2025-03-05 15:09:21 - [RECEIVED] from Machine 2, Logical clock: 747, Queue length: 0
2025-03-05 15:09:22 - [RECEIVED] from Machine 2, Logical clock: 748, Queue length: 1
2025-03-05 15:09:22 - [RECEIVED] from Machine 2, Logical clock: 749, Queue length: 0
2025-03-05 15:09:22 - [SENT] to Machine 2, Logical clock: 749
2025-03-05 15:09:22 - [INTERNAL], Logical clock: 751
2025-03-05 15:09:22 - [INTERNAL], Logical clock: 752
2025-03-05 15:09:23 - [INTERNAL], Logical clock: 753
2025-03-05 15:09:23 - [INTERNAL], Logical clock: 754
2025-03-05 15:09:23 - [INTERNAL], Logical clock: 755
2025-03-05 15:09:23 - [INTERNAL], Logical clock: 756
2025-03-05 15:09:23 - [RECEIVED] from Machine 2, Logical clock: 757, Queue length: 1
2025-03-05 15:09:24 - [RECEIVED] from Machine 2, Logical clock: 758, Queue length: 0
2025-03-05 15:09:24 - [SENT] to Machine 1, Logical clock: 758
2025-03-05 15:09:24 - [INTERNAL], Logical clock: 760
2025-03-05 15:09:24 - [INTERNAL], Logical clock: 761
2025-03-05 15:09:24 - [INTERNAL], Logical clock: 762
2025-03-05 15:09:25 - [INTERNAL], Logical clock: 763
2025-03-05 15:09:25 - [INTERNAL], Logical clock: 764
2025-03-05 15:09:25 - [INTERNAL], Logical clock: 765
2025-03-05 15:09:25 - [INTERNAL], Logical clock: 766
2025-03-05 15:09:26 - [SENT] to Machine 1, Logical clock: 766
2025-03-05 15:09:26 - [INTERNAL], Logical clock: 768
2025-03-05 15:09:26 - [SENT] to Machine 1, Logical clock: 768
2025-03-05 15:09:26 - [INTERNAL], Logical clock: 770
2025-03-05 15:09:26 - [RECEIVED] from Machine 2, Logical clock: 771, Queue length: 0
2025-03-05 15:09:26 - [INTERNAL], Logical clock: 772
2025-03-05 15:09:27 - [INTERNAL], Logical clock: 773
2025-03-05 15:09:27 - [INTERNAL], Logical clock: 774
2025-03-05 15:09:27 - [INTERNAL], Logical clock: 775
2025-03-05 15:09:28 - [SENT] to Machine 1, Logical clock: 775
2025-03-05 15:09:28 - [SENT] to Machine 2, Logical clock: 775
2025-03-05 15:09:28 - [SENT] to Machine 2, Logical clock: 776
2025-03-05 15:09:28 - [INTERNAL], Logical clock: 778
2025-03-05 15:09:28 - [INTERNAL], Logical clock: 779
2025-03-05 15:09:28 - [INTERNAL], Logical clock: 780
2025-03-05 15:09:29 - [INTERNAL], Logical clock: 781
2025-03-05 15:09:29 - [INTERNAL], Logical clock: 782
2025-03-05 15:09:29 - [RECEIVED] from Machine 2, Logical clock: 783, Queue length: 0
2025-03-05 15:09:29 - [INTERNAL], Logical clock: 784
2025-03-05 15:09:29 - [RECEIVED] from Machine 2, Logical clock: 785, Queue length: 0
2025-03-05 15:09:30 - [RECEIVED] from Machine 2, Logical clock: 786, Queue length: 0
2025-03-05 15:09:30 - [RECEIVED] from Machine 2, Logical clock: 787, Queue length: 1
2025-03-05 15:09:30 - [RECEIVED] from Machine 2, Logical clock: 788, Queue length: 0
2025-03-05 15:09:30 - [INTERNAL], Logical clock: 789
2025-03-05 15:09:30 - [INTERNAL], Logical clock: 790
