2025-03-05 15:06:30 - [INIT] with clock rate 6 and peers ['localhost:50050', 'localhost:50051'], [0, 1]
2025-03-05 15:06:33 - [SENT] to Machine 0, Logical clock: 0
2025-03-05 15:06:33 - [SENT] to Machine 1, Logical clock: 0
2025-03-05 15:06:33 - [RECEIVED] from Machine 0, Logical clock: 2, Queue length: 0
2025-03-05 15:06:34 - [INTERNAL], Logical clock: 3
2025-03-05 15:06:34 - [SENT] to Machine 0, Logical clock: 3
2025-03-05 15:06:34 - [INTERNAL], Logical clock: 5
2025-03-05 15:06:34 - [SENT] to Machine 1, Logical clock: 5
2025-03-05 15:06:34 - [INTERNAL], Logical clock: 7
2025-03-05 15:06:35 - [INTERNAL], Logical clock: 8
2025-03-05 15:06:35 - [INTERNAL], Logical clock: 9
2025-03-05 15:06:35 - [INTERNAL], Logical clock: 10
2025-03-05 15:06:35 - [INTERNAL], Logical clock: 11
2025-03-05 15:06:35 - [INTERNAL], Logical clock: 12
2025-03-05 15:06:36 - [RECEIVED] from Machine 0, Logical clock: 13, Queue length: 0
2025-03-05 15:06:36 - [INTERNAL], Logical clock: 14
2025-03-05 15:06:36 - [INTERNAL], Logical clock: 15
2025-03-05 15:06:36 - [INTERNAL], Logical clock: 16
2025-03-05 15:06:37 - [RECEIVED] from Machine 0, Logical clock: 17, Queue length: 0
2025-03-05 15:06:37 - [INTERNAL], Logical clock: 18
2025-03-05 15:06:37 - [SENT] to Machine 1, Logical clock: 18
2025-03-05 15:06:37 - [INTERNAL], Logical clock: 20
2025-03-05 15:06:37 - [INTERNAL], Logical clock: 21
2025-03-05 15:06:38 - [INTERNAL], Logical clock: 22
2025-03-05 15:06:38 - [SENT] to Machine 0, Logical clock: 22
2025-03-05 15:06:38 - [SENT] to Machine 1, Logical clock: 22
2025-03-05 15:06:38 - [RECEIVED] from Machine 0, Logical clock: 24, Queue length: 1
2025-03-05 15:06:39 - [RECEIVED] from Machine 0, Logical clock: 25, Queue length: 0
2025-03-05 15:06:39 - [INTERNAL], Logical clock: 26
2025-03-05 15:06:39 - [RECEIVED] from Machine 0, Logical clock: 27, Queue length: 1
2025-03-05 15:06:39 - [RECEIVED] from Machine 0, Logical clock: 28, Queue length: 1
2025-03-05 15:06:39 - [RECEIVED] from Machine 0, Logical clock: 29, Queue length: 0
2025-03-05 15:06:39 - [INTERNAL], Logical clock: 30
2025-03-05 15:06:40 - [INTERNAL], Logical clock: 31
2025-03-05 15:06:40 - [INTERNAL], Logical clock: 32
2025-03-05 15:06:40 - [RECEIVED] from Machine 0, Logical clock: 33, Queue length: 0
2025-03-05 15:06:40 - [RECEIVED] from Machine 0, Logical clock: 34, Queue length: 0
2025-03-05 15:06:41 - [SENT] to Machine 1, Logical clock: 34
2025-03-05 15:06:41 - [INTERNAL], Logical clock: 36
2025-03-05 15:06:41 - [SENT] to Machine 0, Logical clock: 36
2025-03-05 15:06:41 - [RECEIVED] from Machine 0, Logical clock: 38, Queue length: 0
2025-03-05 15:06:42 - [INTERNAL], Logical clock: 39
2025-03-05 15:06:42 - [SENT] to Machine 0, Logical clock: 39
2025-03-05 15:06:42 - [INTERNAL], Logical clock: 41
2025-03-05 15:06:42 - [INTERNAL], Logical clock: 42
2025-03-05 15:06:42 - [INTERNAL], Logical clock: 43
2025-03-05 15:06:42 - [INTERNAL], Logical clock: 44
2025-03-05 15:06:43 - [INTERNAL], Logical clock: 45
2025-03-05 15:06:43 - [INTERNAL], Logical clock: 46
2025-03-05 15:06:43 - [SENT] to Machine 1, Logical clock: 46
2025-03-05 15:06:43 - [SENT] to Machine 0, Logical clock: 47
2025-03-05 15:06:44 - [SENT] to Machine 0, Logical clock: 48
2025-03-05 15:06:44 - [RECEIVED] from Machine 0, Logical clock: 50, Queue length: 1
2025-03-05 15:06:44 - [RECEIVED] from Machine 0, Logical clock: 51, Queue length: 1
2025-03-05 15:06:44 - [RECEIVED] from Machine 0, Logical clock: 52, Queue length: 0
2025-03-05 15:06:44 - [INTERNAL], Logical clock: 53
2025-03-05 15:06:45 - [SENT] to Machine 0, Logical clock: 53
2025-03-05 15:06:45 - [INTERNAL], Logical clock: 55
2025-03-05 15:06:45 - [RECEIVED] from Machine 0, Logical clock: 56, Queue length: 0
2025-03-05 15:06:45 - [INTERNAL], Logical clock: 57
2025-03-05 15:06:46 - [RECEIVED] from Machine 0, Logical clock: 58, Queue length: 1
2025-03-05 15:06:46 - [RECEIVED] from Machine 0, Logical clock: 59, Queue length: 0
2025-03-05 15:06:46 - [INTERNAL], Logical clock: 60
2025-03-05 15:06:46 - [SENT] to Machine 0, Logical clock: 60
2025-03-05 15:06:46 - [RECEIVED] from Machine 0, Logical clock: 62, Queue length: 0
2025-03-05 15:06:46 - [RECEIVED] from Machine 0, Logical clock: 63, Queue length: 0
2025-03-05 15:06:47 - [INTERNAL], Logical clock: 64
2025-03-05 15:06:47 - [INTERNAL], Logical clock: 65
2025-03-05 15:06:47 - [SENT] to Machine 0, Logical clock: 65
2025-03-05 15:06:48 - [SENT] to Machine 1, Logical clock: 65
2025-03-05 15:06:48 - [INTERNAL], Logical clock: 67
2025-03-05 15:06:48 - [INTERNAL], Logical clock: 68
2025-03-05 15:06:48 - [INTERNAL], Logical clock: 69
2025-03-05 15:06:48 - [INTERNAL], Logical clock: 70
2025-03-05 15:06:49 - [INTERNAL], Logical clock: 71
2025-03-05 15:06:49 - [RECEIVED] from Machine 0, Logical clock: 72, Queue length: 0
2025-03-05 15:06:49 - [INTERNAL], Logical clock: 73
2025-03-05 15:06:49 - [SENT] to Machine 0, Logical clock: 73
2025-03-05 15:06:50 - [SENT] to Machine 1, Logical clock: 73
2025-03-05 15:06:50 - [SENT] to Machine 0, Logical clock: 74
2025-03-05 15:06:50 - [INTERNAL], Logical clock: 76
2025-03-05 15:06:50 - [INTERNAL], Logical clock: 77
2025-03-05 15:06:50 - [SENT] to Machine 1, Logical clock: 77
2025-03-05 15:06:50 - [INTERNAL], Logical clock: 79
2025-03-05 15:06:51 - [SENT] to Machine 0, Logical clock: 79
2025-03-05 15:06:51 - [INTERNAL], Logical clock: 81
2025-03-05 15:06:51 - [RECEIVED] from Machine 0, Logical clock: 82, Queue length: 1
2025-03-05 15:06:52 - [RECEIVED] from Machine 0, Logical clock: 83, Queue length: 1
2025-03-05 15:06:52 - [RECEIVED] from Machine 0, Logical clock: 84, Queue length: 0
2025-03-05 15:06:52 - [SENT] to Machine 0, Logical clock: 84
2025-03-05 15:06:52 - [SENT] to Machine 1, Logical clock: 84
2025-03-05 15:06:52 - [INTERNAL], Logical clock: 86
2025-03-05 15:06:52 - [INTERNAL], Logical clock: 87
2025-03-05 15:06:53 - [INTERNAL], Logical clock: 88
2025-03-05 15:06:53 - [SENT] to Machine 0, Logical clock: 88
2025-03-05 15:06:54 - [SENT] to Machine 1, Logical clock: 88
2025-03-05 15:06:54 - [INTERNAL], Logical clock: 90
2025-03-05 15:06:54 - [RECEIVED] from Machine 0, Logical clock: 92, Queue length: 1
2025-03-05 15:06:54 - [RECEIVED] from Machine 0, Logical clock: 93, Queue length: 0
2025-03-05 15:06:54 - [SENT] to Machine 0, Logical clock: 93
2025-03-05 15:06:55 - [SENT] to Machine 1, Logical clock: 93
2025-03-05 15:06:55 - [INTERNAL], Logical clock: 95
2025-03-05 15:06:55 - [SENT] to Machine 1, Logical clock: 95
2025-03-05 15:06:55 - [SENT] to Machine 1, Logical clock: 96
2025-03-05 15:06:55 - [RECEIVED] from Machine 0, Logical clock: 99, Queue length: 0
2025-03-05 15:06:56 - [INTERNAL], Logical clock: 100
2025-03-05 15:06:56 - [INTERNAL], Logical clock: 101
2025-03-05 15:06:56 - [INTERNAL], Logical clock: 102
2025-03-05 15:06:56 - [INTERNAL], Logical clock: 103
2025-03-05 15:06:56 - [INTERNAL], Logical clock: 104
2025-03-05 15:06:57 - [INTERNAL], Logical clock: 105
2025-03-05 15:06:57 - [INTERNAL], Logical clock: 106
2025-03-05 15:06:57 - [INTERNAL], Logical clock: 107
2025-03-05 15:06:57 - [INTERNAL], Logical clock: 108
2025-03-05 15:06:57 - [RECEIVED] from Machine 0, Logical clock: 109, Queue length: 0
2025-03-05 15:06:58 - [SENT] to Machine 0, Logical clock: 109
2025-03-05 15:06:58 - [RECEIVED] from Machine 0, Logical clock: 111, Queue length: 1
2025-03-05 15:06:58 - [RECEIVED] from Machine 0, Logical clock: 112, Queue length: 0
2025-03-05 15:06:58 - [SENT] to Machine 0, Logical clock: 112
2025-03-05 15:06:58 - [RECEIVED] from Machine 0, Logical clock: 114, Queue length: 0
2025-03-05 15:06:59 - [RECEIVED] from Machine 0, Logical clock: 115, Queue length: 0
2025-03-05 15:06:59 - [INTERNAL], Logical clock: 116
2025-03-05 15:06:59 - [SENT] to Machine 0, Logical clock: 116
2025-03-05 15:07:00 - [SENT] to Machine 1, Logical clock: 116
2025-03-05 15:07:00 - [RECEIVED] from Machine 0, Logical clock: 118, Queue length: 1
2025-03-05 15:07:00 - [RECEIVED] from Machine 0, Logical clock: 119, Queue length: 0
2025-03-05 15:07:00 - [INTERNAL], Logical clock: 120
2025-03-05 15:07:00 - [INTERNAL], Logical clock: 121
2025-03-05 15:07:00 - [INTERNAL], Logical clock: 122
2025-03-05 15:07:01 - [SENT] to Machine 0, Logical clock: 122
2025-03-05 15:07:01 - [INTERNAL], Logical clock: 124
2025-03-05 15:07:01 - [INTERNAL], Logical clock: 125
2025-03-05 15:07:01 - [INTERNAL], Logical clock: 126
2025-03-05 15:07:01 - [INTERNAL], Logical clock: 127
2025-03-05 15:07:01 - [RECEIVED] from Machine 0, Logical clock: 128, Queue length: 0
2025-03-05 15:07:02 - [RECEIVED] from Machine 0, Logical clock: 129, Queue length: 0
2025-03-05 15:07:02 - [RECEIVED] from Machine 0, Logical clock: 130, Queue length: 1
2025-03-05 15:07:02 - [RECEIVED] from Machine 0, Logical clock: 131, Queue length: 1
2025-03-05 15:07:02 - [RECEIVED] from Machine 0, Logical clock: 132, Queue length: 0
2025-03-05 15:07:02 - [INTERNAL], Logical clock: 133
2025-03-05 15:07:03 - [INTERNAL], Logical clock: 134
2025-03-05 15:07:03 - [INTERNAL], Logical clock: 135
2025-03-05 15:07:03 - [INTERNAL], Logical clock: 136
2025-03-05 15:07:03 - [RECEIVED] from Machine 0, Logical clock: 137, Queue length: 2
2025-03-05 15:07:03 - [RECEIVED] from Machine 0, Logical clock: 138, Queue length: 1
2025-03-05 15:07:04 - [RECEIVED] from Machine 0, Logical clock: 139, Queue length: 0
2025-03-05 15:07:04 - [RECEIVED] from Machine 0, Logical clock: 140, Queue length: 0
2025-03-05 15:07:04 - [INTERNAL], Logical clock: 141
2025-03-05 15:07:04 - [INTERNAL], Logical clock: 142
2025-03-05 15:07:04 - [INTERNAL], Logical clock: 143
2025-03-05 15:07:05 - [INTERNAL], Logical clock: 144
2025-03-05 15:07:05 - [SENT] to Machine 1, Logical clock: 144
2025-03-05 15:07:05 - [SENT] to Machine 0, Logical clock: 145
2025-03-05 15:07:05 - [INTERNAL], Logical clock: 147
2025-03-05 15:07:06 - [SENT] to Machine 0, Logical clock: 147
2025-03-05 15:07:06 - [SENT] to Machine 1, Logical clock: 147
2025-03-05 15:07:06 - [INTERNAL], Logical clock: 149
2025-03-05 15:07:07 - [SENT] to Machine 0, Logical clock: 149
2025-03-05 15:07:07 - [SENT] to Machine 1, Logical clock: 149
2025-03-05 15:07:07 - [SENT] to Machine 1, Logical clock: 150
2025-03-05 15:07:07 - [RECEIVED] from Machine 0, Logical clock: 152, Queue length: 0
2025-03-05 15:07:08 - [INTERNAL], Logical clock: 153
2025-03-05 15:07:08 - [SENT] to Machine 1, Logical clock: 153
2025-03-05 15:07:08 - [RECEIVED] from Machine 0, Logical clock: 157, Queue length: 0
2025-03-05 15:07:08 - [INTERNAL], Logical clock: 158
2025-03-05 15:07:08 - [RECEIVED] from Machine 0, Logical clock: 159, Queue length: 0
2025-03-05 15:07:09 - [INTERNAL], Logical clock: 160
2025-03-05 15:07:09 - [INTERNAL], Logical clock: 161
2025-03-05 15:07:09 - [SENT] to Machine 0, Logical clock: 161
2025-03-05 15:07:10 - [SENT] to Machine 1, Logical clock: 161
2025-03-05 15:07:10 - [INTERNAL], Logical clock: 163
2025-03-05 15:07:10 - [INTERNAL], Logical clock: 164
2025-03-05 15:07:11 - [SENT] to Machine 1, Logical clock: 164
2025-03-05 15:07:11 - [INTERNAL], Logical clock: 166
2025-03-05 15:07:11 - [SENT] to Machine 1, Logical clock: 166
2025-03-05 15:07:11 - [RECEIVED] from Machine 0, Logical clock: 169, Queue length: 0
2025-03-05 15:07:11 - [INTERNAL], Logical clock: 170
2025-03-05 15:07:12 - [RECEIVED] from Machine 0, Logical clock: 171, Queue length: 0
2025-03-05 15:07:12 - [INTERNAL], Logical clock: 172
2025-03-05 15:07:12 - [RECEIVED] from Machine 0, Logical clock: 173, Queue length: 0
2025-03-05 15:07:12 - [INTERNAL], Logical clock: 174
2025-03-05 15:07:12 - [INTERNAL], Logical clock: 175
2025-03-05 15:07:13 - [INTERNAL], Logical clock: 176
2025-03-05 15:07:13 - [SENT] to Machine 0, Logical clock: 176
2025-03-05 15:07:13 - [RECEIVED] from Machine 0, Logical clock: 178, Queue length: 0
2025-03-05 15:07:13 - [INTERNAL], Logical clock: 179
2025-03-05 15:07:13 - [INTERNAL], Logical clock: 180
2025-03-05 15:07:14 - [SENT] to Machine 0, Logical clock: 180
2025-03-05 15:07:14 - [INTERNAL], Logical clock: 182
2025-03-05 15:07:14 - [INTERNAL], Logical clock: 183
2025-03-05 15:07:14 - [INTERNAL], Logical clock: 184
2025-03-05 15:07:15 - [SENT] to Machine 1, Logical clock: 184
2025-03-05 15:07:15 - [RECEIVED] from Machine 0, Logical clock: 186, Queue length: 0
2025-03-05 15:07:15 - [RECEIVED] from Machine 0, Logical clock: 187, Queue length: 0
2025-03-05 15:07:15 - [RECEIVED] from Machine 0, Logical clock: 188, Queue length: 0
2025-03-05 15:07:15 - [INTERNAL], Logical clock: 189
2025-03-05 15:07:16 - [RECEIVED] from Machine 0, Logical clock: 190, Queue length: 0
2025-03-05 15:07:16 - [RECEIVED] from Machine 0, Logical clock: 191, Queue length: 0
2025-03-05 15:07:16 - [RECEIVED] from Machine 0, Logical clock: 192, Queue length: 1
2025-03-05 15:07:16 - [RECEIVED] from Machine 0, Logical clock: 193, Queue length: 1
2025-03-05 15:07:17 - [RECEIVED] from Machine 0, Logical clock: 194, Queue length: 0
2025-03-05 15:07:17 - [INTERNAL], Logical clock: 195
2025-03-05 15:07:17 - [INTERNAL], Logical clock: 196
2025-03-05 15:07:17 - [RECEIVED] from Machine 0, Logical clock: 197, Queue length: 0
2025-03-05 15:07:17 - [INTERNAL], Logical clock: 198
2025-03-05 15:07:18 - [RECEIVED] from Machine 0, Logical clock: 199, Queue length: 0
2025-03-05 15:07:18 - [INTERNAL], Logical clock: 200
2025-03-05 15:07:18 - [SENT] to Machine 1, Logical clock: 200
2025-03-05 15:07:18 - [INTERNAL], Logical clock: 202
2025-03-05 15:07:19 - [INTERNAL], Logical clock: 203
2025-03-05 15:07:19 - [INTERNAL], Logical clock: 204
2025-03-05 15:07:19 - [INTERNAL], Logical clock: 205
2025-03-05 15:07:19 - [INTERNAL], Logical clock: 206
2025-03-05 15:07:19 - [INTERNAL], Logical clock: 207
2025-03-05 15:07:20 - [SENT] to Machine 0, Logical clock: 207
2025-03-05 15:07:20 - [RECEIVED] from Machine 0, Logical clock: 209, Queue length: 0
2025-03-05 15:07:20 - [INTERNAL], Logical clock: 210
2025-03-05 15:07:20 - [INTERNAL], Logical clock: 211
2025-03-05 15:07:20 - [INTERNAL], Logical clock: 212
2025-03-05 15:07:21 - [INTERNAL], Logical clock: 213
2025-03-05 15:07:21 - [RECEIVED] from Machine 0, Logical clock: 214, Queue length: 1
2025-03-05 15:07:21 - [RECEIVED] from Machine 0, Logical clock: 215, Queue length: 0
2025-03-05 15:07:21 - [SENT] to Machine 1, Logical clock: 215
2025-03-05 15:07:21 - [INTERNAL], Logical clock: 217
2025-03-05 15:07:22 - [INTERNAL], Logical clock: 218
2025-03-05 15:07:22 - [INTERNAL], Logical clock: 219
2025-03-05 15:07:22 - [INTERNAL], Logical clock: 220
2025-03-05 15:07:22 - [RECEIVED] from Machine 0, Logical clock: 221, Queue length: 0
2025-03-05 15:07:22 - [RECEIVED] from Machine 0, Logical clock: 222, Queue length: 0
2025-03-05 15:07:23 - [SENT] to Machine 0, Logical clock: 222
2025-03-05 15:07:23 - [SENT] to Machine 1, Logical clock: 222
2025-03-05 15:07:23 - [INTERNAL], Logical clock: 224
2025-03-05 15:07:23 - [INTERNAL], Logical clock: 225
2025-03-05 15:07:24 - [SENT] to Machine 0, Logical clock: 225
2025-03-05 15:07:24 - [INTERNAL], Logical clock: 227
2025-03-05 15:07:24 - [INTERNAL], Logical clock: 228
2025-03-05 15:07:24 - [INTERNAL], Logical clock: 229
2025-03-05 15:07:24 - [INTERNAL], Logical clock: 230
2025-03-05 15:07:25 - [SENT] to Machine 1, Logical clock: 230
2025-03-05 15:07:25 - [INTERNAL], Logical clock: 232
2025-03-05 15:07:25 - [RECEIVED] from Machine 0, Logical clock: 233, Queue length: 0
2025-03-05 15:07:25 - [RECEIVED] from Machine 0, Logical clock: 234, Queue length: 0
2025-03-05 15:07:25 - [INTERNAL], Logical clock: 235
2025-03-05 15:07:26 - [RECEIVED] from Machine 0, Logical clock: 236, Queue length: 0
2025-03-05 15:07:26 - [INTERNAL], Logical clock: 237
2025-03-05 15:07:26 - [RECEIVED] from Machine 0, Logical clock: 238, Queue length: 0
2025-03-05 15:07:26 - [INTERNAL], Logical clock: 239
2025-03-05 15:07:26 - [INTERNAL], Logical clock: 240
2025-03-05 15:07:27 - [INTERNAL], Logical clock: 241
2025-03-05 15:07:27 - [RECEIVED] from Machine 0, Logical clock: 242, Queue length: 0
2025-03-05 15:07:27 - [INTERNAL], Logical clock: 243
2025-03-05 15:07:27 - [INTERNAL], Logical clock: 244
2025-03-05 15:07:27 - [INTERNAL], Logical clock: 245
2025-03-05 15:07:28 - [INTERNAL], Logical clock: 246
2025-03-05 15:07:28 - [RECEIVED] from Machine 0, Logical clock: 247, Queue length: 0
2025-03-05 15:07:28 - [RECEIVED] from Machine 0, Logical clock: 248, Queue length: 1
2025-03-05 15:07:28 - [RECEIVED] from Machine 0, Logical clock: 249, Queue length: 0
2025-03-05 15:07:28 - [INTERNAL], Logical clock: 250
2025-03-05 15:07:29 - [RECEIVED] from Machine 0, Logical clock: 251, Queue length: 0
2025-03-05 15:07:29 - [INTERNAL], Logical clock: 252
2025-03-05 15:07:29 - [INTERNAL], Logical clock: 253
2025-03-05 15:07:29 - [INTERNAL], Logical clock: 254
2025-03-05 15:07:30 - [SENT] to Machine 1, Logical clock: 254
2025-03-05 15:07:30 - [INTERNAL], Logical clock: 256
2025-03-05 15:07:30 - [SENT] to Machine 0, Logical clock: 256
2025-03-05 15:07:30 - [INTERNAL], Logical clock: 258
2025-03-05 15:07:31 - [SENT] to Machine 0, Logical clock: 258
2025-03-05 15:07:31 - [SENT] to Machine 1, Logical clock: 258
2025-03-05 15:07:31 - [SENT] to Machine 0, Logical clock: 259
2025-03-05 15:07:31 - [INTERNAL], Logical clock: 261
2025-03-05 15:07:31 - [INTERNAL], Logical clock: 262
2025-03-05 15:07:32 - [INTERNAL], Logical clock: 263
2025-03-05 15:07:32 - [SENT] to Machine 1, Logical clock: 263
2025-03-05 15:07:32 - [INTERNAL], Logical clock: 265
2025-03-05 15:07:32 - [SENT] to Machine 1, Logical clock: 265
2025-03-05 15:07:32 - [INTERNAL], Logical clock: 267
2025-03-05 15:07:33 - [INTERNAL], Logical clock: 268
2025-03-05 15:07:33 - [INTERNAL], Logical clock: 269
2025-03-05 15:07:33 - [INTERNAL], Logical clock: 270
2025-03-05 15:07:33 - [INTERNAL], Logical clock: 271
2025-03-05 15:07:34 - [INTERNAL], Logical clock: 272
2025-03-05 15:07:34 - [SENT] to Machine 0, Logical clock: 272
2025-03-05 15:07:34 - [SENT] to Machine 1, Logical clock: 272
2025-03-05 15:07:34 - [RECEIVED] from Machine 0, Logical clock: 274, Queue length: 0
2025-03-05 15:07:35 - [SENT] to Machine 0, Logical clock: 274
2025-03-05 15:07:35 - [SENT] to Machine 1, Logical clock: 275
2025-03-05 15:07:35 - [SENT] to Machine 0, Logical clock: 276
2025-03-05 15:07:35 - [SENT] to Machine 1, Logical clock: 276
2025-03-05 15:07:35 - [INTERNAL], Logical clock: 278
2025-03-05 15:07:36 - [SENT] to Machine 0, Logical clock: 278
2025-03-05 15:07:36 - [SENT] to Machine 1, Logical clock: 278
2025-03-05 15:07:36 - [RECEIVED] from Machine 0, Logical clock: 283, Queue length: 0
2025-03-05 15:07:36 - [RECEIVED] from Machine 0, Logical clock: 284, Queue length: 0
2025-03-05 15:07:36 - [SENT] to Machine 0, Logical clock: 284
2025-03-05 15:07:36 - [RECEIVED] from Machine 0, Logical clock: 286, Queue length: 0
2025-03-05 15:07:37 - [INTERNAL], Logical clock: 287
2025-03-05 15:07:37 - [INTERNAL], Logical clock: 288
2025-03-05 15:07:37 - [INTERNAL], Logical clock: 289
2025-03-05 15:07:37 - [SENT] to Machine 0, Logical clock: 289
2025-03-05 15:07:37 - [SENT] to Machine 1, Logical clock: 289
2025-03-05 15:07:37 - [RECEIVED] from Machine 0, Logical clock: 291, Queue length: 0
2025-03-05 15:07:38 - [RECEIVED] from Machine 0, Logical clock: 292, Queue length: 0
2025-03-05 15:07:38 - [SENT] to Machine 0, Logical clock: 292
2025-03-05 15:07:38 - [INTERNAL], Logical clock: 294
2025-03-05 15:07:38 - [SENT] to Machine 0, Logical clock: 294
2025-03-05 15:07:38 - [SENT] to Machine 1, Logical clock: 294
2025-03-05 15:07:38 - [RECEIVED] from Machine 0, Logical clock: 296, Queue length: 1
2025-03-05 15:07:39 - [RECEIVED] from Machine 0, Logical clock: 297, Queue length: 0
2025-03-05 15:07:39 - [INTERNAL], Logical clock: 298
2025-03-05 15:07:39 - [INTERNAL], Logical clock: 299
2025-03-05 15:07:39 - [INTERNAL], Logical clock: 300
2025-03-05 15:07:40 - [INTERNAL], Logical clock: 301
2025-03-05 15:07:40 - [SENT] to Machine 0, Logical clock: 301
2025-03-05 15:07:40 - [RECEIVED] from Machine 0, Logical clock: 303, Queue length: 0
2025-03-05 15:07:40 - [RECEIVED] from Machine 0, Logical clock: 304, Queue length: 0
2025-03-05 15:07:41 - [SENT] to Machine 0, Logical clock: 304
2025-03-05 15:07:41 - [SENT] to Machine 1, Logical clock: 304
2025-03-05 15:07:41 - [RECEIVED] from Machine 0, Logical clock: 306, Queue length: 0
2025-03-05 15:07:41 - [INTERNAL], Logical clock: 307
2025-03-05 15:07:41 - [INTERNAL], Logical clock: 308
2025-03-05 15:07:41 - [INTERNAL], Logical clock: 309
2025-03-05 15:07:42 - [INTERNAL], Logical clock: 310
2025-03-05 15:07:42 - [INTERNAL], Logical clock: 311
2025-03-05 15:07:42 - [SENT] to Machine 1, Logical clock: 311
2025-03-05 15:07:42 - [RECEIVED] from Machine 0, Logical clock: 313, Queue length: 0
2025-03-05 15:07:43 - [SENT] to Machine 0, Logical clock: 313
2025-03-05 15:07:43 - [INTERNAL], Logical clock: 315
2025-03-05 15:07:43 - [INTERNAL], Logical clock: 316
2025-03-05 15:07:43 - [INTERNAL], Logical clock: 317
2025-03-05 15:07:43 - [INTERNAL], Logical clock: 318
2025-03-05 15:07:43 - [INTERNAL], Logical clock: 319
2025-03-05 15:07:44 - [INTERNAL], Logical clock: 320
2025-03-05 15:07:44 - [INTERNAL], Logical clock: 321
2025-03-05 15:07:44 - [RECEIVED] from Machine 0, Logical clock: 322, Queue length: 0
2025-03-05 15:07:45 - [SENT] to Machine 0, Logical clock: 322
2025-03-05 15:07:45 - [INTERNAL], Logical clock: 324
2025-03-05 15:07:45 - [INTERNAL], Logical clock: 325
2025-03-05 15:07:45 - [SENT] to Machine 1, Logical clock: 325
2025-03-05 15:07:45 - [RECEIVED] from Machine 0, Logical clock: 327, Queue length: 0
2025-03-05 15:07:46 - [INTERNAL], Logical clock: 328
2025-03-05 15:07:46 - [INTERNAL], Logical clock: 329
2025-03-05 15:07:46 - [SENT] to Machine 0, Logical clock: 329
2025-03-05 15:07:46 - [INTERNAL], Logical clock: 331
2025-03-05 15:07:47 - [INTERNAL], Logical clock: 332
2025-03-05 15:07:47 - [SENT] to Machine 0, Logical clock: 332
2025-03-05 15:07:47 - [RECEIVED] from Machine 0, Logical clock: 334, Queue length: 1
2025-03-05 15:07:47 - [RECEIVED] from Machine 0, Logical clock: 335, Queue length: 0
2025-03-05 15:07:47 - [INTERNAL], Logical clock: 336
2025-03-05 15:07:48 - [SENT] to Machine 1, Logical clock: 336
2025-03-05 15:07:48 - [RECEIVED] from Machine 0, Logical clock: 338, Queue length: 0
2025-03-05 15:07:48 - [RECEIVED] from Machine 0, Logical clock: 339, Queue length: 1
2025-03-05 15:07:48 - [RECEIVED] from Machine 0, Logical clock: 340, Queue length: 0
2025-03-05 15:07:48 - [INTERNAL], Logical clock: 341
2025-03-05 15:07:49 - [INTERNAL], Logical clock: 342
2025-03-05 15:07:50 - [SENT] to Machine 0, Logical clock: 342
2025-03-05 15:07:50 - [RECEIVED] from Machine 0, Logical clock: 344, Queue length: 0
2025-03-05 15:07:50 - [INTERNAL], Logical clock: 345
2025-03-05 15:07:50 - [SENT] to Machine 0, Logical clock: 345
2025-03-05 15:07:50 - [SENT] to Machine 1, Logical clock: 345
2025-03-05 15:07:50 - [INTERNAL], Logical clock: 347
2025-03-05 15:07:51 - [INTERNAL], Logical clock: 348
2025-03-05 15:07:51 - [SENT] to Machine 0, Logical clock: 348
2025-03-05 15:07:51 - [INTERNAL], Logical clock: 350
2025-03-05 15:07:51 - [INTERNAL], Logical clock: 351
2025-03-05 15:07:52 - [INTERNAL], Logical clock: 352
2025-03-05 15:07:52 - [INTERNAL], Logical clock: 353
2025-03-05 15:07:52 - [RECEIVED] from Machine 0, Logical clock: 354, Queue length: 1
2025-03-05 15:07:52 - [RECEIVED] from Machine 0, Logical clock: 355, Queue length: 1
2025-03-05 15:07:53 - [RECEIVED] from Machine 0, Logical clock: 356, Queue length: 0
2025-03-05 15:07:53 - [INTERNAL], Logical clock: 357
2025-03-05 15:07:53 - [INTERNAL], Logical clock: 358
2025-03-05 15:07:54 - [SENT] to Machine 1, Logical clock: 358
2025-03-05 15:07:54 - [RECEIVED] from Machine 0, Logical clock: 360, Queue length: 0
2025-03-05 15:07:54 - [INTERNAL], Logical clock: 361
2025-03-05 15:07:54 - [INTERNAL], Logical clock: 362
2025-03-05 15:07:54 - [INTERNAL], Logical clock: 363
2025-03-05 15:07:54 - [INTERNAL], Logical clock: 364
2025-03-05 15:07:55 - [RECEIVED] from Machine 0, Logical clock: 365, Queue length: 0
2025-03-05 15:07:55 - [INTERNAL], Logical clock: 366
2025-03-05 15:07:55 - [INTERNAL], Logical clock: 367
2025-03-05 15:07:55 - [SENT] to Machine 1, Logical clock: 367
2025-03-05 15:07:56 - [SENT] to Machine 1, Logical clock: 368
2025-03-05 15:07:56 - [INTERNAL], Logical clock: 370
2025-03-05 15:07:56 - [RECEIVED] from Machine 0, Logical clock: 371, Queue length: 0
2025-03-05 15:07:56 - [RECEIVED] from Machine 0, Logical clock: 372, Queue length: 0
2025-03-05 15:07:57 - [INTERNAL], Logical clock: 373
2025-03-05 15:07:57 - [RECEIVED] from Machine 0, Logical clock: 374, Queue length: 0
2025-03-05 15:07:57 - [INTERNAL], Logical clock: 375
2025-03-05 15:07:57 - [SENT] to Machine 0, Logical clock: 375
2025-03-05 15:07:58 - [SENT] to Machine 1, Logical clock: 375
2025-03-05 15:07:58 - [INTERNAL], Logical clock: 377
2025-03-05 15:07:58 - [INTERNAL], Logical clock: 378
2025-03-05 15:07:58 - [INTERNAL], Logical clock: 379
2025-03-05 15:07:58 - [RECEIVED] from Machine 0, Logical clock: 380, Queue length: 0
2025-03-05 15:07:58 - [RECEIVED] from Machine 0, Logical clock: 381, Queue length: 1
2025-03-05 15:07:59 - [RECEIVED] from Machine 0, Logical clock: 382, Queue length: 1
2025-03-05 15:07:59 - [RECEIVED] from Machine 0, Logical clock: 383, Queue length: 0
2025-03-05 15:07:59 - [RECEIVED] from Machine 0, Logical clock: 384, Queue length: 0
2025-03-05 15:07:59 - [INTERNAL], Logical clock: 385
2025-03-05 15:08:00 - [RECEIVED] from Machine 0, Logical clock: 386, Queue length: 0
2025-03-05 15:08:00 - [RECEIVED] from Machine 0, Logical clock: 387, Queue length: 0
2025-03-05 15:08:00 - [SENT] to Machine 1, Logical clock: 387
2025-03-05 15:08:00 - [INTERNAL], Logical clock: 389
2025-03-05 15:08:00 - [INTERNAL], Logical clock: 390
2025-03-05 15:08:01 - [INTERNAL], Logical clock: 391
2025-03-05 15:08:01 - [SENT] to Machine 0, Logical clock: 391
2025-03-05 15:08:01 - [INTERNAL], Logical clock: 393
2025-03-05 15:08:01 - [INTERNAL], Logical clock: 394
2025-03-05 15:08:02 - [RECEIVED] from Machine 0, Logical clock: 395, Queue length: 0
2025-03-05 15:08:02 - [RECEIVED] from Machine 0, Logical clock: 396, Queue length: 0
2025-03-05 15:08:02 - [RECEIVED] from Machine 0, Logical clock: 397, Queue length: 1
2025-03-05 15:08:02 - [RECEIVED] from Machine 0, Logical clock: 398, Queue length: 1
2025-03-05 15:08:02 - [RECEIVED] from Machine 0, Logical clock: 399, Queue length: 0
2025-03-05 15:08:03 - [RECEIVED] from Machine 0, Logical clock: 400, Queue length: 0
2025-03-05 15:08:03 - [RECEIVED] from Machine 0, Logical clock: 401, Queue length: 0
2025-03-05 15:08:03 - [RECEIVED] from Machine 0, Logical clock: 402, Queue length: 1
2025-03-05 15:08:03 - [RECEIVED] from Machine 0, Logical clock: 403, Queue length: 1
2025-03-05 15:08:03 - [RECEIVED] from Machine 0, Logical clock: 404, Queue length: 1
2025-03-05 15:08:04 - [RECEIVED] from Machine 0, Logical clock: 405, Queue length: 1
2025-03-05 15:08:04 - [RECEIVED] from Machine 0, Logical clock: 406, Queue length: 0
2025-03-05 15:08:04 - [RECEIVED] from Machine 0, Logical clock: 407, Queue length: 0
2025-03-05 15:08:05 - [SENT] to Machine 0, Logical clock: 407
2025-03-05 15:08:05 - [SENT] to Machine 1, Logical clock: 407
2025-03-05 15:08:05 - [SENT] to Machine 1, Logical clock: 408
2025-03-05 15:08:05 - [INTERNAL], Logical clock: 410
2025-03-05 15:08:05 - [INTERNAL], Logical clock: 411
2025-03-05 15:08:06 - [RECEIVED] from Machine 0, Logical clock: 412, Queue length: 0
2025-03-05 15:08:06 - [SENT] to Machine 1, Logical clock: 412
2025-03-05 15:08:06 - [RECEIVED] from Machine 0, Logical clock: 414, Queue length: 0
2025-03-05 15:08:06 - [INTERNAL], Logical clock: 415
2025-03-05 15:08:07 - [INTERNAL], Logical clock: 416
2025-03-05 15:08:07 - [INTERNAL], Logical clock: 417
2025-03-05 15:08:07 - [INTERNAL], Logical clock: 418
2025-03-05 15:08:07 - [INTERNAL], Logical clock: 419
2025-03-05 15:08:07 - [INTERNAL], Logical clock: 420
2025-03-05 15:08:08 - [INTERNAL], Logical clock: 421
2025-03-05 15:08:08 - [SENT] to Machine 0, Logical clock: 421
2025-03-05 15:08:08 - [RECEIVED] from Machine 0, Logical clock: 423, Queue length: 0
2025-03-05 15:08:08 - [SENT] to Machine 1, Logical clock: 423
2025-03-05 15:08:08 - [INTERNAL], Logical clock: 425
2025-03-05 15:08:09 - [INTERNAL], Logical clock: 426
2025-03-05 15:08:09 - [INTERNAL], Logical clock: 427
2025-03-05 15:08:09 - [SENT] to Machine 0, Logical clock: 427
2025-03-05 15:08:09 - [INTERNAL], Logical clock: 429
2025-03-05 15:08:10 - [INTERNAL], Logical clock: 430
2025-03-05 15:08:10 - [SENT] to Machine 1, Logical clock: 430
2025-03-05 15:08:10 - [INTERNAL], Logical clock: 432
2025-03-05 15:08:10 - [INTERNAL], Logical clock: 433
2025-03-05 15:08:10 - [RECEIVED] from Machine 0, Logical clock: 434, Queue length: 1
2025-03-05 15:08:11 - [RECEIVED] from Machine 0, Logical clock: 435, Queue length: 0
2025-03-05 15:08:11 - [INTERNAL], Logical clock: 436
2025-03-05 15:08:11 - [INTERNAL], Logical clock: 437
2025-03-05 15:08:11 - [INTERNAL], Logical clock: 438
2025-03-05 15:08:11 - [INTERNAL], Logical clock: 439
2025-03-05 15:08:12 - [INTERNAL], Logical clock: 440
2025-03-05 15:08:12 - [INTERNAL], Logical clock: 441
2025-03-05 15:08:12 - [INTERNAL], Logical clock: 442
2025-03-05 15:08:12 - [RECEIVED] from Machine 0, Logical clock: 443, Queue length: 2
2025-03-05 15:08:12 - [RECEIVED] from Machine 0, Logical clock: 444, Queue length: 1
2025-03-05 15:08:13 - [RECEIVED] from Machine 0, Logical clock: 445, Queue length: 1
2025-03-05 15:08:13 - [RECEIVED] from Machine 0, Logical clock: 446, Queue length: 0
2025-03-05 15:08:13 - [INTERNAL], Logical clock: 447
2025-03-05 15:08:13 - [INTERNAL], Logical clock: 448
2025-03-05 15:08:14 - [RECEIVED] from Machine 0, Logical clock: 449, Queue length: 0
2025-03-05 15:08:14 - [RECEIVED] from Machine 0, Logical clock: 450, Queue length: 0
2025-03-05 15:08:14 - [INTERNAL], Logical clock: 451
2025-03-05 15:08:14 - [INTERNAL], Logical clock: 452
2025-03-05 15:08:15 - [INTERNAL], Logical clock: 453
2025-03-05 15:08:15 - [INTERNAL], Logical clock: 454
2025-03-05 15:08:15 - [RECEIVED] from Machine 0, Logical clock: 455, Queue length: 0
2025-03-05 15:08:15 - [RECEIVED] from Machine 0, Logical clock: 456, Queue length: 0
2025-03-05 15:08:15 - [INTERNAL], Logical clock: 457
2025-03-05 15:08:16 - [RECEIVED] from Machine 0, Logical clock: 458, Queue length: 0
2025-03-05 15:08:16 - [RECEIVED] from Machine 0, Logical clock: 459, Queue length: 0
2025-03-05 15:08:16 - [INTERNAL], Logical clock: 460
2025-03-05 15:08:16 - [SENT] to Machine 1, Logical clock: 460
2025-03-05 15:08:16 - [SENT] to Machine 0, Logical clock: 461
2025-03-05 15:08:17 - [SENT] to Machine 1, Logical clock: 461
2025-03-05 15:08:17 - [SENT] to Machine 0, Logical clock: 462
2025-03-05 15:08:17 - [SENT] to Machine 0, Logical clock: 463
2025-03-05 15:08:17 - [INTERNAL], Logical clock: 465
2025-03-05 15:08:18 - [SENT] to Machine 0, Logical clock: 465
2025-03-05 15:08:18 - [SENT] to Machine 1, Logical clock: 465
2025-03-05 15:08:18 - [SENT] to Machine 0, Logical clock: 466
2025-03-05 15:08:18 - [INTERNAL], Logical clock: 468
2025-03-05 15:08:19 - [SENT] to Machine 0, Logical clock: 468
2025-03-05 15:08:19 - [SENT] to Machine 1, Logical clock: 468
2025-03-05 15:08:19 - [INTERNAL], Logical clock: 470
2025-03-05 15:08:19 - [RECEIVED] from Machine 0, Logical clock: 475, Queue length: 0
2025-03-05 15:08:20 - [INTERNAL], Logical clock: 476
2025-03-05 15:08:20 - [SENT] to Machine 0, Logical clock: 476
2025-03-05 15:08:21 - [SENT] to Machine 1, Logical clock: 476
2025-03-05 15:08:21 - [RECEIVED] from Machine 0, Logical clock: 479, Queue length: 0
2025-03-05 15:08:21 - [SENT] to Machine 0, Logical clock: 479
2025-03-05 15:08:21 - [INTERNAL], Logical clock: 481
2025-03-05 15:08:21 - [INTERNAL], Logical clock: 482
2025-03-05 15:08:22 - [RECEIVED] from Machine 0, Logical clock: 484, Queue length: 0
2025-03-05 15:08:22 - [RECEIVED] from Machine 0, Logical clock: 485, Queue length: 0
2025-03-05 15:08:22 - [RECEIVED] from Machine 0, Logical clock: 486, Queue length: 1
2025-03-05 15:08:22 - [RECEIVED] from Machine 0, Logical clock: 487, Queue length: 0
2025-03-05 15:08:23 - [INTERNAL], Logical clock: 488
2025-03-05 15:08:23 - [INTERNAL], Logical clock: 489
2025-03-05 15:08:23 - [SENT] to Machine 0, Logical clock: 489
2025-03-05 15:08:23 - [INTERNAL], Logical clock: 491
2025-03-05 15:08:23 - [RECEIVED] from Machine 0, Logical clock: 492, Queue length: 0
2025-03-05 15:08:24 - [SENT] to Machine 1, Logical clock: 492
2025-03-05 15:08:24 - [RECEIVED] from Machine 0, Logical clock: 494, Queue length: 0
2025-03-05 15:08:24 - [RECEIVED] from Machine 0, Logical clock: 495, Queue length: 0
2025-03-05 15:08:25 - [SENT] to Machine 1, Logical clock: 495
2025-03-05 15:08:25 - [INTERNAL], Logical clock: 497
2025-03-05 15:08:25 - [RECEIVED] from Machine 0, Logical clock: 498, Queue length: 1
2025-03-05 15:08:25 - [RECEIVED] from Machine 0, Logical clock: 499, Queue length: 0
2025-03-05 15:08:25 - [SENT] to Machine 1, Logical clock: 499
2025-03-05 15:08:25 - [INTERNAL], Logical clock: 501
2025-03-05 15:08:26 - [RECEIVED] from Machine 0, Logical clock: 502, Queue length: 0
2025-03-05 15:08:26 - [INTERNAL], Logical clock: 503
2025-03-05 15:08:26 - [SENT] to Machine 0, Logical clock: 503
2025-03-05 15:08:27 - [SENT] to Machine 1, Logical clock: 503
2025-03-05 15:08:27 - [INTERNAL], Logical clock: 505
2025-03-05 15:08:27 - [SENT] to Machine 1, Logical clock: 505
2025-03-05 15:08:28 - [SENT] to Machine 1, Logical clock: 506
2025-03-05 15:08:28 - [RECEIVED] from Machine 0, Logical clock: 508, Queue length: 0
2025-03-05 15:08:28 - [RECEIVED] from Machine 0, Logical clock: 509, Queue length: 0
2025-03-05 15:08:28 - [SENT] to Machine 0, Logical clock: 509
2025-03-05 15:08:28 - [SENT] to Machine 1, Logical clock: 509
2025-03-05 15:08:28 - [RECEIVED] from Machine 0, Logical clock: 511, Queue length: 0
2025-03-05 15:08:29 - [INTERNAL], Logical clock: 512
2025-03-05 15:08:29 - [INTERNAL], Logical clock: 513
2025-03-05 15:08:29 - [INTERNAL], Logical clock: 514
2025-03-05 15:08:29 - [INTERNAL], Logical clock: 515
2025-03-05 15:08:29 - [INTERNAL], Logical clock: 516
2025-03-05 15:08:30 - [INTERNAL], Logical clock: 517
2025-03-05 15:08:30 - [RECEIVED] from Machine 0, Logical clock: 518, Queue length: 0
2025-03-05 15:08:30 - [INTERNAL], Logical clock: 519
2025-03-05 15:08:30 - [INTERNAL], Logical clock: 520
2025-03-05 15:08:30 - [INTERNAL], Logical clock: 521
2025-03-05 15:08:31 - [INTERNAL], Logical clock: 522
2025-03-05 15:08:31 - [RECEIVED] from Machine 0, Logical clock: 523, Queue length: 0
2025-03-05 15:08:31 - [RECEIVED] from Machine 0, Logical clock: 524, Queue length: 0
2025-03-05 15:08:31 - [SENT] to Machine 0, Logical clock: 524
2025-03-05 15:08:31 - [INTERNAL], Logical clock: 526
2025-03-05 15:08:32 - [RECEIVED] from Machine 0, Logical clock: 527, Queue length: 1
2025-03-05 15:08:32 - [RECEIVED] from Machine 0, Logical clock: 528, Queue length: 0
2025-03-05 15:08:32 - [INTERNAL], Logical clock: 529
2025-03-05 15:08:32 - [INTERNAL], Logical clock: 530
2025-03-05 15:08:32 - [INTERNAL], Logical clock: 531
2025-03-05 15:08:33 - [RECEIVED] from Machine 0, Logical clock: 532, Queue length: 2
2025-03-05 15:08:33 - [RECEIVED] from Machine 0, Logical clock: 533, Queue length: 1
2025-03-05 15:08:33 - [RECEIVED] from Machine 0, Logical clock: 534, Queue length: 1
2025-03-05 15:08:33 - [RECEIVED] from Machine 0, Logical clock: 535, Queue length: 0
2025-03-05 15:08:33 - [RECEIVED] from Machine 0, Logical clock: 536, Queue length: 0
2025-03-05 15:08:34 - [RECEIVED] from Machine 0, Logical clock: 537, Queue length: 0
2025-03-05 15:08:34 - [INTERNAL], Logical clock: 538
2025-03-05 15:08:34 - [RECEIVED] from Machine 0, Logical clock: 539, Queue length: 1
2025-03-05 15:08:34 - [RECEIVED] from Machine 0, Logical clock: 540, Queue length: 0
2025-03-05 15:08:34 - [INTERNAL], Logical clock: 541
2025-03-05 15:08:34 - [INTERNAL], Logical clock: 542
2025-03-05 15:08:35 - [SENT] to Machine 1, Logical clock: 542
2025-03-05 15:08:35 - [INTERNAL], Logical clock: 544
2025-03-05 15:08:35 - [INTERNAL], Logical clock: 545
2025-03-05 15:08:35 - [INTERNAL], Logical clock: 546
2025-03-05 15:08:36 - [INTERNAL], Logical clock: 547
2025-03-05 15:08:36 - [INTERNAL], Logical clock: 548
2025-03-05 15:08:36 - [INTERNAL], Logical clock: 549
2025-03-05 15:08:36 - [INTERNAL], Logical clock: 550
2025-03-05 15:08:36 - [INTERNAL], Logical clock: 551
2025-03-05 15:08:37 - [INTERNAL], Logical clock: 552
2025-03-05 15:08:37 - [INTERNAL], Logical clock: 553
2025-03-05 15:08:37 - [INTERNAL], Logical clock: 554
2025-03-05 15:08:37 - [RECEIVED] from Machine 0, Logical clock: 555, Queue length: 0
2025-03-05 15:08:37 - [INTERNAL], Logical clock: 556
2025-03-05 15:08:38 - [INTERNAL], Logical clock: 557
2025-03-05 15:08:38 - [SENT] to Machine 1, Logical clock: 557
2025-03-05 15:08:38 - [INTERNAL], Logical clock: 559
2025-03-05 15:08:38 - [INTERNAL], Logical clock: 560
2025-03-05 15:08:39 - [RECEIVED] from Machine 0, Logical clock: 561, Queue length: 0
2025-03-05 15:08:39 - [RECEIVED] from Machine 0, Logical clock: 562, Queue length: 1
2025-03-05 15:08:39 - [RECEIVED] from Machine 0, Logical clock: 563, Queue length: 0
2025-03-05 15:08:39 - [INTERNAL], Logical clock: 564
2025-03-05 15:08:39 - [INTERNAL], Logical clock: 565
2025-03-05 15:08:40 - [INTERNAL], Logical clock: 566
2025-03-05 15:08:40 - [SENT] to Machine 0, Logical clock: 566
2025-03-05 15:08:40 - [SENT] to Machine 1, Logical clock: 566
2025-03-05 15:08:41 - [SENT] to Machine 0, Logical clock: 567
2025-03-05 15:08:41 - [INTERNAL], Logical clock: 569
2025-03-05 15:08:41 - [INTERNAL], Logical clock: 570
2025-03-05 15:08:41 - [INTERNAL], Logical clock: 571
2025-03-05 15:08:41 - [INTERNAL], Logical clock: 572
2025-03-05 15:08:42 - [SENT] to Machine 0, Logical clock: 572
2025-03-05 15:08:42 - [RECEIVED] from Machine 0, Logical clock: 574, Queue length: 0
2025-03-05 15:08:42 - [RECEIVED] from Machine 0, Logical clock: 575, Queue length: 1
2025-03-05 15:08:42 - [RECEIVED] from Machine 0, Logical clock: 576, Queue length: 1
2025-03-05 15:08:42 - [RECEIVED] from Machine 0, Logical clock: 577, Queue length: 0
2025-03-05 15:08:42 - [INTERNAL], Logical clock: 578
2025-03-05 15:08:43 - [SENT] to Machine 1, Logical clock: 578
2025-03-05 15:08:43 - [INTERNAL], Logical clock: 580
2025-03-05 15:08:43 - [INTERNAL], Logical clock: 581
2025-03-05 15:08:43 - [INTERNAL], Logical clock: 582
2025-03-05 15:08:44 - [SENT] to Machine 0, Logical clock: 582
2025-03-05 15:08:44 - [RECEIVED] from Machine 0, Logical clock: 584, Queue length: 0
2025-03-05 15:08:44 - [SENT] to Machine 0, Logical clock: 584
2025-03-05 15:08:45 - [SENT] to Machine 1, Logical clock: 584
2025-03-05 15:08:45 - [INTERNAL], Logical clock: 586
2025-03-05 15:08:45 - [SENT] to Machine 1, Logical clock: 586
2025-03-05 15:08:45 - [SENT] to Machine 0, Logical clock: 587
2025-03-05 15:08:45 - [SENT] to Machine 0, Logical clock: 588
2025-03-05 15:08:45 - [RECEIVED] from Machine 0, Logical clock: 590, Queue length: 0
2025-03-05 15:08:46 - [RECEIVED] from Machine 0, Logical clock: 591, Queue length: 1
2025-03-05 15:08:46 - [RECEIVED] from Machine 0, Logical clock: 592, Queue length: 0
2025-03-05 15:08:46 - [INTERNAL], Logical clock: 593
2025-03-05 15:08:46 - [SENT] to Machine 0, Logical clock: 593
2025-03-05 15:08:47 - [SENT] to Machine 1, Logical clock: 593
2025-03-05 15:08:47 - [SENT] to Machine 0, Logical clock: 594
2025-03-05 15:08:47 - [INTERNAL], Logical clock: 596
2025-03-05 15:08:47 - [SENT] to Machine 1, Logical clock: 596
2025-03-05 15:08:47 - [INTERNAL], Logical clock: 598
2025-03-05 15:08:47 - [INTERNAL], Logical clock: 599
2025-03-05 15:08:48 - [RECEIVED] from Machine 0, Logical clock: 600, Queue length: 0
2025-03-05 15:08:48 - [RECEIVED] from Machine 0, Logical clock: 601, Queue length: 0
2025-03-05 15:08:48 - [SENT] to Machine 0, Logical clock: 601
2025-03-05 15:08:48 - [INTERNAL], Logical clock: 603
2025-03-05 15:08:48 - [INTERNAL], Logical clock: 604
2025-03-05 15:08:49 - [INTERNAL], Logical clock: 605
2025-03-05 15:08:49 - [INTERNAL], Logical clock: 606
2025-03-05 15:08:49 - [INTERNAL], Logical clock: 607
2025-03-05 15:08:49 - [INTERNAL], Logical clock: 608
2025-03-05 15:08:50 - [SENT] to Machine 0, Logical clock: 608
2025-03-05 15:08:50 - [INTERNAL], Logical clock: 610
2025-03-05 15:08:50 - [SENT] to Machine 1, Logical clock: 610
2025-03-05 15:08:50 - [INTERNAL], Logical clock: 612
2025-03-05 15:08:50 - [INTERNAL], Logical clock: 613
2025-03-05 15:08:51 - [SENT] to Machine 0, Logical clock: 613
2025-03-05 15:08:51 - [SENT] to Machine 1, Logical clock: 613
2025-03-05 15:08:51 - [RECEIVED] from Machine 0, Logical clock: 615, Queue length: 0
2025-03-05 15:08:51 - [SENT] to Machine 0, Logical clock: 615
2025-03-05 15:08:51 - [INTERNAL], Logical clock: 617
2025-03-05 15:08:52 - [INTERNAL], Logical clock: 618
2025-03-05 15:08:52 - [INTERNAL], Logical clock: 619
2025-03-05 15:08:52 - [INTERNAL], Logical clock: 620
2025-03-05 15:08:52 - [INTERNAL], Logical clock: 621
2025-03-05 15:08:52 - [SENT] to Machine 0, Logical clock: 621
2025-03-05 15:08:53 - [SENT] to Machine 1, Logical clock: 621
2025-03-05 15:08:53 - [RECEIVED] from Machine 0, Logical clock: 623, Queue length: 0
2025-03-05 15:08:53 - [INTERNAL], Logical clock: 624
2025-03-05 15:08:53 - [INTERNAL], Logical clock: 625
2025-03-05 15:08:54 - [SENT] to Machine 0, Logical clock: 625
2025-03-05 15:08:54 - [SENT] to Machine 1, Logical clock: 625
2025-03-05 15:08:54 - [SENT] to Machine 1, Logical clock: 626
2025-03-05 15:08:54 - [SENT] to Machine 0, Logical clock: 627
2025-03-05 15:08:54 - [INTERNAL], Logical clock: 629
2025-03-05 15:08:54 - [INTERNAL], Logical clock: 630
2025-03-05 15:08:55 - [INTERNAL], Logical clock: 631
2025-03-05 15:08:55 - [RECEIVED] from Machine 0, Logical clock: 635, Queue length: 0
2025-03-05 15:08:55 - [RECEIVED] from Machine 0, Logical clock: 636, Queue length: 0
2025-03-05 15:08:56 - [SENT] to Machine 1, Logical clock: 636
2025-03-05 15:08:56 - [RECEIVED] from Machine 0, Logical clock: 638, Queue length: 0
2025-03-05 15:08:56 - [INTERNAL], Logical clock: 639
2025-03-05 15:08:56 - [RECEIVED] from Machine 0, Logical clock: 640, Queue length: 0
2025-03-05 15:08:56 - [INTERNAL], Logical clock: 641
2025-03-05 15:08:56 - [RECEIVED] from Machine 0, Logical clock: 642, Queue length: 0
2025-03-05 15:08:57 - [RECEIVED] from Machine 0, Logical clock: 643, Queue length: 0
2025-03-05 15:08:57 - [RECEIVED] from Machine 0, Logical clock: 644, Queue length: 0
2025-03-05 15:08:57 - [INTERNAL], Logical clock: 645
2025-03-05 15:08:57 - [INTERNAL], Logical clock: 646
2025-03-05 15:08:57 - [INTERNAL], Logical clock: 647
2025-03-05 15:08:58 - [SENT] to Machine 1, Logical clock: 647
2025-03-05 15:08:58 - [RECEIVED] from Machine 0, Logical clock: 649, Queue length: 0
2025-03-05 15:08:58 - [RECEIVED] from Machine 0, Logical clock: 650, Queue length: 0
2025-03-05 15:08:59 - [SENT] to Machine 0, Logical clock: 650
2025-03-05 15:08:59 - [SENT] to Machine 1, Logical clock: 650
2025-03-05 15:08:59 - [INTERNAL], Logical clock: 652
2025-03-05 15:08:59 - [INTERNAL], Logical clock: 653
2025-03-05 15:08:59 - [RECEIVED] from Machine 0, Logical clock: 654, Queue length: 1
2025-03-05 15:09:00 - [RECEIVED] from Machine 0, Logical clock: 655, Queue length: 0
2025-03-05 15:09:00 - [INTERNAL], Logical clock: 656
2025-03-05 15:09:00 - [INTERNAL], Logical clock: 657
2025-03-05 15:09:00 - [INTERNAL], Logical clock: 658
2025-03-05 15:09:00 - [RECEIVED] from Machine 0, Logical clock: 659, Queue length: 0
2025-03-05 15:09:00 - [INTERNAL], Logical clock: 660
2025-03-05 15:09:01 - [SENT] to Machine 0, Logical clock: 660
2025-03-05 15:09:01 - [INTERNAL], Logical clock: 662
2025-03-05 15:09:01 - [SENT] to Machine 1, Logical clock: 662
2025-03-05 15:09:01 - [RECEIVED] from Machine 0, Logical clock: 664, Queue length: 0
2025-03-05 15:09:02 - [SENT] to Machine 0, Logical clock: 664
2025-03-05 15:09:02 - [SENT] to Machine 1, Logical clock: 664
2025-03-05 15:09:02 - [INTERNAL], Logical clock: 666
2025-03-05 15:09:02 - [INTERNAL], Logical clock: 667
2025-03-05 15:09:02 - [SENT] to Machine 1, Logical clock: 667
2025-03-05 15:09:02 - [INTERNAL], Logical clock: 669
2025-03-05 15:09:03 - [INTERNAL], Logical clock: 670
2025-03-05 15:09:03 - [INTERNAL], Logical clock: 671
2025-03-05 15:09:03 - [SENT] to Machine 1, Logical clock: 671
2025-03-05 15:09:03 - [SENT] to Machine 0, Logical clock: 672
2025-03-05 15:09:04 - [SENT] to Machine 1, Logical clock: 672
2025-03-05 15:09:04 - [SENT] to Machine 1, Logical clock: 673
2025-03-05 15:09:04 - [INTERNAL], Logical clock: 675
2025-03-05 15:09:04 - [SENT] to Machine 0, Logical clock: 675
2025-03-05 15:09:04 - [SENT] to Machine 1, Logical clock: 675
2025-03-05 15:09:05 - [SENT] to Machine 0, Logical clock: 676
2025-03-05 15:09:05 - [INTERNAL], Logical clock: 678
2025-03-05 15:09:05 - [INTERNAL], Logical clock: 679
2025-03-05 15:09:05 - [INTERNAL], Logical clock: 680
2025-03-05 15:09:06 - [SENT] to Machine 1, Logical clock: 680
2025-03-05 15:09:06 - [INTERNAL], Logical clock: 682
2025-03-05 15:09:06 - [INTERNAL], Logical clock: 683
2025-03-05 15:09:06 - [INTERNAL], Logical clock: 684
2025-03-05 15:09:06 - [RECEIVED] from Machine 0, Logical clock: 685, Queue length: 0
2025-03-05 15:09:07 - [INTERNAL], Logical clock: 686
2025-03-05 15:09:07 - [SENT] to Machine 0, Logical clock: 686
2025-03-05 15:09:07 - [RECEIVED] from Machine 0, Logical clock: 689, Queue length: 0
2025-03-05 15:09:07 - [RECEIVED] from Machine 0, Logical clock: 690, Queue length: 0
2025-03-05 15:09:08 - [SENT] to Machine 0, Logical clock: 690
2025-03-05 15:09:08 - [SENT] to Machine 1, Logical clock: 690
2025-03-05 15:09:08 - [INTERNAL], Logical clock: 692
2025-03-05 15:09:09 - [SENT] to Machine 0, Logical clock: 692
2025-03-05 15:09:09 - [INTERNAL], Logical clock: 694
2025-03-05 15:09:09 - [RECEIVED] from Machine 0, Logical clock: 696, Queue length: 0
2025-03-05 15:09:09 - [SENT] to Machine 1, Logical clock: 696
2025-03-05 15:09:09 - [INTERNAL], Logical clock: 698
2025-03-05 15:09:10 - [INTERNAL], Logical clock: 699
2025-03-05 15:09:10 - [SENT] to Machine 0, Logical clock: 699
2025-03-05 15:09:10 - [SENT] to Machine 1, Logical clock: 699
2025-03-05 15:09:10 - [INTERNAL], Logical clock: 701
2025-03-05 15:09:11 - [SENT] to Machine 0, Logical clock: 701
2025-03-05 15:09:11 - [INTERNAL], Logical clock: 703
2025-03-05 15:09:11 - [INTERNAL], Logical clock: 704
2025-03-05 15:09:11 - [SENT] to Machine 0, Logical clock: 704
2025-03-05 15:09:11 - [RECEIVED] from Machine 0, Logical clock: 706, Queue length: 1
2025-03-05 15:09:12 - [RECEIVED] from Machine 0, Logical clock: 707, Queue length: 0
2025-03-05 15:09:12 - [SENT] to Machine 0, Logical clock: 707
2025-03-05 15:09:12 - [INTERNAL], Logical clock: 709
2025-03-05 15:09:12 - [INTERNAL], Logical clock: 710
2025-03-05 15:09:13 - [SENT] to Machine 1, Logical clock: 710
2025-03-05 15:09:13 - [INTERNAL], Logical clock: 712
2025-03-05 15:09:13 - [INTERNAL], Logical clock: 713
2025-03-05 15:09:14 - [SENT] to Machine 0, Logical clock: 713
2025-03-05 15:09:14 - [SENT] to Machine 1, Logical clock: 713
2025-03-05 15:09:14 - [INTERNAL], Logical clock: 715
2025-03-05 15:09:14 - [INTERNAL], Logical clock: 716
2025-03-05 15:09:14 - [RECEIVED] from Machine 0, Logical clock: 717, Queue length: 0
2025-03-05 15:09:14 - [INTERNAL], Logical clock: 718
2025-03-05 15:09:15 - [INTERNAL], Logical clock: 719
2025-03-05 15:09:15 - [SENT] to Machine 1, Logical clock: 719
2025-03-05 15:09:15 - [RECEIVED] from Machine 0, Logical clock: 721, Queue length: 2
2025-03-05 15:09:16 - [RECEIVED] from Machine 0, Logical clock: 722, Queue length: 2
2025-03-05 15:09:16 - [RECEIVED] from Machine 0, Logical clock: 723, Queue length: 1
2025-03-05 15:09:16 - [RECEIVED] from Machine 0, Logical clock: 724, Queue length: 0
2025-03-05 15:09:16 - [INTERNAL], Logical clock: 725
2025-03-05 15:09:16 - [RECEIVED] from Machine 0, Logical clock: 726, Queue length: 0
2025-03-05 15:09:17 - [INTERNAL], Logical clock: 727
2025-03-05 15:09:17 - [INTERNAL], Logical clock: 728
2025-03-05 15:09:17 - [INTERNAL], Logical clock: 729
2025-03-05 15:09:17 - [RECEIVED] from Machine 0, Logical clock: 730, Queue length: 0
2025-03-05 15:09:17 - [RECEIVED] from Machine 0, Logical clock: 731, Queue length: 1
2025-03-05 15:09:18 - [RECEIVED] from Machine 0, Logical clock: 732, Queue length: 0
2025-03-05 15:09:18 - [RECEIVED] from Machine 0, Logical clock: 733, Queue length: 1
2025-03-05 15:09:18 - [RECEIVED] from Machine 0, Logical clock: 734, Queue length: 1
2025-03-05 15:09:18 - [RECEIVED] from Machine 0, Logical clock: 735, Queue length: 3
2025-03-05 15:09:19 - [RECEIVED] from Machine 0, Logical clock: 736, Queue length: 2
2025-03-05 15:09:19 - [RECEIVED] from Machine 0, Logical clock: 737, Queue length: 1
2025-03-05 15:09:19 - [RECEIVED] from Machine 0, Logical clock: 738, Queue length: 0
2025-03-05 15:09:19 - [SENT] to Machine 0, Logical clock: 738
2025-03-05 15:09:19 - [INTERNAL], Logical clock: 740
2025-03-05 15:09:20 - [SENT] to Machine 0, Logical clock: 740
2025-03-05 15:09:20 - [SENT] to Machine 1, Logical clock: 740
2025-03-05 15:09:20 - [RECEIVED] from Machine 0, Logical clock: 742, Queue length: 0
2025-03-05 15:09:20 - [SENT] to Machine 0, Logical clock: 742
2025-03-05 15:09:20 - [SENT] to Machine 1, Logical clock: 742
2025-03-05 15:09:20 - [INTERNAL], Logical clock: 744
2025-03-05 15:09:21 - [INTERNAL], Logical clock: 745
2025-03-05 15:09:21 - [INTERNAL], Logical clock: 746
2025-03-05 15:09:21 - [SENT] to Machine 0, Logical clock: 746
2025-03-05 15:09:21 - [SENT] to Machine 0, Logical clock: 747
2025-03-05 15:09:22 - [SENT] to Machine 1, Logical clock: 747
2025-03-05 15:09:22 - [RECEIVED] from Machine 0, Logical clock: 749, Queue length: 0
2025-03-05 15:09:22 - [INTERNAL], Logical clock: 750
2025-03-05 15:09:22 - [INTERNAL], Logical clock: 751
2025-03-05 15:09:22 - [RECEIVED] from Machine 0, Logical clock: 752, Queue length: 0
2025-03-05 15:09:23 - [SENT] to Machine 1, Logical clock: 752
2025-03-05 15:09:23 - [INTERNAL], Logical clock: 754
2025-03-05 15:09:23 - [SENT] to Machine 0, Logical clock: 754
2025-03-05 15:09:23 - [INTERNAL], Logical clock: 756
2025-03-05 15:09:24 - [INTERNAL], Logical clock: 757
2025-03-05 15:09:24 - [INTERNAL], Logical clock: 758
2025-03-05 15:09:24 - [INTERNAL], Logical clock: 759
2025-03-05 15:09:24 - [RECEIVED] from Machine 0, Logical clock: 760, Queue length: 0
2025-03-05 15:09:24 - [INTERNAL], Logical clock: 761
2025-03-05 15:09:25 - [INTERNAL], Logical clock: 762
2025-03-05 15:09:25 - [INTERNAL], Logical clock: 763
2025-03-05 15:09:25 - [INTERNAL], Logical clock: 764
2025-03-05 15:09:26 - [SENT] to Machine 1, Logical clock: 764
2025-03-05 15:09:26 - [INTERNAL], Logical clock: 766
2025-03-05 15:09:26 - [INTERNAL], Logical clock: 767
2025-03-05 15:09:26 - [SENT] to Machine 0, Logical clock: 767
2025-03-05 15:09:26 - [RECEIVED] from Machine 0, Logical clock: 769, Queue length: 0
2025-03-05 15:09:27 - [INTERNAL], Logical clock: 770
2025-03-05 15:09:27 - [INTERNAL], Logical clock: 771
2025-03-05 15:09:27 - [INTERNAL], Logical clock: 772
2025-03-05 15:09:27 - [SENT] to Machine 1, Logical clock: 772
2025-03-05 15:09:27 - [INTERNAL], Logical clock: 774
2025-03-05 15:09:28 - [RECEIVED] from Machine 0, Logical clock: 776, Queue length: 0
2025-03-05 15:09:28 - [RECEIVED] from Machine 0, Logical clock: 777, Queue length: 0
2025-03-05 15:09:28 - [SENT] to Machine 1, Logical clock: 777
2025-03-05 15:09:28 - [INTERNAL], Logical clock: 779
2025-03-05 15:09:29 - [SENT] to Machine 1, Logical clock: 779
2025-03-05 15:09:29 - [INTERNAL], Logical clock: 781
2025-03-05 15:09:29 - [SENT] to Machine 1, Logical clock: 781
2025-03-05 15:09:29 - [SENT] to Machine 0, Logical clock: 782
2025-03-05 15:09:30 - [SENT] to Machine 1, Logical clock: 782
2025-03-05 15:09:30 - [INTERNAL], Logical clock: 784
2025-03-05 15:09:30 - [INTERNAL], Logical clock: 785
2025-03-05 15:09:30 - [INTERNAL], Logical clock: 786
2025-03-05 15:09:30 - [INTERNAL], Logical clock: 787
2025-03-05 15:09:31 - [SENT] to Machine 0, Logical clock: 787
