2025-03-03 23:23:11 - [INIT] with clock rate 4 and peers ['localhost:50050', 'localhost:50051'], [0, 1]
2025-03-03 23:23:13 - [INTERNAL], Logical clock: 1
2025-03-03 23:23:13 - [SENT] to Machine 0, Logical clock: 1
2025-03-03 23:23:14 - [SENT] to Machine 0, Logical clock: 2
2025-03-03 23:23:14 - [SENT] to Machine 1, Logical clock: 2
2025-03-03 23:23:14 - [RECEIVED] from Machine 0, Logical clock: 4, Queue length: 0
2025-03-03 23:23:15 - [INTERNAL], Logical clock: 5
2025-03-03 23:23:15 - [SENT] to Machine 0, Logical clock: 5
2025-03-03 23:23:15 - [RECEIVED] from Machine 0, Logical clock: 7, Queue length: 0
2025-03-03 23:23:16 - [SENT] to Machine 0, Logical clock: 7
2025-03-03 23:23:16 - [SENT] to Machine 1, Logical clock: 7
2025-03-03 23:23:16 - [SENT] to Machine 1, Logical clock: 8
2025-03-03 23:23:16 - [INTERNAL], Logical clock: 10
2025-03-03 23:23:17 - [SENT] to Machine 0, Logical clock: 10
2025-03-03 23:23:17 - [SENT] to Machine 0, Logical clock: 11
2025-03-03 23:23:17 - [SENT] to Machine 1, Logical clock: 12
2025-03-03 23:23:18 - [SENT] to Machine 0, Logical clock: 13
2025-03-03 23:23:18 - [SENT] to Machine 1, Logical clock: 14
2025-03-03 23:23:18 - [SENT] to Machine 0, Logical clock: 15
2025-03-03 23:23:18 - [INTERNAL], Logical clock: 17
2025-03-03 23:23:18 - [INTERNAL], Logical clock: 18
2025-03-03 23:23:19 - [SENT] to Machine 0, Logical clock: 18
2025-03-03 23:23:19 - [RECEIVED] from Machine 0, Logical clock: 24, Queue length: 2
2025-03-03 23:23:19 - [RECEIVED] from Machine 0, Logical clock: 25, Queue length: 1
2025-03-03 23:23:20 - [RECEIVED] from Machine 0, Logical clock: 26, Queue length: 1
2025-03-03 23:23:20 - [RECEIVED] from Machine 1, Logical clock: 27, Queue length: 1
2025-03-03 23:23:20 - [RECEIVED] from Machine 0, Logical clock: 28, Queue length: 0
2025-03-03 23:23:20 - [INTERNAL], Logical clock: 29
2025-03-03 23:23:21 - [INTERNAL], Logical clock: 30
2025-03-03 23:23:21 - [RECEIVED] from Machine 0, Logical clock: 32, Queue length: 0
2025-03-03 23:23:21 - [RECEIVED] from Machine 0, Logical clock: 35, Queue length: 0
2025-03-03 23:23:22 - [RECEIVED] from Machine 0, Logical clock: 36, Queue length: 1
2025-03-03 23:23:22 - [RECEIVED] from Machine 0, Logical clock: 37, Queue length: 1
2025-03-03 23:23:22 - [RECEIVED] from Machine 0, Logical clock: 38, Queue length: 0
2025-03-03 23:23:23 - [SENT] to Machine 0, Logical clock: 38
2025-03-03 23:23:23 - [RECEIVED] from Machine 0, Logical clock: 40, Queue length: 1
2025-03-03 23:23:23 - [RECEIVED] from Machine 0, Logical clock: 41, Queue length: 0
2025-03-03 23:23:23 - [RECEIVED] from Machine 0, Logical clock: 43, Queue length: 0
2025-03-03 23:23:24 - [RECEIVED] from Machine 0, Logical clock: 44, Queue length: 1
2025-03-03 23:23:24 - [RECEIVED] from Machine 0, Logical clock: 45, Queue length: 0
2025-03-03 23:23:24 - [RECEIVED] from Machine 0, Logical clock: 46, Queue length: 0
2025-03-03 23:23:25 - [SENT] to Machine 0, Logical clock: 46
2025-03-03 23:23:25 - [SENT] to Machine 0, Logical clock: 47
2025-03-03 23:23:25 - [INTERNAL], Logical clock: 49
2025-03-03 23:23:26 - [SENT] to Machine 0, Logical clock: 49
2025-03-03 23:23:26 - [SENT] to Machine 1, Logical clock: 50
2025-03-03 23:23:26 - [INTERNAL], Logical clock: 52
2025-03-03 23:23:26 - [SENT] to Machine 0, Logical clock: 52
2025-03-03 23:23:27 - [SENT] to Machine 1, Logical clock: 53
2025-03-03 23:23:27 - [RECEIVED] from Machine 0, Logical clock: 56, Queue length: 0
2025-03-03 23:23:27 - [RECEIVED] from Machine 0, Logical clock: 59, Queue length: 0
2025-03-03 23:23:27 - [RECEIVED] from Machine 0, Logical clock: 60, Queue length: 0
2025-03-03 23:23:28 - [SENT] to Machine 0, Logical clock: 60
2025-03-03 23:23:28 - [INTERNAL], Logical clock: 62
2025-03-03 23:23:28 - [RECEIVED] from Machine 0, Logical clock: 63, Queue length: 2
2025-03-03 23:23:29 - [RECEIVED] from Machine 0, Logical clock: 64, Queue length: 1
2025-03-03 23:23:29 - [RECEIVED] from Machine 0, Logical clock: 65, Queue length: 1
2025-03-03 23:23:29 - [RECEIVED] from Machine 0, Logical clock: 66, Queue length: 1
2025-03-03 23:23:29 - [RECEIVED] from Machine 1, Logical clock: 67, Queue length: 0
2025-03-03 23:23:30 - [SENT] to Machine 0, Logical clock: 67
2025-03-03 23:23:30 - [RECEIVED] from Machine 0, Logical clock: 71, Queue length: 0
2025-03-03 23:23:30 - [INTERNAL], Logical clock: 72
2025-03-03 23:23:31 - [RECEIVED] from Machine 0, Logical clock: 75, Queue length: 0
2025-03-03 23:23:31 - [RECEIVED] from Machine 0, Logical clock: 76, Queue length: 0
2025-03-03 23:23:31 - [RECEIVED] from Machine 0, Logical clock: 77, Queue length: 0
2025-03-03 23:23:32 - [SENT] to Machine 0, Logical clock: 77
2025-03-03 23:23:32 - [RECEIVED] from Machine 0, Logical clock: 79, Queue length: 0
2025-03-03 23:23:32 - [RECEIVED] from Machine 0, Logical clock: 80, Queue length: 0
2025-03-03 23:23:32 - [RECEIVED] from Machine 0, Logical clock: 81, Queue length: 0
2025-03-03 23:23:33 - [INTERNAL], Logical clock: 82
2025-03-03 23:23:33 - [SENT] to Machine 0, Logical clock: 82
2025-03-03 23:23:33 - [RECEIVED] from Machine 0, Logical clock: 84, Queue length: 0
2025-03-03 23:23:34 - [SENT] to Machine 1, Logical clock: 84
2025-03-03 23:23:34 - [SENT] to Machine 0, Logical clock: 85
2025-03-03 23:23:34 - [SENT] to Machine 0, Logical clock: 86
2025-03-03 23:23:35 - [SENT] to Machine 1, Logical clock: 86
2025-03-03 23:23:35 - [SENT] to Machine 0, Logical clock: 87
2025-03-03 23:23:35 - [SENT] to Machine 1, Logical clock: 87
2025-03-03 23:23:36 - [SENT] to Machine 0, Logical clock: 88
2025-03-03 23:23:36 - [RECEIVED] from Machine 1, Logical clock: 91, Queue length: 0
2025-03-03 23:23:36 - [SENT] to Machine 0, Logical clock: 91
2025-03-03 23:23:37 - [SENT] to Machine 1, Logical clock: 92
2025-03-03 23:23:37 - [SENT] to Machine 0, Logical clock: 93
2025-03-03 23:23:37 - [SENT] to Machine 0, Logical clock: 94
2025-03-03 23:23:37 - [INTERNAL], Logical clock: 96
2025-03-03 23:23:38 - [SENT] to Machine 0, Logical clock: 96
2025-03-03 23:23:38 - [SENT] to Machine 0, Logical clock: 97
2025-03-03 23:23:38 - [SENT] to Machine 0, Logical clock: 98
2025-03-03 23:23:38 - [SENT] to Machine 0, Logical clock: 99
2025-03-03 23:23:39 - [RECEIVED] from Machine 1, Logical clock: 101, Queue length: 0
2025-03-03 23:23:39 - [SENT] to Machine 0, Logical clock: 101
2025-03-03 23:23:40 - [SENT] to Machine 0, Logical clock: 102
2025-03-03 23:23:40 - [SENT] to Machine 0, Logical clock: 103
2025-03-03 23:23:40 - [SENT] to Machine 0, Logical clock: 104
2025-03-03 23:23:40 - [RECEIVED] from Machine 1, Logical clock: 119, Queue length: 0
2025-03-03 23:23:41 - [SENT] to Machine 0, Logical clock: 119
2025-03-03 23:23:41 - [SENT] to Machine 0, Logical clock: 120
2025-03-03 23:23:41 - [INTERNAL], Logical clock: 122
2025-03-03 23:23:42 - [SENT] to Machine 0, Logical clock: 122
2025-03-03 23:23:42 - [SENT] to Machine 0, Logical clock: 123
2025-03-03 23:23:42 - [RECEIVED] from Machine 0, Logical clock: 128, Queue length: 1
2025-03-03 23:23:43 - [RECEIVED] from Machine 0, Logical clock: 129, Queue length: 0
2025-03-03 23:23:43 - [SENT] to Machine 0, Logical clock: 129
2025-03-03 23:23:43 - [SENT] to Machine 0, Logical clock: 130
2025-03-03 23:23:43 - [RECEIVED] from Machine 0, Logical clock: 132, Queue length: 1
2025-03-03 23:23:44 - [RECEIVED] from Machine 0, Logical clock: 133, Queue length: 1
2025-03-03 23:23:44 - [RECEIVED] from Machine 0, Logical clock: 134, Queue length: 0
2025-03-03 23:23:45 - [SENT] to Machine 1, Logical clock: 134
2025-03-03 23:23:45 - [RECEIVED] from Machine 1, Logical clock: 136, Queue length: 0
2025-03-03 23:23:45 - [RECEIVED] from Machine 0, Logical clock: 138, Queue length: 1
2025-03-03 23:23:45 - [RECEIVED] from Machine 0, Logical clock: 139, Queue length: 1
2025-03-03 23:23:45 - [RECEIVED] from Machine 0, Logical clock: 140, Queue length: 0
2025-03-03 23:23:46 - [RECEIVED] from Machine 0, Logical clock: 141, Queue length: 1
2025-03-03 23:23:46 - [RECEIVED] from Machine 0, Logical clock: 142, Queue length: 0
2025-03-03 23:23:46 - [RECEIVED] from Machine 0, Logical clock: 144, Queue length: 0
2025-03-03 23:23:47 - [RECEIVED] from Machine 1, Logical clock: 145, Queue length: 0
2025-03-03 23:23:47 - [RECEIVED] from Machine 0, Logical clock: 146, Queue length: 0
2025-03-03 23:23:47 - [RECEIVED] from Machine 0, Logical clock: 147, Queue length: 0
2025-03-03 23:23:47 - [RECEIVED] from Machine 0, Logical clock: 148, Queue length: 0
2025-03-03 23:23:48 - [RECEIVED] from Machine 0, Logical clock: 149, Queue length: 1
2025-03-03 23:23:48 - [RECEIVED] from Machine 1, Logical clock: 150, Queue length: 2
2025-03-03 23:23:48 - [RECEIVED] from Machine 0, Logical clock: 151, Queue length: 1
2025-03-03 23:23:49 - [RECEIVED] from Machine 0, Logical clock: 152, Queue length: 0
2025-03-03 23:23:49 - [SENT] to Machine 1, Logical clock: 152
2025-03-03 23:23:49 - [SENT] to Machine 0, Logical clock: 153
2025-03-03 23:23:50 - [SENT] to Machine 1, Logical clock: 153
2025-03-03 23:23:50 - [RECEIVED] from Machine 0, Logical clock: 156, Queue length: 0
2025-03-03 23:23:50 - [SENT] to Machine 0, Logical clock: 156
2025-03-03 23:23:50 - [SENT] to Machine 0, Logical clock: 157
2025-03-03 23:23:51 - [INTERNAL], Logical clock: 159
2025-03-03 23:23:51 - [RECEIVED] from Machine 0, Logical clock: 161, Queue length: 0
2025-03-03 23:23:51 - [SENT] to Machine 0, Logical clock: 161
2025-03-03 23:23:52 - [SENT] to Machine 1, Logical clock: 161
2025-03-03 23:23:52 - [RECEIVED] from Machine 0, Logical clock: 164, Queue length: 2
2025-03-03 23:23:52 - [RECEIVED] from Machine 0, Logical clock: 165, Queue length: 1
2025-03-03 23:23:52 - [RECEIVED] from Machine 0, Logical clock: 166, Queue length: 0
2025-03-03 23:23:52 - [RECEIVED] from Machine 0, Logical clock: 169, Queue length: 0
2025-03-03 23:23:53 - [SENT] to Machine 1, Logical clock: 169
2025-03-03 23:23:53 - [RECEIVED] from Machine 0, Logical clock: 172, Queue length: 0
2025-03-03 23:23:53 - [RECEIVED] from Machine 0, Logical clock: 173, Queue length: 0
2025-03-03 23:23:54 - [SENT] to Machine 0, Logical clock: 173
2025-03-03 23:23:54 - [SENT] to Machine 1, Logical clock: 173
2025-03-03 23:23:54 - [SENT] to Machine 0, Logical clock: 174
2025-03-03 23:23:54 - [INTERNAL], Logical clock: 176
2025-03-03 23:23:55 - [INTERNAL], Logical clock: 177
2025-03-03 23:23:55 - [SENT] to Machine 0, Logical clock: 177
2025-03-03 23:23:56 - [RECEIVED] from Machine 0, Logical clock: 184, Queue length: 0
2025-03-03 23:23:56 - [RECEIVED] from Machine 0, Logical clock: 186, Queue length: 0
2025-03-03 23:23:56 - [SENT] to Machine 0, Logical clock: 186
2025-03-03 23:23:56 - [RECEIVED] from Machine 0, Logical clock: 188, Queue length: 0
2025-03-03 23:23:57 - [INTERNAL], Logical clock: 189
2025-03-03 23:23:57 - [SENT] to Machine 1, Logical clock: 189
2025-03-03 23:23:57 - [RECEIVED] from Machine 0, Logical clock: 192, Queue length: 0
2025-03-03 23:23:58 - [SENT] to Machine 0, Logical clock: 192
2025-03-03 23:23:58 - [SENT] to Machine 0, Logical clock: 193
2025-03-03 23:23:58 - [SENT] to Machine 0, Logical clock: 194
2025-03-03 23:23:58 - [SENT] to Machine 1, Logical clock: 194
2025-03-03 23:23:58 - [INTERNAL], Logical clock: 196
2025-03-03 23:23:59 - [SENT] to Machine 0, Logical clock: 196
2025-03-03 23:23:59 - [SENT] to Machine 1, Logical clock: 196
2025-03-03 23:23:59 - [INTERNAL], Logical clock: 198
2025-03-03 23:24:00 - [SENT] to Machine 0, Logical clock: 198
2025-03-03 23:24:00 - [SENT] to Machine 1, Logical clock: 199
2025-03-03 23:24:00 - [SENT] to Machine 0, Logical clock: 200
2025-03-03 23:24:00 - [RECEIVED] from Machine 0, Logical clock: 206, Queue length: 0
2025-03-03 23:24:01 - [SENT] to Machine 0, Logical clock: 206
2025-03-03 23:24:01 - [RECEIVED] from Machine 0, Logical clock: 209, Queue length: 0
2025-03-03 23:24:01 - [SENT] to Machine 1, Logical clock: 209
2025-03-03 23:24:02 - [RECEIVED] from Machine 0, Logical clock: 211, Queue length: 0
2025-03-03 23:24:02 - [SENT] to Machine 1, Logical clock: 211
2025-03-03 23:24:02 - [SENT] to Machine 1, Logical clock: 212
2025-03-03 23:24:03 - [SENT] to Machine 0, Logical clock: 213
2025-03-03 23:24:03 - [SENT] to Machine 1, Logical clock: 214
2025-03-03 23:24:03 - [RECEIVED] from Machine 0, Logical clock: 218, Queue length: 1
2025-03-03 23:24:03 - [RECEIVED] from Machine 0, Logical clock: 219, Queue length: 1
2025-03-03 23:24:04 - [RECEIVED] from Machine 0, Logical clock: 220, Queue length: 0
2025-03-03 23:24:04 - [RECEIVED] from Machine 0, Logical clock: 223, Queue length: 0
2025-03-03 23:24:04 - [SENT] to Machine 0, Logical clock: 223
2025-03-03 23:24:04 - [RECEIVED] from Machine 0, Logical clock: 225, Queue length: 0
2025-03-03 23:24:05 - [SENT] to Machine 0, Logical clock: 225
2025-03-03 23:24:05 - [RECEIVED] from Machine 0, Logical clock: 228, Queue length: 0
2025-03-03 23:24:06 - [SENT] to Machine 0, Logical clock: 228
2025-03-03 23:24:06 - [SENT] to Machine 0, Logical clock: 229
2025-03-03 23:24:06 - [RECEIVED] from Machine 0, Logical clock: 232, Queue length: 0
2025-03-03 23:24:06 - [INTERNAL], Logical clock: 233
2025-03-03 23:24:07 - [SENT] to Machine 0, Logical clock: 233
2025-03-03 23:24:07 - [RECEIVED] from Machine 0, Logical clock: 237, Queue length: 0
2025-03-03 23:24:07 - [RECEIVED] from Machine 0, Logical clock: 238, Queue length: 0
2025-03-03 23:24:08 - [INTERNAL], Logical clock: 239
2025-03-03 23:24:08 - [SENT] to Machine 0, Logical clock: 239
2025-03-03 23:24:08 - [SENT] to Machine 1, Logical clock: 239
2025-03-03 23:24:08 - [RECEIVED] from Machine 0, Logical clock: 241, Queue length: 2
2025-03-03 23:24:09 - [RECEIVED] from Machine 0, Logical clock: 242, Queue length: 1
2025-03-03 23:24:09 - [RECEIVED] from Machine 0, Logical clock: 243, Queue length: 0
2025-03-03 23:24:09 - [RECEIVED] from Machine 0, Logical clock: 244, Queue length: 0
2025-03-03 23:24:10 - [RECEIVED] from Machine 0, Logical clock: 245, Queue length: 1
2025-03-03 23:24:10 - [RECEIVED] from Machine 0, Logical clock: 246, Queue length: 0
2025-03-03 23:24:10 - [SENT] to Machine 0, Logical clock: 246
2025-03-03 23:24:11 - [SENT] to Machine 0, Logical clock: 247
2025-03-03 23:24:11 - [RECEIVED] from Machine 0, Logical clock: 249, Queue length: 0
2025-03-03 23:24:11 - [RECEIVED] from Machine 0, Logical clock: 250, Queue length: 0
2025-03-03 23:24:11 - <_InactiveRpcError of RPC that terminated with:
	status = StatusCode.CANCELLED
	details = "Channel closed!"
	debug_error_string = "UNKNOWN:Error received from peer  {grpc_message:"Channel closed!", grpc_status:1, created_time:"2025-03-03T23:24:11.758899-05:00"}"
>
