2025-03-03 23:13:48 - [INIT] with clock rate 5 and peers ['localhost:50051', 'localhost:50052'], [1, 2]
2025-03-03 23:13:50 - my queue: sender_id: 1

2025-03-03 23:13:50 - my queue: sender_id: 2

2025-03-03 23:13:50 - [SENT] to Machine 1, Logical clock: 0
2025-03-03 23:13:50 - my queue: sender_id: 2
logical_clock: 1

2025-03-03 23:13:50 - [SENT] to Machine 1, Logical clock: 1
2025-03-03 23:13:50 - my queue: sender_id: 2
logical_clock: 2

2025-03-03 23:13:50 - [INTERNAL], Logical clock: 3
2025-03-03 23:13:50 - [SENT] to Machine 2, Logical clock: 3
2025-03-03 23:13:51 - [SENT] to Machine 1, Logical clock: 4
2025-03-03 23:13:51 - my queue: sender_id: 2
logical_clock: 5

2025-03-03 23:13:51 - [INTERNAL], Logical clock: 6
2025-03-03 23:13:51 - [SENT] to Machine 2, Logical clock: 6
2025-03-03 23:13:51 - my queue: sender_id: 2
logical_clock: 8

2025-03-03 23:13:51 - [SENT] to Machine 2, Logical clock: 7
2025-03-03 23:13:51 - my queue: sender_id: 2
logical_clock: 9

2025-03-03 23:13:51 - [SENT] to Machine 1, Logical clock: 8
2025-03-03 23:13:51 - my queue: sender_id: 2
logical_clock: 10

2025-03-03 23:13:52 - [SENT] to Machine 1, Logical clock: 9
2025-03-03 23:13:52 - my queue: sender_id: 1
logical_clock: 4

2025-03-03 23:13:52 - [SENT] to Machine 1, Logical clock: 10
2025-03-03 23:13:52 - my queue: sender_id: 2
logical_clock: 12

2025-03-03 23:13:52 - my queue: sender_id: 2
logical_clock: 13

2025-03-03 23:13:52 - [SENT] to Machine 1, Logical clock: 11
2025-03-03 23:13:52 - my queue: sender_id: 2
logical_clock: 14

2025-03-03 23:13:52 - [SENT] to Machine 1, Logical clock: 12
2025-03-03 23:13:52 - [INTERNAL], Logical clock: 14
2025-03-03 23:13:53 - [INTERNAL], Logical clock: 15
2025-03-03 23:13:53 - my queue: sender_id: 1
logical_clock: 6

2025-03-03 23:13:53 - [SENT] to Machine 1, Logical clock: 15
2025-03-03 23:13:53 - my queue: sender_id: 2
logical_clock: 19

2025-03-03 23:13:53 - [SENT] to Machine 1, Logical clock: 16
2025-03-03 23:13:53 - [SENT] to Machine 1, Logical clock: 17
2025-03-03 23:13:53 - my queue: sender_id: 1
logical_clock: 7

2025-03-03 23:13:53 - my queue: sender_id: 2
logical_clock: 21

2025-03-03 23:13:53 - [SENT] to Machine 1, Logical clock: 18
2025-03-03 23:13:53 - my queue: sender_id: 2
logical_clock: 22

2025-03-03 23:13:54 - [INTERNAL], Logical clock: 20
2025-03-03 23:13:54 - my queue: sender_id: 2
logical_clock: 23

2025-03-03 23:13:54 - my queue: sender_id: 1
logical_clock: 8

2025-03-03 23:13:54 - [SENT] to Machine 1, Logical clock: 20
2025-03-03 23:13:54 - my queue: sender_id: 2
logical_clock: 25

2025-03-03 23:13:54 - [INTERNAL], Logical clock: 22
2025-03-03 23:13:54 - my queue: sender_id: 2
logical_clock: 26

2025-03-03 23:13:54 - [SENT] to Machine 1, Logical clock: 22
2025-03-03 23:13:54 - [SENT] to Machine 2, Logical clock: 23
2025-03-03 23:13:55 - [INTERNAL], Logical clock: 25
2025-03-03 23:13:55 - [SENT] to Machine 1, Logical clock: 25
2025-03-03 23:13:55 - [INTERNAL], Logical clock: 27
2025-03-03 23:13:55 - my queue: sender_id: 2
logical_clock: 32

2025-03-03 23:13:55 - [SENT] to Machine 1, Logical clock: 27
2025-03-03 23:13:55 - [SENT] to Machine 1, Logical clock: 28
2025-03-03 23:13:56 - [SENT] to Machine 1, Logical clock: 29
2025-03-03 23:13:56 - my queue: sender_id: 2
logical_clock: 35

2025-03-03 23:13:56 - [SENT] to Machine 2, Logical clock: 30
2025-03-03 23:13:56 - my queue: sender_id: 2
logical_clock: 36

2025-03-03 23:13:56 - [INTERNAL], Logical clock: 32
2025-03-03 23:13:56 - [SENT] to Machine 1, Logical clock: 32
2025-03-03 23:13:56 - [SENT] to Machine 2, Logical clock: 32
2025-03-03 23:13:56 - my queue: sender_id: 2
logical_clock: 39

2025-03-03 23:13:56 - [SENT] to Machine 1, Logical clock: 33
2025-03-03 23:13:57 - my queue: sender_id: 2
logical_clock: 40

2025-03-03 23:13:57 - [SENT] to Machine 1, Logical clock: 34
2025-03-03 23:13:57 - my queue: sender_id: 2
logical_clock: 41

2025-03-03 23:13:57 - my queue: sender_id: 1
logical_clock: 14

2025-03-03 23:13:57 - [SENT] to Machine 1, Logical clock: 35
2025-03-03 23:13:57 - my queue: sender_id: 2
logical_clock: 43

2025-03-03 23:13:57 - [INTERNAL], Logical clock: 37
2025-03-03 23:13:57 - [SENT] to Machine 1, Logical clock: 37
2025-03-03 23:13:57 - my queue: sender_id: 1
logical_clock: 15

2025-03-03 23:13:57 - [SENT] to Machine 1, Logical clock: 38
2025-03-03 23:13:58 - my queue: sender_id: 2
logical_clock: 46

2025-03-03 23:13:58 - [INTERNAL], Logical clock: 40
2025-03-03 23:13:58 - my queue: sender_id: 2
logical_clock: 47

2025-03-03 23:13:58 - my queue: sender_id: 1
logical_clock: 16

2025-03-03 23:13:58 - [SENT] to Machine 2, Logical clock: 40
2025-03-03 23:13:58 - my queue: sender_id: 2
logical_clock: 48

2025-03-03 23:13:58 - [INTERNAL], Logical clock: 42
2025-03-03 23:13:58 - my queue: sender_id: 2
logical_clock: 49

2025-03-03 23:13:58 - [SENT] to Machine 1, Logical clock: 42
2025-03-03 23:13:58 - my queue: sender_id: 2
logical_clock: 51

2025-03-03 23:13:58 - [SENT] to Machine 1, Logical clock: 43
2025-03-03 23:13:59 - [SENT] to Machine 2, Logical clock: 44
2025-03-03 23:13:59 - my queue: sender_id: 1
logical_clock: 18

2025-03-03 23:13:59 - [SENT] to Machine 1, Logical clock: 45
2025-03-03 23:13:59 - [SENT] to Machine 1, Logical clock: 46
2025-03-03 23:13:59 - my queue: sender_id: 1
logical_clock: 19

2025-03-03 23:13:59 - [SENT] to Machine 1, Logical clock: 47
2025-03-03 23:13:59 - [SENT] to Machine 2, Logical clock: 48
2025-03-03 23:14:00 - my queue: sender_id: 2
logical_clock: 58

2025-03-03 23:14:00 - [SENT] to Machine 1, Logical clock: 49
2025-03-03 23:14:00 - my queue: sender_id: 2
logical_clock: 59

2025-03-03 23:14:00 - my queue: sender_id: 1
logical_clock: 20

2025-03-03 23:14:00 - [SENT] to Machine 1, Logical clock: 50
2025-03-03 23:14:00 - my queue: sender_id: 2
logical_clock: 60

2025-03-03 23:14:00 - [INTERNAL], Logical clock: 52
2025-03-03 23:14:00 - my queue: sender_id: 2
logical_clock: 61

2025-03-03 23:14:00 - my queue: sender_id: 2
logical_clock: 62

2025-03-03 23:14:00 - [SENT] to Machine 2, Logical clock: 52
2025-03-03 23:14:00 - my queue: sender_id: 2
logical_clock: 63

2025-03-03 23:14:01 - [SENT] to Machine 1, Logical clock: 53
2025-03-03 23:14:01 - [SENT] to Machine 1, Logical clock: 54
2025-03-03 23:14:01 - [SENT] to Machine 2, Logical clock: 54
2025-03-03 23:14:01 - my queue: sender_id: 1
logical_clock: 22

2025-03-03 23:14:01 - [SENT] to Machine 1, Logical clock: 55
2025-03-03 23:14:01 - my queue: sender_id: 2
logical_clock: 66

2025-03-03 23:14:01 - [SENT] to Machine 1, Logical clock: 56
2025-03-03 23:14:01 - my queue: sender_id: 1
logical_clock: 23

2025-03-03 23:14:01 - my queue: sender_id: 2
logical_clock: 68

2025-03-03 23:14:01 - [INTERNAL], Logical clock: 58
2025-03-03 23:14:02 - [SENT] to Machine 2, Logical clock: 58
2025-03-03 23:14:02 - my queue: sender_id: 2
logical_clock: 70

2025-03-03 23:14:02 - [SENT] to Machine 1, Logical clock: 59
2025-03-03 23:14:02 - my queue: sender_id: 2
logical_clock: 71

2025-03-03 23:14:02 - [SENT] to Machine 1, Logical clock: 60
2025-03-03 23:14:02 - [SENT] to Machine 2, Logical clock: 60
2025-03-03 23:14:02 - [SENT] to Machine 1, Logical clock: 61
2025-03-03 23:14:02 - [SENT] to Machine 2, Logical clock: 61
2025-03-03 23:14:02 - my queue: sender_id: 2
logical_clock: 74

2025-03-03 23:14:02 - [SENT] to Machine 1, Logical clock: 62
2025-03-03 23:14:03 - [SENT] to Machine 1, Logical clock: 63
2025-03-03 23:14:03 - my queue: sender_id: 2
logical_clock: 76

2025-03-03 23:14:03 - [SENT] to Machine 1, Logical clock: 64
2025-03-03 23:14:03 - my queue: sender_id: 2
logical_clock: 77

2025-03-03 23:14:03 - [SENT] to Machine 1, Logical clock: 65
2025-03-03 23:14:03 - [INTERNAL], Logical clock: 67
2025-03-03 23:14:03 - [SENT] to Machine 1, Logical clock: 67
2025-03-03 23:14:04 - my queue: sender_id: 2
logical_clock: 81

2025-03-03 23:14:04 - [INTERNAL], Logical clock: 69
2025-03-03 23:14:04 - my queue: sender_id: 2
logical_clock: 82

2025-03-03 23:14:04 - [SENT] to Machine 1, Logical clock: 69
2025-03-03 23:14:04 - my queue: sender_id: 1
logical_clock: 28

2025-03-03 23:14:04 - my queue: sender_id: 2
logical_clock: 83

2025-03-03 23:14:04 - [SENT] to Machine 1, Logical clock: 70
2025-03-03 23:14:04 - my queue: sender_id: 2
logical_clock: 84

2025-03-03 23:14:04 - [SENT] to Machine 1, Logical clock: 71
2025-03-03 23:14:04 - my queue: sender_id: 2
logical_clock: 85

2025-03-03 23:14:04 - [INTERNAL], Logical clock: 73
2025-03-03 23:14:04 - my queue: sender_id: 2
logical_clock: 86

2025-03-03 23:14:05 - my queue: sender_id: 2
logical_clock: 87

2025-03-03 23:14:05 - [INTERNAL], Logical clock: 74
2025-03-03 23:14:05 - my queue: sender_id: 2
logical_clock: 88

2025-03-03 23:14:05 - [SENT] to Machine 1, Logical clock: 74
2025-03-03 23:14:05 - my queue: sender_id: 2
logical_clock: 89

2025-03-03 23:14:05 - [SENT] to Machine 2, Logical clock: 75
2025-03-03 23:14:05 - [INTERNAL], Logical clock: 77
2025-03-03 23:14:05 - my queue: sender_id: 1
logical_clock: 31

2025-03-03 23:14:05 - [SENT] to Machine 1, Logical clock: 77
2025-03-03 23:14:06 - my queue: sender_id: 2
logical_clock: 93

2025-03-03 23:14:06 - [SENT] to Machine 1, Logical clock: 78
2025-03-03 23:14:06 - [SENT] to Machine 2, Logical clock: 78
2025-03-03 23:14:06 - my queue: sender_id: 2
logical_clock: 94

2025-03-03 23:14:06 - [SENT] to Machine 1, Logical clock: 79
2025-03-03 23:14:06 - my queue: sender_id: 1
logical_clock: 32

2025-03-03 23:14:06 - my queue: sender_id: 2
logical_clock: 95

2025-03-03 23:14:06 - [SENT] to Machine 2, Logical clock: 80
2025-03-03 23:14:06 - my queue: sender_id: 2
logical_clock: 96

2025-03-03 23:14:06 - [SENT] to Machine 1, Logical clock: 81
2025-03-03 23:14:06 - [SENT] to Machine 1, Logical clock: 82
2025-03-03 23:14:06 - my queue: sender_id: 2
logical_clock: 98

2025-03-03 23:14:07 - my queue: sender_id: 2
logical_clock: 99

2025-03-03 23:14:07 - [INTERNAL], Logical clock: 84
2025-03-03 23:14:07 - [SENT] to Machine 1, Logical clock: 84
2025-03-03 23:14:07 - [SENT] to Machine 2, Logical clock: 84
2025-03-03 23:14:07 - my queue: sender_id: 2
logical_clock: 101

2025-03-03 23:14:07 - [SENT] to Machine 1, Logical clock: 85
2025-03-03 23:14:07 - my queue: sender_id: 2
logical_clock: 102

2025-03-03 23:14:07 - [SENT] to Machine 2, Logical clock: 86
2025-03-03 23:14:07 - my queue: sender_id: 2
logical_clock: 103

2025-03-03 23:14:07 - my queue: sender_id: 1
logical_clock: 35

2025-03-03 23:14:07 - [INTERNAL], Logical clock: 88
2025-03-03 23:14:07 - my queue: sender_id: 2
logical_clock: 104

2025-03-03 23:14:08 - my queue: sender_id: 2
logical_clock: 105

2025-03-03 23:14:08 - [SENT] to Machine 2, Logical clock: 88
2025-03-03 23:14:08 - my queue: sender_id: 2
logical_clock: 106

2025-03-03 23:14:08 - [SENT] to Machine 2, Logical clock: 89
2025-03-03 23:14:08 - my queue: sender_id: 1
logical_clock: 36

2025-03-03 23:14:08 - my queue: sender_id: 2
logical_clock: 107

2025-03-03 23:14:08 - [INTERNAL], Logical clock: 91
2025-03-03 23:14:08 - [SENT] to Machine 1, Logical clock: 91
2025-03-03 23:14:08 - [SENT] to Machine 1, Logical clock: 92
2025-03-03 23:14:08 - my queue: sender_id: 2
logical_clock: 110

2025-03-03 23:14:09 - my queue: sender_id: 2
logical_clock: 111

2025-03-03 23:14:09 - [SENT] to Machine 1, Logical clock: 93
2025-03-03 23:14:09 - [INTERNAL], Logical clock: 95
2025-03-03 23:14:09 - my queue: sender_id: 1
logical_clock: 38

2025-03-03 23:14:09 - my queue: sender_id: 2
logical_clock: 113

2025-03-03 23:14:09 - [SENT] to Machine 1, Logical clock: 95
2025-03-03 23:14:09 - my queue: sender_id: 2
logical_clock: 114

2025-03-03 23:14:09 - [SENT] to Machine 1, Logical clock: 96
2025-03-03 23:14:09 - my queue: sender_id: 2
logical_clock: 115

2025-03-03 23:14:09 - [SENT] to Machine 1, Logical clock: 97
2025-03-03 23:14:10 - my queue: sender_id: 2
logical_clock: 116

2025-03-03 23:14:10 - [SENT] to Machine 1, Logical clock: 98
2025-03-03 23:14:10 - [SENT] to Machine 1, Logical clock: 99
2025-03-03 23:14:10 - [SENT] to Machine 1, Logical clock: 100
2025-03-03 23:14:10 - [INTERNAL], Logical clock: 102
2025-03-03 23:14:10 - my queue: sender_id: 2
logical_clock: 121

2025-03-03 23:14:10 - [INTERNAL], Logical clock: 103
2025-03-03 23:14:11 - my queue: sender_id: 2
logical_clock: 122

2025-03-03 23:14:11 - [INTERNAL], Logical clock: 104
2025-03-03 23:14:11 - my queue: sender_id: 2
logical_clock: 123

2025-03-03 23:14:11 - my queue: sender_id: 2
logical_clock: 124

2025-03-03 23:14:11 - my queue: sender_id: 1
logical_clock: 42

2025-03-03 23:14:11 - [SENT] to Machine 1, Logical clock: 104
2025-03-03 23:14:11 - [SENT] to Machine 2, Logical clock: 104
2025-03-03 23:14:11 - my queue: sender_id: 2
logical_clock: 125

2025-03-03 23:14:11 - [SENT] to Machine 1, Logical clock: 105
2025-03-03 23:14:11 - my queue: sender_id: 2
logical_clock: 126

2025-03-03 23:14:11 - [SENT] to Machine 2, Logical clock: 106
2025-03-03 23:14:11 - my queue: sender_id: 1
logical_clock: 43

2025-03-03 23:14:11 - my queue: sender_id: 2
logical_clock: 127

2025-03-03 23:14:12 - [INTERNAL], Logical clock: 108
2025-03-03 23:14:12 - [SENT] to Machine 1, Logical clock: 108
2025-03-03 23:14:12 - my queue: sender_id: 1
logical_clock: 44

2025-03-03 23:14:12 - my queue: sender_id: 2
logical_clock: 130

2025-03-03 23:14:12 - [SENT] to Machine 1, Logical clock: 109
2025-03-03 23:14:12 - [SENT] to Machine 1, Logical clock: 110
2025-03-03 23:14:12 - my queue: sender_id: 2
logical_clock: 132

2025-03-03 23:14:12 - [SENT] to Machine 1, Logical clock: 111
2025-03-03 23:14:12 - my queue: sender_id: 2
logical_clock: 133

2025-03-03 23:14:13 - [SENT] to Machine 1, Logical clock: 112
2025-03-03 23:14:13 - [SENT] to Machine 2, Logical clock: 112
2025-03-03 23:14:13 - [SENT] to Machine 1, Logical clock: 113
2025-03-03 23:14:13 - my queue: sender_id: 2
logical_clock: 136

2025-03-03 23:14:13 - [SENT] to Machine 1, Logical clock: 114
2025-03-03 23:14:13 - my queue: sender_id: 2
logical_clock: 137

2025-03-03 23:14:13 - [INTERNAL], Logical clock: 116
2025-03-03 23:14:13 - [SENT] to Machine 1, Logical clock: 116
2025-03-03 23:14:13 - my queue: sender_id: 1
logical_clock: 47

2025-03-03 23:14:13 - my queue: sender_id: 2
logical_clock: 139

2025-03-03 23:14:14 - [INTERNAL], Logical clock: 118
2025-03-03 23:14:14 - [SENT] to Machine 1, Logical clock: 118
2025-03-03 23:14:14 - my queue: sender_id: 2
logical_clock: 141

2025-03-03 23:14:14 - my queue: sender_id: 1
logical_clock: 48

2025-03-03 23:14:14 - my queue: sender_id: 2
logical_clock: 142

2025-03-03 23:14:14 - [SENT] to Machine 1, Logical clock: 119
2025-03-03 23:14:14 - [INTERNAL], Logical clock: 121
2025-03-03 23:14:14 - my queue: sender_id: 2
logical_clock: 144

2025-03-03 23:14:14 - [SENT] to Machine 1, Logical clock: 121
2025-03-03 23:14:14 - my queue: sender_id: 1
logical_clock: 49

2025-03-03 23:14:14 - my queue: sender_id: 2
logical_clock: 145

2025-03-03 23:14:15 - [SENT] to Machine 1, Logical clock: 122
2025-03-03 23:14:15 - my queue: sender_id: 2
logical_clock: 146

2025-03-03 23:14:15 - [SENT] to Machine 1, Logical clock: 123
2025-03-03 23:14:15 - my queue: sender_id: 1
logical_clock: 50

2025-03-03 23:14:15 - [SENT] to Machine 1, Logical clock: 124
2025-03-03 23:14:15 - my queue: sender_id: 2
logical_clock: 148

2025-03-03 23:14:15 - my queue: sender_id: 2
logical_clock: 149

2025-03-03 23:14:15 - [SENT] to Machine 1, Logical clock: 125
2025-03-03 23:14:15 - my queue: sender_id: 2
logical_clock: 150

2025-03-03 23:14:15 - [SENT] to Machine 1, Logical clock: 126
2025-03-03 23:14:16 - [INTERNAL], Logical clock: 128
2025-03-03 23:14:16 - my queue: sender_id: 2
logical_clock: 152

2025-03-03 23:14:16 - [INTERNAL], Logical clock: 129
2025-03-03 23:14:16 - my queue: sender_id: 2
logical_clock: 153

2025-03-03 23:14:16 - my queue: sender_id: 1
logical_clock: 52

2025-03-03 23:14:16 - [INTERNAL], Logical clock: 130
2025-03-03 23:14:16 - my queue: sender_id: 2
logical_clock: 154

2025-03-03 23:14:16 - [SENT] to Machine 1, Logical clock: 130
2025-03-03 23:14:16 - [INTERNAL], Logical clock: 132
2025-03-03 23:14:16 - my queue: sender_id: 1
logical_clock: 53

2025-03-03 23:14:17 - my queue: sender_id: 2
logical_clock: 157

2025-03-03 23:14:17 - [SENT] to Machine 2, Logical clock: 132
2025-03-03 23:14:17 - [INTERNAL], Logical clock: 134
2025-03-03 23:14:17 - my queue: sender_id: 2
logical_clock: 159

2025-03-03 23:14:17 - my queue: sender_id: 1
logical_clock: 54

2025-03-03 23:14:17 - [SENT] to Machine 1, Logical clock: 134
2025-03-03 23:14:17 - my queue: sender_id: 2
logical_clock: 160

2025-03-03 23:14:17 - my queue: sender_id: 2
logical_clock: 161

2025-03-03 23:14:17 - [SENT] to Machine 2, Logical clock: 135
2025-03-03 23:14:17 - [SENT] to Machine 2, Logical clock: 136
2025-03-03 23:14:17 - my queue: sender_id: 1
logical_clock: 55

2025-03-03 23:14:18 - my queue: sender_id: 2
logical_clock: 163

2025-03-03 23:14:18 - [SENT] to Machine 1, Logical clock: 137
2025-03-03 23:14:18 - my queue: sender_id: 2
logical_clock: 164

2025-03-03 23:14:18 - [INTERNAL], Logical clock: 139
2025-03-03 23:14:18 - my queue: sender_id: 2
logical_clock: 165

2025-03-03 23:14:18 - my queue: sender_id: 1
logical_clock: 56

2025-03-03 23:14:18 - [SENT] to Machine 2, Logical clock: 139
2025-03-03 23:14:18 - my queue: sender_id: 2
logical_clock: 166

2025-03-03 23:14:18 - my queue: sender_id: 2
logical_clock: 167

2025-03-03 23:14:18 - [SENT] to Machine 2, Logical clock: 140
2025-03-03 23:14:18 - my queue: sender_id: 2
logical_clock: 168

2025-03-03 23:14:18 - [SENT] to Machine 2, Logical clock: 141
2025-03-03 23:14:19 - my queue: sender_id: 2
logical_clock: 169

2025-03-03 23:14:19 - [INTERNAL], Logical clock: 143
2025-03-03 23:14:19 - my queue: sender_id: 2
logical_clock: 170

2025-03-03 23:14:19 - [SENT] to Machine 1, Logical clock: 143
2025-03-03 23:14:19 - my queue: sender_id: 1
logical_clock: 58

2025-03-03 23:14:19 - [SENT] to Machine 1, Logical clock: 144
2025-03-03 23:14:19 - my queue: sender_id: 2
logical_clock: 172

2025-03-03 23:14:19 - my queue: sender_id: 2
logical_clock: 173

2025-03-03 23:14:19 - [SENT] to Machine 1, Logical clock: 145
2025-03-03 23:14:19 - my queue: sender_id: 2
logical_clock: 174

2025-03-03 23:14:19 - [SENT] to Machine 2, Logical clock: 146
2025-03-03 23:14:20 - my queue: sender_id: 2
logical_clock: 175

2025-03-03 23:14:20 - [SENT] to Machine 1, Logical clock: 147
2025-03-03 23:14:20 - [SENT] to Machine 1, Logical clock: 148
2025-03-03 23:14:20 - [INTERNAL], Logical clock: 150
2025-03-03 23:14:20 - [INTERNAL], Logical clock: 151
2025-03-03 23:14:20 - [SENT] to Machine 2, Logical clock: 151
2025-03-03 23:14:21 - my queue: sender_id: 2
logical_clock: 181

2025-03-03 23:14:21 - [INTERNAL], Logical clock: 153
2025-03-03 23:14:21 - my queue: sender_id: 2
logical_clock: 182

2025-03-03 23:14:21 - [SENT] to Machine 1, Logical clock: 153
2025-03-03 23:14:21 - [SENT] to Machine 2, Logical clock: 153
2025-03-03 23:14:21 - my queue: sender_id: 2
logical_clock: 183

2025-03-03 23:14:21 - my queue: sender_id: 1
logical_clock: 62

2025-03-03 23:14:21 - [INTERNAL], Logical clock: 155
2025-03-03 23:14:21 - my queue: sender_id: 2
logical_clock: 185

2025-03-03 23:14:21 - [SENT] to Machine 1, Logical clock: 155
2025-03-03 23:14:21 - my queue: sender_id: 1
logical_clock: 63

2025-03-03 23:14:21 - [INTERNAL], Logical clock: 157
2025-03-03 23:14:22 - [SENT] to Machine 1, Logical clock: 157
2025-03-03 23:14:22 - my queue: sender_id: 2
logical_clock: 188

2025-03-03 23:14:22 - [SENT] to Machine 1, Logical clock: 158
2025-03-03 23:14:22 - [SENT] to Machine 2, Logical clock: 158
2025-03-03 23:14:22 - my queue: sender_id: 1
logical_clock: 64

2025-03-03 23:14:22 - my queue: sender_id: 2
logical_clock: 189

2025-03-03 23:14:22 - [SENT] to Machine 1, Logical clock: 159
2025-03-03 23:14:22 - my queue: sender_id: 2
logical_clock: 191

2025-03-03 23:14:22 - [SENT] to Machine 1, Logical clock: 160
2025-03-03 23:14:22 - my queue: sender_id: 2
logical_clock: 192

2025-03-03 23:14:23 - [SENT] to Machine 1, Logical clock: 161
2025-03-03 23:14:23 - my queue: sender_id: 2
logical_clock: 193

2025-03-03 23:14:23 - [SENT] to Machine 1, Logical clock: 162
2025-03-03 23:14:23 - [SENT] to Machine 1, Logical clock: 163
2025-03-03 23:14:23 - my queue: sender_id: 1
logical_clock: 66

2025-03-03 23:14:23 - [SENT] to Machine 1, Logical clock: 164
2025-03-03 23:14:23 - my queue: sender_id: 2
logical_clock: 196

2025-03-03 23:14:23 - [INTERNAL], Logical clock: 166
2025-03-03 23:14:23 - my queue: sender_id: 2
logical_clock: 197

2025-03-03 23:14:23 - my queue: sender_id: 1
logical_clock: 67

2025-03-03 23:14:23 - my queue: sender_id: 2
logical_clock: 198

2025-03-03 23:14:24 - [INTERNAL], Logical clock: 167
2025-03-03 23:14:24 - my queue: sender_id: 2
logical_clock: 199

2025-03-03 23:14:24 - [SENT] to Machine 1, Logical clock: 167
2025-03-03 23:14:24 - [INTERNAL], Logical clock: 169
2025-03-03 23:14:24 - my queue: sender_id: 1
logical_clock: 68

2025-03-03 23:14:24 - my queue: sender_id: 2
logical_clock: 201

2025-03-03 23:14:24 - [SENT] to Machine 1, Logical clock: 169
2025-03-03 23:14:24 - my queue: sender_id: 2
logical_clock: 202

2025-03-03 23:14:24 - [SENT] to Machine 2, Logical clock: 170
2025-03-03 23:14:24 - my queue: sender_id: 2
logical_clock: 203

2025-03-03 23:14:25 - [SENT] to Machine 1, Logical clock: 171
2025-03-03 23:14:25 - [SENT] to Machine 1, Logical clock: 172
2025-03-03 23:14:25 - my queue: sender_id: 2
logical_clock: 206

2025-03-03 23:14:25 - [SENT] to Machine 1, Logical clock: 173
2025-03-03 23:14:25 - [SENT] to Machine 1, Logical clock: 174
2025-03-03 23:14:25 - [SENT] to Machine 1, Logical clock: 175
2025-03-03 23:14:25 - my queue: sender_id: 2
logical_clock: 209

2025-03-03 23:14:25 - my queue: sender_id: 1
logical_clock: 71

2025-03-03 23:14:26 - [SENT] to Machine 1, Logical clock: 176
2025-03-03 23:14:26 - my queue: sender_id: 2
logical_clock: 211

2025-03-03 23:14:26 - [INTERNAL], Logical clock: 178
2025-03-03 23:14:26 - my queue: sender_id: 2
logical_clock: 212

2025-03-03 23:14:26 - [SENT] to Machine 1, Logical clock: 178
2025-03-03 23:14:26 - my queue: sender_id: 1
logical_clock: 72

2025-03-03 23:14:26 - [SENT] to Machine 1, Logical clock: 179
2025-03-03 23:14:26 - my queue: sender_id: 2
logical_clock: 214

2025-03-03 23:14:26 - [SENT] to Machine 1, Logical clock: 180
2025-03-03 23:14:26 - [SENT] to Machine 2, Logical clock: 180
2025-03-03 23:14:26 - my queue: sender_id: 2
logical_clock: 215

2025-03-03 23:14:27 - my queue: sender_id: 2
logical_clock: 216

2025-03-03 23:14:27 - [INTERNAL], Logical clock: 182
2025-03-03 23:14:27 - my queue: sender_id: 2
logical_clock: 217

2025-03-03 23:14:27 - [INTERNAL], Logical clock: 183
2025-03-03 23:14:27 - [SENT] to Machine 1, Logical clock: 183
2025-03-03 23:14:27 - my queue: sender_id: 1
logical_clock: 74

2025-03-03 23:14:27 - my queue: sender_id: 2
logical_clock: 219

2025-03-03 23:14:27 - [SENT] to Machine 1, Logical clock: 184
2025-03-03 23:14:27 - [SENT] to Machine 2, Logical clock: 184
2025-03-03 23:14:27 - my queue: sender_id: 2
logical_clock: 220

2025-03-03 23:14:27 - [SENT] to Machine 1, Logical clock: 185
2025-03-03 23:14:28 - my queue: sender_id: 2
logical_clock: 222

2025-03-03 23:14:28 - [SENT] to Machine 2, Logical clock: 186
2025-03-03 23:14:28 - my queue: sender_id: 2
logical_clock: 223

2025-03-03 23:14:28 - [INTERNAL], Logical clock: 188
2025-03-03 23:14:28 - my queue: sender_id: 2
logical_clock: 224

2025-03-03 23:14:28 - [SENT] to Machine 1, Logical clock: 188
2025-03-03 23:14:28 - [SENT] to Machine 2, Logical clock: 188
2025-03-03 23:14:28 - [INTERNAL], Logical clock: 190
2025-03-03 23:14:28 - my queue: sender_id: 2
logical_clock: 226

2025-03-03 23:14:28 - [SENT] to Machine 1, Logical clock: 190
2025-03-03 23:14:28 - my queue: sender_id: 2
logical_clock: 227

2025-03-03 23:14:29 - [SENT] to Machine 1, Logical clock: 191
2025-03-03 23:14:29 - my queue: sender_id: 2
logical_clock: 228

2025-03-03 23:14:29 - [SENT] to Machine 1, Logical clock: 192
2025-03-03 23:14:29 - [SENT] to Machine 2, Logical clock: 192
2025-03-03 23:14:29 - [SENT] to Machine 1, Logical clock: 193
2025-03-03 23:14:29 - [INTERNAL], Logical clock: 195
2025-03-03 23:14:29 - my queue: sender_id: 2
logical_clock: 232

2025-03-03 23:14:29 - [SENT] to Machine 2, Logical clock: 195
2025-03-03 23:14:29 - my queue: sender_id: 2
logical_clock: 233

2025-03-03 23:14:30 - my queue: sender_id: 1
logical_clock: 79

2025-03-03 23:14:30 - [INTERNAL], Logical clock: 197
2025-03-03 23:14:30 - my queue: sender_id: 2
logical_clock: 234

2025-03-03 23:14:30 - [INTERNAL], Logical clock: 198
2025-03-03 23:14:30 - my queue: sender_id: 1
logical_clock: 80

2025-03-03 23:14:30 - [SENT] to Machine 1, Logical clock: 198
2025-03-03 23:14:30 - my queue: sender_id: 2
logical_clock: 237

2025-03-03 23:14:30 - [SENT] to Machine 1, Logical clock: 199
2025-03-03 23:14:30 - [SENT] to Machine 1, Logical clock: 200
2025-03-03 23:14:30 - [SENT] to Machine 2, Logical clock: 200
2025-03-03 23:14:31 - my queue: sender_id: 2
logical_clock: 239

2025-03-03 23:14:31 - my queue: sender_id: 1
logical_clock: 81

2025-03-03 23:14:31 - [SENT] to Machine 1, Logical clock: 201
2025-03-03 23:14:31 - my queue: sender_id: 2
logical_clock: 240

2025-03-03 23:14:31 - [INTERNAL], Logical clock: 203
2025-03-03 23:14:31 - my queue: sender_id: 2
logical_clock: 242

2025-03-03 23:14:31 - [SENT] to Machine 2, Logical clock: 203
2025-03-03 23:14:31 - [INTERNAL], Logical clock: 205
2025-03-03 23:14:31 - my queue: sender_id: 2
logical_clock: 244

2025-03-03 23:14:31 - [SENT] to Machine 1, Logical clock: 205
2025-03-03 23:14:32 - my queue: sender_id: 2
logical_clock: 245

2025-03-03 23:14:32 - my queue: sender_id: 1
logical_clock: 83

2025-03-03 23:14:32 - [SENT] to Machine 1, Logical clock: 206
2025-03-03 23:14:32 - [SENT] to Machine 2, Logical clock: 206
2025-03-03 23:14:32 - [SENT] to Machine 1, Logical clock: 207
2025-03-03 23:14:32 - [INTERNAL], Logical clock: 209
2025-03-03 23:14:32 - my queue: sender_id: 2
logical_clock: 249

2025-03-03 23:14:32 - [INTERNAL], Logical clock: 210
2025-03-03 23:14:32 - my queue: sender_id: 2
logical_clock: 250

2025-03-03 23:14:32 - [SENT] to Machine 1, Logical clock: 210
2025-03-03 23:14:33 - my queue: sender_id: 1
logical_clock: 85

2025-03-03 23:14:33 - my queue: sender_id: 2
logical_clock: 251

2025-03-03 23:14:33 - [SENT] to Machine 2, Logical clock: 211
2025-03-03 23:14:33 - my queue: sender_id: 2
logical_clock: 252

2025-03-03 23:14:33 - my queue: sender_id: 2
logical_clock: 253

2025-03-03 23:14:33 - [SENT] to Machine 1, Logical clock: 212
2025-03-03 23:14:33 - my queue: sender_id: 2
logical_clock: 254

2025-03-03 23:14:33 - [SENT] to Machine 1, Logical clock: 213
2025-03-03 23:14:33 - [INTERNAL], Logical clock: 215
2025-03-03 23:14:33 - my queue: sender_id: 2
logical_clock: 256

2025-03-03 23:14:34 - [SENT] to Machine 1, Logical clock: 215
2025-03-03 23:14:34 - [SENT] to Machine 1, Logical clock: 216
2025-03-03 23:14:34 - [SENT] to Machine 2, Logical clock: 217
2025-03-03 23:14:34 - my queue: sender_id: 1
logical_clock: 88

2025-03-03 23:14:34 - my queue: sender_id: 2
logical_clock: 260

2025-03-03 23:14:34 - [SENT] to Machine 1, Logical clock: 218
2025-03-03 23:14:34 - my queue: sender_id: 2
logical_clock: 261

2025-03-03 23:14:34 - [SENT] to Machine 1, Logical clock: 219
2025-03-03 23:14:34 - my queue: sender_id: 2
logical_clock: 262

2025-03-03 23:14:35 - [SENT] to Machine 1, Logical clock: 220
2025-03-03 23:14:35 - [SENT] to Machine 2, Logical clock: 220
2025-03-03 23:14:35 - my queue: sender_id: 1
logical_clock: 89

2025-03-03 23:14:35 - [SENT] to Machine 1, Logical clock: 221
2025-03-03 23:14:35 - my queue: sender_id: 2
logical_clock: 264

2025-03-03 23:14:35 - [SENT] to Machine 1, Logical clock: 222
2025-03-03 23:14:35 - [SENT] to Machine 1, Logical clock: 223
2025-03-03 23:14:35 - my queue: sender_id: 2
logical_clock: 267

2025-03-03 23:14:35 - [SENT] to Machine 1, Logical clock: 224
2025-03-03 23:14:36 - [INTERNAL], Logical clock: 226
2025-03-03 23:14:36 - my queue: sender_id: 1
logical_clock: 91

2025-03-03 23:14:36 - [SENT] to Machine 2, Logical clock: 226
2025-03-03 23:14:36 - my queue: sender_id: 2
logical_clock: 270

2025-03-03 23:14:36 - [INTERNAL], Logical clock: 228
2025-03-03 23:14:36 - [SENT] to Machine 2, Logical clock: 228
2025-03-03 23:14:36 - my queue: sender_id: 2
logical_clock: 273

2025-03-03 23:14:36 - [SENT] to Machine 1, Logical clock: 229
2025-03-03 23:14:37 - [SENT] to Machine 1, Logical clock: 230
2025-03-03 23:14:37 - my queue: sender_id: 1
logical_clock: 93

2025-03-03 23:14:37 - my queue: sender_id: 2
logical_clock: 275

2025-03-03 23:14:37 - [INTERNAL], Logical clock: 232
2025-03-03 23:14:37 - my queue: sender_id: 2
logical_clock: 276

2025-03-03 23:14:37 - [SENT] to Machine 1, Logical clock: 232
2025-03-03 23:14:37 - my queue: sender_id: 2
logical_clock: 277

2025-03-03 23:14:37 - [SENT] to Machine 1, Logical clock: 233
2025-03-03 23:14:37 - [INTERNAL], Logical clock: 235
2025-03-03 23:14:37 - my queue: sender_id: 2
logical_clock: 280

2025-03-03 23:14:38 - [SENT] to Machine 2, Logical clock: 235
2025-03-03 23:14:38 - my queue: sender_id: 1
logical_clock: 95

2025-03-03 23:14:38 - my queue: sender_id: 2
logical_clock: 281

2025-03-03 23:14:38 - [SENT] to Machine 1, Logical clock: 236
2025-03-03 23:14:38 - my queue: sender_id: 2
logical_clock: 282

2025-03-03 23:14:38 - [SENT] to Machine 1, Logical clock: 237
2025-03-03 23:14:38 - my queue: sender_id: 2
logical_clock: 283

2025-03-03 23:14:38 - my queue: sender_id: 1
logical_clock: 96

2025-03-03 23:14:38 - [SENT] to Machine 2, Logical clock: 238
2025-03-03 23:14:38 - my queue: sender_id: 2
logical_clock: 285

2025-03-03 23:14:38 - [SENT] to Machine 1, Logical clock: 239
2025-03-03 23:14:38 - [SENT] to Machine 2, Logical clock: 239
2025-03-03 23:14:39 - my queue: sender_id: 2
logical_clock: 286

2025-03-03 23:14:39 - [INTERNAL], Logical clock: 241
2025-03-03 23:14:39 - [SENT] to Machine 1, Logical clock: 241
2025-03-03 23:14:39 - [INTERNAL], Logical clock: 243
2025-03-03 23:14:39 - my queue: sender_id: 2
logical_clock: 289

2025-03-03 23:14:39 - [SENT] to Machine 1, Logical clock: 243
2025-03-03 23:14:39 - my queue: sender_id: 2
logical_clock: 290

2025-03-03 23:14:39 - [SENT] to Machine 2, Logical clock: 244
2025-03-03 23:14:40 - [SENT] to Machine 1, Logical clock: 245
2025-03-03 23:14:40 - my queue: sender_id: 2
logical_clock: 293

2025-03-03 23:14:40 - [SENT] to Machine 1, Logical clock: 246
2025-03-03 23:14:40 - [SENT] to Machine 1, Logical clock: 247
2025-03-03 23:14:40 - [SENT] to Machine 2, Logical clock: 247
2025-03-03 23:14:40 - my queue: sender_id: 2
logical_clock: 295

2025-03-03 23:14:40 - my queue: sender_id: 1
logical_clock: 100

2025-03-03 23:14:40 - [SENT] to Machine 1, Logical clock: 248
2025-03-03 23:14:40 - [SENT] to Machine 2, Logical clock: 248
2025-03-03 23:14:40 - my queue: sender_id: 2
logical_clock: 296

2025-03-03 23:14:40 - my queue: sender_id: 2
logical_clock: 297

2025-03-03 23:14:40 - [INTERNAL], Logical clock: 250
2025-03-03 23:14:41 - my queue: sender_id: 1
logical_clock: 101

2025-03-03 23:14:41 - [SENT] to Machine 1, Logical clock: 250
2025-03-03 23:14:41 - [INTERNAL], Logical clock: 252
2025-03-03 23:14:41 - [SENT] to Machine 2, Logical clock: 252
2025-03-03 23:14:41 - my queue: sender_id: 2
logical_clock: 301

2025-03-03 23:14:41 - [SENT] to Machine 1, Logical clock: 253
2025-03-03 23:14:41 - [SENT] to Machine 2, Logical clock: 253
2025-03-03 23:14:41 - my queue: sender_id: 2
logical_clock: 302

2025-03-03 23:14:41 - [SENT] to Machine 1, Logical clock: 254
2025-03-03 23:14:42 - [SENT] to Machine 1, Logical clock: 255
2025-03-03 23:14:42 - my queue: sender_id: 2
logical_clock: 305

2025-03-03 23:14:42 - [SENT] to Machine 1, Logical clock: 256
2025-03-03 23:14:42 - [INTERNAL], Logical clock: 258
2025-03-03 23:14:42 - my queue: sender_id: 2
logical_clock: 307

2025-03-03 23:14:42 - my queue: sender_id: 1
logical_clock: 104

2025-03-03 23:14:42 - [SENT] to Machine 1, Logical clock: 258
2025-03-03 23:14:42 - [SENT] to Machine 2, Logical clock: 258
2025-03-03 23:14:42 - my queue: sender_id: 2
logical_clock: 308

2025-03-03 23:14:42 - my queue: sender_id: 2
logical_clock: 309

2025-03-03 23:14:42 - [INTERNAL], Logical clock: 260
2025-03-03 23:14:43 - my queue: sender_id: 2
logical_clock: 310

2025-03-03 23:14:43 - my queue: sender_id: 1
logical_clock: 105

2025-03-03 23:14:43 - [SENT] to Machine 2, Logical clock: 260
2025-03-03 23:14:43 - [SENT] to Machine 1, Logical clock: 261
2025-03-03 23:14:43 - [SENT] to Machine 2, Logical clock: 262
2025-03-03 23:14:43 - my queue: sender_id: 1
logical_clock: 106

2025-03-03 23:14:43 - my queue: sender_id: 2
logical_clock: 313

2025-03-03 23:14:43 - [SENT] to Machine 1, Logical clock: 263
2025-03-03 23:14:43 - [SENT] to Machine 1, Logical clock: 264
2025-03-03 23:14:43 - my queue: sender_id: 2
logical_clock: 315

2025-03-03 23:14:44 - my queue: sender_id: 1
logical_clock: 107

2025-03-03 23:14:44 - my queue: sender_id: 2
logical_clock: 316

2025-03-03 23:14:44 - [SENT] to Machine 2, Logical clock: 265
2025-03-03 23:14:44 - [INTERNAL], Logical clock: 267
2025-03-03 23:14:44 - my queue: sender_id: 2
logical_clock: 318

2025-03-03 23:14:44 - [SENT] to Machine 2, Logical clock: 267
2025-03-03 23:14:44 - [SENT] to Machine 1, Logical clock: 268
2025-03-03 23:14:44 - [SENT] to Machine 2, Logical clock: 268
2025-03-03 23:14:44 - my queue: sender_id: 2
logical_clock: 320

2025-03-03 23:14:44 - [SENT] to Machine 1, Logical clock: 269
2025-03-03 23:14:45 - my queue: sender_id: 1
logical_clock: 109

2025-03-03 23:14:45 - my queue: sender_id: 2
logical_clock: 322

2025-03-03 23:14:45 - [INTERNAL], Logical clock: 271
2025-03-03 23:14:45 - [INTERNAL], Logical clock: 272
2025-03-03 23:14:45 - [SENT] to Machine 1, Logical clock: 272
2025-03-03 23:14:45 - my queue: sender_id: 1
logical_clock: 110

2025-03-03 23:14:45 - my queue: sender_id: 2
logical_clock: 325

2025-03-03 23:14:45 - [INTERNAL], Logical clock: 274
2025-03-03 23:14:46 - [SENT] to Machine 1, Logical clock: 274
2025-03-03 23:14:46 - my queue: sender_id: 2
logical_clock: 327

2025-03-03 23:14:46 - my queue: sender_id: 2
logical_clock: 328

2025-03-03 23:14:46 - [SENT] to Machine 1, Logical clock: 275
2025-03-03 23:14:46 - my queue: sender_id: 2
logical_clock: 329

2025-03-03 23:14:46 - [INTERNAL], Logical clock: 277
2025-03-03 23:14:46 - my queue: sender_id: 2
logical_clock: 330

2025-03-03 23:14:46 - [SENT] to Machine 1, Logical clock: 277
2025-03-03 23:14:46 - my queue: sender_id: 1
logical_clock: 112

2025-03-03 23:14:46 - my queue: sender_id: 2
logical_clock: 331

2025-03-03 23:14:46 - [INTERNAL], Logical clock: 279
2025-03-03 23:14:47 - [INTERNAL], Logical clock: 280
2025-03-03 23:14:47 - my queue: sender_id: 2
logical_clock: 333

2025-03-03 23:14:47 - my queue: sender_id: 1
logical_clock: 113

2025-03-03 23:14:47 - [SENT] to Machine 1, Logical clock: 280
2025-03-03 23:14:47 - my queue: sender_id: 2
logical_clock: 335

2025-03-03 23:14:47 - [SENT] to Machine 1, Logical clock: 281
2025-03-03 23:14:47 - [SENT] to Machine 1, Logical clock: 282
2025-03-03 23:14:47 - my queue: sender_id: 1
logical_clock: 114

2025-03-03 23:14:47 - my queue: sender_id: 2
logical_clock: 337

2025-03-03 23:14:47 - [SENT] to Machine 1, Logical clock: 283
2025-03-03 23:14:47 - my queue: sender_id: 2
logical_clock: 338

2025-03-03 23:14:48 - [INTERNAL], Logical clock: 285
2025-03-03 23:14:48 - my queue: sender_id: 1
logical_clock: 115

