2025-03-03 23:13:48 - [INIT] with clock rate 2 and peers ['localhost:50050', 'localhost:50052'], [0, 2]
2025-03-03 23:13:50 - my queue: 
2025-03-03 23:13:50 - [SENT] to Machine 0, Logical clock: 0
2025-03-03 23:13:50 - my queue: logical_clock: 1

2025-03-03 23:13:50 - [INTERNAL], Logical clock: 2
2025-03-03 23:13:51 - my queue: logical_clock: 4

2025-03-03 23:13:51 - my queue: sender_id: 2
logical_clock: 5

2025-03-03 23:13:51 - [INTERNAL], Logical clock: 3
2025-03-03 23:13:51 - my queue: sender_id: 2
logical_clock: 8

2025-03-03 23:13:51 - [INTERNAL], Logical clock: 4
2025-03-03 23:13:51 - my queue: logical_clock: 8

2025-03-03 23:13:51 - my queue: sender_id: 2
logical_clock: 10

2025-03-03 23:13:52 - my queue: logical_clock: 9

2025-03-03 23:13:52 - [SENT] to Machine 0, Logical clock: 4
2025-03-03 23:13:52 - [SENT] to Machine 2, Logical clock: 4
2025-03-03 23:13:52 - my queue: logical_clock: 10

2025-03-03 23:13:52 - my queue: sender_id: 2
logical_clock: 12

2025-03-03 23:13:52 - my queue: logical_clock: 11

2025-03-03 23:13:52 - my queue: logical_clock: 12

2025-03-03 23:13:52 - [INTERNAL], Logical clock: 6
2025-03-03 23:13:53 - my queue: sender_id: 2
logical_clock: 17

2025-03-03 23:13:53 - [SENT] to Machine 0, Logical clock: 6
2025-03-03 23:13:53 - [SENT] to Machine 2, Logical clock: 6
2025-03-03 23:13:53 - my queue: logical_clock: 15

2025-03-03 23:13:53 - my queue: sender_id: 2
logical_clock: 18

2025-03-03 23:13:53 - my queue: logical_clock: 16

2025-03-03 23:13:53 - my queue: logical_clock: 17

2025-03-03 23:13:53 - [SENT] to Machine 0, Logical clock: 7
2025-03-03 23:13:53 - my queue: sender_id: 2
logical_clock: 21

2025-03-03 23:13:53 - my queue: logical_clock: 18

2025-03-03 23:13:53 - my queue: sender_id: 2
logical_clock: 22

2025-03-03 23:13:54 - [SENT] to Machine 0, Logical clock: 8
2025-03-03 23:13:54 - my queue: logical_clock: 20

2025-03-03 23:13:54 - my queue: logical_clock: 22

2025-03-03 23:13:54 - [INTERNAL], Logical clock: 10
2025-03-03 23:13:55 - my queue: sender_id: 2
logical_clock: 28

2025-03-03 23:13:55 - [SENT] to Machine 2, Logical clock: 10
2025-03-03 23:13:55 - my queue: logical_clock: 25

2025-03-03 23:13:55 - my queue: logical_clock: 27

2025-03-03 23:13:55 - [SENT] to Machine 2, Logical clock: 11
2025-03-03 23:13:55 - my queue: logical_clock: 28

2025-03-03 23:13:56 - my queue: sender_id: 2
logical_clock: 34

2025-03-03 23:13:56 - my queue: logical_clock: 29

2025-03-03 23:13:56 - [INTERNAL], Logical clock: 13
2025-03-03 23:13:56 - my queue: sender_id: 2
logical_clock: 37

2025-03-03 23:13:56 - my queue: logical_clock: 32

2025-03-03 23:13:56 - [INTERNAL], Logical clock: 14
2025-03-03 23:13:56 - my queue: logical_clock: 33

2025-03-03 23:13:57 - my queue: logical_clock: 34

2025-03-03 23:13:57 - [SENT] to Machine 0, Logical clock: 14
2025-03-03 23:13:57 - my queue: logical_clock: 35

2025-03-03 23:13:57 - my queue: sender_id: 2
logical_clock: 43

2025-03-03 23:13:57 - my queue: sender_id: 2
logical_clock: 44

2025-03-03 23:13:57 - my queue: logical_clock: 37

2025-03-03 23:13:57 - [SENT] to Machine 0, Logical clock: 15
2025-03-03 23:13:57 - [SENT] to Machine 2, Logical clock: 15
2025-03-03 23:13:57 - my queue: logical_clock: 38

2025-03-03 23:13:58 - my queue: sender_id: 2
logical_clock: 47

2025-03-03 23:13:58 - [SENT] to Machine 0, Logical clock: 16
2025-03-03 23:13:58 - my queue: sender_id: 2
logical_clock: 48

2025-03-03 23:13:58 - my queue: logical_clock: 42

2025-03-03 23:13:58 - [SENT] to Machine 2, Logical clock: 17
2025-03-03 23:13:58 - my queue: logical_clock: 43

2025-03-03 23:13:59 - [SENT] to Machine 0, Logical clock: 18
2025-03-03 23:13:59 - my queue: logical_clock: 45

2025-03-03 23:13:59 - my queue: logical_clock: 46

2025-03-03 23:13:59 - my queue: sender_id: 2
logical_clock: 56

2025-03-03 23:13:59 - my queue: logical_clock: 47

2025-03-03 23:13:59 - [SENT] to Machine 0, Logical clock: 19
2025-03-03 23:13:59 - my queue: sender_id: 2
logical_clock: 57

2025-03-03 23:14:00 - my queue: logical_clock: 49

2025-03-03 23:14:00 - [SENT] to Machine 0, Logical clock: 20
2025-03-03 23:14:00 - my queue: logical_clock: 50

2025-03-03 23:14:00 - my queue: sender_id: 2
logical_clock: 60

2025-03-03 23:14:00 - [SENT] to Machine 2, Logical clock: 21
2025-03-03 23:14:01 - my queue: logical_clock: 53

2025-03-03 23:14:01 - my queue: logical_clock: 54

2025-03-03 23:14:01 - [SENT] to Machine 0, Logical clock: 22
2025-03-03 23:14:01 - my queue: sender_id: 2
logical_clock: 65

2025-03-03 23:14:01 - my queue: logical_clock: 55

2025-03-03 23:14:01 - my queue: logical_clock: 56

2025-03-03 23:14:01 - [SENT] to Machine 0, Logical clock: 23
2025-03-03 23:14:02 - my queue: logical_clock: 59

2025-03-03 23:14:02 - [INTERNAL], Logical clock: 25
2025-03-03 23:14:02 - my queue: logical_clock: 60

2025-03-03 23:14:02 - my queue: logical_clock: 61

2025-03-03 23:14:02 - my queue: sender_id: 2
logical_clock: 73

2025-03-03 23:14:02 - [INTERNAL], Logical clock: 26
2025-03-03 23:14:02 - my queue: sender_id: 2
logical_clock: 74

2025-03-03 23:14:02 - my queue: logical_clock: 62

2025-03-03 23:14:03 - my queue: logical_clock: 63

2025-03-03 23:14:03 - my queue: logical_clock: 64

2025-03-03 23:14:03 - [SENT] to Machine 2, Logical clock: 26
2025-03-03 23:14:03 - my queue: logical_clock: 65

2025-03-03 23:14:03 - [SENT] to Machine 2, Logical clock: 27
2025-03-03 23:14:03 - my queue: logical_clock: 67

2025-03-03 23:14:04 - my queue: logical_clock: 69

2025-03-03 23:14:04 - [SENT] to Machine 0, Logical clock: 28
2025-03-03 23:14:04 - my queue: logical_clock: 70

2025-03-03 23:14:04 - my queue: logical_clock: 71

2025-03-03 23:14:04 - [INTERNAL], Logical clock: 30
2025-03-03 23:14:04 - my queue: sender_id: 2
logical_clock: 86

2025-03-03 23:14:05 - my queue: logical_clock: 74

2025-03-03 23:14:05 - [INTERNAL], Logical clock: 31
2025-03-03 23:14:05 - my queue: sender_id: 2
logical_clock: 89

2025-03-03 23:14:05 - [SENT] to Machine 0, Logical clock: 31
2025-03-03 23:14:05 - my queue: logical_clock: 77

2025-03-03 23:14:06 - my queue: logical_clock: 78

2025-03-03 23:14:06 - my queue: sender_id: 2
logical_clock: 94

2025-03-03 23:14:06 - my queue: logical_clock: 79

2025-03-03 23:14:06 - [SENT] to Machine 0, Logical clock: 32
2025-03-03 23:14:06 - my queue: logical_clock: 81

2025-03-03 23:14:06 - [INTERNAL], Logical clock: 34
2025-03-03 23:14:06 - my queue: logical_clock: 82

2025-03-03 23:14:07 - my queue: logical_clock: 84

2025-03-03 23:14:07 - [INTERNAL], Logical clock: 35
2025-03-03 23:14:07 - my queue: logical_clock: 85

2025-03-03 23:14:07 - [SENT] to Machine 0, Logical clock: 35
2025-03-03 23:14:08 - my queue: sender_id: 2
logical_clock: 105

2025-03-03 23:14:08 - [SENT] to Machine 0, Logical clock: 36
2025-03-03 23:14:08 - my queue: sender_id: 2
logical_clock: 108

2025-03-03 23:14:08 - my queue: logical_clock: 91

2025-03-03 23:14:08 - [INTERNAL], Logical clock: 38
2025-03-03 23:14:08 - my queue: logical_clock: 92

2025-03-03 23:14:08 - my queue: sender_id: 2
logical_clock: 110

2025-03-03 23:14:09 - my queue: sender_id: 2
logical_clock: 111

2025-03-03 23:14:09 - my queue: logical_clock: 93

2025-03-03 23:14:09 - [SENT] to Machine 0, Logical clock: 38
2025-03-03 23:14:09 - my queue: logical_clock: 95

2025-03-03 23:14:09 - my queue: sender_id: 2
logical_clock: 114

2025-03-03 23:14:09 - my queue: logical_clock: 96

2025-03-03 23:14:09 - [SENT] to Machine 2, Logical clock: 39
2025-03-03 23:14:09 - my queue: logical_clock: 97

2025-03-03 23:14:10 - my queue: logical_clock: 98

2025-03-03 23:14:10 - [INTERNAL], Logical clock: 41
2025-03-03 23:14:10 - my queue: logical_clock: 99

2025-03-03 23:14:10 - my queue: logical_clock: 100

2025-03-03 23:14:10 - my queue: sender_id: 2
logical_clock: 121

2025-03-03 23:14:10 - [SENT] to Machine 2, Logical clock: 41
2025-03-03 23:14:11 - my queue: sender_id: 2
logical_clock: 123

2025-03-03 23:14:11 - my queue: sender_id: 2
logical_clock: 124

2025-03-03 23:14:11 - [SENT] to Machine 0, Logical clock: 42
2025-03-03 23:14:11 - my queue: logical_clock: 104

2025-03-03 23:14:11 - my queue: logical_clock: 105

2025-03-03 23:14:11 - my queue: sender_id: 2
logical_clock: 126

2025-03-03 23:14:11 - [SENT] to Machine 0, Logical clock: 43
2025-03-03 23:14:12 - my queue: logical_clock: 108

2025-03-03 23:14:12 - [SENT] to Machine 0, Logical clock: 44
2025-03-03 23:14:12 - my queue: logical_clock: 109

2025-03-03 23:14:12 - my queue: logical_clock: 110

2025-03-03 23:14:12 - my queue: logical_clock: 111

2025-03-03 23:14:12 - [INTERNAL], Logical clock: 46
2025-03-03 23:14:13 - my queue: logical_clock: 112

2025-03-03 23:14:13 - my queue: logical_clock: 113

2025-03-03 23:14:13 - [INTERNAL], Logical clock: 47
2025-03-03 23:14:13 - my queue: sender_id: 2
logical_clock: 136

2025-03-03 23:14:13 - my queue: logical_clock: 114

2025-03-03 23:14:13 - my queue: logical_clock: 116

2025-03-03 23:14:13 - [SENT] to Machine 0, Logical clock: 47
2025-03-03 23:14:14 - my queue: logical_clock: 118

2025-03-03 23:14:14 - [SENT] to Machine 0, Logical clock: 48
2025-03-03 23:14:14 - [SENT] to Machine 2, Logical clock: 48
2025-03-03 23:14:14 - my queue: logical_clock: 119

2025-03-03 23:14:14 - my queue: logical_clock: 121

2025-03-03 23:14:14 - [SENT] to Machine 0, Logical clock: 49
2025-03-03 23:14:15 - my queue: logical_clock: 122

2025-03-03 23:14:15 - my queue: logical_clock: 123

2025-03-03 23:14:15 - [SENT] to Machine 0, Logical clock: 50
2025-03-03 23:14:15 - my queue: logical_clock: 124

2025-03-03 23:14:15 - my queue: sender_id: 2
logical_clock: 148

2025-03-03 23:14:15 - my queue: logical_clock: 125

2025-03-03 23:14:15 - my queue: logical_clock: 126

2025-03-03 23:14:15 - [SENT] to Machine 2, Logical clock: 51
2025-03-03 23:14:16 - my queue: sender_id: 2
logical_clock: 153

2025-03-03 23:14:16 - [SENT] to Machine 0, Logical clock: 52
2025-03-03 23:14:16 - my queue: sender_id: 2
logical_clock: 154

2025-03-03 23:14:16 - my queue: logical_clock: 130

2025-03-03 23:14:16 - my queue: sender_id: 2
logical_clock: 156

2025-03-03 23:14:16 - [SENT] to Machine 0, Logical clock: 53
2025-03-03 23:14:16 - [SENT] to Machine 2, Logical clock: 53
2025-03-03 23:14:17 - [SENT] to Machine 0, Logical clock: 54
2025-03-03 23:14:17 - my queue: logical_clock: 134

2025-03-03 23:14:17 - [SENT] to Machine 0, Logical clock: 55
2025-03-03 23:14:17 - [SENT] to Machine 2, Logical clock: 55
2025-03-03 23:14:18 - my queue: logical_clock: 137

2025-03-03 23:14:18 - [SENT] to Machine 0, Logical clock: 56
2025-03-03 23:14:18 - [INTERNAL], Logical clock: 58
2025-03-03 23:14:19 - my queue: logical_clock: 143

2025-03-03 23:14:19 - [SENT] to Machine 0, Logical clock: 58
2025-03-03 23:14:19 - my queue: logical_clock: 144

2025-03-03 23:14:19 - my queue: logical_clock: 145

2025-03-03 23:14:19 - [SENT] to Machine 2, Logical clock: 59
2025-03-03 23:14:20 - my queue: logical_clock: 147

2025-03-03 23:14:20 - my queue: logical_clock: 148

2025-03-03 23:14:20 - [SENT] to Machine 2, Logical clock: 60
2025-03-03 23:14:20 - my queue: sender_id: 2
logical_clock: 180

2025-03-03 23:14:20 - [INTERNAL], Logical clock: 62
2025-03-03 23:14:21 - my queue: logical_clock: 153

2025-03-03 23:14:21 - [SENT] to Machine 0, Logical clock: 62
2025-03-03 23:14:21 - my queue: sender_id: 2
logical_clock: 184

2025-03-03 23:14:21 - my queue: logical_clock: 155

2025-03-03 23:14:21 - [SENT] to Machine 0, Logical clock: 63
2025-03-03 23:14:22 - my queue: logical_clock: 157

2025-03-03 23:14:22 - my queue: logical_clock: 158

2025-03-03 23:14:22 - [SENT] to Machine 0, Logical clock: 64
2025-03-03 23:14:22 - my queue: logical_clock: 159

2025-03-03 23:14:22 - my queue: sender_id: 2
logical_clock: 191

2025-03-03 23:14:22 - my queue: logical_clock: 160

2025-03-03 23:14:22 - [INTERNAL], Logical clock: 66
2025-03-03 23:14:23 - my queue: logical_clock: 161

2025-03-03 23:14:23 - my queue: logical_clock: 162

2025-03-03 23:14:23 - my queue: sender_id: 2
logical_clock: 194

2025-03-03 23:14:23 - my queue: logical_clock: 163

2025-03-03 23:14:23 - [SENT] to Machine 0, Logical clock: 66
2025-03-03 23:14:23 - my queue: logical_clock: 164

2025-03-03 23:14:23 - my queue: sender_id: 2
logical_clock: 196

2025-03-03 23:14:23 - [SENT] to Machine 0, Logical clock: 67
2025-03-03 23:14:24 - my queue: logical_clock: 167

2025-03-03 23:14:24 - [SENT] to Machine 0, Logical clock: 68
2025-03-03 23:14:24 - [SENT] to Machine 2, Logical clock: 68
2025-03-03 23:14:24 - my queue: logical_clock: 169

2025-03-03 23:14:24 - [INTERNAL], Logical clock: 70
2025-03-03 23:14:25 - my queue: sender_id: 2
logical_clock: 204

2025-03-03 23:14:25 - my queue: logical_clock: 171

2025-03-03 23:14:25 - my queue: logical_clock: 172

2025-03-03 23:14:25 - my queue: logical_clock: 173

2025-03-03 23:14:25 - [INTERNAL], Logical clock: 71
2025-03-03 23:14:25 - my queue: sender_id: 2
logical_clock: 207

2025-03-03 23:14:25 - my queue: logical_clock: 174

2025-03-03 23:14:25 - my queue: logical_clock: 175

2025-03-03 23:14:25 - [SENT] to Machine 0, Logical clock: 71
2025-03-03 23:14:26 - my queue: logical_clock: 176

2025-03-03 23:14:26 - my queue: sender_id: 2
logical_clock: 212

2025-03-03 23:14:26 - my queue: logical_clock: 178

2025-03-03 23:14:26 - [SENT] to Machine 0, Logical clock: 72
2025-03-03 23:14:26 - my queue: sender_id: 2
logical_clock: 213

2025-03-03 23:14:26 - my queue: logical_clock: 179

2025-03-03 23:14:26 - my queue: logical_clock: 180

2025-03-03 23:14:26 - [INTERNAL], Logical clock: 74
2025-03-03 23:14:27 - my queue: logical_clock: 183

2025-03-03 23:14:27 - [SENT] to Machine 0, Logical clock: 74
2025-03-03 23:14:27 - my queue: logical_clock: 184

2025-03-03 23:14:27 - my queue: logical_clock: 185

2025-03-03 23:14:27 - my queue: sender_id: 2
logical_clock: 221

2025-03-03 23:14:28 - [INTERNAL], Logical clock: 76
2025-03-03 23:14:28 - my queue: sender_id: 2
logical_clock: 223

2025-03-03 23:14:28 - [INTERNAL], Logical clock: 77
2025-03-03 23:14:28 - my queue: logical_clock: 188

2025-03-03 23:14:28 - my queue: logical_clock: 190

2025-03-03 23:14:29 - [INTERNAL], Logical clock: 78
2025-03-03 23:14:29 - my queue: logical_clock: 191

2025-03-03 23:14:29 - my queue: logical_clock: 192

2025-03-03 23:14:29 - [INTERNAL], Logical clock: 79
2025-03-03 23:14:29 - my queue: logical_clock: 193

2025-03-03 23:14:30 - [SENT] to Machine 0, Logical clock: 79
2025-03-03 23:14:30 - [SENT] to Machine 0, Logical clock: 80
2025-03-03 23:14:30 - my queue: logical_clock: 198

2025-03-03 23:14:30 - my queue: logical_clock: 199

2025-03-03 23:14:30 - my queue: logical_clock: 200

2025-03-03 23:14:31 - [SENT] to Machine 0, Logical clock: 81
2025-03-03 23:14:31 - [SENT] to Machine 2, Logical clock: 81
2025-03-03 23:14:31 - my queue: logical_clock: 201

2025-03-03 23:14:31 - my queue: sender_id: 2
logical_clock: 241

2025-03-03 23:14:31 - [SENT] to Machine 2, Logical clock: 82
2025-03-03 23:14:31 - my queue: logical_clock: 205

2025-03-03 23:14:32 - [SENT] to Machine 0, Logical clock: 83
2025-03-03 23:14:32 - my queue: logical_clock: 206

2025-03-03 23:14:32 - my queue: sender_id: 2
logical_clock: 247

2025-03-03 23:14:32 - my queue: logical_clock: 207

2025-03-03 23:14:32 - [INTERNAL], Logical clock: 85
2025-03-03 23:14:32 - my queue: logical_clock: 210

2025-03-03 23:14:33 - [SENT] to Machine 0, Logical clock: 85
2025-03-03 23:14:33 - my queue: sender_id: 2
logical_clock: 251

2025-03-03 23:14:33 - my queue: logical_clock: 212

2025-03-03 23:14:33 - [SENT] to Machine 2, Logical clock: 86
2025-03-03 23:14:33 - my queue: sender_id: 2
logical_clock: 254

2025-03-03 23:14:33 - my queue: logical_clock: 213

2025-03-03 23:14:34 - my queue: logical_clock: 215

2025-03-03 23:14:34 - [INTERNAL], Logical clock: 88
2025-03-03 23:14:34 - my queue: logical_clock: 216

2025-03-03 23:14:34 - my queue: sender_id: 2
logical_clock: 259

2025-03-03 23:14:34 - [SENT] to Machine 0, Logical clock: 88
2025-03-03 23:14:34 - my queue: logical_clock: 218

2025-03-03 23:14:34 - my queue: logical_clock: 219

2025-03-03 23:14:35 - my queue: logical_clock: 220

2025-03-03 23:14:35 - [SENT] to Machine 0, Logical clock: 89
2025-03-03 23:14:35 - my queue: logical_clock: 221

2025-03-03 23:14:35 - my queue: sender_id: 2
logical_clock: 265

2025-03-03 23:14:35 - my queue: logical_clock: 222

2025-03-03 23:14:35 - [INTERNAL], Logical clock: 91
2025-03-03 23:14:35 - my queue: logical_clock: 223

2025-03-03 23:14:35 - my queue: logical_clock: 224

2025-03-03 23:14:36 - [SENT] to Machine 0, Logical clock: 91
2025-03-03 23:14:36 - [SENT] to Machine 2, Logical clock: 91
2025-03-03 23:14:36 - [INTERNAL], Logical clock: 93
2025-03-03 23:14:36 - my queue: logical_clock: 229

2025-03-03 23:14:37 - my queue: logical_clock: 230

2025-03-03 23:14:37 - [SENT] to Machine 0, Logical clock: 93
2025-03-03 23:14:37 - my queue: sender_id: 2
logical_clock: 275

2025-03-03 23:14:37 - my queue: logical_clock: 232

2025-03-03 23:14:37 - [INTERNAL], Logical clock: 95
2025-03-03 23:14:37 - my queue: logical_clock: 233

2025-03-03 23:14:38 - [SENT] to Machine 0, Logical clock: 95
2025-03-03 23:14:38 - my queue: logical_clock: 236

2025-03-03 23:14:38 - my queue: sender_id: 2
logical_clock: 282

2025-03-03 23:14:38 - my queue: logical_clock: 237

2025-03-03 23:14:38 - [SENT] to Machine 0, Logical clock: 96
2025-03-03 23:14:38 - my queue: logical_clock: 239

2025-03-03 23:14:39 - [INTERNAL], Logical clock: 98
2025-03-03 23:14:39 - my queue: logical_clock: 241

2025-03-03 23:14:39 - [INTERNAL], Logical clock: 99
2025-03-03 23:14:39 - my queue: logical_clock: 243

2025-03-03 23:14:40 - [INTERNAL], Logical clock: 100
2025-03-03 23:14:40 - my queue: logical_clock: 245

2025-03-03 23:14:40 - my queue: logical_clock: 246

2025-03-03 23:14:40 - my queue: logical_clock: 247

2025-03-03 23:14:40 - my queue: sender_id: 2
logical_clock: 295

2025-03-03 23:14:40 - [SENT] to Machine 0, Logical clock: 100
2025-03-03 23:14:40 - my queue: logical_clock: 248

2025-03-03 23:14:40 - my queue: sender_id: 2
logical_clock: 296

2025-03-03 23:14:41 - [SENT] to Machine 0, Logical clock: 101
2025-03-03 23:14:41 - my queue: logical_clock: 250

2025-03-03 23:14:41 - [INTERNAL], Logical clock: 103
2025-03-03 23:14:41 - my queue: logical_clock: 253

2025-03-03 23:14:41 - my queue: logical_clock: 254

2025-03-03 23:14:42 - my queue: sender_id: 2
logical_clock: 304

2025-03-03 23:14:42 - [INTERNAL], Logical clock: 104
2025-03-03 23:14:42 - my queue: logical_clock: 255

2025-03-03 23:14:42 - my queue: logical_clock: 256

2025-03-03 23:14:42 - my queue: sender_id: 2
logical_clock: 306

2025-03-03 23:14:42 - [SENT] to Machine 0, Logical clock: 104
2025-03-03 23:14:42 - my queue: logical_clock: 258

2025-03-03 23:14:43 - my queue: sender_id: 2
logical_clock: 310

2025-03-03 23:14:43 - [SENT] to Machine 0, Logical clock: 105
2025-03-03 23:14:43 - my queue: logical_clock: 261

2025-03-03 23:14:43 - [SENT] to Machine 0, Logical clock: 106
2025-03-03 23:14:43 - my queue: sender_id: 2
logical_clock: 313

2025-03-03 23:14:43 - my queue: logical_clock: 263

2025-03-03 23:14:43 - my queue: logical_clock: 264

2025-03-03 23:14:44 - [SENT] to Machine 0, Logical clock: 107
2025-03-03 23:14:44 - [INTERNAL], Logical clock: 109
2025-03-03 23:14:44 - my queue: sender_id: 2
logical_clock: 319

2025-03-03 23:14:44 - my queue: logical_clock: 268

2025-03-03 23:14:44 - my queue: logical_clock: 269

2025-03-03 23:14:45 - [SENT] to Machine 0, Logical clock: 109
2025-03-03 23:14:45 - my queue: logical_clock: 272

2025-03-03 23:14:45 - [SENT] to Machine 0, Logical clock: 110
2025-03-03 23:14:46 - my queue: logical_clock: 274

2025-03-03 23:14:46 - [SENT] to Machine 2, Logical clock: 111
2025-03-03 23:14:46 - my queue: sender_id: 2
logical_clock: 328

2025-03-03 23:14:46 - my queue: logical_clock: 275

2025-03-03 23:14:46 - my queue: logical_clock: 277

2025-03-03 23:14:46 - [SENT] to Machine 0, Logical clock: 112
2025-03-03 23:14:47 - [SENT] to Machine 0, Logical clock: 113
2025-03-03 23:14:47 - my queue: logical_clock: 280

2025-03-03 23:14:47 - my queue: sender_id: 2
logical_clock: 335

2025-03-03 23:14:47 - my queue: logical_clock: 281

2025-03-03 23:14:47 - my queue: logical_clock: 282

2025-03-03 23:14:47 - [SENT] to Machine 0, Logical clock: 114
2025-03-03 23:14:47 - [SENT] to Machine 2, Logical clock: 114
2025-03-03 23:14:47 - my queue: logical_clock: 283

2025-03-03 23:14:48 - [SENT] to Machine 0, Logical clock: 115
