2025-03-03 23:11:57 - [INIT] with clock rate 1 and peers ['localhost:50050', 'localhost:50051'], [0, 1]
2025-03-03 23:11:59 - [SENT] to Machine 0, Logical clock: 0
2025-03-03 23:12:00 - [SENT] to Machine 0, Logical clock: 1
2025-03-03 23:12:00 - [SENT] to Machine 1, Logical clock: 1
2025-03-03 23:12:00 - Received message, sender_id: 1
logical_clock: 5
, <grpc._server._Context object at 0x1037f2f40>
2025-03-03 23:12:00 - Received message, sender_id: 1
logical_clock: 6
, <grpc._server._Context object at 0x1037f2070>
2025-03-03 23:12:01 - [SENT] to Machine 0, Logical clock: 2
2025-03-03 23:12:02 - [SENT] to Machine 0, Logical clock: 3
2025-03-03 23:12:02 - Received message, sender_id: 1
logical_clock: 14
, <grpc._server._Context object at 0x1037f2070>
2025-03-03 23:12:03 - [RECEIVED] from Machine 1, Logical clock: 7, Queue length: 1
2025-03-03 23:12:04 - [SENT] to Machine 0, Logical clock: 7
2025-03-03 23:12:05 - [SENT] to Machine 0, Logical clock: 8
2025-03-03 23:12:05 - Received message, logical_clock: 15
, <grpc._server._Context object at 0x1037f2ac0>
2025-03-03 23:12:05 - Received message, sender_id: 1
logical_clock: 25
, <grpc._server._Context object at 0x1037f2400>
2025-03-03 23:12:05 - Received message, sender_id: 1
logical_clock: 26
, <grpc._server._Context object at 0x1037e6bb0>
2025-03-03 23:12:06 - [RECEIVED] from Machine 1, Logical clock: 16, Queue length: 2
2025-03-03 23:12:07 - [SENT] to Machine 0, Logical clock: 16
2025-03-03 23:12:07 - [SENT] to Machine 1, Logical clock: 16
2025-03-03 23:12:08 - Received message, sender_id: 1
logical_clock: 35
, <grpc._server._Context object at 0x1037f2d00>
2025-03-03 23:12:08 - [RECEIVED] from Machine 1, Logical clock: 36, Queue length: 0
2025-03-03 23:12:08 - Received message, sender_id: 1
logical_clock: 36
, <grpc._server._Context object at 0x1037f2f40>
2025-03-03 23:12:09 - [RECEIVED] from Machine 1, Logical clock: 37, Queue length: 1
2025-03-03 23:12:10 - [SENT] to Machine 0, Logical clock: 37
2025-03-03 23:12:10 - [SENT] to Machine 1, Logical clock: 37
2025-03-03 23:12:11 - [SENT] to Machine 1, Logical clock: 38
2025-03-03 23:12:12 - [SENT] to Machine 0, Logical clock: 39
2025-03-03 23:12:13 - [SENT] to Machine 0, Logical clock: 40
2025-03-03 23:12:13 - [SENT] to Machine 1, Logical clock: 40
2025-03-03 23:12:13 - Received message, logical_clock: 39
, <grpc._server._Context object at 0x1037f2d00>
2025-03-03 23:12:14 - [SENT] to Machine 0, Logical clock: 41
2025-03-03 23:12:14 - [SENT] to Machine 1, Logical clock: 41
2025-03-03 23:12:15 - [RECEIVED] from Machine 1, Logical clock: 62, Queue length: 0
2025-03-03 23:12:15 - Received message, sender_id: 1
logical_clock: 65
, <grpc._server._Context object at 0x1037f92e0>
2025-03-03 23:12:16 - [RECEIVED] from Machine 0, Logical clock: 63, Queue length: 0
2025-03-03 23:12:17 - [SENT] to Machine 0, Logical clock: 63
2025-03-03 23:12:17 - Received message, sender_id: 1
logical_clock: 72
, <grpc._server._Context object at 0x1037f9b80>
2025-03-03 23:12:17 - Received message, sender_id: 1
logical_clock: 74
, <grpc._server._Context object at 0x1037f9910>
2025-03-03 23:12:18 - [RECEIVED] from Machine 1, Logical clock: 72, Queue length: 1
2025-03-03 23:12:19 - [RECEIVED] from Machine 1, Logical clock: 75, Queue length: 0
2025-03-03 23:12:19 - Received message, sender_id: 1
logical_clock: 82
, <grpc._server._Context object at 0x1037f9580>
2025-03-03 23:12:20 - [INTERNAL], Logical clock: 76
2025-03-03 23:12:21 - [RECEIVED] from Machine 1, Logical clock: 77, Queue length: 1
2025-03-03 23:12:21 - Received message, logical_clock: 73
, <grpc._server._Context object at 0x1037e6640>
2025-03-03 23:12:22 - [RECEIVED] from Machine 1, Logical clock: 88, Queue length: 0
2025-03-03 23:12:22 - Received message, logical_clock: 74
, <grpc._server._Context object at 0x1037f9be0>
2025-03-03 23:12:22 - Received message, sender_id: 1
logical_clock: 92
, <grpc._server._Context object at 0x1037f94c0>
2025-03-03 23:12:23 - [RECEIVED] from Machine 1, Logical clock: 89, Queue length: 0
2025-03-03 23:12:24 - [SENT] to Machine 0, Logical clock: 89
2025-03-03 23:12:24 - Received message, sender_id: 1
logical_clock: 100
, <grpc._server._Context object at 0x1037e6ee0>
2025-03-03 23:12:25 - [RECEIVED] from Machine 0, Logical clock: 91, Queue length: 1
2025-03-03 23:12:25 - Received message, logical_clock: 90
, <grpc._server._Context object at 0x1037c64c0>
2025-03-03 23:12:26 - [SENT] to Machine 0, Logical clock: 91
2025-03-03 23:12:26 - [SENT] to Machine 1, Logical clock: 91
2025-03-03 23:12:26 - Received message, sender_id: 1
logical_clock: 110
, <grpc._server._Context object at 0x1037f9340>
2025-03-03 23:12:27 - Received message, sender_id: 1
logical_clock: 111
, <grpc._server._Context object at 0x1037f94f0>
2025-03-03 23:12:27 - [RECEIVED] from Machine 1, Logical clock: 112, Queue length: 0
2025-03-03 23:12:28 - [SENT] to Machine 0, Logical clock: 112
2025-03-03 23:12:28 - Received message, sender_id: 1
logical_clock: 117
, <grpc._server._Context object at 0x1037f9a30>
2025-03-03 23:12:29 - [SENT] to Machine 0, Logical clock: 113
2025-03-03 23:12:29 - Received message, sender_id: 1
logical_clock: 122
, <grpc._server._Context object at 0x1037f9c40>
2025-03-03 23:12:30 - Received message, sender_id: 1
logical_clock: 123
, <grpc._server._Context object at 0x1037e6eb0>
2025-03-03 23:12:30 - [RECEIVED] from Machine 1, Logical clock: 118, Queue length: 2
2025-03-03 23:12:31 - [RECEIVED] from Machine 1, Logical clock: 123, Queue length: 1
2025-03-03 23:12:32 - [RECEIVED] from Machine 1, Logical clock: 124, Queue length: 0
2025-03-03 23:12:33 - [RECEIVED] from Machine 1, Logical clock: 133, Queue length: 1
2025-03-03 23:12:34 - [SENT] to Machine 0, Logical clock: 133
2025-03-03 23:12:35 - [RECEIVED] from Machine 1, Logical clock: 140, Queue length: 2
2025-03-03 23:12:35 - Received message, sender_id: 1
logical_clock: 144
, <grpc._server._Context object at 0x1037f9a90>
2025-03-03 23:12:36 - [RECEIVED] from Machine 1, Logical clock: 141, Queue length: 1
2025-03-03 23:12:37 - [RECEIVED] from Machine 0, Logical clock: 142, Queue length: 0
2025-03-03 23:12:38 - [SENT] to Machine 0, Logical clock: 142
2025-03-03 23:12:38 - Received message, sender_id: 1
logical_clock: 156
, <grpc._server._Context object at 0x1037fb9d0>
2025-03-03 23:12:39 - [SENT] to Machine 1, Logical clock: 143
2025-03-03 23:12:40 - [SENT] to Machine 0, Logical clock: 144
2025-03-03 23:12:41 - [RECEIVED] from Machine 1, Logical clock: 168, Queue length: 0
2025-03-03 23:12:41 - Received message, logical_clock: 158
, <grpc._server._Context object at 0x1037f9280>
2025-03-03 23:12:42 - [INTERNAL], Logical clock: 169
2025-03-03 23:12:42 - Received message, sender_id: 1
logical_clock: 174
, <grpc._server._Context object at 0x1037fbca0>
2025-03-03 23:12:43 - [SENT] to Machine 0, Logical clock: 169
2025-03-03 23:12:44 - [SENT] to Machine 0, Logical clock: 170
2025-03-03 23:12:45 - [SENT] to Machine 1, Logical clock: 171
2025-03-03 23:12:45 - Received message, logical_clock: 174
, <grpc._server._Context object at 0x1037fbcd0>
2025-03-03 23:12:46 - Received message, sender_id: 1
logical_clock: 186
, <grpc._server._Context object at 0x1037fb700>
2025-03-03 23:12:46 - [INTERNAL], Logical clock: 173
2025-03-03 23:12:46 - Received message, sender_id: 1
logical_clock: 188
, <grpc._server._Context object at 0x1037fbe80>
2025-03-03 23:12:47 - [RECEIVED] from Machine 0, Logical clock: 175, Queue length: 0
2025-03-03 23:12:48 - [INTERNAL], Logical clock: 176
2025-03-03 23:12:48 - Received message, sender_id: 1
logical_clock: 196
, <grpc._server._Context object at 0x1037fbd60>
2025-03-03 23:12:49 - Received message, sender_id: 1
logical_clock: 199
, <grpc._server._Context object at 0x1037fb100>
2025-03-03 23:12:49 - [RECEIVED] from Machine 0, Logical clock: 187, Queue length: 0
2025-03-03 23:12:50 - [INTERNAL], Logical clock: 188
2025-03-03 23:12:51 - [SENT] to Machine 0, Logical clock: 188
