2025-03-03 23:11:57 - [INIT] with clock rate 1 and peers ['localhost:50051', 'localhost:50052'], [1, 2]
2025-03-03 23:11:59 - Received message, sender_id: 2
, <grpc._server._Context object at 0x1037f23d0>
2025-03-03 23:11:59 - [SENT] to Machine 1, Logical clock: 0
2025-03-03 23:11:59 - Received message, sender_id: 1
logical_clock: 1
, <grpc._server._Context object at 0x1037e6e50>
2025-03-03 23:12:00 - [INTERNAL], Logical clock: 2
2025-03-03 23:12:00 - Received message, sender_id: 2
logical_clock: 1
, <grpc._server._Context object at 0x1037e6ca0>
2025-03-03 23:12:00 - Received message, sender_id: 1
logical_clock: 6
, <grpc._server._Context object at 0x1037f2d00>
2025-03-03 23:12:01 - Received message, sender_id: 1
logical_clock: 7
, <grpc._server._Context object at 0x1037c61f0>
2025-03-03 23:12:01 - [RECEIVED] from Machine 1, Logical clock: 7, Queue length: 2
2025-03-03 23:12:01 - Received message, sender_id: 2
logical_clock: 2
, <grpc._server._Context object at 0x1037f2970>
2025-03-03 23:12:01 - Received message, sender_id: 1
logical_clock: 8
, <grpc._server._Context object at 0x1037f2bb0>
2025-03-03 23:12:02 - Received message, sender_id: 2
logical_clock: 3
, <grpc._server._Context object at 0x1037f2a60>
2025-03-03 23:12:02 - [RECEIVED] from Machine 1, Logical clock: 8, Queue length: 0
2025-03-03 23:12:02 - Received message, sender_id: 1
logical_clock: 13
, <grpc._server._Context object at 0x1037c6880>
2025-03-03 23:12:02 - Received message, sender_id: 1
logical_clock: 14
, <grpc._server._Context object at 0x1037f2940>
2025-03-03 23:12:03 - Received message, sender_id: 1
logical_clock: 15
, <grpc._server._Context object at 0x1037f2310>
2025-03-03 23:12:03 - [RECEIVED] from Machine 2, Logical clock: 9, Queue length: 1
2025-03-03 23:12:03 - Received message, sender_id: 1
logical_clock: 17
, <grpc._server._Context object at 0x1037f2af0>
2025-03-03 23:12:04 - Received message, sender_id: 1
logical_clock: 19
, <grpc._server._Context object at 0x1037cfb50>
2025-03-03 23:12:04 - [RECEIVED] from Machine 1, Logical clock: 15, Queue length: 1
2025-03-03 23:12:04 - Received message, sender_id: 2
logical_clock: 7
, <grpc._server._Context object at 0x1037e6ee0>
2025-03-03 23:12:04 - Received message, sender_id: 1
logical_clock: 20
, <grpc._server._Context object at 0x1037cfa60>
2025-03-03 23:12:04 - Received message, sender_id: 1
logical_clock: 21
, <grpc._server._Context object at 0x1037e6640>
2025-03-03 23:12:05 - Received message, sender_id: 2
logical_clock: 8
, <grpc._server._Context object at 0x1037cf5b0>
2025-03-03 23:12:05 - [SENT] to Machine 1, Logical clock: 15
2025-03-03 23:12:05 - [SENT] to Machine 2, Logical clock: 15
2025-03-03 23:12:05 - Received message, sender_id: 1
logical_clock: 26
, <grpc._server._Context object at 0x1037f2040>
2025-03-03 23:12:06 - [RECEIVED] from Machine 1, Logical clock: 27, Queue length: 4
2025-03-03 23:12:07 - Received message, sender_id: 2
logical_clock: 16
, <grpc._server._Context object at 0x1037f2be0>
2025-03-03 23:12:07 - [RECEIVED] from Machine 1, Logical clock: 28, Queue length: 1
2025-03-03 23:12:08 - Received message, sender_id: 1
logical_clock: 35
, <grpc._server._Context object at 0x1037cfa90>
2025-03-03 23:12:08 - [INTERNAL], Logical clock: 29
2025-03-03 23:12:08 - Received message, sender_id: 1
logical_clock: 36
, <grpc._server._Context object at 0x1037f25e0>
2025-03-03 23:12:09 - [RECEIVED] from Machine 1, Logical clock: 36, Queue length: 0
2025-03-03 23:12:10 - Received message, sender_id: 1
logical_clock: 43
, <grpc._server._Context object at 0x1037f9220>
2025-03-03 23:12:10 - Received message, sender_id: 2
logical_clock: 37
, <grpc._server._Context object at 0x1037cf5b0>
2025-03-03 23:12:10 - [SENT] to Machine 1, Logical clock: 36
2025-03-03 23:12:10 - Received message, sender_id: 1
logical_clock: 44
, <grpc._server._Context object at 0x1037f94f0>
2025-03-03 23:12:11 - Received message, sender_id: 1
logical_clock: 47
, <grpc._server._Context object at 0x1037f92e0>
2025-03-03 23:12:11 - [SENT] to Machine 1, Logical clock: 37
2025-03-03 23:12:12 - Received message, sender_id: 2
logical_clock: 39
, <grpc._server._Context object at 0x1037c64c0>
2025-03-03 23:12:12 - [RECEIVED] from Machine 0, Logical clock: 39, Queue length: 0
2025-03-03 23:12:13 - Received message, sender_id: 2
logical_clock: 40
, <grpc._server._Context object at 0x1037f96d0>
2025-03-03 23:12:13 - [SENT] to Machine 2, Logical clock: 39
2025-03-03 23:12:14 - Received message, sender_id: 2
logical_clock: 41
, <grpc._server._Context object at 0x1037f9520>
2025-03-03 23:12:14 - [RECEIVED] from Machine 2, Logical clock: 41, Queue length: 0
2025-03-03 23:12:14 - Received message, sender_id: 1
logical_clock: 60
, <grpc._server._Context object at 0x1037f9400>
2025-03-03 23:12:14 - Received message, sender_id: 1
logical_clock: 61
, <grpc._server._Context object at 0x1037f9220>
2025-03-03 23:12:15 - Received message, sender_id: 1
logical_clock: 63
, <grpc._server._Context object at 0x1037f9700>
2025-03-03 23:12:15 - [SENT] to Machine 1, Logical clock: 41
2025-03-03 23:12:15 - Received message, sender_id: 1
logical_clock: 65
, <grpc._server._Context object at 0x1037f9220>
2025-03-03 23:12:16 - Received message, sender_id: 1
logical_clock: 67
, <grpc._server._Context object at 0x1037cfa90>
2025-03-03 23:12:16 - [SENT] to Machine 1, Logical clock: 42
2025-03-03 23:12:16 - Received message, sender_id: 1
logical_clock: 69
, <grpc._server._Context object at 0x1037c6520>
2025-03-03 23:12:17 - Received message, sender_id: 1
logical_clock: 71
, <grpc._server._Context object at 0x1037f9a60>
2025-03-03 23:12:17 - Received message, sender_id: 2
logical_clock: 63
, <grpc._server._Context object at 0x1037f9220>
2025-03-03 23:12:17 - [RECEIVED] from Machine 1, Logical clock: 64, Queue length: 1
2025-03-03 23:12:17 - Received message, sender_id: 1
logical_clock: 72
, <grpc._server._Context object at 0x1037f94c0>
2025-03-03 23:12:17 - Received message, sender_id: 1
logical_clock: 73
, <grpc._server._Context object at 0x1037f90d0>
2025-03-03 23:12:17 - Received message, sender_id: 1
logical_clock: 74
, <grpc._server._Context object at 0x1037f9040>
2025-03-03 23:12:18 - [RECEIVED] from Machine 1, Logical clock: 66, Queue length: 0
2025-03-03 23:12:19 - [RECEIVED] from Machine 1, Logical clock: 67, Queue length: 0
2025-03-03 23:12:20 - [RECEIVED] from Machine 1, Logical clock: 73, Queue length: 0
2025-03-03 23:12:20 - Received message, sender_id: 1
logical_clock: 85
, <grpc._server._Context object at 0x1037f9a30>
2025-03-03 23:12:21 - Received message, sender_id: 1
logical_clock: 87
, <grpc._server._Context object at 0x1037f9790>
2025-03-03 23:12:21 - [SENT] to Machine 1, Logical clock: 73
2025-03-03 23:12:21 - [SENT] to Machine 2, Logical clock: 73
2025-03-03 23:12:22 - [SENT] to Machine 1, Logical clock: 74
2025-03-03 23:12:22 - [SENT] to Machine 2, Logical clock: 74
2025-03-03 23:12:22 - Received message, sender_id: 1
logical_clock: 94
, <grpc._server._Context object at 0x1037f9580>
2025-03-03 23:12:23 - [INTERNAL], Logical clock: 76
2025-03-03 23:12:23 - Received message, sender_id: 1
logical_clock: 97
, <grpc._server._Context object at 0x1037f9ac0>
2025-03-03 23:12:24 - Received message, sender_id: 1
logical_clock: 99
, <grpc._server._Context object at 0x1037e6a60>
2025-03-03 23:12:24 - Received message, sender_id: 2
logical_clock: 89
, <grpc._server._Context object at 0x1037e6640>
2025-03-03 23:12:24 - [RECEIVED] from Machine 2, Logical clock: 90, Queue length: 1
2025-03-03 23:12:24 - Received message, sender_id: 1
logical_clock: 101
, <grpc._server._Context object at 0x1037cfa60>
2025-03-03 23:12:24 - Received message, sender_id: 1
logical_clock: 102
, <grpc._server._Context object at 0x1037e6e50>
2025-03-03 23:12:25 - [SENT] to Machine 2, Logical clock: 90
2025-03-03 23:12:25 - Received message, sender_id: 1
logical_clock: 105
, <grpc._server._Context object at 0x1037f9eb0>
2025-03-03 23:12:26 - Received message, sender_id: 2
logical_clock: 91
, <grpc._server._Context object at 0x1037fb1f0>
2025-03-03 23:12:26 - [RECEIVED] from Machine 2, Logical clock: 92, Queue length: 0
2025-03-03 23:12:26 - Received message, sender_id: 1
logical_clock: 108
, <grpc._server._Context object at 0x1037fb040>
2025-03-03 23:12:26 - Received message, sender_id: 1
logical_clock: 109
, <grpc._server._Context object at 0x1037f9340>
2025-03-03 23:12:26 - Received message, sender_id: 1
logical_clock: 110
, <grpc._server._Context object at 0x1037f98e0>
2025-03-03 23:12:27 - Received message, sender_id: 1
logical_clock: 111
, <grpc._server._Context object at 0x1037f9e20>
2025-03-03 23:12:27 - [RECEIVED] from Machine 1, Logical clock: 98, Queue length: 1
2025-03-03 23:12:27 - Received message, sender_id: 1
logical_clock: 114
, <grpc._server._Context object at 0x1037fb1f0>
2025-03-03 23:12:28 - Received message, sender_id: 2
logical_clock: 112
, <grpc._server._Context object at 0x1037cff40>
2025-03-03 23:12:28 - [RECEIVED] from Machine 0, Logical clock: 99, Queue length: 0
2025-03-03 23:12:28 - Received message, sender_id: 1
logical_clock: 116
, <grpc._server._Context object at 0x1037e6bb0>
2025-03-03 23:12:28 - Received message, sender_id: 1
logical_clock: 117
, <grpc._server._Context object at 0x1037fb3a0>
2025-03-03 23:12:29 - Received message, sender_id: 1
logical_clock: 119
, <grpc._server._Context object at 0x1037f9f40>
2025-03-03 23:12:29 - Received message, sender_id: 2
logical_clock: 113
, <grpc._server._Context object at 0x1037f9970>
2025-03-03 23:12:29 - [RECEIVED] from Machine 1, Logical clock: 111, Queue length: 6
2025-03-03 23:12:29 - Received message, sender_id: 1
logical_clock: 120
, <grpc._server._Context object at 0x1037fb070>
2025-03-03 23:12:29 - Received message, sender_id: 1
logical_clock: 122
, <grpc._server._Context object at 0x1037f9280>
2025-03-03 23:12:30 - [INTERNAL], Logical clock: 112
2025-03-03 23:12:31 - [RECEIVED] from Machine 2, Logical clock: 113, Queue length: 1
2025-03-03 23:12:31 - Received message, sender_id: 1
logical_clock: 130
, <grpc._server._Context object at 0x1037fb5b0>
2025-03-03 23:12:32 - [SENT] to Machine 1, Logical clock: 113
2025-03-03 23:12:32 - Received message, sender_id: 1
logical_clock: 132
, <grpc._server._Context object at 0x1037f9e80>
2025-03-03 23:12:33 - [INTERNAL], Logical clock: 115
2025-03-03 23:12:33 - Received message, sender_id: 1
logical_clock: 138
, <grpc._server._Context object at 0x1037f9b20>
2025-03-03 23:12:34 - Received message, sender_id: 1
logical_clock: 139
, <grpc._server._Context object at 0x1037f9b20>
2025-03-03 23:12:34 - Received message, sender_id: 2
logical_clock: 133
, <grpc._server._Context object at 0x1037fb700>
2025-03-03 23:12:34 - [SENT] to Machine 1, Logical clock: 115
2025-03-03 23:12:34 - Received message, sender_id: 1
logical_clock: 142
, <grpc._server._Context object at 0x1037fb070>
2025-03-03 23:12:35 - [RECEIVED] from Machine 1, Logical clock: 118, Queue length: 1
2025-03-03 23:12:35 - Received message, sender_id: 1
logical_clock: 144
, <grpc._server._Context object at 0x1037fb5b0>
2025-03-03 23:12:35 - Received message, sender_id: 1
logical_clock: 145
, <grpc._server._Context object at 0x1037fb430>
2025-03-03 23:12:36 - [SENT] to Machine 1, Logical clock: 118
2025-03-03 23:12:36 - Received message, sender_id: 1
logical_clock: 148
, <grpc._server._Context object at 0x1037fb3d0>
2025-03-03 23:12:36 - Received message, sender_id: 1
logical_clock: 150
, <grpc._server._Context object at 0x1037fb0a0>
2025-03-03 23:12:37 - [RECEIVED] from Machine 1, Logical clock: 145, Queue length: 0
2025-03-03 23:12:37 - Received message, sender_id: 1
logical_clock: 152
, <grpc._server._Context object at 0x1037fb1c0>
2025-03-03 23:12:38 - Received message, sender_id: 2
logical_clock: 142
, <grpc._server._Context object at 0x1037fb8b0>
2025-03-03 23:12:38 - [SENT] to Machine 1, Logical clock: 145
2025-03-03 23:12:39 - [RECEIVED] from Machine 1, Logical clock: 157, Queue length: 0
2025-03-03 23:12:39 - Received message, sender_id: 1
logical_clock: 160
, <grpc._server._Context object at 0x1037f9d60>
2025-03-03 23:12:39 - Received message, sender_id: 1
logical_clock: 161
, <grpc._server._Context object at 0x1037fb400>
2025-03-03 23:12:40 - Received message, sender_id: 2
logical_clock: 144
, <grpc._server._Context object at 0x1037fba60>
2025-03-03 23:12:40 - [RECEIVED] from Machine 0, Logical clock: 158, Queue length: 0
2025-03-03 23:12:40 - Received message, sender_id: 1
logical_clock: 164
, <grpc._server._Context object at 0x1037fb610>
2025-03-03 23:12:41 - Received message, sender_id: 1
logical_clock: 167
, <grpc._server._Context object at 0x1037fb7f0>
2025-03-03 23:12:41 - [SENT] to Machine 2, Logical clock: 158
2025-03-03 23:12:42 - Received message, sender_id: 1
logical_clock: 171
, <grpc._server._Context object at 0x1037fb7c0>
2025-03-03 23:12:42 - [RECEIVED] from Machine 1, Logical clock: 172, Queue length: 1
2025-03-03 23:12:42 - Received message, sender_id: 1
logical_clock: 172
, <grpc._server._Context object at 0x1037fb790>
2025-03-03 23:12:42 - Received message, sender_id: 1
logical_clock: 174
, <grpc._server._Context object at 0x1037fbb50>
2025-03-03 23:12:43 - Received message, sender_id: 2
logical_clock: 169
, <grpc._server._Context object at 0x1037fb730>
2025-03-03 23:12:43 - [INTERNAL], Logical clock: 173
2025-03-03 23:12:43 - Received message, sender_id: 1
logical_clock: 177
, <grpc._server._Context object at 0x1037fb7f0>
2025-03-03 23:12:44 - Received message, sender_id: 2
logical_clock: 170
, <grpc._server._Context object at 0x1037cfa90>
2025-03-03 23:12:44 - [INTERNAL], Logical clock: 174
2025-03-03 23:12:45 - [SENT] to Machine 2, Logical clock: 174
2025-03-03 23:12:45 - Received message, sender_id: 1
logical_clock: 184
, <grpc._server._Context object at 0x1037fb640>
2025-03-03 23:12:45 - Received message, sender_id: 1
logical_clock: 185
, <grpc._server._Context object at 0x1037fb7c0>
2025-03-03 23:12:46 - Received message, sender_id: 1
logical_clock: 186
, <grpc._server._Context object at 0x1037fb640>
2025-03-03 23:12:46 - [RECEIVED] from Machine 1, Logical clock: 185, Queue length: 0
2025-03-03 23:12:46 - Received message, sender_id: 1
logical_clock: 189
, <grpc._server._Context object at 0x1037fb730>
2025-03-03 23:12:47 - [SENT] to Machine 1, Logical clock: 185
2025-03-03 23:12:48 - [SENT] to Machine 1, Logical clock: 186
2025-03-03 23:12:48 - Received message, sender_id: 1
logical_clock: 197
, <grpc._server._Context object at 0x1037fb940>
2025-03-03 23:12:49 - Received message, sender_id: 1
logical_clock: 199
, <grpc._server._Context object at 0x1037fb580>
2025-03-03 23:12:49 - [RECEIVED] from Machine 1, Logical clock: 188, Queue length: 1
2025-03-03 23:12:50 - [RECEIVED] from Machine 1, Logical clock: 197, Queue length: 0
2025-03-03 23:12:51 - Received message, sender_id: 1
logical_clock: 206
, <grpc._server._Context object at 0x1037fb4c0>
2025-03-03 23:12:51 - Received message, sender_id: 1
logical_clock: 207
, <grpc._server._Context object at 0x1037fb580>
2025-03-03 23:12:51 - Received message, sender_id: 2
logical_clock: 188
, <grpc._server._Context object at 0x1037f9bb0>
2025-03-03 23:12:51 - [SENT] to Machine 1, Logical clock: 197
2025-03-03 23:12:52 - [RECEIVED] from Machine 0, Logical clock: 199, Queue length: 4
