2025-03-03 23:11:57 - [INIT] with clock rate 4 and peers ['localhost:50050', 'localhost:50052'], [0, 2]
2025-03-03 23:11:59 - [INTERNAL], Logical clock: 1
2025-03-03 23:11:59 - Received message, , <grpc._server._Context object at 0x1037f23d0>
2025-03-03 23:11:59 - [SENT] to Machine 0, Logical clock: 1
2025-03-03 23:11:59 - [INTERNAL], Logical clock: 3
2025-03-03 23:12:00 - [RECEIVED] from Machine 1, Logical clock: 4, Queue length: 0
2025-03-03 23:12:00 - Received message, sender_id: 2
logical_clock: 1
, <grpc._server._Context object at 0x1037e6a60>
2025-03-03 23:12:00 - [INTERNAL], Logical clock: 5
2025-03-03 23:12:00 - [SENT] to Machine 2, Logical clock: 5
2025-03-03 23:12:00 - [SENT] to Machine 0, Logical clock: 6
2025-03-03 23:12:00 - [SENT] to Machine 2, Logical clock: 6
2025-03-03 23:12:01 - [SENT] to Machine 0, Logical clock: 7
2025-03-03 23:12:01 - [SENT] to Machine 0, Logical clock: 8
2025-03-03 23:12:01 - [RECEIVED] from Machine 2, Logical clock: 10, Queue length: 1
2025-03-03 23:12:01 - [RECEIVED] from Machine 1, Logical clock: 11, Queue length: 0
2025-03-03 23:12:02 - [RECEIVED] from Machine 2, Logical clock: 12, Queue length: 0
2025-03-03 23:12:02 - [RECEIVED] from Machine 2, Logical clock: 13, Queue length: 1
2025-03-03 23:12:02 - [SENT] to Machine 0, Logical clock: 13
2025-03-03 23:12:02 - [SENT] to Machine 0, Logical clock: 14
2025-03-03 23:12:02 - [SENT] to Machine 2, Logical clock: 14
2025-03-03 23:12:03 - [SENT] to Machine 0, Logical clock: 15
2025-03-03 23:12:03 - [RECEIVED] from Machine 2, Logical clock: 17, Queue length: 0
2025-03-03 23:12:03 - [SENT] to Machine 0, Logical clock: 17
2025-03-03 23:12:03 - [INTERNAL], Logical clock: 19
2025-03-03 23:12:04 - [SENT] to Machine 0, Logical clock: 19
2025-03-03 23:12:04 - [SENT] to Machine 0, Logical clock: 20
2025-03-03 23:12:04 - [SENT] to Machine 0, Logical clock: 21
2025-03-03 23:12:04 - [RECEIVED] from Machine 1, Logical clock: 23, Queue length: 1
2025-03-03 23:12:05 - [RECEIVED] from Machine 1, Logical clock: 24, Queue length: 1
2025-03-03 23:12:05 - Received message, logical_clock: 15
, <grpc._server._Context object at 0x1037cfb50>
2025-03-03 23:12:05 - [RECEIVED] from Machine 2, Logical clock: 25, Queue length: 3
2025-03-03 23:12:05 - [SENT] to Machine 2, Logical clock: 25
2025-03-03 23:12:05 - [SENT] to Machine 0, Logical clock: 26
2025-03-03 23:12:05 - [SENT] to Machine 2, Logical clock: 26
2025-03-03 23:12:06 - [RECEIVED] from Machine 0, Logical clock: 28, Queue length: 2
2025-03-03 23:12:06 - [INTERNAL], Logical clock: 29
2025-03-03 23:12:06 - [RECEIVED] from Machine 1, Logical clock: 30, Queue length: 6
2025-03-03 23:12:06 - [RECEIVED] from Machine 1, Logical clock: 31, Queue length: 2
2025-03-03 23:12:07 - [RECEIVED] from Machine 1, Logical clock: 32, Queue length: 1
2025-03-03 23:12:07 - Received message, sender_id: 2
logical_clock: 16
, <grpc._server._Context object at 0x1037f23a0>
2025-03-03 23:12:07 - [RECEIVED] from Machine 0, Logical clock: 33, Queue length: 1
2025-03-03 23:12:07 - [RECEIVED] from Machine 2, Logical clock: 34, Queue length: 0
2025-03-03 23:12:07 - [RECEIVED] from Machine 0, Logical clock: 35, Queue length: 0
2025-03-03 23:12:08 - [SENT] to Machine 0, Logical clock: 35
2025-03-03 23:12:08 - [SENT] to Machine 2, Logical clock: 35
2025-03-03 23:12:08 - [SENT] to Machine 0, Logical clock: 36
2025-03-03 23:12:08 - [SENT] to Machine 2, Logical clock: 36
2025-03-03 23:12:08 - [RECEIVED] from Machine 1, Logical clock: 38, Queue length: 1
2025-03-03 23:12:08 - [RECEIVED] from Machine 2, Logical clock: 39, Queue length: 2
2025-03-03 23:12:09 - [RECEIVED] from Machine 1, Logical clock: 40, Queue length: 0
2025-03-03 23:12:09 - [INTERNAL], Logical clock: 41
2025-03-03 23:12:09 - [RECEIVED] from Machine 1, Logical clock: 42, Queue length: 0
2025-03-03 23:12:09 - [RECEIVED] from Machine 2, Logical clock: 43, Queue length: 0
2025-03-03 23:12:10 - [SENT] to Machine 0, Logical clock: 43
2025-03-03 23:12:10 - Received message, sender_id: 2
logical_clock: 37
, <grpc._server._Context object at 0x1037e6dc0>
2025-03-03 23:12:10 - Received message, logical_clock: 36
, <grpc._server._Context object at 0x1037f98b0>
2025-03-03 23:12:10 - [SENT] to Machine 0, Logical clock: 44
2025-03-03 23:12:10 - [INTERNAL], Logical clock: 46
2025-03-03 23:12:10 - [RECEIVED] from Machine 1, Logical clock: 47, Queue length: 1
2025-03-03 23:12:11 - [SENT] to Machine 0, Logical clock: 47
2025-03-03 23:12:11 - Received message, sender_id: 2
logical_clock: 38
, <grpc._server._Context object at 0x1037e6dc0>
2025-03-03 23:12:11 - Received message, logical_clock: 37
, <grpc._server._Context object at 0x1037f2970>
2025-03-03 23:12:11 - [RECEIVED] from Machine 1, Logical clock: 49, Queue length: 0
2025-03-03 23:12:11 - [RECEIVED] from Machine 2, Logical clock: 50, Queue length: 0
2025-03-03 23:12:11 - [RECEIVED] from Machine 1, Logical clock: 51, Queue length: 0
2025-03-03 23:12:12 - [RECEIVED] from Machine 0, Logical clock: 52, Queue length: 1
2025-03-03 23:12:12 - [RECEIVED] from Machine 1, Logical clock: 53, Queue length: 0
2025-03-03 23:12:12 - [RECEIVED] from Machine 2, Logical clock: 54, Queue length: 0
2025-03-03 23:12:12 - [INTERNAL], Logical clock: 55
2025-03-03 23:12:13 - [RECEIVED] from Machine 2, Logical clock: 56, Queue length: 0
2025-03-03 23:12:13 - Received message, sender_id: 2
logical_clock: 40
, <grpc._server._Context object at 0x1037c6d00>
2025-03-03 23:12:13 - [INTERNAL], Logical clock: 57
2025-03-03 23:12:13 - [INTERNAL], Logical clock: 58
2025-03-03 23:12:13 - [RECEIVED] from Machine 2, Logical clock: 59, Queue length: 0
2025-03-03 23:12:14 - [RECEIVED] from Machine 2, Logical clock: 60, Queue length: 0
2025-03-03 23:12:14 - Received message, sender_id: 2
logical_clock: 41
, <grpc._server._Context object at 0x1037cff40>
2025-03-03 23:12:14 - [SENT] to Machine 0, Logical clock: 60
2025-03-03 23:12:14 - [SENT] to Machine 0, Logical clock: 61
2025-03-03 23:12:14 - [RECEIVED] from Machine 2, Logical clock: 63, Queue length: 0
2025-03-03 23:12:15 - [SENT] to Machine 0, Logical clock: 63
2025-03-03 23:12:15 - Received message, logical_clock: 41
, <grpc._server._Context object at 0x1037f9400>
2025-03-03 23:12:15 - [INTERNAL], Logical clock: 65
2025-03-03 23:12:15 - [SENT] to Machine 0, Logical clock: 65
2025-03-03 23:12:15 - [SENT] to Machine 2, Logical clock: 65
2025-03-03 23:12:15 - [RECEIVED] from Machine 1, Logical clock: 67, Queue length: 0
2025-03-03 23:12:16 - [SENT] to Machine 0, Logical clock: 67
2025-03-03 23:12:16 - Received message, logical_clock: 42
, <grpc._server._Context object at 0x1037f9670>
2025-03-03 23:12:16 - [RECEIVED] from Machine 2, Logical clock: 69, Queue length: 0
2025-03-03 23:12:16 - [SENT] to Machine 0, Logical clock: 69
2025-03-03 23:12:16 - [RECEIVED] from Machine 1, Logical clock: 71, Queue length: 0
2025-03-03 23:12:17 - [SENT] to Machine 0, Logical clock: 71
2025-03-03 23:12:17 - [SENT] to Machine 0, Logical clock: 72
2025-03-03 23:12:17 - [SENT] to Machine 2, Logical clock: 72
2025-03-03 23:12:17 - [SENT] to Machine 0, Logical clock: 73
2025-03-03 23:12:17 - [SENT] to Machine 0, Logical clock: 74
2025-03-03 23:12:17 - [SENT] to Machine 2, Logical clock: 74
2025-03-03 23:12:18 - [INTERNAL], Logical clock: 76
2025-03-03 23:12:18 - [INTERNAL], Logical clock: 77
2025-03-03 23:12:18 - [RECEIVED] from Machine 2, Logical clock: 78, Queue length: 3
2025-03-03 23:12:18 - [RECEIVED] from Machine 1, Logical clock: 79, Queue length: 1
2025-03-03 23:12:19 - [RECEIVED] from Machine 0, Logical clock: 80, Queue length: 0
2025-03-03 23:12:19 - [INTERNAL], Logical clock: 81
2025-03-03 23:12:19 - [RECEIVED] from Machine 1, Logical clock: 82, Queue length: 1
2025-03-03 23:12:19 - [SENT] to Machine 2, Logical clock: 82
2025-03-03 23:12:20 - [RECEIVED] from Machine 0, Logical clock: 84, Queue length: 0
2025-03-03 23:12:20 - [INTERNAL], Logical clock: 85
2025-03-03 23:12:20 - [SENT] to Machine 0, Logical clock: 85
2025-03-03 23:12:20 - [RECEIVED] from Machine 1, Logical clock: 87, Queue length: 0
2025-03-03 23:12:21 - [SENT] to Machine 0, Logical clock: 87
2025-03-03 23:12:21 - Received message, logical_clock: 73
, <grpc._server._Context object at 0x1037f9b20>
2025-03-03 23:12:21 - [INTERNAL], Logical clock: 89
2025-03-03 23:12:21 - [INTERNAL], Logical clock: 90
2025-03-03 23:12:21 - [RECEIVED] from Machine 0, Logical clock: 91, Queue length: 0
2025-03-03 23:12:22 - [INTERNAL], Logical clock: 92
2025-03-03 23:12:22 - Received message, logical_clock: 74
, <grpc._server._Context object at 0x1037c6880>
2025-03-03 23:12:22 - [SENT] to Machine 2, Logical clock: 92
2025-03-03 23:12:22 - [RECEIVED] from Machine 0, Logical clock: 94, Queue length: 0
2025-03-03 23:12:22 - [SENT] to Machine 0, Logical clock: 94
2025-03-03 23:12:23 - [RECEIVED] from Machine 1, Logical clock: 96, Queue length: 1
2025-03-03 23:12:23 - [RECEIVED] from Machine 1, Logical clock: 97, Queue length: 0
2025-03-03 23:12:23 - [SENT] to Machine 0, Logical clock: 97
2025-03-03 23:12:23 - [RECEIVED] from Machine 1, Logical clock: 99, Queue length: 0
2025-03-03 23:12:24 - [SENT] to Machine 0, Logical clock: 99
2025-03-03 23:12:24 - [SENT] to Machine 2, Logical clock: 100
2025-03-03 23:12:24 - [SENT] to Machine 0, Logical clock: 101
2025-03-03 23:12:24 - [SENT] to Machine 0, Logical clock: 102
2025-03-03 23:12:25 - [INTERNAL], Logical clock: 104
2025-03-03 23:12:25 - [RECEIVED] from Machine 1, Logical clock: 105, Queue length: 2
2025-03-03 23:12:25 - [SENT] to Machine 0, Logical clock: 105
2025-03-03 23:12:25 - [RECEIVED] from Machine 1, Logical clock: 107, Queue length: 0
2025-03-03 23:12:26 - [RECEIVED] from Machine 1, Logical clock: 108, Queue length: 1
2025-03-03 23:12:26 - Received message, sender_id: 2
logical_clock: 91
, <grpc._server._Context object at 0x1037e6640>
2025-03-03 23:12:26 - [SENT] to Machine 0, Logical clock: 108
2025-03-03 23:12:26 - [SENT] to Machine 0, Logical clock: 109
2025-03-03 23:12:26 - [SENT] to Machine 0, Logical clock: 110
2025-03-03 23:12:26 - [SENT] to Machine 2, Logical clock: 110
2025-03-03 23:12:27 - [SENT] to Machine 0, Logical clock: 111
2025-03-03 23:12:27 - [SENT] to Machine 2, Logical clock: 111
2025-03-03 23:12:27 - [RECEIVED] from Machine 0, Logical clock: 113, Queue length: 1
2025-03-03 23:12:27 - [RECEIVED] from Machine 1, Logical clock: 114, Queue length: 1
2025-03-03 23:12:27 - [SENT] to Machine 0, Logical clock: 114
2025-03-03 23:12:28 - [RECEIVED] from Machine 1, Logical clock: 116, Queue length: 1
2025-03-03 23:12:28 - [SENT] to Machine 0, Logical clock: 116
2025-03-03 23:12:28 - [SENT] to Machine 0, Logical clock: 117
2025-03-03 23:12:28 - [SENT] to Machine 2, Logical clock: 117
2025-03-03 23:12:28 - [RECEIVED] from Machine 2, Logical clock: 119, Queue length: 4
2025-03-03 23:12:29 - [SENT] to Machine 0, Logical clock: 119
2025-03-03 23:12:29 - [SENT] to Machine 0, Logical clock: 120
2025-03-03 23:12:29 - [RECEIVED] from Machine 1, Logical clock: 122, Queue length: 2
2025-03-03 23:12:29 - [SENT] to Machine 0, Logical clock: 122
2025-03-03 23:12:29 - [SENT] to Machine 2, Logical clock: 122
2025-03-03 23:12:30 - [SENT] to Machine 2, Logical clock: 123
2025-03-03 23:12:30 - [RECEIVED] from Machine 1, Logical clock: 125, Queue length: 1
2025-03-03 23:12:30 - [RECEIVED] from Machine 1, Logical clock: 126, Queue length: 5
2025-03-03 23:12:30 - [RECEIVED] from Machine 1, Logical clock: 127, Queue length: 1
2025-03-03 23:12:31 - [RECEIVED] from Machine 1, Logical clock: 128, Queue length: 2
2025-03-03 23:12:31 - [RECEIVED] from Machine 2, Logical clock: 129, Queue length: 3
2025-03-03 23:12:31 - [RECEIVED] from Machine 1, Logical clock: 130, Queue length: 1
2025-03-03 23:12:31 - [SENT] to Machine 0, Logical clock: 130
2025-03-03 23:12:32 - [RECEIVED] from Machine 1, Logical clock: 132, Queue length: 1
2025-03-03 23:12:32 - Received message, logical_clock: 113
, <grpc._server._Context object at 0x1037fb190>
2025-03-03 23:12:32 - [SENT] to Machine 0, Logical clock: 132
2025-03-03 23:12:32 - [RECEIVED] from Machine 1, Logical clock: 134, Queue length: 0
2025-03-03 23:12:32 - [INTERNAL], Logical clock: 135
2025-03-03 23:12:33 - [RECEIVED] from Machine 0, Logical clock: 136, Queue length: 0
2025-03-03 23:12:33 - [INTERNAL], Logical clock: 137
2025-03-03 23:12:33 - [INTERNAL], Logical clock: 138
2025-03-03 23:12:33 - [SENT] to Machine 0, Logical clock: 138
2025-03-03 23:12:34 - [SENT] to Machine 0, Logical clock: 139
2025-03-03 23:12:34 - Received message, logical_clock: 115
, <grpc._server._Context object at 0x1037fb520>
2025-03-03 23:12:34 - [RECEIVED] from Machine 1, Logical clock: 141, Queue length: 0
2025-03-03 23:12:34 - [RECEIVED] from Machine 2, Logical clock: 142, Queue length: 0
2025-03-03 23:12:34 - [SENT] to Machine 0, Logical clock: 142
2025-03-03 23:12:35 - [INTERNAL], Logical clock: 144
2025-03-03 23:12:35 - [SENT] to Machine 0, Logical clock: 144
2025-03-03 23:12:35 - [SENT] to Machine 2, Logical clock: 144
2025-03-03 23:12:35 - [SENT] to Machine 0, Logical clock: 145
2025-03-03 23:12:35 - [RECEIVED] from Machine 1, Logical clock: 147, Queue length: 0
2025-03-03 23:12:36 - [RECEIVED] from Machine 1, Logical clock: 148, Queue length: 0
2025-03-03 23:12:36 - Received message, logical_clock: 118
, <grpc._server._Context object at 0x1037f2a60>
2025-03-03 23:12:36 - [SENT] to Machine 0, Logical clock: 148
2025-03-03 23:12:36 - [RECEIVED] from Machine 1, Logical clock: 150, Queue length: 1
2025-03-03 23:12:36 - [SENT] to Machine 0, Logical clock: 150
2025-03-03 23:12:37 - [RECEIVED] from Machine 1, Logical clock: 152, Queue length: 0
2025-03-03 23:12:37 - [SENT] to Machine 0, Logical clock: 152
2025-03-03 23:12:37 - [INTERNAL], Logical clock: 154
2025-03-03 23:12:37 - [RECEIVED] from Machine 1, Logical clock: 155, Queue length: 0
2025-03-03 23:12:38 - [RECEIVED] from Machine 1, Logical clock: 156, Queue length: 0
2025-03-03 23:12:38 - Received message, logical_clock: 145
, <grpc._server._Context object at 0x1037fb820>
2025-03-03 23:12:38 - [SENT] to Machine 2, Logical clock: 156
2025-03-03 23:12:38 - [INTERNAL], Logical clock: 158
2025-03-03 23:12:38 - [INTERNAL], Logical clock: 159
2025-03-03 23:12:39 - [RECEIVED] from Machine 0, Logical clock: 160, Queue length: 0
2025-03-03 23:12:39 - Received message, sender_id: 2
logical_clock: 143
, <grpc._server._Context object at 0x1037fb400>
2025-03-03 23:12:39 - [SENT] to Machine 0, Logical clock: 160
2025-03-03 23:12:39 - [SENT] to Machine 0, Logical clock: 161
2025-03-03 23:12:39 - [RECEIVED] from Machine 2, Logical clock: 163, Queue length: 0
2025-03-03 23:12:40 - [RECEIVED] from Machine 1, Logical clock: 164, Queue length: 0
2025-03-03 23:12:40 - [SENT] to Machine 0, Logical clock: 164
2025-03-03 23:12:40 - [RECEIVED] from Machine 1, Logical clock: 166, Queue length: 0
2025-03-03 23:12:40 - [RECEIVED] from Machine 2, Logical clock: 167, Queue length: 0
2025-03-03 23:12:41 - [SENT] to Machine 0, Logical clock: 167
2025-03-03 23:12:41 - [RECEIVED] from Machine 2, Logical clock: 169, Queue length: 0
2025-03-03 23:12:41 - [INTERNAL], Logical clock: 170
2025-03-03 23:12:41 - [RECEIVED] from Machine 0, Logical clock: 171, Queue length: 0
2025-03-03 23:12:42 - [SENT] to Machine 0, Logical clock: 171
2025-03-03 23:12:42 - [SENT] to Machine 0, Logical clock: 172
2025-03-03 23:12:42 - [RECEIVED] from Machine 1, Logical clock: 174, Queue length: 0
2025-03-03 23:12:42 - [SENT] to Machine 0, Logical clock: 174
2025-03-03 23:12:42 - [SENT] to Machine 2, Logical clock: 174
2025-03-03 23:12:43 - [INTERNAL], Logical clock: 176
2025-03-03 23:12:43 - [RECEIVED] from Machine 1, Logical clock: 177, Queue length: 0
2025-03-03 23:12:43 - [SENT] to Machine 0, Logical clock: 177
2025-03-03 23:12:43 - [RECEIVED] from Machine 1, Logical clock: 179, Queue length: 2
2025-03-03 23:12:44 - [RECEIVED] from Machine 1, Logical clock: 180, Queue length: 1
2025-03-03 23:12:44 - [RECEIVED] from Machine 2, Logical clock: 181, Queue length: 0
2025-03-03 23:12:44 - [RECEIVED] from Machine 1, Logical clock: 182, Queue length: 0
2025-03-03 23:12:45 - [RECEIVED] from Machine 2, Logical clock: 183, Queue length: 0
2025-03-03 23:12:45 - [INTERNAL], Logical clock: 184
2025-03-03 23:12:45 - Received message, sender_id: 2
logical_clock: 171
, <grpc._server._Context object at 0x1037fb0a0>
2025-03-03 23:12:45 - [SENT] to Machine 0, Logical clock: 184
2025-03-03 23:12:45 - [SENT] to Machine 0, Logical clock: 185
2025-03-03 23:12:46 - [SENT] to Machine 0, Logical clock: 186
2025-03-03 23:12:46 - [SENT] to Machine 2, Logical clock: 186
2025-03-03 23:12:46 - [RECEIVED] from Machine 1, Logical clock: 188, Queue length: 0
2025-03-03 23:12:46 - [SENT] to Machine 2, Logical clock: 188
2025-03-03 23:12:46 - [SENT] to Machine 0, Logical clock: 189
2025-03-03 23:12:47 - [RECEIVED] from Machine 2, Logical clock: 191, Queue length: 1
2025-03-03 23:12:47 - [RECEIVED] from Machine 1, Logical clock: 192, Queue length: 0
2025-03-03 23:12:47 - Received message, logical_clock: 185
, <grpc._server._Context object at 0x1037fb400>
2025-03-03 23:12:47 - [RECEIVED] from Machine 1, Logical clock: 193, Queue length: 1
2025-03-03 23:12:47 - [INTERNAL], Logical clock: 194
2025-03-03 23:12:48 - [INTERNAL], Logical clock: 195
2025-03-03 23:12:48 - [RECEIVED] from Machine 0, Logical clock: 196, Queue length: 0
2025-03-03 23:12:48 - Received message, logical_clock: 186
, <grpc._server._Context object at 0x1037fbcd0>
2025-03-03 23:12:48 - [SENT] to Machine 2, Logical clock: 196
2025-03-03 23:12:48 - [SENT] to Machine 0, Logical clock: 197
2025-03-03 23:12:49 - [INTERNAL], Logical clock: 199
2025-03-03 23:12:49 - [SENT] to Machine 0, Logical clock: 199
2025-03-03 23:12:49 - [SENT] to Machine 2, Logical clock: 199
2025-03-03 23:12:49 - [INTERNAL], Logical clock: 201
2025-03-03 23:12:49 - [RECEIVED] from Machine 1, Logical clock: 202, Queue length: 1
2025-03-03 23:12:50 - [RECEIVED] from Machine 1, Logical clock: 203, Queue length: 0
2025-03-03 23:12:50 - [RECEIVED] from Machine 1, Logical clock: 204, Queue length: 0
2025-03-03 23:12:50 - [INTERNAL], Logical clock: 205
2025-03-03 23:12:50 - [INTERNAL], Logical clock: 206
2025-03-03 23:12:51 - [SENT] to Machine 0, Logical clock: 206
2025-03-03 23:12:51 - [SENT] to Machine 0, Logical clock: 207
2025-03-03 23:12:51 - Received message, logical_clock: 197
, <grpc._server._Context object at 0x1037fb880>
2025-03-03 23:12:51 - [INTERNAL], Logical clock: 209
2025-03-03 23:12:51 - [INTERNAL], Logical clock: 210
2025-03-03 23:12:52 - [RECEIVED] from Machine 1, Logical clock: 211, Queue length: 0
