2025-03-03 23:12:53 - [INIT] with clock rate 4 and peers ['localhost:50050', 'localhost:50052'], [0, 2]
2025-03-03 23:12:55 - Received both, , <grpc._server._Context object at 0x1022f8df0>
2025-03-03 23:12:55 - Received request, 
2025-03-03 23:12:55 - [SENT] to Machine 0, Logical clock: 0
2025-03-03 23:12:55 - [INTERNAL], Logical clock: 2
2025-03-03 23:12:55 - [SENT] to Machine 0, Logical clock: 2
2025-03-03 23:12:55 - [SENT] to Machine 2, Logical clock: 2
2025-03-03 23:12:56 - [RECEIVED] from Machine 1, Logical clock: 4, Queue length: 0
2025-03-03 23:12:56 - [INTERNAL], Logical clock: 5
2025-03-03 23:12:56 - [RECEIVED] from Machine 0, Logical clock: 6, Queue length: 1
2025-03-03 23:12:56 - Received both, sender_id: 2
logical_clock: 7
, <grpc._server._Context object at 0x102302af0>
2025-03-03 23:12:56 - Received request, sender_id: 2
logical_clock: 7

2025-03-03 23:12:56 - [RECEIVED] from Machine 0, Logical clock: 7, Queue length: 0
2025-03-03 23:12:57 - [RECEIVED] from Machine 2, Logical clock: 8, Queue length: 0
2025-03-03 23:12:57 - Received both, sender_id: 2
logical_clock: 9
, <grpc._server._Context object at 0x102302a30>
2025-03-03 23:12:57 - Received request, sender_id: 2
logical_clock: 9

2025-03-03 23:12:57 - Received both, logical_clock: 2
, <grpc._server._Context object at 0x1022d1b80>
2025-03-03 23:12:57 - Received request, logical_clock: 2

2025-03-03 23:12:57 - [SENT] to Machine 2, Logical clock: 8
2025-03-03 23:12:57 - [SENT] to Machine 0, Logical clock: 9
2025-03-03 23:12:57 - [SENT] to Machine 2, Logical clock: 9
2025-03-03 23:12:57 - [SENT] to Machine 0, Logical clock: 10
2025-03-03 23:12:58 - [SENT] to Machine 2, Logical clock: 11
2025-03-03 23:12:58 - [RECEIVED] from Machine 2, Logical clock: 15, Queue length: 1
2025-03-03 23:12:58 - [INTERNAL], Logical clock: 16
2025-03-03 23:12:58 - [RECEIVED] from Machine 2, Logical clock: 17, Queue length: 0
2025-03-03 23:12:59 - [SENT] to Machine 0, Logical clock: 17
2025-03-03 23:12:59 - Received both, sender_id: 2
logical_clock: 20
, <grpc._server._Context object at 0x102302490>
2025-03-03 23:12:59 - Received request, sender_id: 2
logical_clock: 20

2025-03-03 23:12:59 - [RECEIVED] from Machine 1, Logical clock: 19, Queue length: 0
2025-03-03 23:12:59 - [SENT] to Machine 0, Logical clock: 19
2025-03-03 23:12:59 - [SENT] to Machine 2, Logical clock: 19
2025-03-03 23:12:59 - Received both, sender_id: 2
logical_clock: 22
, <grpc._server._Context object at 0x10230c1f0>
2025-03-03 23:12:59 - Received request, sender_id: 2
logical_clock: 22

2025-03-03 23:12:59 - [SENT] to Machine 2, Logical clock: 20
2025-03-03 23:13:00 - [SENT] to Machine 0, Logical clock: 21
2025-03-03 23:13:00 - [INTERNAL], Logical clock: 23
2025-03-03 23:13:00 - [RECEIVED] from Machine 1, Logical clock: 24, Queue length: 0
2025-03-03 23:13:00 - [SENT] to Machine 2, Logical clock: 24
2025-03-03 23:13:01 - [RECEIVED] from Machine 2, Logical clock: 28, Queue length: 0
2025-03-03 23:13:01 - [RECEIVED] from Machine 1, Logical clock: 29, Queue length: 0
2025-03-03 23:13:01 - Received both, sender_id: 2
logical_clock: 30
, <grpc._server._Context object at 0x102302c10>
2025-03-03 23:13:01 - Received request, sender_id: 2
logical_clock: 30

2025-03-03 23:13:01 - [SENT] to Machine 0, Logical clock: 29
2025-03-03 23:13:01 - [RECEIVED] from Machine 2, Logical clock: 31, Queue length: 0
2025-03-03 23:13:02 - Received both, sender_id: 2
logical_clock: 33
, <grpc._server._Context object at 0x102302370>
2025-03-03 23:13:02 - Received request, sender_id: 2
logical_clock: 33

2025-03-03 23:13:02 - [RECEIVED] from Machine 2, Logical clock: 32, Queue length: 2
2025-03-03 23:13:02 - [INTERNAL], Logical clock: 33
2025-03-03 23:13:02 - [RECEIVED] from Machine 2, Logical clock: 34, Queue length: 0
2025-03-03 23:13:02 - [RECEIVED] from Machine 1, Logical clock: 35, Queue length: 0
2025-03-03 23:13:03 - [SENT] to Machine 0, Logical clock: 35
2025-03-03 23:13:03 - [RECEIVED] from Machine 2, Logical clock: 37, Queue length: 0
2025-03-03 23:13:03 - [RECEIVED] from Machine 1, Logical clock: 38, Queue length: 0
2025-03-03 23:13:03 - [SENT] to Machine 0, Logical clock: 38
2025-03-03 23:13:04 - [SENT] to Machine 0, Logical clock: 39
2025-03-03 23:13:04 - [RECEIVED] from Machine 2, Logical clock: 42, Queue length: 0
2025-03-03 23:13:04 - Received both, sender_id: 2
logical_clock: 45
, <grpc._server._Context object at 0x102302490>
2025-03-03 23:13:04 - Received request, sender_id: 2
logical_clock: 45

2025-03-03 23:13:04 - [SENT] to Machine 0, Logical clock: 42
2025-03-03 23:13:04 - [SENT] to Machine 2, Logical clock: 42
2025-03-03 23:13:04 - [RECEIVED] from Machine 1, Logical clock: 44, Queue length: 1
2025-03-03 23:13:05 - [INTERNAL], Logical clock: 45
2025-03-03 23:13:05 - [INTERNAL], Logical clock: 46
2025-03-03 23:13:05 - [RECEIVED] from Machine 2, Logical clock: 47, Queue length: 0
2025-03-03 23:13:05 - [SENT] to Machine 0, Logical clock: 47
2025-03-03 23:13:06 - [SENT] to Machine 0, Logical clock: 48
2025-03-03 23:13:06 - [SENT] to Machine 0, Logical clock: 49
2025-03-03 23:13:06 - Received both, sender_id: 2
logical_clock: 55
, <grpc._server._Context object at 0x10230ca60>
2025-03-03 23:13:06 - Received request, sender_id: 2
logical_clock: 55

2025-03-03 23:13:06 - [SENT] to Machine 0, Logical clock: 50
2025-03-03 23:13:06 - [SENT] to Machine 2, Logical clock: 50
2025-03-03 23:13:06 - [SENT] to Machine 0, Logical clock: 51
2025-03-03 23:13:07 - [SENT] to Machine 0, Logical clock: 52
2025-03-03 23:13:07 - [SENT] to Machine 2, Logical clock: 52
2025-03-03 23:13:07 - [RECEIVED] from Machine 0, Logical clock: 54, Queue length: 0
2025-03-03 23:13:07 - [SENT] to Machine 0, Logical clock: 54
2025-03-03 23:13:07 - [SENT] to Machine 0, Logical clock: 55
2025-03-03 23:13:08 - [RECEIVED] from Machine 1, Logical clock: 57, Queue length: 0
2025-03-03 23:13:08 - [SENT] to Machine 0, Logical clock: 57
2025-03-03 23:13:08 - [SENT] to Machine 2, Logical clock: 57
2025-03-03 23:13:08 - [RECEIVED] from Machine 2, Logical clock: 60, Queue length: 0
2025-03-03 23:13:08 - [SENT] to Machine 0, Logical clock: 60
2025-03-03 23:13:09 - Received both, sender_id: 2
logical_clock: 68
, <grpc._server._Context object at 0x102302f10>
2025-03-03 23:13:09 - Received request, sender_id: 2
logical_clock: 68

2025-03-03 23:13:09 - [SENT] to Machine 0, Logical clock: 61
2025-03-03 23:13:09 - [SENT] to Machine 2, Logical clock: 61
2025-03-03 23:13:09 - [SENT] to Machine 0, Logical clock: 62
2025-03-03 23:13:09 - [RECEIVED] from Machine 1, Logical clock: 64, Queue length: 0
2025-03-03 23:13:09 - [RECEIVED] from Machine 1, Logical clock: 65, Queue length: 1
2025-03-03 23:13:10 - [SENT] to Machine 0, Logical clock: 65
2025-03-03 23:13:10 - Received both, logical_clock: 69
, <grpc._server._Context object at 0x10230c970>
2025-03-03 23:13:10 - Received request, logical_clock: 69

2025-03-03 23:13:10 - [SENT] to Machine 0, Logical clock: 66
2025-03-03 23:13:10 - [INTERNAL], Logical clock: 68
2025-03-03 23:13:10 - [RECEIVED] from Machine 1, Logical clock: 69, Queue length: 1
2025-03-03 23:13:11 - [SENT] to Machine 0, Logical clock: 69
2025-03-03 23:13:11 - Received both, sender_id: 2
logical_clock: 79
, <grpc._server._Context object at 0x10230c670>
2025-03-03 23:13:11 - Received request, sender_id: 2
logical_clock: 79

2025-03-03 23:13:11 - [SENT] to Machine 0, Logical clock: 70
2025-03-03 23:13:11 - [SENT] to Machine 0, Logical clock: 71
2025-03-03 23:13:11 - [RECEIVED] from Machine 2, Logical clock: 80, Queue length: 2
2025-03-03 23:13:12 - [SENT] to Machine 0, Logical clock: 80
2025-03-03 23:13:12 - [SENT] to Machine 0, Logical clock: 81
2025-03-03 23:13:12 - [SENT] to Machine 2, Logical clock: 81
2025-03-03 23:13:12 - Received both, sender_id: 2
logical_clock: 85
, <grpc._server._Context object at 0x102302b20>
2025-03-03 23:13:12 - Received request, sender_id: 2
logical_clock: 85

2025-03-03 23:13:12 - [SENT] to Machine 0, Logical clock: 82
2025-03-03 23:13:12 - [RECEIVED] from Machine 1, Logical clock: 84, Queue length: 3
2025-03-03 23:13:13 - [RECEIVED] from Machine 1, Logical clock: 85, Queue length: 0
2025-03-03 23:13:13 - Received both, logical_clock: 72
, <grpc._server._Context object at 0x10230c7c0>
2025-03-03 23:13:13 - Received request, logical_clock: 72

2025-03-03 23:13:13 - [RECEIVED] from Machine 0, Logical clock: 86, Queue length: 1
2025-03-03 23:13:13 - Received both, sender_id: 2
logical_clock: 91
, <grpc._server._Context object at 0x10230d220>
2025-03-03 23:13:13 - Received request, sender_id: 2
logical_clock: 91

2025-03-03 23:13:13 - [RECEIVED] from Machine 1, Logical clock: 87, Queue length: 0
2025-03-03 23:13:13 - [RECEIVED] from Machine 1, Logical clock: 88, Queue length: 0
2025-03-03 23:13:14 - [INTERNAL], Logical clock: 89
2025-03-03 23:13:14 - Received both, sender_id: 2
logical_clock: 94
, <grpc._server._Context object at 0x10230cb50>
2025-03-03 23:13:14 - Received request, sender_id: 2
logical_clock: 94

2025-03-03 23:13:14 - [SENT] to Machine 2, Logical clock: 89
2025-03-03 23:13:14 - [RECEIVED] from Machine 2, Logical clock: 91, Queue length: 0
2025-03-03 23:13:14 - [INTERNAL], Logical clock: 92
2025-03-03 23:13:15 - [SENT] to Machine 0, Logical clock: 92
2025-03-03 23:13:15 - Received both, logical_clock: 74
, <grpc._server._Context object at 0x10230cdc0>
2025-03-03 23:13:15 - Received request, logical_clock: 74

2025-03-03 23:13:15 - [RECEIVED] from Machine 1, Logical clock: 94, Queue length: 2
2025-03-03 23:13:15 - Received both, sender_id: 2
logical_clock: 101
, <grpc._server._Context object at 0x10230d0d0>
2025-03-03 23:13:15 - Received request, sender_id: 2
logical_clock: 101

2025-03-03 23:13:15 - [RECEIVED] from Machine 0, Logical clock: 95, Queue length: 0
2025-03-03 23:13:15 - [SENT] to Machine 0, Logical clock: 95
2025-03-03 23:13:16 - [RECEIVED] from Machine 2, Logical clock: 103, Queue length: 1
2025-03-03 23:13:16 - [SENT] to Machine 0, Logical clock: 103
2025-03-03 23:13:16 - [SENT] to Machine 0, Logical clock: 104
2025-03-03 23:13:16 - [SENT] to Machine 0, Logical clock: 105
2025-03-03 23:13:17 - [RECEIVED] from Machine 1, Logical clock: 107, Queue length: 1
2025-03-03 23:13:17 - [RECEIVED] from Machine 2, Logical clock: 110, Queue length: 0
2025-03-03 23:13:17 - [RECEIVED] from Machine 2, Logical clock: 111, Queue length: 0
2025-03-03 23:13:17 - [RECEIVED] from Machine 1, Logical clock: 112, Queue length: 0
2025-03-03 23:13:18 - [RECEIVED] from Machine 1, Logical clock: 113, Queue length: 0
2025-03-03 23:13:18 - [SENT] to Machine 0, Logical clock: 113
2025-03-03 23:13:18 - [SENT] to Machine 2, Logical clock: 113
2025-03-03 23:13:18 - [INTERNAL], Logical clock: 115
2025-03-03 23:13:18 - [RECEIVED] from Machine 2, Logical clock: 116, Queue length: 1
2025-03-03 23:13:19 - [SENT] to Machine 0, Logical clock: 116
2025-03-03 23:13:19 - [SENT] to Machine 2, Logical clock: 116
2025-03-03 23:13:19 - Received both, logical_clock: 97
, <grpc._server._Context object at 0x10230cc10>
2025-03-03 23:13:19 - Received request, logical_clock: 97

2025-03-03 23:13:19 - [RECEIVED] from Machine 1, Logical clock: 118, Queue length: 0
2025-03-03 23:13:19 - [RECEIVED] from Machine 2, Logical clock: 119, Queue length: 0
2025-03-03 23:13:19 - [SENT] to Machine 0, Logical clock: 119
2025-03-03 23:13:20 - [RECEIVED] from Machine 1, Logical clock: 121, Queue length: 0
2025-03-03 23:13:20 - [SENT] to Machine 2, Logical clock: 121
2025-03-03 23:13:20 - [INTERNAL], Logical clock: 123
2025-03-03 23:13:20 - [RECEIVED] from Machine 1, Logical clock: 124, Queue length: 0
2025-03-03 23:13:21 - [INTERNAL], Logical clock: 125
2025-03-03 23:13:21 - [INTERNAL], Logical clock: 126
2025-03-03 23:13:21 - [RECEIVED] from Machine 2, Logical clock: 127, Queue length: 0
2025-03-03 23:13:21 - [RECEIVED] from Machine 2, Logical clock: 132, Queue length: 0
2025-03-03 23:13:22 - [RECEIVED] from Machine 1, Logical clock: 133, Queue length: 0
2025-03-03 23:13:22 - Received both, sender_id: 2
logical_clock: 134
, <grpc._server._Context object at 0x1023024f0>
2025-03-03 23:13:22 - Received request, sender_id: 2
logical_clock: 134

2025-03-03 23:13:22 - [RECEIVED] from Machine 2, Logical clock: 135, Queue length: 0
2025-03-03 23:13:22 - [RECEIVED] from Machine 2, Logical clock: 136, Queue length: 0
2025-03-03 23:13:22 - [SENT] to Machine 2, Logical clock: 136
2025-03-03 23:13:23 - Received both, sender_id: 2
logical_clock: 138
, <grpc._server._Context object at 0x10230db50>
2025-03-03 23:13:23 - Received request, sender_id: 2
logical_clock: 138

2025-03-03 23:13:23 - [INTERNAL], Logical clock: 138
2025-03-03 23:13:23 - [INTERNAL], Logical clock: 139
2025-03-03 23:13:23 - [SENT] to Machine 0, Logical clock: 139
2025-03-03 23:13:23 - Received both, sender_id: 2
logical_clock: 142
, <grpc._server._Context object at 0x10230d100>
2025-03-03 23:13:23 - Received request, sender_id: 2
logical_clock: 142

2025-03-03 23:13:23 - [INTERNAL], Logical clock: 141
2025-03-03 23:13:24 - [SENT] to Machine 0, Logical clock: 141
2025-03-03 23:13:24 - Received both, sender_id: 2
logical_clock: 144
, <grpc._server._Context object at 0x10230dfa0>
2025-03-03 23:13:24 - Received request, sender_id: 2
logical_clock: 144

2025-03-03 23:13:24 - Received both, logical_clock: 139
, <grpc._server._Context object at 0x10230d610>
2025-03-03 23:13:24 - Received request, logical_clock: 139

2025-03-03 23:13:24 - [RECEIVED] from Machine 2, Logical clock: 143, Queue length: 3
2025-03-03 23:13:24 - [RECEIVED] from Machine 0, Logical clock: 144, Queue length: 0
2025-03-03 23:13:24 - [SENT] to Machine 0, Logical clock: 144
2025-03-03 23:13:24 - [SENT] to Machine 2, Logical clock: 144
2025-03-03 23:13:25 - [RECEIVED] from Machine 1, Logical clock: 146, Queue length: 0
2025-03-03 23:13:25 - Received both, logical_clock: 140
, <grpc._server._Context object at 0x10230d280>
2025-03-03 23:13:25 - Received request, logical_clock: 140

2025-03-03 23:13:25 - [RECEIVED] from Machine 1, Logical clock: 147, Queue length: 0
2025-03-03 23:13:25 - [RECEIVED] from Machine 2, Logical clock: 148, Queue length: 1
2025-03-03 23:13:25 - [RECEIVED] from Machine 1, Logical clock: 149, Queue length: 1
2025-03-03 23:13:26 - [RECEIVED] from Machine 2, Logical clock: 150, Queue length: 0
2025-03-03 23:13:26 - [RECEIVED] from Machine 0, Logical clock: 151, Queue length: 0
2025-03-03 23:13:26 - [INTERNAL], Logical clock: 152
2025-03-03 23:13:26 - [SENT] to Machine 0, Logical clock: 152
2025-03-03 23:13:27 - [SENT] to Machine 0, Logical clock: 153
2025-03-03 23:13:27 - [RECEIVED] from Machine 1, Logical clock: 155, Queue length: 2
2025-03-03 23:13:27 - Received both, sender_id: 2
logical_clock: 161
, <grpc._server._Context object at 0x10230d430>
2025-03-03 23:13:27 - Received request, sender_id: 2
logical_clock: 161

2025-03-03 23:13:27 - [RECEIVED] from Machine 2, Logical clock: 156, Queue length: 0
2025-03-03 23:13:27 - [RECEIVED] from Machine 2, Logical clock: 162, Queue length: 0
2025-03-03 23:13:28 - [SENT] to Machine 0, Logical clock: 162
2025-03-03 23:13:28 - [SENT] to Machine 2, Logical clock: 162
2025-03-03 23:13:28 - Received both, logical_clock: 152
, <grpc._server._Context object at 0x10230e130>
2025-03-03 23:13:28 - Received request, logical_clock: 152

2025-03-03 23:13:28 - [INTERNAL], Logical clock: 164
2025-03-03 23:13:28 - [RECEIVED] from Machine 1, Logical clock: 165, Queue length: 0
2025-03-03 23:13:28 - [SENT] to Machine 0, Logical clock: 165
2025-03-03 23:13:29 - [SENT] to Machine 0, Logical clock: 166
2025-03-03 23:13:29 - [INTERNAL], Logical clock: 168
2025-03-03 23:13:29 - [INTERNAL], Logical clock: 169
2025-03-03 23:13:29 - [RECEIVED] from Machine 2, Logical clock: 170, Queue length: 0
2025-03-03 23:13:30 - [SENT] to Machine 0, Logical clock: 170
2025-03-03 23:13:30 - Received both, sender_id: 2
logical_clock: 175
, <grpc._server._Context object at 0x10230db50>
2025-03-03 23:13:30 - Received request, sender_id: 2
logical_clock: 175

2025-03-03 23:13:30 - [SENT] to Machine 2, Logical clock: 171
2025-03-03 23:13:30 - [RECEIVED] from Machine 0, Logical clock: 173, Queue length: 2
2025-03-03 23:13:31 - [SENT] to Machine 2, Logical clock: 173
2025-03-03 23:13:31 - [SENT] to Machine 0, Logical clock: 174
2025-03-03 23:13:31 - [SENT] to Machine 2, Logical clock: 174
2025-03-03 23:13:31 - [SENT] to Machine 0, Logical clock: 175
2025-03-03 23:13:31 - [SENT] to Machine 0, Logical clock: 176
2025-03-03 23:13:31 - [SENT] to Machine 2, Logical clock: 176
2025-03-03 23:13:32 - [INTERNAL], Logical clock: 178
2025-03-03 23:13:32 - [INTERNAL], Logical clock: 179
2025-03-03 23:13:32 - [RECEIVED] from Machine 1, Logical clock: 180, Queue length: 0
2025-03-03 23:13:32 - Received both, sender_id: 2
logical_clock: 186
, <grpc._server._Context object at 0x10230db50>
2025-03-03 23:13:32 - Received request, sender_id: 2
logical_clock: 186

2025-03-03 23:13:32 - [RECEIVED] from Machine 1, Logical clock: 181, Queue length: 0
2025-03-03 23:13:33 - [RECEIVED] from Machine 2, Logical clock: 188, Queue length: 0
2025-03-03 23:13:33 - [SENT] to Machine 0, Logical clock: 188
2025-03-03 23:13:33 - Received both, logical_clock: 172
, <grpc._server._Context object at 0x10230de20>
2025-03-03 23:13:33 - Received request, logical_clock: 172

2025-03-03 23:13:33 - [RECEIVED] from Machine 2, Logical clock: 190, Queue length: 1
2025-03-03 23:13:33 - [RECEIVED] from Machine 2, Logical clock: 191, Queue length: 0
2025-03-03 23:13:34 - [SENT] to Machine 0, Logical clock: 191
2025-03-03 23:13:34 - [SENT] to Machine 2, Logical clock: 191
2025-03-03 23:13:34 - [SENT] to Machine 0, Logical clock: 192
2025-03-03 23:13:34 - [INTERNAL], Logical clock: 194
2025-03-03 23:13:34 - [SENT] to Machine 0, Logical clock: 194
2025-03-03 23:13:34 - [SENT] to Machine 2, Logical clock: 194
2025-03-03 23:13:35 - [RECEIVED] from Machine 1, Logical clock: 196, Queue length: 0
2025-03-03 23:13:35 - [SENT] to Machine 0, Logical clock: 196
2025-03-03 23:13:35 - [RECEIVED] from Machine 1, Logical clock: 198, Queue length: 1
2025-03-03 23:13:35 - [RECEIVED] from Machine 1, Logical clock: 199, Queue length: 0
2025-03-03 23:13:36 - [RECEIVED] from Machine 2, Logical clock: 200, Queue length: 0
2025-03-03 23:13:36 - [SENT] to Machine 0, Logical clock: 200
2025-03-03 23:13:36 - [INTERNAL], Logical clock: 202
2025-03-03 23:13:36 - [SENT] to Machine 2, Logical clock: 202
2025-03-03 23:13:37 - [SENT] to Machine 0, Logical clock: 203
2025-03-03 23:13:37 - [RECEIVED] from Machine 2, Logical clock: 209, Queue length: 0
2025-03-03 23:13:37 - Received both, sender_id: 2
logical_clock: 209
, <grpc._server._Context object at 0x10230dac0>
2025-03-03 23:13:37 - Received request, sender_id: 2
logical_clock: 209

2025-03-03 23:13:37 - [INTERNAL], Logical clock: 210
2025-03-03 23:13:37 - [INTERNAL], Logical clock: 211
2025-03-03 23:13:38 - [RECEIVED] from Machine 2, Logical clock: 212, Queue length: 0
2025-03-03 23:13:38 - [SENT] to Machine 0, Logical clock: 212
2025-03-03 23:13:38 - [SENT] to Machine 0, Logical clock: 213
2025-03-03 23:13:38 - [RECEIVED] from Machine 2, Logical clock: 215, Queue length: 4
2025-03-03 23:13:39 - [INTERNAL], Logical clock: 216
2025-03-03 23:13:39 - Received both, sender_id: 2
logical_clock: 218
, <grpc._server._Context object at 0x10230e0d0>
2025-03-03 23:13:39 - Received request, sender_id: 2
logical_clock: 218

2025-03-03 23:13:39 - [RECEIVED] from Machine 1, Logical clock: 217, Queue length: 0
2025-03-03 23:13:39 - [SENT] to Machine 0, Logical clock: 217
2025-03-03 23:13:39 - [SENT] to Machine 0, Logical clock: 218
2025-03-03 23:13:40 - [RECEIVED] from Machine 2, Logical clock: 220, Queue length: 1
2025-03-03 23:13:40 - Received both, sender_id: 2
logical_clock: 223
, <grpc._server._Context object at 0x10230e430>
2025-03-03 23:13:40 - Received request, sender_id: 2
logical_clock: 223

2025-03-03 23:13:40 - [RECEIVED] from Machine 2, Logical clock: 224, Queue length: 2
2025-03-03 23:13:40 - [SENT] to Machine 2, Logical clock: 224
2025-03-03 23:13:40 - Received both, sender_id: 2
logical_clock: 226
, <grpc._server._Context object at 0x10230e9d0>
2025-03-03 23:13:40 - Received request, sender_id: 2
logical_clock: 226

2025-03-03 23:13:40 - [SENT] to Machine 2, Logical clock: 225
2025-03-03 23:13:41 - [INTERNAL], Logical clock: 227
2025-03-03 23:13:41 - [INTERNAL], Logical clock: 228
2025-03-03 23:13:41 - Received both, logical_clock: 219
, <grpc._server._Context object at 0x10230e8e0>
2025-03-03 23:13:41 - Received request, logical_clock: 219

2025-03-03 23:13:41 - [SENT] to Machine 2, Logical clock: 228
2025-03-03 23:13:41 - [SENT] to Machine 0, Logical clock: 229
2025-03-03 23:13:41 - [SENT] to Machine 2, Logical clock: 229
2025-03-03 23:13:42 - [RECEIVED] from Machine 1, Logical clock: 231, Queue length: 1
2025-03-03 23:13:42 - [SENT] to Machine 2, Logical clock: 231
2025-03-03 23:13:42 - [RECEIVED] from Machine 1, Logical clock: 233, Queue length: 0
2025-03-03 23:13:42 - Received both, sender_id: 2
logical_clock: 236
, <grpc._server._Context object at 0x10230e7f0>
2025-03-03 23:13:42 - Received request, sender_id: 2
logical_clock: 236

2025-03-03 23:13:42 - [SENT] to Machine 0, Logical clock: 233
2025-03-03 23:13:42 - Received both, sender_id: 2
logical_clock: 237
, <grpc._server._Context object at 0x10230e7f0>
2025-03-03 23:13:42 - Received request, sender_id: 2
logical_clock: 237

2025-03-03 23:13:43 - [INTERNAL], Logical clock: 235
2025-03-03 23:13:43 - [RECEIVED] from Machine 1, Logical clock: 236, Queue length: 0
2025-03-03 23:13:43 - [SENT] to Machine 0, Logical clock: 236
2025-03-03 23:13:43 - [SENT] to Machine 2, Logical clock: 236
2025-03-03 23:13:43 - [INTERNAL], Logical clock: 238
2025-03-03 23:13:44 - [RECEIVED] from Machine 2, Logical clock: 239, Queue length: 1
2025-03-03 23:13:44 - [SENT] to Machine 0, Logical clock: 239
2025-03-03 23:13:44 - Received both, logical_clock: 228
, <grpc._server._Context object at 0x10230e370>
2025-03-03 23:13:44 - Received request, logical_clock: 228

2025-03-03 23:13:44 - [RECEIVED] from Machine 1, Logical clock: 241, Queue length: 1
2025-03-03 23:13:44 - [SENT] to Machine 0, Logical clock: 241
2025-03-03 23:13:44 - [SENT] to Machine 2, Logical clock: 241
2025-03-03 23:13:45 - [SENT] to Machine 0, Logical clock: 242
2025-03-03 23:13:45 - [SENT] to Machine 0, Logical clock: 243
2025-03-03 23:13:45 - [SENT] to Machine 0, Logical clock: 244
2025-03-03 23:13:45 - [RECEIVED] from Machine 1, Logical clock: 246, Queue length: 0
2025-03-03 23:13:46 - [RECEIVED] from Machine 2, Logical clock: 247, Queue length: 0
2025-03-03 23:13:46 - [INTERNAL], Logical clock: 248
