2025-03-03 23:12:53 - [INIT] with clock rate 5 and peers ['localhost:50050', 'localhost:50051'], [0, 1]
2025-03-03 23:12:55 - [INTERNAL], Logical clock: 1
2025-03-03 23:12:55 - [SENT] to Machine 0, Logical clock: 1
2025-03-03 23:12:55 - [INTERNAL], Logical clock: 3
2025-03-03 23:12:55 - Received both, sender_id: 1
logical_clock: 2
, <grpc._server._Context object at 0x102302d30>
2025-03-03 23:12:55 - Received request, sender_id: 1
logical_clock: 2

2025-03-03 23:12:55 - [INTERNAL], Logical clock: 4
2025-03-03 23:12:56 - [INTERNAL], Logical clock: 5
2025-03-03 23:12:56 - [INTERNAL], Logical clock: 6
2025-03-03 23:12:56 - Received both, logical_clock: 1
, <grpc._server._Context object at 0x1022d6490>
2025-03-03 23:12:56 - Received request, logical_clock: 1

2025-03-03 23:12:56 - [INTERNAL], Logical clock: 7
2025-03-03 23:12:56 - [SENT] to Machine 1, Logical clock: 7
2025-03-03 23:12:56 - [INTERNAL], Logical clock: 9
2025-03-03 23:12:57 - [SENT] to Machine 1, Logical clock: 9
2025-03-03 23:12:57 - [INTERNAL], Logical clock: 11
2025-03-03 23:12:57 - Received both, sender_id: 1
logical_clock: 8
, <grpc._server._Context object at 0x1022f8c40>
2025-03-03 23:12:57 - Received request, sender_id: 1
logical_clock: 8

2025-03-03 23:12:57 - [RECEIVED] from Machine 2, Logical clock: 12, Queue length: 0
2025-03-03 23:12:57 - Received both, sender_id: 1
logical_clock: 9
, <grpc._server._Context object at 0x102302640>
2025-03-03 23:12:57 - Received request, sender_id: 1
logical_clock: 9

2025-03-03 23:12:57 - [RECEIVED] from Machine 0, Logical clock: 13, Queue length: 0
2025-03-03 23:12:57 - [SENT] to Machine 0, Logical clock: 13
2025-03-03 23:12:58 - Received both, sender_id: 1
logical_clock: 11
, <grpc._server._Context object at 0x102302490>
2025-03-03 23:12:58 - Received request, sender_id: 1
logical_clock: 11

2025-03-03 23:12:58 - [SENT] to Machine 0, Logical clock: 14
2025-03-03 23:12:58 - [RECEIVED] from Machine 1, Logical clock: 16, Queue length: 3
2025-03-03 23:12:58 - [RECEIVED] from Machine 1, Logical clock: 17, Queue length: 1
2025-03-03 23:12:58 - [INTERNAL], Logical clock: 18
2025-03-03 23:12:58 - [RECEIVED] from Machine 1, Logical clock: 19, Queue length: 1
2025-03-03 23:12:59 - [RECEIVED] from Machine 2, Logical clock: 20, Queue length: 0
2025-03-03 23:12:59 - [SENT] to Machine 1, Logical clock: 20
2025-03-03 23:12:59 - [RECEIVED] from Machine 1, Logical clock: 22, Queue length: 0
2025-03-03 23:12:59 - Received both, sender_id: 1
logical_clock: 19
, <grpc._server._Context object at 0x1023023a0>
2025-03-03 23:12:59 - Received request, sender_id: 1
logical_clock: 19

2025-03-03 23:12:59 - [SENT] to Machine 1, Logical clock: 22
2025-03-03 23:12:59 - Received both, sender_id: 1
logical_clock: 20
, <grpc._server._Context object at 0x1022f8fa0>
2025-03-03 23:12:59 - Received request, sender_id: 1
logical_clock: 20

2025-03-03 23:12:59 - [RECEIVED] from Machine 2, Logical clock: 24, Queue length: 0
2025-03-03 23:13:00 - [RECEIVED] from Machine 1, Logical clock: 25, Queue length: 2
2025-03-03 23:13:00 - [INTERNAL], Logical clock: 26
2025-03-03 23:13:00 - [SENT] to Machine 0, Logical clock: 26
2025-03-03 23:13:00 - [SENT] to Machine 0, Logical clock: 27
2025-03-03 23:13:00 - Received both, sender_id: 1
logical_clock: 24
, <grpc._server._Context object at 0x10230c3a0>
2025-03-03 23:13:00 - Received request, sender_id: 1
logical_clock: 24

2025-03-03 23:13:00 - [INTERNAL], Logical clock: 29
2025-03-03 23:13:01 - [SENT] to Machine 0, Logical clock: 29
2025-03-03 23:13:01 - [SENT] to Machine 0, Logical clock: 30
2025-03-03 23:13:01 - [SENT] to Machine 1, Logical clock: 30
2025-03-03 23:13:01 - [SENT] to Machine 0, Logical clock: 31
2025-03-03 23:13:01 - [RECEIVED] from Machine 2, Logical clock: 33, Queue length: 0
2025-03-03 23:13:02 - [SENT] to Machine 0, Logical clock: 33
2025-03-03 23:13:02 - [SENT] to Machine 1, Logical clock: 33
2025-03-03 23:13:02 - [RECEIVED] from Machine 2, Logical clock: 35, Queue length: 0
2025-03-03 23:13:02 - Received both, logical_clock: 25
, <grpc._server._Context object at 0x1022df8e0>
2025-03-03 23:13:02 - Received request, logical_clock: 25

2025-03-03 23:13:02 - [RECEIVED] from Machine 2, Logical clock: 36, Queue length: 0
2025-03-03 23:13:02 - [RECEIVED] from Machine 2, Logical clock: 37, Queue length: 0
2025-03-03 23:13:02 - [SENT] to Machine 0, Logical clock: 37
2025-03-03 23:13:03 - [SENT] to Machine 0, Logical clock: 38
2025-03-03 23:13:03 - [SENT] to Machine 0, Logical clock: 39
2025-03-03 23:13:03 - [SENT] to Machine 0, Logical clock: 40
2025-03-03 23:13:03 - [SENT] to Machine 0, Logical clock: 41
2025-03-03 23:13:03 - [RECEIVED] from Machine 2, Logical clock: 43, Queue length: 0
2025-03-03 23:13:04 - [RECEIVED] from Machine 2, Logical clock: 44, Queue length: 1
2025-03-03 23:13:04 - [RECEIVED] from Machine 1, Logical clock: 45, Queue length: 0
2025-03-03 23:13:04 - [SENT] to Machine 0, Logical clock: 45
2025-03-03 23:13:04 - [SENT] to Machine 1, Logical clock: 45
2025-03-03 23:13:04 - [RECEIVED] from Machine 1, Logical clock: 47, Queue length: 0
2025-03-03 23:13:04 - Received both, sender_id: 1
logical_clock: 42
, <grpc._server._Context object at 0x10230cac0>
2025-03-03 23:13:04 - Received request, sender_id: 1
logical_clock: 42

2025-03-03 23:13:04 - [RECEIVED] from Machine 2, Logical clock: 48, Queue length: 0
2025-03-03 23:13:05 - [RECEIVED] from Machine 2, Logical clock: 49, Queue length: 0
2025-03-03 23:13:05 - [SENT] to Machine 0, Logical clock: 49
2025-03-03 23:13:05 - [RECEIVED] from Machine 1, Logical clock: 51, Queue length: 0
2025-03-03 23:13:05 - [RECEIVED] from Machine 2, Logical clock: 52, Queue length: 0
2025-03-03 23:13:05 - [RECEIVED] from Machine 1, Logical clock: 53, Queue length: 0
2025-03-03 23:13:06 - [INTERNAL], Logical clock: 54
2025-03-03 23:13:06 - [INTERNAL], Logical clock: 55
2025-03-03 23:13:06 - Received both, logical_clock: 40
, <grpc._server._Context object at 0x102302490>
2025-03-03 23:13:06 - Received request, logical_clock: 40

2025-03-03 23:13:06 - [SENT] to Machine 1, Logical clock: 55
2025-03-03 23:13:06 - [RECEIVED] from Machine 1, Logical clock: 57, Queue length: 0
2025-03-03 23:13:06 - Received both, sender_id: 1
logical_clock: 50
, <grpc._server._Context object at 0x10230ca90>
2025-03-03 23:13:06 - Received request, sender_id: 1
logical_clock: 50

2025-03-03 23:13:06 - [RECEIVED] from Machine 1, Logical clock: 58, Queue length: 1
2025-03-03 23:13:07 - [INTERNAL], Logical clock: 59
2025-03-03 23:13:07 - Received both, sender_id: 1
logical_clock: 52
, <grpc._server._Context object at 0x10230c9a0>
2025-03-03 23:13:07 - Received request, sender_id: 1
logical_clock: 52

2025-03-03 23:13:07 - [SENT] to Machine 0, Logical clock: 59
2025-03-03 23:13:07 - [SENT] to Machine 0, Logical clock: 60
2025-03-03 23:13:07 - [RECEIVED] from Machine 1, Logical clock: 62, Queue length: 0
2025-03-03 23:13:07 - [RECEIVED] from Machine 2, Logical clock: 63, Queue length: 2
2025-03-03 23:13:08 - [RECEIVED] from Machine 1, Logical clock: 64, Queue length: 1
2025-03-03 23:13:08 - [RECEIVED] from Machine 1, Logical clock: 65, Queue length: 2
2025-03-03 23:13:08 - Received both, sender_id: 1
logical_clock: 57
, <grpc._server._Context object at 0x10230c790>
2025-03-03 23:13:08 - Received request, sender_id: 1
logical_clock: 57

2025-03-03 23:13:08 - [RECEIVED] from Machine 1, Logical clock: 66, Queue length: 0
2025-03-03 23:13:08 - [INTERNAL], Logical clock: 67
2025-03-03 23:13:08 - [RECEIVED] from Machine 1, Logical clock: 68, Queue length: 0
2025-03-03 23:13:09 - [SENT] to Machine 1, Logical clock: 68
2025-03-03 23:13:09 - Received both, sender_id: 1
logical_clock: 61
, <grpc._server._Context object at 0x10230c580>
2025-03-03 23:13:09 - Received request, sender_id: 1
logical_clock: 61

2025-03-03 23:13:09 - [RECEIVED] from Machine 1, Logical clock: 70, Queue length: 0
2025-03-03 23:13:09 - [INTERNAL], Logical clock: 71
2025-03-03 23:13:09 - [RECEIVED] from Machine 1, Logical clock: 72, Queue length: 2
2025-03-03 23:13:09 - [SENT] to Machine 0, Logical clock: 72
2025-03-03 23:13:10 - [INTERNAL], Logical clock: 74
2025-03-03 23:13:10 - [SENT] to Machine 0, Logical clock: 74
2025-03-03 23:13:10 - [RECEIVED] from Machine 2, Logical clock: 76, Queue length: 3
2025-03-03 23:13:10 - [INTERNAL], Logical clock: 77
2025-03-03 23:13:10 - [RECEIVED] from Machine 1, Logical clock: 78, Queue length: 0
2025-03-03 23:13:11 - [INTERNAL], Logical clock: 79
2025-03-03 23:13:11 - [SENT] to Machine 0, Logical clock: 79
2025-03-03 23:13:11 - [SENT] to Machine 1, Logical clock: 79
2025-03-03 23:13:11 - Received both, logical_clock: 70
, <grpc._server._Context object at 0x10230c9a0>
2025-03-03 23:13:11 - Received request, logical_clock: 70

2025-03-03 23:13:11 - [INTERNAL], Logical clock: 81
2025-03-03 23:13:11 - [RECEIVED] from Machine 1, Logical clock: 82, Queue length: 0
2025-03-03 23:13:11 - [RECEIVED] from Machine 2, Logical clock: 83, Queue length: 1
2025-03-03 23:13:12 - [RECEIVED] from Machine 2, Logical clock: 84, Queue length: 0
2025-03-03 23:13:12 - [RECEIVED] from Machine 0, Logical clock: 85, Queue length: 1
2025-03-03 23:13:12 - Received both, sender_id: 1
logical_clock: 81
, <grpc._server._Context object at 0x102302f10>
2025-03-03 23:13:12 - Received request, sender_id: 1
logical_clock: 81

2025-03-03 23:13:12 - [SENT] to Machine 1, Logical clock: 85
2025-03-03 23:13:12 - [RECEIVED] from Machine 1, Logical clock: 87, Queue length: 0
2025-03-03 23:13:12 - [SENT] to Machine 0, Logical clock: 87
2025-03-03 23:13:13 - [RECEIVED] from Machine 1, Logical clock: 89, Queue length: 0
2025-03-03 23:13:13 - [RECEIVED] from Machine 2, Logical clock: 90, Queue length: 1
2025-03-03 23:13:13 - [SENT] to Machine 0, Logical clock: 90
2025-03-03 23:13:13 - [SENT] to Machine 1, Logical clock: 91
2025-03-03 23:13:13 - [RECEIVED] from Machine 2, Logical clock: 93, Queue length: 2
2025-03-03 23:13:14 - [RECEIVED] from Machine 2, Logical clock: 94, Queue length: 0
2025-03-03 23:13:14 - [SENT] to Machine 0, Logical clock: 94
2025-03-03 23:13:14 - [SENT] to Machine 1, Logical clock: 94
2025-03-03 23:13:14 - Received both, sender_id: 1
logical_clock: 89
, <grpc._server._Context object at 0x10230d130>
2025-03-03 23:13:14 - Received request, sender_id: 1
logical_clock: 89

2025-03-03 23:13:14 - [RECEIVED] from Machine 1, Logical clock: 96, Queue length: 0
2025-03-03 23:13:14 - [RECEIVED] from Machine 1, Logical clock: 97, Queue length: 0
2025-03-03 23:13:14 - [SENT] to Machine 0, Logical clock: 97
2025-03-03 23:13:15 - [RECEIVED] from Machine 1, Logical clock: 99, Queue length: 0
2025-03-03 23:13:15 - [SENT] to Machine 0, Logical clock: 99
2025-03-03 23:13:15 - [SENT] to Machine 0, Logical clock: 100
2025-03-03 23:13:15 - [SENT] to Machine 1, Logical clock: 101
2025-03-03 23:13:15 - [SENT] to Machine 0, Logical clock: 102
2025-03-03 23:13:16 - [RECEIVED] from Machine 2, Logical clock: 104, Queue length: 1
2025-03-03 23:13:16 - [RECEIVED] from Machine 2, Logical clock: 105, Queue length: 2
2025-03-03 23:13:16 - [RECEIVED] from Machine 2, Logical clock: 106, Queue length: 0
2025-03-03 23:13:16 - [RECEIVED] from Machine 1, Logical clock: 107, Queue length: 0
2025-03-03 23:13:16 - [SENT] to Machine 0, Logical clock: 107
2025-03-03 23:13:17 - [RECEIVED] from Machine 2, Logical clock: 109, Queue length: 1
2025-03-03 23:13:17 - [SENT] to Machine 0, Logical clock: 109
2025-03-03 23:13:17 - [SENT] to Machine 0, Logical clock: 110
2025-03-03 23:13:17 - [RECEIVED] from Machine 2, Logical clock: 112, Queue length: 0
2025-03-03 23:13:17 - [SENT] to Machine 0, Logical clock: 112
2025-03-03 23:13:18 - [RECEIVED] from Machine 2, Logical clock: 114, Queue length: 0
2025-03-03 23:13:18 - [SENT] to Machine 0, Logical clock: 114
2025-03-03 23:13:18 - Received both, logical_clock: 96
, <grpc._server._Context object at 0x10230ca90>
2025-03-03 23:13:18 - Received request, logical_clock: 96

2025-03-03 23:13:18 - Received both, sender_id: 1
logical_clock: 113
, <grpc._server._Context object at 0x10230d6a0>
2025-03-03 23:13:18 - Received request, sender_id: 1
logical_clock: 113

2025-03-03 23:13:18 - [SENT] to Machine 0, Logical clock: 115
2025-03-03 23:13:18 - [SENT] to Machine 0, Logical clock: 116
2025-03-03 23:13:18 - [SENT] to Machine 0, Logical clock: 117
2025-03-03 23:13:19 - [RECEIVED] from Machine 2, Logical clock: 119, Queue length: 1
2025-03-03 23:13:19 - Received both, sender_id: 1
logical_clock: 116
, <grpc._server._Context object at 0x10230d160>
2025-03-03 23:13:19 - Received request, sender_id: 1
logical_clock: 116

2025-03-03 23:13:19 - [RECEIVED] from Machine 2, Logical clock: 120, Queue length: 2
2025-03-03 23:13:19 - [RECEIVED] from Machine 1, Logical clock: 121, Queue length: 0
2025-03-03 23:13:19 - [RECEIVED] from Machine 0, Logical clock: 122, Queue length: 1
2025-03-03 23:13:19 - [RECEIVED] from Machine 1, Logical clock: 123, Queue length: 1
2025-03-03 23:13:20 - [INTERNAL], Logical clock: 124
2025-03-03 23:13:20 - [RECEIVED] from Machine 2, Logical clock: 125, Queue length: 0
2025-03-03 23:13:20 - Received both, sender_id: 1
logical_clock: 121
, <grpc._server._Context object at 0x1022df730>
2025-03-03 23:13:20 - Received request, sender_id: 1
logical_clock: 121

2025-03-03 23:13:20 - [SENT] to Machine 0, Logical clock: 125
2025-03-03 23:13:20 - [INTERNAL], Logical clock: 127
2025-03-03 23:13:20 - [RECEIVED] from Machine 1, Logical clock: 128, Queue length: 1
2025-03-03 23:13:21 - [INTERNAL], Logical clock: 129
2025-03-03 23:13:21 - [SENT] to Machine 0, Logical clock: 129
2025-03-03 23:13:21 - [INTERNAL], Logical clock: 131
2025-03-03 23:13:21 - [SENT] to Machine 0, Logical clock: 131
2025-03-03 23:13:21 - [INTERNAL], Logical clock: 133
2025-03-03 23:13:22 - [RECEIVED] from Machine 2, Logical clock: 134, Queue length: 0
2025-03-03 23:13:22 - [SENT] to Machine 0, Logical clock: 134
2025-03-03 23:13:22 - [SENT] to Machine 1, Logical clock: 134
2025-03-03 23:13:22 - [SENT] to Machine 0, Logical clock: 135
2025-03-03 23:13:22 - [INTERNAL], Logical clock: 137
2025-03-03 23:13:22 - [RECEIVED] from Machine 2, Logical clock: 138, Queue length: 0
2025-03-03 23:13:22 - Received both, sender_id: 1
logical_clock: 136
, <grpc._server._Context object at 0x10230dbe0>
2025-03-03 23:13:22 - Received request, sender_id: 1
logical_clock: 136

2025-03-03 23:13:23 - [SENT] to Machine 0, Logical clock: 138
2025-03-03 23:13:23 - [SENT] to Machine 1, Logical clock: 138
2025-03-03 23:13:23 - [INTERNAL], Logical clock: 140
2025-03-03 23:13:23 - [SENT] to Machine 0, Logical clock: 140
2025-03-03 23:13:23 - [RECEIVED] from Machine 2, Logical clock: 142, Queue length: 0
2025-03-03 23:13:23 - [SENT] to Machine 1, Logical clock: 142
2025-03-03 23:13:24 - [SENT] to Machine 0, Logical clock: 143
2025-03-03 23:13:24 - [SENT] to Machine 0, Logical clock: 144
2025-03-03 23:13:24 - [SENT] to Machine 1, Logical clock: 144
2025-03-03 23:13:24 - [RECEIVED] from Machine 2, Logical clock: 146, Queue length: 1
2025-03-03 23:13:24 - [RECEIVED] from Machine 2, Logical clock: 147, Queue length: 1
2025-03-03 23:13:24 - [RECEIVED] from Machine 2, Logical clock: 148, Queue length: 0
2025-03-03 23:13:24 - Received both, sender_id: 1
logical_clock: 144
, <grpc._server._Context object at 0x102302ee0>
2025-03-03 23:13:24 - Received request, sender_id: 1
logical_clock: 144

2025-03-03 23:13:25 - [RECEIVED] from Machine 1, Logical clock: 149, Queue length: 0
2025-03-03 23:13:25 - [SENT] to Machine 0, Logical clock: 149
2025-03-03 23:13:25 - [SENT] to Machine 0, Logical clock: 150
2025-03-03 23:13:25 - [SENT] to Machine 0, Logical clock: 151
2025-03-03 23:13:25 - [SENT] to Machine 0, Logical clock: 152
2025-03-03 23:13:26 - [SENT] to Machine 0, Logical clock: 153
2025-03-03 23:13:26 - [RECEIVED] from Machine 2, Logical clock: 155, Queue length: 0
2025-03-03 23:13:26 - [SENT] to Machine 0, Logical clock: 155
2025-03-03 23:13:26 - [RECEIVED] from Machine 2, Logical clock: 157, Queue length: 0
2025-03-03 23:13:26 - [SENT] to Machine 0, Logical clock: 157
2025-03-03 23:13:27 - [INTERNAL], Logical clock: 159
2025-03-03 23:13:27 - [SENT] to Machine 0, Logical clock: 159
2025-03-03 23:13:27 - [RECEIVED] from Machine 2, Logical clock: 161, Queue length: 1
2025-03-03 23:13:27 - [SENT] to Machine 1, Logical clock: 161
2025-03-03 23:13:27 - [RECEIVED] from Machine 1, Logical clock: 163, Queue length: 0
2025-03-03 23:13:28 - [INTERNAL], Logical clock: 164
2025-03-03 23:13:28 - Received both, sender_id: 1
logical_clock: 162
, <grpc._server._Context object at 0x10230e190>
2025-03-03 23:13:28 - Received request, sender_id: 1
logical_clock: 162

2025-03-03 23:13:28 - [INTERNAL], Logical clock: 165
2025-03-03 23:13:28 - [SENT] to Machine 0, Logical clock: 165
2025-03-03 23:13:28 - [SENT] to Machine 0, Logical clock: 166
2025-03-03 23:13:28 - [SENT] to Machine 0, Logical clock: 167
2025-03-03 23:13:29 - [RECEIVED] from Machine 2, Logical clock: 169, Queue length: 1
2025-03-03 23:13:29 - [SENT] to Machine 0, Logical clock: 169
2025-03-03 23:13:29 - [RECEIVED] from Machine 1, Logical clock: 171, Queue length: 0
2025-03-03 23:13:29 - [INTERNAL], Logical clock: 172
2025-03-03 23:13:29 - [RECEIVED] from Machine 1, Logical clock: 173, Queue length: 3
2025-03-03 23:13:30 - [RECEIVED] from Machine 1, Logical clock: 174, Queue length: 0
2025-03-03 23:13:30 - [INTERNAL], Logical clock: 175
2025-03-03 23:13:30 - [SENT] to Machine 0, Logical clock: 175
2025-03-03 23:13:30 - [SENT] to Machine 1, Logical clock: 175
2025-03-03 23:13:30 - Received both, sender_id: 1
logical_clock: 171
, <grpc._server._Context object at 0x10230d0a0>
2025-03-03 23:13:30 - Received request, sender_id: 1
logical_clock: 171

2025-03-03 23:13:30 - [RECEIVED] from Machine 1, Logical clock: 177, Queue length: 0
2025-03-03 23:13:30 - [RECEIVED] from Machine 2, Logical clock: 178, Queue length: 0
2025-03-03 23:13:31 - Received both, sender_id: 1
logical_clock: 173
, <grpc._server._Context object at 0x10230ce80>
2025-03-03 23:13:31 - Received request, sender_id: 1
logical_clock: 173

2025-03-03 23:13:31 - [RECEIVED] from Machine 2, Logical clock: 179, Queue length: 0
2025-03-03 23:13:31 - Received both, sender_id: 1
logical_clock: 174
, <grpc._server._Context object at 0x10230d160>
2025-03-03 23:13:31 - Received request, sender_id: 1
logical_clock: 174

2025-03-03 23:13:31 - [RECEIVED] from Machine 1, Logical clock: 180, Queue length: 1
2025-03-03 23:13:31 - [INTERNAL], Logical clock: 181
2025-03-03 23:13:31 - [SENT] to Machine 0, Logical clock: 181
2025-03-03 23:13:31 - Received both, sender_id: 1
logical_clock: 176
, <grpc._server._Context object at 0x10230c880>
2025-03-03 23:13:31 - Received request, sender_id: 1
logical_clock: 176

2025-03-03 23:13:31 - [SENT] to Machine 0, Logical clock: 182
2025-03-03 23:13:32 - [RECEIVED] from Machine 2, Logical clock: 184, Queue length: 1
2025-03-03 23:13:32 - [RECEIVED] from Machine 1, Logical clock: 185, Queue length: 0
2025-03-03 23:13:32 - [RECEIVED] from Machine 1, Logical clock: 186, Queue length: 1
2025-03-03 23:13:32 - [SENT] to Machine 1, Logical clock: 186
2025-03-03 23:13:32 - [SENT] to Machine 0, Logical clock: 187
2025-03-03 23:13:33 - [RECEIVED] from Machine 2, Logical clock: 189, Queue length: 1
2025-03-03 23:13:33 - [INTERNAL], Logical clock: 190
2025-03-03 23:13:33 - Received both, logical_clock: 172
, <grpc._server._Context object at 0x10230e190>
2025-03-03 23:13:33 - Received request, logical_clock: 172

2025-03-03 23:13:33 - [SENT] to Machine 0, Logical clock: 190
2025-03-03 23:13:33 - [SENT] to Machine 0, Logical clock: 191
2025-03-03 23:13:33 - [RECEIVED] from Machine 2, Logical clock: 193, Queue length: 1
2025-03-03 23:13:34 - Received both, sender_id: 1
logical_clock: 191
, <grpc._server._Context object at 0x10230e7f0>
2025-03-03 23:13:34 - Received request, sender_id: 1
logical_clock: 191

2025-03-03 23:13:34 - [RECEIVED] from Machine 0, Logical clock: 194, Queue length: 1
2025-03-03 23:13:34 - [RECEIVED] from Machine 0, Logical clock: 195, Queue length: 0
2025-03-03 23:13:34 - [RECEIVED] from Machine 2, Logical clock: 196, Queue length: 1
2025-03-03 23:13:34 - [RECEIVED] from Machine 1, Logical clock: 197, Queue length: 0
2025-03-03 23:13:34 - Received both, sender_id: 1
logical_clock: 194
, <grpc._server._Context object at 0x10230d220>
2025-03-03 23:13:34 - Received request, sender_id: 1
logical_clock: 194

2025-03-03 23:13:34 - [SENT] to Machine 0, Logical clock: 197
2025-03-03 23:13:35 - [RECEIVED] from Machine 1, Logical clock: 199, Queue length: 0
2025-03-03 23:13:35 - [SENT] to Machine 0, Logical clock: 199
2025-03-03 23:13:35 - [INTERNAL], Logical clock: 201
2025-03-03 23:13:35 - [RECEIVED] from Machine 2, Logical clock: 202, Queue length: 0
2025-03-03 23:13:35 - [RECEIVED] from Machine 1, Logical clock: 203, Queue length: 0
2025-03-03 23:13:36 - [INTERNAL], Logical clock: 204
2025-03-03 23:13:36 - [SENT] to Machine 0, Logical clock: 204
2025-03-03 23:13:36 - [RECEIVED] from Machine 1, Logical clock: 206, Queue length: 1
2025-03-03 23:13:36 - [RECEIVED] from Machine 1, Logical clock: 207, Queue length: 0
2025-03-03 23:13:36 - Received both, sender_id: 1
logical_clock: 202
, <grpc._server._Context object at 0x10230e8b0>
2025-03-03 23:13:36 - Received request, sender_id: 1
logical_clock: 202

2025-03-03 23:13:36 - [RECEIVED] from Machine 1, Logical clock: 208, Queue length: 1
2025-03-03 23:13:37 - [SENT] to Machine 0, Logical clock: 208
2025-03-03 23:13:37 - [SENT] to Machine 0, Logical clock: 209
2025-03-03 23:13:37 - [SENT] to Machine 1, Logical clock: 209
2025-03-03 23:13:37 - [RECEIVED] from Machine 2, Logical clock: 211, Queue length: 0
2025-03-03 23:13:37 - [INTERNAL], Logical clock: 212
2025-03-03 23:13:37 - [INTERNAL], Logical clock: 213
2025-03-03 23:13:38 - [SENT] to Machine 0, Logical clock: 213
2025-03-03 23:13:38 - [INTERNAL], Logical clock: 215
2025-03-03 23:13:38 - [INTERNAL], Logical clock: 216
2025-03-03 23:13:38 - [SENT] to Machine 0, Logical clock: 216
2025-03-03 23:13:38 - [RECEIVED] from Machine 2, Logical clock: 218, Queue length: 0
2025-03-03 23:13:39 - [SENT] to Machine 1, Logical clock: 218
2025-03-03 23:13:39 - [RECEIVED] from Machine 1, Logical clock: 220, Queue length: 0
2025-03-03 23:13:39 - [SENT] to Machine 0, Logical clock: 220
2025-03-03 23:13:39 - [INTERNAL], Logical clock: 222
2025-03-03 23:13:39 - [RECEIVED] from Machine 1, Logical clock: 223, Queue length: 1
2025-03-03 23:13:40 - [SENT] to Machine 1, Logical clock: 223
2025-03-03 23:13:40 - [SENT] to Machine 0, Logical clock: 224
2025-03-03 23:13:40 - Received both, sender_id: 1
logical_clock: 224
, <grpc._server._Context object at 0x10230e6a0>
2025-03-03 23:13:40 - Received request, sender_id: 1
logical_clock: 224

2025-03-03 23:13:40 - [RECEIVED] from Machine 2, Logical clock: 226, Queue length: 0
2025-03-03 23:13:40 - [SENT] to Machine 1, Logical clock: 226
2025-03-03 23:13:40 - Received both, sender_id: 1
logical_clock: 225
, <grpc._server._Context object at 0x10230e700>
2025-03-03 23:13:40 - Received request, sender_id: 1
logical_clock: 225

2025-03-03 23:13:40 - [RECEIVED] from Machine 1, Logical clock: 228, Queue length: 0
2025-03-03 23:13:41 - [INTERNAL], Logical clock: 229
2025-03-03 23:13:41 - [RECEIVED] from Machine 2, Logical clock: 230, Queue length: 1
2025-03-03 23:13:41 - Received both, sender_id: 1
logical_clock: 228
, <grpc._server._Context object at 0x10230e2e0>
2025-03-03 23:13:41 - Received request, sender_id: 1
logical_clock: 228

2025-03-03 23:13:41 - [INTERNAL], Logical clock: 231
2025-03-03 23:13:41 - [RECEIVED] from Machine 2, Logical clock: 232, Queue length: 1
2025-03-03 23:13:41 - Received both, sender_id: 1
logical_clock: 229
, <grpc._server._Context object at 0x10230e880>
2025-03-03 23:13:41 - Received request, sender_id: 1
logical_clock: 229

2025-03-03 23:13:41 - [SENT] to Machine 0, Logical clock: 232
2025-03-03 23:13:42 - [RECEIVED] from Machine 2, Logical clock: 234, Queue length: 0
2025-03-03 23:13:42 - Received both, sender_id: 1
logical_clock: 231
, <grpc._server._Context object at 0x10230e430>
2025-03-03 23:13:42 - Received request, sender_id: 1
logical_clock: 231

2025-03-03 23:13:42 - [RECEIVED] from Machine 1, Logical clock: 235, Queue length: 1
2025-03-03 23:13:42 - [RECEIVED] from Machine 1, Logical clock: 236, Queue length: 1
2025-03-03 23:13:42 - [SENT] to Machine 0, Logical clock: 236
2025-03-03 23:13:42 - [SENT] to Machine 1, Logical clock: 236
2025-03-03 23:13:42 - [SENT] to Machine 0, Logical clock: 237
2025-03-03 23:13:42 - [SENT] to Machine 1, Logical clock: 237
2025-03-03 23:13:43 - [RECEIVED] from Machine 1, Logical clock: 239, Queue length: 0
2025-03-03 23:13:43 - [SENT] to Machine 0, Logical clock: 239
2025-03-03 23:13:43 - Received both, sender_id: 1
logical_clock: 236
, <grpc._server._Context object at 0x1022dff40>
2025-03-03 23:13:43 - Received request, sender_id: 1
logical_clock: 236

2025-03-03 23:13:43 - [RECEIVED] from Machine 2, Logical clock: 241, Queue length: 1
2025-03-03 23:13:43 - [RECEIVED] from Machine 2, Logical clock: 242, Queue length: 0
2025-03-03 23:13:43 - [INTERNAL], Logical clock: 243
2025-03-03 23:13:44 - [RECEIVED] from Machine 0, Logical clock: 244, Queue length: 1
2025-03-03 23:13:44 - [SENT] to Machine 0, Logical clock: 244
2025-03-03 23:13:44 - [RECEIVED] from Machine 2, Logical clock: 246, Queue length: 1
2025-03-03 23:13:44 - [INTERNAL], Logical clock: 247
2025-03-03 23:13:44 - Received both, sender_id: 1
logical_clock: 241
, <grpc._server._Context object at 0x10230d130>
2025-03-03 23:13:44 - Received request, sender_id: 1
logical_clock: 241

2025-03-03 23:13:44 - [RECEIVED] from Machine 1, Logical clock: 248, Queue length: 0
2025-03-03 23:13:45 - [RECEIVED] from Machine 0, Logical clock: 249, Queue length: 0
2025-03-03 23:13:45 - [RECEIVED] from Machine 2, Logical clock: 250, Queue length: 3
2025-03-03 23:13:45 - [RECEIVED] from Machine 1, Logical clock: 251, Queue length: 0
2025-03-03 23:13:45 - [RECEIVED] from Machine 1, Logical clock: 252, Queue length: 0
2025-03-03 23:13:45 - [RECEIVED] from Machine 1, Logical clock: 253, Queue length: 0
