2025-03-03 23:11:03 - [INIT] with clock rate 5 and peers ['localhost:50051', 'localhost:50052'], [1, 2]
2025-03-03 23:11:05 - [INTERNAL], Logical clock: 1
2025-03-03 23:11:05 - [SENT] to Machine 1, Logical clock: 1
2025-03-03 23:11:05 - [SENT] to Machine 2, Logical clock: 2
2025-03-03 23:11:05 - [INTERNAL], Logical clock: 4
2025-03-03 23:11:05 - [INTERNAL], Logical clock: 5
2025-03-03 23:11:06 - [RECEIVED] from Machine 0, Logical clock: 6, Queue length: 0
2025-03-03 23:11:06 - Received message, sender_id: 2
logical_clock: 1

2025-03-03 23:11:06 - [SENT] to Machine 1, Logical clock: 6
2025-03-03 23:11:06 - [SENT] to Machine 2, Logical clock: 6
2025-03-03 23:11:06 - [SENT] to Machine 1, Logical clock: 7
2025-03-03 23:11:06 - [SENT] to Machine 1, Logical clock: 8
2025-03-03 23:11:06 - [RECEIVED] from Machine 0, Logical clock: 10, Queue length: 2
2025-03-03 23:11:07 - [RECEIVED] from Machine 0, Logical clock: 11, Queue length: 1
2025-03-03 23:11:07 - [SENT] to Machine 1, Logical clock: 11
2025-03-03 23:11:07 - [SENT] to Machine 1, Logical clock: 12
2025-03-03 23:11:07 - [SENT] to Machine 1, Logical clock: 13
2025-03-03 23:11:07 - [INTERNAL], Logical clock: 15
2025-03-03 23:11:08 - Received message, sender_id: 2
logical_clock: 7

2025-03-03 23:11:08 - [SENT] to Machine 1, Logical clock: 15
2025-03-03 23:11:08 - Received message, sender_id: 1
logical_clock: 10

2025-03-03 23:11:08 - [RECEIVED] from Machine 0, Logical clock: 17, Queue length: 1
2025-03-03 23:11:08 - [SENT] to Machine 1, Logical clock: 17
2025-03-03 23:11:08 - [RECEIVED] from Machine 2, Logical clock: 19, Queue length: 1
2025-03-03 23:11:08 - [RECEIVED] from Machine 0, Logical clock: 20, Queue length: 0
2025-03-03 23:11:09 - [RECEIVED] from Machine 0, Logical clock: 21, Queue length: 0
2025-03-03 23:11:09 - Received message, sender_id: 1
logical_clock: 12

2025-03-03 23:11:09 - [RECEIVED] from Machine 2, Logical clock: 22, Queue length: 2
2025-03-03 23:11:09 - [SENT] to Machine 1, Logical clock: 22
2025-03-03 23:11:09 - [SENT] to Machine 1, Logical clock: 23
2025-03-03 23:11:09 - [INTERNAL], Logical clock: 25
2025-03-03 23:11:10 - [RECEIVED] from Machine 0, Logical clock: 26, Queue length: 0
2025-03-03 23:11:10 - [INTERNAL], Logical clock: 27
2025-03-03 23:11:10 - [RECEIVED] from Machine 1, Logical clock: 28, Queue length: 0
2025-03-03 23:11:10 - [SENT] to Machine 1, Logical clock: 28
2025-03-03 23:11:10 - [SENT] to Machine 2, Logical clock: 28
2025-03-03 23:11:10 - [RECEIVED] from Machine 0, Logical clock: 30, Queue length: 0
2025-03-03 23:11:11 - Received message, sender_id: 2
logical_clock: 16

2025-03-03 23:11:11 - [SENT] to Machine 1, Logical clock: 30
2025-03-03 23:11:11 - Received message, sender_id: 1
logical_clock: 20

2025-03-03 23:11:11 - [RECEIVED] from Machine 0, Logical clock: 32, Queue length: 0
2025-03-03 23:11:11 - [SENT] to Machine 1, Logical clock: 32
2025-03-03 23:11:11 - [RECEIVED] from Machine 0, Logical clock: 34, Queue length: 0
2025-03-03 23:11:11 - [RECEIVED] from Machine 1, Logical clock: 35, Queue length: 0
2025-03-03 23:11:12 - [SENT] to Machine 1, Logical clock: 35
2025-03-03 23:11:12 - Received message, sender_id: 1
logical_clock: 22

2025-03-03 23:11:12 - [SENT] to Machine 1, Logical clock: 36
2025-03-03 23:11:12 - [INTERNAL], Logical clock: 38
2025-03-03 23:11:12 - [RECEIVED] from Machine 2, Logical clock: 39, Queue length: 0
2025-03-03 23:11:12 - [SENT] to Machine 1, Logical clock: 39
2025-03-03 23:11:13 - Received message, sender_id: 2
logical_clock: 18

2025-03-03 23:11:13 - [RECEIVED] from Machine 0, Logical clock: 41, Queue length: 0
2025-03-03 23:11:13 - [SENT] to Machine 1, Logical clock: 41
2025-03-03 23:11:13 - [RECEIVED] from Machine 0, Logical clock: 43, Queue length: 2
2025-03-03 23:11:13 - Received message, sender_id: 1
logical_clock: 30

2025-03-03 23:11:13 - [RECEIVED] from Machine 1, Logical clock: 44, Queue length: 3
2025-03-03 23:11:13 - [RECEIVED] from Machine 0, Logical clock: 45, Queue length: 0
2025-03-03 23:11:14 - Received message, sender_id: 2
logical_clock: 19

2025-03-03 23:11:14 - Received message, sender_id: 1
logical_clock: 31

2025-03-03 23:11:14 - [SENT] to Machine 1, Logical clock: 45
2025-03-03 23:11:14 - [RECEIVED] from Machine 1, Logical clock: 47, Queue length: 0
2025-03-03 23:11:14 - [RECEIVED] from Machine 1, Logical clock: 48, Queue length: 1
2025-03-03 23:11:14 - Received message, sender_id: 1
logical_clock: 32

2025-03-03 23:11:14 - [INTERNAL], Logical clock: 49
2025-03-03 23:11:14 - [RECEIVED] from Machine 2, Logical clock: 50, Queue length: 3
2025-03-03 23:11:15 - [RECEIVED] from Machine 0, Logical clock: 51, Queue length: 0
2025-03-03 23:11:15 - [RECEIVED] from Machine 2, Logical clock: 52, Queue length: 0
2025-03-03 23:11:15 - [SENT] to Machine 1, Logical clock: 52
2025-03-03 23:11:15 - Received message, sender_id: 1
logical_clock: 37

2025-03-03 23:11:15 - [RECEIVED] from Machine 0, Logical clock: 54, Queue length: 0
2025-03-03 23:11:15 - [RECEIVED] from Machine 1, Logical clock: 55, Queue length: 1
2025-03-03 23:11:16 - Received message, sender_id: 2
logical_clock: 31

2025-03-03 23:11:16 - Received message, sender_id: 1
logical_clock: 38

2025-03-03 23:11:16 - [INTERNAL], Logical clock: 56
2025-03-03 23:11:16 - [SENT] to Machine 1, Logical clock: 56
2025-03-03 23:11:16 - [RECEIVED] from Machine 1, Logical clock: 58, Queue length: 0
2025-03-03 23:11:16 - [INTERNAL], Logical clock: 59
2025-03-03 23:11:16 - [SENT] to Machine 1, Logical clock: 59
2025-03-03 23:11:17 - [RECEIVED] from Machine 1, Logical clock: 61, Queue length: 0
2025-03-03 23:11:17 - [RECEIVED] from Machine 0, Logical clock: 62, Queue length: 2
2025-03-03 23:11:17 - [INTERNAL], Logical clock: 63
2025-03-03 23:11:17 - Received message, sender_id: 1
logical_clock: 41

2025-03-03 23:11:17 - [INTERNAL], Logical clock: 64
2025-03-03 23:11:17 - [SENT] to Machine 1, Logical clock: 64
2025-03-03 23:11:18 - [RECEIVED] from Machine 1, Logical clock: 66, Queue length: 0
2025-03-03 23:11:18 - [RECEIVED] from Machine 0, Logical clock: 67, Queue length: 0
2025-03-03 23:11:18 - [INTERNAL], Logical clock: 68
2025-03-03 23:11:18 - Received message, sender_id: 1
logical_clock: 43

2025-03-03 23:11:18 - [SENT] to Machine 2, Logical clock: 68
2025-03-03 23:11:18 - [RECEIVED] from Machine 0, Logical clock: 70, Queue length: 1
2025-03-03 23:11:19 - Received message, sender_id: 1
logical_clock: 44

2025-03-03 23:11:19 - [RECEIVED] from Machine 1, Logical clock: 71, Queue length: 0
2025-03-03 23:11:19 - [SENT] to Machine 1, Logical clock: 71
2025-03-03 23:11:19 - [SENT] to Machine 1, Logical clock: 72
2025-03-03 23:11:19 - Received message, sender_id: 1
logical_clock: 45

2025-03-03 23:11:19 - [RECEIVED] from Machine 0, Logical clock: 74, Queue length: 2
2025-03-03 23:11:19 - [SENT] to Machine 1, Logical clock: 74
2025-03-03 23:11:20 - [RECEIVED] from Machine 1, Logical clock: 76, Queue length: 0
2025-03-03 23:11:20 - [SENT] to Machine 1, Logical clock: 76
2025-03-03 23:11:20 - [SENT] to Machine 2, Logical clock: 76
2025-03-03 23:11:20 - [INTERNAL], Logical clock: 78
2025-03-03 23:11:20 - [SENT] to Machine 1, Logical clock: 78
2025-03-03 23:11:20 - [RECEIVED] from Machine 0, Logical clock: 80, Queue length: 1
2025-03-03 23:11:21 - [INTERNAL], Logical clock: 81
2025-03-03 23:11:21 - [RECEIVED] from Machine 0, Logical clock: 82, Queue length: 0
2025-03-03 23:11:21 - [SENT] to Machine 2, Logical clock: 82
2025-03-03 23:11:21 - Received message, sender_id: 1
logical_clock: 77

2025-03-03 23:11:21 - [RECEIVED] from Machine 0, Logical clock: 84, Queue length: 0
2025-03-03 23:11:21 - [SENT] to Machine 1, Logical clock: 84
2025-03-03 23:11:22 - Received message, sender_id: 1
logical_clock: 78

2025-03-03 23:11:22 - [RECEIVED] from Machine 2, Logical clock: 86, Queue length: 0
2025-03-03 23:11:22 - [RECEIVED] from Machine 2, Logical clock: 87, Queue length: 1
2025-03-03 23:11:22 - [RECEIVED] from Machine 0, Logical clock: 88, Queue length: 0
2025-03-03 23:11:22 - [INTERNAL], Logical clock: 89
2025-03-03 23:11:22 - [SENT] to Machine 1, Logical clock: 89
2025-03-03 23:11:23 - Received message, sender_id: 2
logical_clock: 74

2025-03-03 23:11:23 - Received message, sender_id: 1
logical_clock: 80

2025-03-03 23:11:23 - [INTERNAL], Logical clock: 91
2025-03-03 23:11:23 - [SENT] to Machine 1, Logical clock: 91
2025-03-03 23:11:23 - [RECEIVED] from Machine 2, Logical clock: 93, Queue length: 2
2025-03-03 23:11:23 - [SENT] to Machine 1, Logical clock: 93
2025-03-03 23:11:23 - [SENT] to Machine 2, Logical clock: 93
2025-03-03 23:11:23 - [SENT] to Machine 1, Logical clock: 94
2025-03-03 23:11:24 - [SENT] to Machine 1, Logical clock: 95
2025-03-03 23:11:24 - [RECEIVED] from Machine 0, Logical clock: 97, Queue length: 1
2025-03-03 23:11:24 - [SENT] to Machine 1, Logical clock: 97
2025-03-03 23:11:24 - [RECEIVED] from Machine 0, Logical clock: 99, Queue length: 1
2025-03-03 23:11:24 - [SENT] to Machine 1, Logical clock: 99
2025-03-03 23:11:25 - Received message, sender_id: 1
logical_clock: 84

2025-03-03 23:11:25 - [RECEIVED] from Machine 1, Logical clock: 101, Queue length: 0
2025-03-03 23:11:25 - [RECEIVED] from Machine 0, Logical clock: 102, Queue length: 1
2025-03-03 23:11:25 - [RECEIVED] from Machine 0, Logical clock: 103, Queue length: 0
2025-03-03 23:11:25 - [RECEIVED] from Machine 1, Logical clock: 104, Queue length: 0
2025-03-03 23:11:25 - [SENT] to Machine 2, Logical clock: 104
2025-03-03 23:11:26 - Received message, sender_id: 2
logical_clock: 94

2025-03-03 23:11:26 - [RECEIVED] from Machine 1, Logical clock: 106, Queue length: 0
2025-03-03 23:11:26 - [SENT] to Machine 1, Logical clock: 106
2025-03-03 23:11:26 - [SENT] to Machine 1, Logical clock: 107
2025-03-03 23:11:26 - Received message, sender_id: 1
logical_clock: 105

2025-03-03 23:11:26 - [RECEIVED] from Machine 0, Logical clock: 109, Queue length: 0
2025-03-03 23:11:26 - [RECEIVED] from Machine 2, Logical clock: 110, Queue length: 1
2025-03-03 23:11:27 - Received message, sender_id: 2
logical_clock: 95

2025-03-03 23:11:27 - [SENT] to Machine 1, Logical clock: 110
2025-03-03 23:11:27 - [SENT] to Machine 2, Logical clock: 110
2025-03-03 23:11:27 - [SENT] to Machine 1, Logical clock: 111
2025-03-03 23:11:27 - [SENT] to Machine 1, Logical clock: 112
2025-03-03 23:11:27 - [RECEIVED] from Machine 0, Logical clock: 114, Queue length: 2
2025-03-03 23:11:27 - [SENT] to Machine 1, Logical clock: 114
2025-03-03 23:11:28 - [RECEIVED] from Machine 0, Logical clock: 116, Queue length: 0
2025-03-03 23:11:28 - [INTERNAL], Logical clock: 117
2025-03-03 23:11:28 - [RECEIVED] from Machine 0, Logical clock: 118, Queue length: 0
2025-03-03 23:11:28 - Received message, sender_id: 1
logical_clock: 112

2025-03-03 23:11:28 - [INTERNAL], Logical clock: 119
2025-03-03 23:11:28 - [SENT] to Machine 1, Logical clock: 119
2025-03-03 23:11:29 - [RECEIVED] from Machine 0, Logical clock: 121, Queue length: 1
2025-03-03 23:11:29 - [SENT] to Machine 1, Logical clock: 121
2025-03-03 23:11:29 - [SENT] to Machine 2, Logical clock: 122
2025-03-03 23:11:29 - Received message, sender_id: 1
logical_clock: 114

2025-03-03 23:11:29 - [RECEIVED] from Machine 1, Logical clock: 124, Queue length: 3
2025-03-03 23:11:29 - [RECEIVED] from Machine 2, Logical clock: 125, Queue length: 0
2025-03-03 23:11:30 - [SENT] to Machine 1, Logical clock: 125
2025-03-03 23:11:30 - [INTERNAL], Logical clock: 127
2025-03-03 23:11:30 - [RECEIVED] from Machine 0, Logical clock: 128, Queue length: 2
2025-03-03 23:11:30 - [SENT] to Machine 1, Logical clock: 128
2025-03-03 23:11:30 - [SENT] to Machine 2, Logical clock: 128
2025-03-03 23:11:30 - [RECEIVED] from Machine 0, Logical clock: 130, Queue length: 2
2025-03-03 23:11:31 - [SENT] to Machine 1, Logical clock: 130
2025-03-03 23:11:31 - [SENT] to Machine 2, Logical clock: 130
2025-03-03 23:11:31 - [SENT] to Machine 1, Logical clock: 131
2025-03-03 23:11:31 - [SENT] to Machine 1, Logical clock: 132
2025-03-03 23:11:31 - [SENT] to Machine 2, Logical clock: 133
2025-03-03 23:11:31 - [RECEIVED] from Machine 0, Logical clock: 135, Queue length: 1
2025-03-03 23:11:32 - [SENT] to Machine 1, Logical clock: 135
2025-03-03 23:11:32 - [SENT] to Machine 2, Logical clock: 135
2025-03-03 23:11:32 - [SENT] to Machine 1, Logical clock: 136
2025-03-03 23:11:32 - [SENT] to Machine 2, Logical clock: 136
2025-03-03 23:11:32 - [SENT] to Machine 1, Logical clock: 137
2025-03-03 23:11:32 - Received message, sender_id: 1
logical_clock: 134

2025-03-03 23:11:32 - [RECEIVED] from Machine 1, Logical clock: 139, Queue length: 1
2025-03-03 23:11:32 - [SENT] to Machine 2, Logical clock: 139
2025-03-03 23:11:33 - [INTERNAL], Logical clock: 141
2025-03-03 23:11:33 - [SENT] to Machine 1, Logical clock: 141
2025-03-03 23:11:33 - [SENT] to Machine 2, Logical clock: 141
2025-03-03 23:11:33 - [INTERNAL], Logical clock: 143
2025-03-03 23:11:33 - [RECEIVED] from Machine 0, Logical clock: 144, Queue length: 0
2025-03-03 23:11:33 - [RECEIVED] from Machine 1, Logical clock: 145, Queue length: 1
2025-03-03 23:11:34 - [INTERNAL], Logical clock: 146
2025-03-03 23:11:34 - [SENT] to Machine 1, Logical clock: 146
2025-03-03 23:11:34 - [SENT] to Machine 2, Logical clock: 146
2025-03-03 23:11:34 - [INTERNAL], Logical clock: 148
2025-03-03 23:11:34 - [RECEIVED] from Machine 0, Logical clock: 149, Queue length: 1
2025-03-03 23:11:34 - [INTERNAL], Logical clock: 150
2025-03-03 23:11:35 - [RECEIVED] from Machine 0, Logical clock: 151, Queue length: 1
2025-03-03 23:11:35 - [INTERNAL], Logical clock: 152
2025-03-03 23:11:35 - [SENT] to Machine 1, Logical clock: 152
2025-03-03 23:11:35 - [RECEIVED] from Machine 0, Logical clock: 154, Queue length: 1
2025-03-03 23:11:35 - [SENT] to Machine 1, Logical clock: 154
2025-03-03 23:11:36 - Received message, sender_id: 2
logical_clock: 142

2025-03-03 23:11:36 - [SENT] to Machine 1, Logical clock: 155
2025-03-03 23:11:36 - [RECEIVED] from Machine 0, Logical clock: 157, Queue length: 0
2025-03-03 23:11:36 - [SENT] to Machine 1, Logical clock: 157
2025-03-03 23:11:36 - Received message, sender_id: 1
logical_clock: 149

2025-03-03 23:11:36 - [RECEIVED] from Machine 2, Logical clock: 159, Queue length: 0
2025-03-03 23:11:36 - [RECEIVED] from Machine 1, Logical clock: 160, Queue length: 0
2025-03-03 23:11:37 - Received message, sender_id: 2
logical_clock: 143

2025-03-03 23:11:37 - [RECEIVED] from Machine 0, Logical clock: 161, Queue length: 2
2025-03-03 23:11:37 - [RECEIVED] from Machine 0, Logical clock: 162, Queue length: 0
2025-03-03 23:11:37 - [RECEIVED] from Machine 2, Logical clock: 163, Queue length: 1
2025-03-03 23:11:37 - Received message, sender_id: 1
logical_clock: 151

2025-03-03 23:11:37 - [RECEIVED] from Machine 0, Logical clock: 164, Queue length: 0
2025-03-03 23:11:37 - [SENT] to Machine 1, Logical clock: 164
2025-03-03 23:11:38 - Received message, sender_id: 1
logical_clock: 152

2025-03-03 23:11:38 - [INTERNAL], Logical clock: 166
2025-03-03 23:11:38 - [RECEIVED] from Machine 0, Logical clock: 167, Queue length: 0
2025-03-03 23:11:38 - [SENT] to Machine 1, Logical clock: 167
2025-03-03 23:11:38 - [RECEIVED] from Machine 1, Logical clock: 169, Queue length: 1
2025-03-03 23:11:38 - [RECEIVED] from Machine 0, Logical clock: 170, Queue length: 0
2025-03-03 23:11:39 - [INTERNAL], Logical clock: 171
2025-03-03 23:11:39 - [INTERNAL], Logical clock: 172
2025-03-03 23:11:39 - [SENT] to Machine 1, Logical clock: 172
2025-03-03 23:11:39 - [INTERNAL], Logical clock: 174
2025-03-03 23:11:39 - [INTERNAL], Logical clock: 175
2025-03-03 23:11:40 - Received message, sender_id: 2
logical_clock: 152

2025-03-03 23:11:40 - [INTERNAL], Logical clock: 176
2025-03-03 23:11:40 - [RECEIVED] from Machine 0, Logical clock: 177, Queue length: 0
2025-03-03 23:11:40 - [RECEIVED] from Machine 1, Logical clock: 178, Queue length: 1
2025-03-03 23:11:40 - [SENT] to Machine 1, Logical clock: 178
2025-03-03 23:11:40 - [SENT] to Machine 2, Logical clock: 178
2025-03-03 23:11:40 - [RECEIVED] from Machine 0, Logical clock: 180, Queue length: 0
2025-03-03 23:11:41 - [RECEIVED] from Machine 0, Logical clock: 181, Queue length: 0
2025-03-03 23:11:41 - [INTERNAL], Logical clock: 182
2025-03-03 23:11:41 - [SENT] to Machine 1, Logical clock: 182
2025-03-03 23:11:41 - [SENT] to Machine 2, Logical clock: 182
2025-03-03 23:11:41 - Received message, sender_id: 1
logical_clock: 159

2025-03-03 23:11:41 - [RECEIVED] from Machine 2, Logical clock: 184, Queue length: 0
2025-03-03 23:11:41 - [RECEIVED] from Machine 1, Logical clock: 185, Queue length: 0
2025-03-03 23:11:42 - Received message, sender_id: 1
logical_clock: 160

2025-03-03 23:11:42 - [INTERNAL], Logical clock: 186
2025-03-03 23:11:42 - [RECEIVED] from Machine 1, Logical clock: 187, Queue length: 0
2025-03-03 23:11:42 - [SENT] to Machine 2, Logical clock: 187
2025-03-03 23:11:42 - [RECEIVED] from Machine 0, Logical clock: 189, Queue length: 0
2025-03-03 23:11:42 - [SENT] to Machine 1, Logical clock: 189
2025-03-03 23:11:43 - [SENT] to Machine 1, Logical clock: 190
2025-03-03 23:11:43 - [RECEIVED] from Machine 0, Logical clock: 192, Queue length: 0
2025-03-03 23:11:43 - [SENT] to Machine 2, Logical clock: 192
2025-03-03 23:11:43 - [INTERNAL], Logical clock: 194
2025-03-03 23:11:43 - [SENT] to Machine 2, Logical clock: 194
2025-03-03 23:11:44 - Received message, sender_id: 2
logical_clock: 184

2025-03-03 23:11:44 - [INTERNAL], Logical clock: 196
2025-03-03 23:11:44 - [SENT] to Machine 1, Logical clock: 196
2025-03-03 23:11:44 - [RECEIVED] from Machine 1, Logical clock: 198, Queue length: 2
2025-03-03 23:11:44 - [INTERNAL], Logical clock: 199
2025-03-03 23:11:44 - [INTERNAL], Logical clock: 200
2025-03-03 23:11:45 - Received message, sender_id: 1
logical_clock: 196

2025-03-03 23:11:45 - [SENT] to Machine 2, Logical clock: 200
2025-03-03 23:11:45 - [SENT] to Machine 1, Logical clock: 201
2025-03-03 23:11:45 - [SENT] to Machine 1, Logical clock: 202
2025-03-03 23:11:45 - [RECEIVED] from Machine 0, Logical clock: 204, Queue length: 2
2025-03-03 23:11:45 - [INTERNAL], Logical clock: 205
2025-03-03 23:11:46 - Received message, sender_id: 1
logical_clock: 198

2025-03-03 23:11:46 - [INTERNAL], Logical clock: 206
2025-03-03 23:11:46 - [RECEIVED] from Machine 0, Logical clock: 207, Queue length: 0
2025-03-03 23:11:46 - [RECEIVED] from Machine 0, Logical clock: 208, Queue length: 0
2025-03-03 23:11:46 - [RECEIVED] from Machine 1, Logical clock: 209, Queue length: 0
2025-03-03 23:11:47 - [INTERNAL], Logical clock: 210
2025-03-03 23:11:47 - Received message, sender_id: 1
logical_clock: 200

2025-03-03 23:11:47 - [SENT] to Machine 1, Logical clock: 210
2025-03-03 23:11:47 - [RECEIVED] from Machine 0, Logical clock: 212, Queue length: 0
2025-03-03 23:11:47 - [INTERNAL], Logical clock: 213
2025-03-03 23:11:47 - Received message, sender_id: 1
logical_clock: 201

2025-03-03 23:11:47 - [SENT] to Machine 1, Logical clock: 213
2025-03-03 23:11:48 - [RECEIVED] from Machine 1, Logical clock: 215, Queue length: 0
2025-03-03 23:11:48 - Received message, sender_id: 1
logical_clock: 202

2025-03-03 23:11:48 - [RECEIVED] from Machine 0, Logical clock: 216, Queue length: 1
2025-03-03 23:11:48 - [INTERNAL], Logical clock: 217
2025-03-03 23:11:48 - [RECEIVED] from Machine 1, Logical clock: 218, Queue length: 0
2025-03-03 23:11:48 - Received message, sender_id: 1
logical_clock: 203

2025-03-03 23:11:48 - [RECEIVED] from Machine 0, Logical clock: 219, Queue length: 0
2025-03-03 23:11:49 - [RECEIVED] from Machine 1, Logical clock: 220, Queue length: 0
2025-03-03 23:11:49 - [SENT] to Machine 1, Logical clock: 220
2025-03-03 23:11:49 - [RECEIVED] from Machine 0, Logical clock: 222, Queue length: 0
2025-03-03 23:11:49 - [SENT] to Machine 1, Logical clock: 222
2025-03-03 23:11:49 - [INTERNAL], Logical clock: 224
2025-03-03 23:11:50 - [SENT] to Machine 1, Logical clock: 224
2025-03-03 23:11:50 - [SENT] to Machine 1, Logical clock: 225
2025-03-03 23:11:50 - [SENT] to Machine 2, Logical clock: 225
2025-03-03 23:11:50 - [RECEIVED] from Machine 0, Logical clock: 227, Queue length: 0
2025-03-03 23:11:50 - [SENT] to Machine 1, Logical clock: 227
2025-03-03 23:11:50 - [SENT] to Machine 1, Logical clock: 228
2025-03-03 23:11:51 - [INTERNAL], Logical clock: 230
2025-03-03 23:11:51 - [INTERNAL], Logical clock: 231
2025-03-03 23:11:51 - [SENT] to Machine 2, Logical clock: 231
2025-03-03 23:11:51 - [INTERNAL], Logical clock: 233
2025-03-03 23:11:51 - Received message, sender_id: 1
logical_clock: 226

2025-03-03 23:11:51 - [RECEIVED] from Machine 0, Logical clock: 234, Queue length: 0
2025-03-03 23:11:52 - [SENT] to Machine 1, Logical clock: 234
2025-03-03 23:11:52 - Received message, sender_id: 2
logical_clock: 229

2025-03-03 23:11:52 - [RECEIVED] from Machine 0, Logical clock: 236, Queue length: 0
2025-03-03 23:11:52 - [RECEIVED] from Machine 1, Logical clock: 237, Queue length: 0
2025-03-03 23:11:52 - [INTERNAL], Logical clock: 238
2025-03-03 23:11:52 - [RECEIVED] from Machine 0, Logical clock: 239, Queue length: 0
2025-03-03 23:11:53 - [SENT] to Machine 1, Logical clock: 239
2025-03-03 23:11:53 - Received message, sender_id: 1
logical_clock: 231

2025-03-03 23:11:53 - [RECEIVED] from Machine 1, Logical clock: 241, Queue length: 0
2025-03-03 23:11:53 - [SENT] to Machine 1, Logical clock: 241
2025-03-03 23:11:53 - [SENT] to Machine 1, Logical clock: 242
2025-03-03 23:11:53 - [SENT] to Machine 2, Logical clock: 242
2025-03-03 23:11:53 - [SENT] to Machine 1, Logical clock: 243
2025-03-03 23:11:54 - [SENT] to Machine 1, Logical clock: 244
2025-03-03 23:11:54 - [SENT] to Machine 1, Logical clock: 245
2025-03-03 23:11:54 - [SENT] to Machine 1, Logical clock: 246
2025-03-03 23:11:54 - [RECEIVED] from Machine 0, Logical clock: 248, Queue length: 0
2025-03-03 23:11:54 - [INTERNAL], Logical clock: 249
