2025-03-03 23:07:15 - [INIT] with clock rate 6 and peers ['localhost:50051', 'localhost:50052'], [1, 2]
2025-03-03 23:07:17 - [INTERNAL], Logical clock: 1
2025-03-03 23:07:17 - [SENT] to Machine 2, Logical clock: 1
2025-03-03 23:07:18 - [RECEIVED] from Machine 1, Logical clock: 3, Queue length: 0, MESSAGE sender_id: 1

2025-03-03 23:07:18 - [SENT] to Machine 1, Logical clock: 3
2025-03-03 23:07:18 - [RECEIVED] from Machine 1, Logical clock: 5, Queue length: 0, MESSAGE sender_id: 1
logical_clock: 3

2025-03-03 23:07:18 - [SENT] to Machine 1, Logical clock: 5
2025-03-03 23:07:18 - [RECEIVED] from Machine 2, Logical clock: 7, Queue length: 0, MESSAGE sender_id: 2

2025-03-03 23:07:18 - [SENT] to Machine 1, Logical clock: 7
2025-03-03 23:07:19 - [SENT] to Machine 1, Logical clock: 8
2025-03-03 23:07:19 - [RECEIVED] from Machine 0, Logical clock: 10, Queue length: 2, MESSAGE logical_clock: 8

2025-03-03 23:07:19 - [INTERNAL], Logical clock: 11
2025-03-03 23:07:19 - [SENT] to Machine 2, Logical clock: 11
2025-03-03 23:07:19 - [INTERNAL], Logical clock: 13
2025-03-03 23:07:19 - [SENT] to Machine 1, Logical clock: 13
2025-03-03 23:07:20 - [SENT] to Machine 1, Logical clock: 14
2025-03-03 23:07:20 - [RECEIVED] from Machine 2, Logical clock: 16, Queue length: 0, MESSAGE sender_id: 2
logical_clock: 5

2025-03-03 23:07:20 - [INTERNAL], Logical clock: 17
2025-03-03 23:07:20 - [SENT] to Machine 1, Logical clock: 17
2025-03-03 23:07:20 - [SENT] to Machine 2, Logical clock: 17
2025-03-03 23:07:20 - [SENT] to Machine 1, Logical clock: 18
2025-03-03 23:07:21 - [RECEIVED] from Machine 1, Logical clock: 20, Queue length: 1, MESSAGE sender_id: 1
logical_clock: 13

2025-03-03 23:07:21 - [RECEIVED] from Machine 2, Logical clock: 21, Queue length: 2, MESSAGE sender_id: 2
logical_clock: 9

2025-03-03 23:07:21 - [RECEIVED] from Machine 2, Logical clock: 22, Queue length: 0, MESSAGE sender_id: 2
logical_clock: 17

2025-03-03 23:07:21 - [RECEIVED] from Machine 1, Logical clock: 23, Queue length: 0, MESSAGE sender_id: 1
logical_clock: 7

2025-03-03 23:07:21 - [RECEIVED] from Machine 0, Logical clock: 24, Queue length: 1, MESSAGE logical_clock: 17

2025-03-03 23:07:21 - [SENT] to Machine 1, Logical clock: 24
2025-03-03 23:07:22 - [SENT] to Machine 1, Logical clock: 25
2025-03-03 23:07:22 - [SENT] to Machine 1, Logical clock: 26
2025-03-03 23:07:22 - [RECEIVED] from Machine 1, Logical clock: 28, Queue length: 0, MESSAGE sender_id: 1
logical_clock: 25

2025-03-03 23:07:22 - [SENT] to Machine 1, Logical clock: 28
2025-03-03 23:07:22 - [SENT] to Machine 1, Logical clock: 29
2025-03-03 23:07:22 - [RECEIVED] from Machine 2, Logical clock: 31, Queue length: 0, MESSAGE sender_id: 2
logical_clock: 26

2025-03-03 23:07:23 - [SENT] to Machine 1, Logical clock: 31
2025-03-03 23:07:23 - [RECEIVED] from Machine 0, Logical clock: 33, Queue length: 1, MESSAGE logical_clock: 25

2025-03-03 23:07:23 - [RECEIVED] from Machine 2, Logical clock: 34, Queue length: 0, MESSAGE sender_id: 2
logical_clock: 15

2025-03-03 23:07:23 - [RECEIVED] from Machine 1, Logical clock: 35, Queue length: 0, MESSAGE sender_id: 1
logical_clock: 32

2025-03-03 23:07:23 - [RECEIVED] from Machine 0, Logical clock: 36, Queue length: 0, MESSAGE logical_clock: 26

2025-03-03 23:07:23 - [SENT] to Machine 1, Logical clock: 36
2025-03-03 23:07:23 - [SENT] to Machine 2, Logical clock: 36
2025-03-03 23:07:24 - [SENT] to Machine 1, Logical clock: 37
2025-03-03 23:07:24 - [RECEIVED] from Machine 2, Logical clock: 39, Queue length: 0, MESSAGE sender_id: 2
logical_clock: 30

2025-03-03 23:07:24 - [RECEIVED] from Machine 2, Logical clock: 40, Queue length: 0, MESSAGE sender_id: 2
logical_clock: 37

2025-03-03 23:07:24 - [SENT] to Machine 1, Logical clock: 40
2025-03-03 23:07:24 - [RECEIVED] from Machine 2, Logical clock: 42, Queue length: 0, MESSAGE sender_id: 2
logical_clock: 40

2025-03-03 23:07:24 - [SENT] to Machine 1, Logical clock: 42
2025-03-03 23:07:24 - [SENT] to Machine 2, Logical clock: 42
2025-03-03 23:07:25 - [INTERNAL], Logical clock: 44
2025-03-03 23:07:25 - [INTERNAL], Logical clock: 45
2025-03-03 23:07:25 - [SENT] to Machine 1, Logical clock: 45
2025-03-03 23:07:25 - [INTERNAL], Logical clock: 47
2025-03-03 23:07:25 - [SENT] to Machine 1, Logical clock: 47
2025-03-03 23:07:25 - [RECEIVED] from Machine 0, Logical clock: 49, Queue length: 0, MESSAGE logical_clock: 42

2025-03-03 23:07:26 - [INTERNAL], Logical clock: 50
2025-03-03 23:07:26 - [RECEIVED] from Machine 1, Logical clock: 51, Queue length: 0, MESSAGE sender_id: 1
logical_clock: 48

2025-03-03 23:07:26 - [RECEIVED] from Machine 1, Logical clock: 52, Queue length: 1, MESSAGE sender_id: 1
logical_clock: 49

2025-03-03 23:07:26 - [SENT] to Machine 1, Logical clock: 52
2025-03-03 23:07:26 - [RECEIVED] from Machine 2, Logical clock: 54, Queue length: 0, MESSAGE sender_id: 2
logical_clock: 49

2025-03-03 23:07:26 - [RECEIVED] from Machine 2, Logical clock: 55, Queue length: 1, MESSAGE sender_id: 2
logical_clock: 52

2025-03-03 23:07:27 - [SENT] to Machine 2, Logical clock: 55
2025-03-03 23:07:27 - [RECEIVED] from Machine 0, Logical clock: 57, Queue length: 0, MESSAGE logical_clock: 55

2025-03-03 23:07:27 - [SENT] to Machine 1, Logical clock: 57
2025-03-03 23:07:27 - [RECEIVED] from Machine 2, Logical clock: 59, Queue length: 3, MESSAGE sender_id: 2
logical_clock: 56

2025-03-03 23:07:27 - [SENT] to Machine 2, Logical clock: 59
2025-03-03 23:07:27 - [INTERNAL], Logical clock: 61
2025-03-03 23:07:28 - [RECEIVED] from Machine 1, Logical clock: 62, Queue length: 1, MESSAGE sender_id: 1
logical_clock: 50

2025-03-03 23:07:28 - [INTERNAL], Logical clock: 63
2025-03-03 23:07:28 - [RECEIVED] from Machine 2, Logical clock: 64, Queue length: 1, MESSAGE sender_id: 2
logical_clock: 60

2025-03-03 23:07:28 - [RECEIVED] from Machine 1, Logical clock: 65, Queue length: 4, MESSAGE sender_id: 1
logical_clock: 63

2025-03-03 23:07:28 - [SENT] to Machine 1, Logical clock: 65
2025-03-03 23:07:28 - [INTERNAL], Logical clock: 67
2025-03-03 23:07:29 - [RECEIVED] from Machine 0, Logical clock: 68, Queue length: 1, MESSAGE logical_clock: 59

2025-03-03 23:07:29 - [RECEIVED] from Machine 1, Logical clock: 69, Queue length: 1, MESSAGE sender_id: 1
logical_clock: 67

2025-03-03 23:07:29 - [RECEIVED] from Machine 1, Logical clock: 70, Queue length: 0, MESSAGE sender_id: 1
logical_clock: 63

2025-03-03 23:07:29 - [SENT] to Machine 1, Logical clock: 70
2025-03-03 23:07:29 - [RECEIVED] from Machine 1, Logical clock: 72, Queue length: 0, MESSAGE sender_id: 1
logical_clock: 67

2025-03-03 23:07:29 - [SENT] to Machine 2, Logical clock: 72
2025-03-03 23:07:30 - [RECEIVED] from Machine 1, Logical clock: 74, Queue length: 0, MESSAGE sender_id: 1
logical_clock: 69

2025-03-03 23:07:30 - [RECEIVED] from Machine 2, Logical clock: 75, Queue length: 0, MESSAGE sender_id: 2
logical_clock: 74

2025-03-03 23:07:30 - [INTERNAL], Logical clock: 76
2025-03-03 23:07:30 - [SENT] to Machine 1, Logical clock: 76
2025-03-03 23:07:30 - [SENT] to Machine 1, Logical clock: 77
2025-03-03 23:07:30 - [INTERNAL], Logical clock: 79
2025-03-03 23:07:31 - [RECEIVED] from Machine 2, Logical clock: 80, Queue length: 1, MESSAGE sender_id: 2
logical_clock: 65

2025-03-03 23:07:31 - [SENT] to Machine 1, Logical clock: 80
2025-03-03 23:07:31 - [RECEIVED] from Machine 0, Logical clock: 82, Queue length: 0, MESSAGE logical_clock: 77

2025-03-03 23:07:31 - [RECEIVED] from Machine 1, Logical clock: 83, Queue length: 0, MESSAGE sender_id: 1
logical_clock: 77

2025-03-03 23:07:31 - [INTERNAL], Logical clock: 84
2025-03-03 23:07:31 - [INTERNAL], Logical clock: 85
2025-03-03 23:07:32 - [RECEIVED] from Machine 0, Logical clock: 86, Queue length: 2, MESSAGE logical_clock: 80

2025-03-03 23:07:32 - [RECEIVED] from Machine 2, Logical clock: 87, Queue length: 0, MESSAGE sender_id: 2
logical_clock: 82

2025-03-03 23:07:32 - [SENT] to Machine 1, Logical clock: 87
2025-03-03 23:07:32 - [SENT] to Machine 1, Logical clock: 88
2025-03-03 23:07:32 - [SENT] to Machine 1, Logical clock: 89
2025-03-03 23:07:32 - [RECEIVED] from Machine 0, Logical clock: 91, Queue length: 1, MESSAGE logical_clock: 87

2025-03-03 23:07:33 - [SENT] to Machine 2, Logical clock: 91
2025-03-03 23:07:33 - [RECEIVED] from Machine 2, Logical clock: 93, Queue length: 4, MESSAGE sender_id: 2
logical_clock: 91

2025-03-03 23:07:33 - [RECEIVED] from Machine 2, Logical clock: 94, Queue length: 1, MESSAGE sender_id: 2
logical_clock: 90

2025-03-03 23:07:33 - [RECEIVED] from Machine 1, Logical clock: 95, Queue length: 1, MESSAGE sender_id: 1
logical_clock: 83

2025-03-03 23:07:33 - [SENT] to Machine 1, Logical clock: 95
2025-03-03 23:07:33 - [INTERNAL], Logical clock: 97
2025-03-03 23:07:34 - [RECEIVED] from Machine 0, Logical clock: 98, Queue length: 1, MESSAGE logical_clock: 89

2025-03-03 23:07:34 - [SENT] to Machine 2, Logical clock: 98
2025-03-03 23:07:34 - [SENT] to Machine 1, Logical clock: 99
2025-03-03 23:07:34 - [SENT] to Machine 2, Logical clock: 99
2025-03-03 23:07:34 - [SENT] to Machine 1, Logical clock: 100
2025-03-03 23:07:34 - [SENT] to Machine 2, Logical clock: 101
2025-03-03 23:07:34 - [RECEIVED] from Machine 0, Logical clock: 103, Queue length: 1, MESSAGE logical_clock: 100

2025-03-03 23:07:35 - [RECEIVED] from Machine 0, Logical clock: 104, Queue length: 2, MESSAGE logical_clock: 91

2025-03-03 23:07:35 - [RECEIVED] from Machine 1, Logical clock: 105, Queue length: 0, MESSAGE sender_id: 1
logical_clock: 102

2025-03-03 23:07:35 - [INTERNAL], Logical clock: 106
2025-03-03 23:07:35 - [SENT] to Machine 2, Logical clock: 106
2025-03-03 23:07:35 - [RECEIVED] from Machine 1, Logical clock: 108, Queue length: 0, MESSAGE sender_id: 1
logical_clock: 104

2025-03-03 23:07:35 - [SENT] to Machine 1, Logical clock: 108
2025-03-03 23:07:36 - [RECEIVED] from Machine 2, Logical clock: 110, Queue length: 0, MESSAGE sender_id: 2
logical_clock: 105

2025-03-03 23:07:36 - [RECEIVED] from Machine 2, Logical clock: 111, Queue length: 2, MESSAGE sender_id: 2
logical_clock: 96

2025-03-03 23:07:36 - [RECEIVED] from Machine 1, Logical clock: 112, Queue length: 0, MESSAGE sender_id: 1
logical_clock: 107

2025-03-03 23:07:36 - [SENT] to Machine 2, Logical clock: 112
2025-03-03 23:07:36 - [RECEIVED] from Machine 0, Logical clock: 114, Queue length: 0, MESSAGE logical_clock: 112

2025-03-03 23:07:36 - [SENT] to Machine 1, Logical clock: 114
2025-03-03 23:07:37 - [SENT] to Machine 1, Logical clock: 115
2025-03-03 23:07:37 - [RECEIVED] from Machine 1, Logical clock: 117, Queue length: 0, MESSAGE sender_id: 1
logical_clock: 113

2025-03-03 23:07:37 - [SENT] to Machine 1, Logical clock: 117
2025-03-03 23:07:37 - [INTERNAL], Logical clock: 119
2025-03-03 23:07:37 - [RECEIVED] from Machine 1, Logical clock: 120, Queue length: 4, MESSAGE sender_id: 1
logical_clock: 118

2025-03-03 23:07:37 - [SENT] to Machine 2, Logical clock: 120
2025-03-03 23:07:38 - [SENT] to Machine 1, Logical clock: 121
2025-03-03 23:07:38 - [SENT] to Machine 1, Logical clock: 122
2025-03-03 23:07:38 - [SENT] to Machine 1, Logical clock: 123
2025-03-03 23:07:38 - [SENT] to Machine 1, Logical clock: 124
2025-03-03 23:07:38 - [RECEIVED] from Machine 2, Logical clock: 126, Queue length: 0, MESSAGE sender_id: 2
logical_clock: 118

2025-03-03 23:07:38 - [RECEIVED] from Machine 1, Logical clock: 127, Queue length: 0, MESSAGE sender_id: 1
logical_clock: 122

2025-03-03 23:07:39 - [SENT] to Machine 1, Logical clock: 127
2025-03-03 23:07:39 - [INTERNAL], Logical clock: 129
2025-03-03 23:07:39 - [RECEIVED] from Machine 0, Logical clock: 130, Queue length: 0, MESSAGE logical_clock: 127

2025-03-03 23:07:39 - [INTERNAL], Logical clock: 131
2025-03-03 23:07:39 - [RECEIVED] from Machine 2, Logical clock: 132, Queue length: 1, MESSAGE sender_id: 2
logical_clock: 126

2025-03-03 23:07:39 - [INTERNAL], Logical clock: 133
2025-03-03 23:07:40 - [RECEIVED] from Machine 1, Logical clock: 134, Queue length: 1, MESSAGE sender_id: 1
logical_clock: 129

2025-03-03 23:07:40 - [RECEIVED] from Machine 2, Logical clock: 135, Queue length: 0, MESSAGE sender_id: 2
logical_clock: 133

2025-03-03 23:07:40 - [RECEIVED] from Machine 1, Logical clock: 136, Queue length: 0, MESSAGE sender_id: 1
logical_clock: 134

2025-03-03 23:07:40 - [RECEIVED] from Machine 2, Logical clock: 137, Queue length: 0, MESSAGE sender_id: 2
logical_clock: 133

2025-03-03 23:07:40 - [SENT] to Machine 1, Logical clock: 137
2025-03-03 23:07:40 - [RECEIVED] from Machine 1, Logical clock: 139, Queue length: 0, MESSAGE sender_id: 1
logical_clock: 131

2025-03-03 23:07:41 - [INTERNAL], Logical clock: 140
2025-03-03 23:07:41 - [SENT] to Machine 1, Logical clock: 140
2025-03-03 23:07:41 - [RECEIVED] from Machine 2, Logical clock: 142, Queue length: 0, MESSAGE sender_id: 2
logical_clock: 135

2025-03-03 23:07:41 - [SENT] to Machine 1, Logical clock: 142
2025-03-03 23:07:41 - [SENT] to Machine 1, Logical clock: 143
2025-03-03 23:07:41 - [INTERNAL], Logical clock: 145
2025-03-03 23:07:42 - [SENT] to Machine 1, Logical clock: 145
2025-03-03 23:07:42 - [RECEIVED] from Machine 1, Logical clock: 147, Queue length: 1, MESSAGE sender_id: 1
logical_clock: 137

2025-03-03 23:07:42 - [RECEIVED] from Machine 0, Logical clock: 148, Queue length: 2, MESSAGE logical_clock: 143

2025-03-03 23:07:42 - [RECEIVED] from Machine 0, Logical clock: 149, Queue length: 0, MESSAGE logical_clock: 142

2025-03-03 23:07:42 - [INTERNAL], Logical clock: 150
2025-03-03 23:07:42 - [SENT] to Machine 1, Logical clock: 150
2025-03-03 23:07:43 - [SENT] to Machine 2, Logical clock: 151
2025-03-03 23:07:43 - [INTERNAL], Logical clock: 153
2025-03-03 23:07:43 - [SENT] to Machine 1, Logical clock: 153
2025-03-03 23:07:43 - [SENT] to Machine 1, Logical clock: 154
2025-03-03 23:07:43 - [SENT] to Machine 2, Logical clock: 154
2025-03-03 23:07:43 - [RECEIVED] from Machine 1, Logical clock: 156, Queue length: 0, MESSAGE sender_id: 1
logical_clock: 152

2025-03-03 23:07:43 - [RECEIVED] from Machine 1, Logical clock: 157, Queue length: 2, MESSAGE sender_id: 1
logical_clock: 153

2025-03-03 23:07:44 - [RECEIVED] from Machine 2, Logical clock: 158, Queue length: 4, MESSAGE sender_id: 2
logical_clock: 155

2025-03-03 23:07:44 - [RECEIVED] from Machine 1, Logical clock: 159, Queue length: 0, MESSAGE sender_id: 1
logical_clock: 151

2025-03-03 23:07:44 - [SENT] to Machine 2, Logical clock: 159
2025-03-03 23:07:44 - [RECEIVED] from Machine 2, Logical clock: 161, Queue length: 0, MESSAGE sender_id: 2
logical_clock: 152

2025-03-03 23:07:44 - [SENT] to Machine 1, Logical clock: 161
2025-03-03 23:07:44 - [RECEIVED] from Machine 2, Logical clock: 163, Queue length: 3, MESSAGE sender_id: 2
logical_clock: 141

2025-03-03 23:07:45 - [RECEIVED] from Machine 0, Logical clock: 164, Queue length: 0, MESSAGE logical_clock: 161

2025-03-03 23:07:45 - [SENT] to Machine 1, Logical clock: 164
2025-03-03 23:07:45 - [SENT] to Machine 1, Logical clock: 165
2025-03-03 23:07:45 - [SENT] to Machine 1, Logical clock: 166
2025-03-03 23:07:45 - [RECEIVED] from Machine 1, Logical clock: 168, Queue length: 1, MESSAGE sender_id: 1
logical_clock: 166

2025-03-03 23:07:45 - [RECEIVED] from Machine 1, Logical clock: 169, Queue length: 0, MESSAGE sender_id: 1
logical_clock: 154

2025-03-03 23:07:46 - [SENT] to Machine 1, Logical clock: 169
2025-03-03 23:07:46 - [SENT] to Machine 1, Logical clock: 170
2025-03-03 23:07:46 - [SENT] to Machine 1, Logical clock: 171
2025-03-03 23:07:46 - [INTERNAL], Logical clock: 173
2025-03-03 23:07:46 - [INTERNAL], Logical clock: 174
2025-03-03 23:07:46 - [INTERNAL], Logical clock: 175
2025-03-03 23:07:47 - [RECEIVED] from Machine 1, Logical clock: 176, Queue length: 1, MESSAGE sender_id: 1
logical_clock: 173

2025-03-03 23:07:47 - [RECEIVED] from Machine 1, Logical clock: 177, Queue length: 0, MESSAGE sender_id: 1
logical_clock: 169

2025-03-03 23:07:47 - [RECEIVED] from Machine 2, Logical clock: 178, Queue length: 0, MESSAGE sender_id: 2
logical_clock: 173

2025-03-03 23:07:47 - [INTERNAL], Logical clock: 179
2025-03-03 23:07:47 - [SENT] to Machine 1, Logical clock: 179
2025-03-03 23:07:47 - [RECEIVED] from Machine 1, Logical clock: 181, Queue length: 0, MESSAGE sender_id: 1
logical_clock: 178

2025-03-03 23:07:48 - [RECEIVED] from Machine 2, Logical clock: 182, Queue length: 0, MESSAGE sender_id: 2
logical_clock: 177

2025-03-03 23:07:48 - [INTERNAL], Logical clock: 183
2025-03-03 23:07:48 - [SENT] to Machine 1, Logical clock: 183
2025-03-03 23:07:48 - [SENT] to Machine 2, Logical clock: 183
2025-03-03 23:07:48 - [RECEIVED] from Machine 0, Logical clock: 185, Queue length: 0, MESSAGE logical_clock: 150

2025-03-03 23:07:48 - [INTERNAL], Logical clock: 186
2025-03-03 23:07:48 - [RECEIVED] from Machine 0, Logical clock: 187, Queue length: 0, MESSAGE logical_clock: 183

2025-03-03 23:07:49 - [INTERNAL], Logical clock: 188
2025-03-03 23:07:49 - [SENT] to Machine 1, Logical clock: 188
2025-03-03 23:07:49 - [SENT] to Machine 2, Logical clock: 189
2025-03-03 23:07:49 - [SENT] to Machine 1, Logical clock: 190
2025-03-03 23:07:49 - [SENT] to Machine 2, Logical clock: 190
2025-03-03 23:07:49 - [RECEIVED] from Machine 1, Logical clock: 192, Queue length: 2, MESSAGE sender_id: 1
logical_clock: 190

2025-03-03 23:07:49 - [INTERNAL], Logical clock: 193
2025-03-03 23:07:50 - [RECEIVED] from Machine 0, Logical clock: 194, Queue length: 1, MESSAGE logical_clock: 190

2025-03-03 23:07:50 - [SENT] to Machine 2, Logical clock: 194
2025-03-03 23:07:50 - [SENT] to Machine 1, Logical clock: 195
2025-03-03 23:07:50 - [RECEIVED] from Machine 0, Logical clock: 197, Queue length: 0, MESSAGE logical_clock: 190

2025-03-03 23:07:50 - [INTERNAL], Logical clock: 198
2025-03-03 23:07:50 - [INTERNAL], Logical clock: 199
2025-03-03 23:07:51 - [SENT] to Machine 1, Logical clock: 199
2025-03-03 23:07:51 - [RECEIVED] from Machine 0, Logical clock: 201, Queue length: 1, MESSAGE logical_clock: 199

2025-03-03 23:07:51 - [RECEIVED] from Machine 2, Logical clock: 202, Queue length: 0, MESSAGE sender_id: 2
logical_clock: 197

2025-03-03 23:07:51 - [SENT] to Machine 1, Logical clock: 202
2025-03-03 23:07:51 - [RECEIVED] from Machine 2, Logical clock: 204, Queue length: 0, MESSAGE sender_id: 2
logical_clock: 199

2025-03-03 23:07:51 - [RECEIVED] from Machine 1, Logical clock: 205, Queue length: 0, MESSAGE sender_id: 1
logical_clock: 203

2025-03-03 23:07:52 - [INTERNAL], Logical clock: 206
2025-03-03 23:07:52 - [INTERNAL], Logical clock: 207
2025-03-03 23:07:52 - [RECEIVED] from Machine 1, Logical clock: 208, Queue length: 0, MESSAGE sender_id: 1
logical_clock: 205

2025-03-03 23:07:52 - [RECEIVED] from Machine 2, Logical clock: 209, Queue length: 0, MESSAGE sender_id: 2
logical_clock: 204

2025-03-03 23:07:52 - [RECEIVED] from Machine 2, Logical clock: 210, Queue length: 0, MESSAGE sender_id: 2
logical_clock: 204

2025-03-03 23:07:52 - [SENT] to Machine 2, Logical clock: 210
2025-03-03 23:07:53 - [RECEIVED] from Machine 2, Logical clock: 212, Queue length: 0, MESSAGE sender_id: 2
logical_clock: 210

2025-03-03 23:07:53 - [SENT] to Machine 1, Logical clock: 212
2025-03-03 23:07:53 - [SENT] to Machine 2, Logical clock: 212
2025-03-03 23:07:53 - [RECEIVED] from Machine 0, Logical clock: 214, Queue length: 0, MESSAGE logical_clock: 212

2025-03-03 23:07:53 - [SENT] to Machine 1, Logical clock: 214
2025-03-03 23:07:53 - [RECEIVED] from Machine 1, Logical clock: 216, Queue length: 0, MESSAGE sender_id: 1
logical_clock: 208

2025-03-03 23:07:53 - [INTERNAL], Logical clock: 217
2025-03-03 23:07:54 - [RECEIVED] from Machine 1, Logical clock: 218, Queue length: 0, MESSAGE sender_id: 1
logical_clock: 210

2025-03-03 23:07:54 - [SENT] to Machine 1, Logical clock: 218
2025-03-03 23:07:54 - [SENT] to Machine 1, Logical clock: 219
2025-03-03 23:07:54 - [SENT] to Machine 2, Logical clock: 220
2025-03-03 23:07:54 - [SENT] to Machine 1, Logical clock: 221
2025-03-03 23:07:54 - [RECEIVED] from Machine 2, Logical clock: 223, Queue length: 4, MESSAGE sender_id: 2
logical_clock: 218

2025-03-03 23:07:55 - [SENT] to Machine 1, Logical clock: 223
2025-03-03 23:07:55 - [SENT] to Machine 1, Logical clock: 224
2025-03-03 23:07:55 - [RECEIVED] from Machine 1, Logical clock: 226, Queue length: 1, MESSAGE sender_id: 1
logical_clock: 221

2025-03-03 23:07:55 - [INTERNAL], Logical clock: 227
2025-03-03 23:07:55 - [SENT] to Machine 2, Logical clock: 227
2025-03-03 23:07:56 - [RECEIVED] from Machine 2, Logical clock: 229, Queue length: 0, MESSAGE sender_id: 2
logical_clock: 224

2025-03-03 23:07:56 - [SENT] to Machine 1, Logical clock: 229
2025-03-03 23:07:56 - [RECEIVED] from Machine 1, Logical clock: 231, Queue length: 0, MESSAGE sender_id: 1
logical_clock: 227

2025-03-03 23:07:56 - [SENT] to Machine 1, Logical clock: 231
2025-03-03 23:07:56 - [RECEIVED] from Machine 0, Logical clock: 233, Queue length: 2, MESSAGE logical_clock: 227

2025-03-03 23:07:56 - [RECEIVED] from Machine 1, Logical clock: 234, Queue length: 0, MESSAGE sender_id: 1
logical_clock: 224

2025-03-03 23:07:57 - [SENT] to Machine 1, Logical clock: 234
2025-03-03 23:07:57 - [RECEIVED] from Machine 1, Logical clock: 236, Queue length: 4, MESSAGE sender_id: 1
logical_clock: 233

2025-03-03 23:07:57 - [RECEIVED] from Machine 1, Logical clock: 237, Queue length: 1, MESSAGE sender_id: 1
logical_clock: 228

2025-03-03 23:07:57 - [SENT] to Machine 1, Logical clock: 237
2025-03-03 23:07:57 - [RECEIVED] from Machine 1, Logical clock: 239, Queue length: 2, MESSAGE sender_id: 1
logical_clock: 235

2025-03-03 23:07:57 - [RECEIVED] from Machine 2, Logical clock: 240, Queue length: 0, MESSAGE sender_id: 2
logical_clock: 237

2025-03-03 23:07:58 - [INTERNAL], Logical clock: 241
2025-03-03 23:07:58 - [SENT] to Machine 2, Logical clock: 241
2025-03-03 23:07:58 - [RECEIVED] from Machine 1, Logical clock: 243, Queue length: 0, MESSAGE sender_id: 1
logical_clock: 240

2025-03-03 23:07:58 - [INTERNAL], Logical clock: 244
2025-03-03 23:07:58 - [SENT] to Machine 1, Logical clock: 244
2025-03-03 23:07:58 - [RECEIVED] from Machine 0, Logical clock: 246, Queue length: 0, MESSAGE logical_clock: 234

2025-03-03 23:07:59 - [RECEIVED] from Machine 2, Logical clock: 247, Queue length: 1, MESSAGE sender_id: 2
logical_clock: 243

2025-03-03 23:07:59 - [RECEIVED] from Machine 1, Logical clock: 248, Queue length: 0, MESSAGE sender_id: 1
logical_clock: 245

2025-03-03 23:07:59 - [INTERNAL], Logical clock: 249
2025-03-03 23:07:59 - [INTERNAL], Logical clock: 250
2025-03-03 23:07:59 - [SENT] to Machine 1, Logical clock: 250
2025-03-03 23:07:59 - [SENT] to Machine 1, Logical clock: 251
2025-03-03 23:08:00 - [SENT] to Machine 1, Logical clock: 252
2025-03-03 23:08:00 - [RECEIVED] from Machine 2, Logical clock: 254, Queue length: 1, MESSAGE sender_id: 2
logical_clock: 244

2025-03-03 23:08:00 - [INTERNAL], Logical clock: 255
2025-03-03 23:08:00 - [RECEIVED] from Machine 1, Logical clock: 256, Queue length: 0, MESSAGE sender_id: 1
logical_clock: 251

2025-03-03 23:08:00 - [RECEIVED] from Machine 2, Logical clock: 257, Queue length: 0, MESSAGE sender_id: 2
logical_clock: 254

2025-03-03 23:08:00 - [SENT] to Machine 1, Logical clock: 257
2025-03-03 23:08:01 - [INTERNAL], Logical clock: 259
2025-03-03 23:08:01 - [RECEIVED] from Machine 2, Logical clock: 260, Queue length: 0, MESSAGE sender_id: 2
logical_clock: 253

2025-03-03 23:08:01 - [SENT] to Machine 1, Logical clock: 260
2025-03-03 23:08:01 - [SENT] to Machine 1, Logical clock: 261
2025-03-03 23:08:01 - [INTERNAL], Logical clock: 263
2025-03-03 23:08:01 - [INTERNAL], Logical clock: 264
2025-03-03 23:08:02 - [SENT] to Machine 2, Logical clock: 264
2025-03-03 23:08:02 - [RECEIVED] from Machine 1, Logical clock: 266, Queue length: 0, MESSAGE sender_id: 1
logical_clock: 264

2025-03-03 23:08:02 - [RECEIVED] from Machine 0, Logical clock: 267, Queue length: 0, MESSAGE logical_clock: 264

2025-03-03 23:08:02 - [RECEIVED] from Machine 1, Logical clock: 268, Queue length: 0, MESSAGE sender_id: 1
logical_clock: 265

2025-03-03 23:08:02 - [RECEIVED] from Machine 1, Logical clock: 269, Queue length: 2, MESSAGE sender_id: 1
logical_clock: 266

2025-03-03 23:08:02 - [SENT] to Machine 1, Logical clock: 269
2025-03-03 23:08:03 - [RECEIVED] from Machine 2, Logical clock: 271, Queue length: 2, MESSAGE sender_id: 2
logical_clock: 262

2025-03-03 23:08:03 - [SENT] to Machine 1, Logical clock: 271
2025-03-03 23:08:03 - [RECEIVED] from Machine 1, Logical clock: 273, Queue length: 3, MESSAGE sender_id: 1
logical_clock: 269

2025-03-03 23:08:03 - [RECEIVED] from Machine 2, Logical clock: 274, Queue length: 0, MESSAGE sender_id: 2
logical_clock: 271

2025-03-03 23:08:03 - [RECEIVED] from Machine 1, Logical clock: 275, Queue length: 0, MESSAGE sender_id: 1
logical_clock: 271

2025-03-03 23:08:03 - [RECEIVED] from Machine 0, Logical clock: 276, Queue length: 1, MESSAGE logical_clock: 260

2025-03-03 23:08:04 - [SENT] to Machine 1, Logical clock: 276
2025-03-03 23:08:04 - [INTERNAL], Logical clock: 278
2025-03-03 23:08:04 - [SENT] to Machine 1, Logical clock: 278
2025-03-03 23:08:04 - [SENT] to Machine 1, Logical clock: 279
2025-03-03 23:08:04 - [SENT] to Machine 2, Logical clock: 279
2025-03-03 23:08:04 - [RECEIVED] from Machine 0, Logical clock: 281, Queue length: 2, MESSAGE logical_clock: 279

2025-03-03 23:08:04 - [RECEIVED] from Machine 1, Logical clock: 282, Queue length: 0, MESSAGE sender_id: 1
logical_clock: 280

2025-03-03 23:08:05 - [INTERNAL], Logical clock: 283
2025-03-03 23:08:05 - [SENT] to Machine 1, Logical clock: 283
2025-03-03 23:08:05 - [RECEIVED] from Machine 2, Logical clock: 285, Queue length: 4, MESSAGE sender_id: 2
logical_clock: 276

2025-03-03 23:08:05 - [INTERNAL], Logical clock: 286
2025-03-03 23:08:05 - [SENT] to Machine 1, Logical clock: 286
2025-03-03 23:08:05 - [RECEIVED] from Machine 0, Logical clock: 288, Queue length: 1, MESSAGE logical_clock: 283

2025-03-03 23:08:06 - [SENT] to Machine 1, Logical clock: 288
2025-03-03 23:08:06 - [RECEIVED] from Machine 2, Logical clock: 290, Queue length: 0, MESSAGE sender_id: 2
logical_clock: 287

2025-03-03 23:08:06 - [SENT] to Machine 2, Logical clock: 290
2025-03-03 23:08:06 - [SENT] to Machine 1, Logical clock: 291
2025-03-03 23:08:06 - [SENT] to Machine 2, Logical clock: 291
2025-03-03 23:08:06 - [RECEIVED] from Machine 0, Logical clock: 293, Queue length: 1, MESSAGE logical_clock: 288

2025-03-03 23:08:06 - [INTERNAL], Logical clock: 294
2025-03-03 23:08:07 - [SENT] to Machine 1, Logical clock: 294
2025-03-03 23:08:07 - [INTERNAL], Logical clock: 296
2025-03-03 23:08:07 - [RECEIVED] from Machine 0, Logical clock: 297, Queue length: 0, MESSAGE logical_clock: 294

2025-03-03 23:08:07 - [SENT] to Machine 2, Logical clock: 297
2025-03-03 23:08:07 - [SENT] to Machine 1, Logical clock: 298
2025-03-03 23:08:07 - [RECEIVED] from Machine 2, Logical clock: 300, Queue length: 1, MESSAGE sender_id: 2
logical_clock: 296

2025-03-03 23:08:08 - [RECEIVED] from Machine 1, Logical clock: 301, Queue length: 1, MESSAGE sender_id: 1
logical_clock: 297

2025-03-03 23:08:08 - [SENT] to Machine 1, Logical clock: 301
2025-03-03 23:08:08 - [SENT] to Machine 1, Logical clock: 302
2025-03-03 23:08:08 - [SENT] to Machine 1, Logical clock: 303
2025-03-03 23:08:08 - [SENT] to Machine 1, Logical clock: 304
2025-03-03 23:08:08 - [SENT] to Machine 1, Logical clock: 305
2025-03-03 23:08:09 - [INTERNAL], Logical clock: 307
2025-03-03 23:08:09 - [RECEIVED] from Machine 0, Logical clock: 308, Queue length: 0, MESSAGE logical_clock: 303

2025-03-03 23:08:09 - [RECEIVED] from Machine 0, Logical clock: 309, Queue length: 0, MESSAGE logical_clock: 301

2025-03-03 23:08:09 - [RECEIVED] from Machine 2, Logical clock: 310, Queue length: 0, MESSAGE sender_id: 2
logical_clock: 304

2025-03-03 23:08:09 - [INTERNAL], Logical clock: 311
2025-03-03 23:08:09 - [SENT] to Machine 1, Logical clock: 311
2025-03-03 23:08:10 - [SENT] to Machine 1, Logical clock: 312
2025-03-03 23:08:10 - [SENT] to Machine 1, Logical clock: 313
2025-03-03 23:08:10 - [SENT] to Machine 2, Logical clock: 313
2025-03-03 23:08:10 - [RECEIVED] from Machine 0, Logical clock: 315, Queue length: 1, MESSAGE logical_clock: 311

2025-03-03 23:08:10 - [SENT] to Machine 1, Logical clock: 315
2025-03-03 23:08:10 - [INTERNAL], Logical clock: 317
2025-03-03 23:08:10 - [INTERNAL], Logical clock: 318
2025-03-03 23:08:11 - [RECEIVED] from Machine 1, Logical clock: 319, Queue length: 0, MESSAGE sender_id: 1
logical_clock: 312

2025-03-03 23:08:11 - [SENT] to Machine 1, Logical clock: 319
2025-03-03 23:08:11 - [RECEIVED] from Machine 1, Logical clock: 321, Queue length: 0, MESSAGE sender_id: 1
logical_clock: 312

2025-03-03 23:08:11 - [SENT] to Machine 1, Logical clock: 321
2025-03-03 23:08:11 - [SENT] to Machine 1, Logical clock: 322
2025-03-03 23:08:11 - [SENT] to Machine 1, Logical clock: 323
2025-03-03 23:08:12 - [SENT] to Machine 2, Logical clock: 324
2025-03-03 23:08:12 - [RECEIVED] from Machine 1, Logical clock: 326, Queue length: 0, MESSAGE sender_id: 1
logical_clock: 321

2025-03-03 23:08:12 - [RECEIVED] from Machine 2, Logical clock: 327, Queue length: 2, MESSAGE sender_id: 2
logical_clock: 318

2025-03-03 23:08:12 - [SENT] to Machine 1, Logical clock: 327
2025-03-03 23:08:12 - [SENT] to Machine 2, Logical clock: 327
2025-03-03 23:08:12 - [SENT] to Machine 1, Logical clock: 328
2025-03-03 23:08:12 - [SENT] to Machine 2, Logical clock: 328
2025-03-03 23:08:12 - [RECEIVED] from Machine 0, Logical clock: 330, Queue length: 1, MESSAGE logical_clock: 328

2025-03-03 23:08:13 - [SENT] to Machine 1, Logical clock: 330
2025-03-03 23:08:13 - [RECEIVED] from Machine 2, Logical clock: 332, Queue length: 1, MESSAGE sender_id: 2
logical_clock: 329

2025-03-03 23:08:13 - [RECEIVED] from Machine 1, Logical clock: 333, Queue length: 0, MESSAGE sender_id: 1
logical_clock: 318

2025-03-03 23:08:13 - [INTERNAL], Logical clock: 334
2025-03-03 23:08:13 - [RECEIVED] from Machine 1, Logical clock: 335, Queue length: 0, MESSAGE sender_id: 1
logical_clock: 331

2025-03-03 23:08:13 - [SENT] to Machine 1, Logical clock: 335
2025-03-03 23:08:14 - [RECEIVED] from Machine 2, Logical clock: 337, Queue length: 0, MESSAGE sender_id: 2
logical_clock: 331

2025-03-03 23:08:14 - [SENT] to Machine 1, Logical clock: 337
2025-03-03 23:08:14 - [SENT] to Machine 1, Logical clock: 338
2025-03-03 23:08:14 - [SENT] to Machine 2, Logical clock: 338
2025-03-03 23:08:14 - [RECEIVED] from Machine 2, Logical clock: 340, Queue length: 0, MESSAGE sender_id: 2
logical_clock: 327

2025-03-03 23:08:14 - [SENT] to Machine 1, Logical clock: 340
2025-03-03 23:08:14 - [RECEIVED] from Machine 0, Logical clock: 342, Queue length: 0, MESSAGE logical_clock: 327

2025-03-03 23:08:15 - [INTERNAL], Logical clock: 343
2025-03-03 23:08:15 - [SENT] to Machine 1, Logical clock: 343
2025-03-03 23:08:15 - [SENT] to Machine 2, Logical clock: 343
2025-03-03 23:08:15 - [RECEIVED] from Machine 0, Logical clock: 345, Queue length: 0, MESSAGE logical_clock: 338

2025-03-03 23:08:15 - [RECEIVED] from Machine 0, Logical clock: 346, Queue length: 3, MESSAGE logical_clock: 337

2025-03-03 23:08:15 - [SENT] to Machine 1, Logical clock: 346
