2025-03-03 23:08:35 - [INIT] with clock rate 6 and peers ['localhost:50050', 'localhost:50051'], [0, 1]
2025-03-03 23:08:37 - [SENT] to Machine 0, Logical clock: 0, ACTUALLY TO localhost:50050
2025-03-03 23:08:37 - [SENT] to Machine 1, Logical clock: 0, ACTUALLY TO localhost:50051
2025-03-03 23:08:37 - [SENT] to Machine 0, Logical clock: 1, ACTUALLY TO localhost:50050
2025-03-03 23:08:37 - [INTERNAL], Logical clock: 3
2025-03-03 23:08:37 - [SENT] to Machine 0, Logical clock: 3, ACTUALLY TO localhost:50050
2025-03-03 23:08:37 - [RECEIVED] from Machine 2, Logical clock: 5, Queue length: 1, MESSAGE sender_id: 2
logical_clock: 3

2025-03-03 23:08:38 - [SENT] to Machine 0, Logical clock: 5, ACTUALLY TO localhost:50050
2025-03-03 23:08:38 - [RECEIVED] from Machine 2, Logical clock: 7, Queue length: 0, MESSAGE sender_id: 2
logical_clock: 1

2025-03-03 23:08:38 - [RECEIVED] from Machine 2, Logical clock: 8, Queue length: 0, MESSAGE sender_id: 2
logical_clock: 5

2025-03-03 23:08:38 - [INTERNAL], Logical clock: 9
2025-03-03 23:08:38 - [SENT] to Machine 0, Logical clock: 9, ACTUALLY TO localhost:50050
2025-03-03 23:08:38 - [RECEIVED] from Machine 1, Logical clock: 11, Queue length: 0, MESSAGE sender_id: 1
logical_clock: 2

2025-03-03 23:08:39 - [RECEIVED] from Machine 0, Logical clock: 12, Queue length: 0, MESSAGE logical_clock: 3

2025-03-03 23:08:39 - [SENT] to Machine 0, Logical clock: 12, ACTUALLY TO localhost:50050
2025-03-03 23:08:39 - [RECEIVED] from Machine 1, Logical clock: 14, Queue length: 0, MESSAGE sender_id: 1
logical_clock: 3

2025-03-03 23:08:39 - [SENT] to Machine 0, Logical clock: 14, ACTUALLY TO localhost:50050
2025-03-03 23:08:39 - [INTERNAL], Logical clock: 16
2025-03-03 23:08:39 - [SENT] to Machine 0, Logical clock: 16, ACTUALLY TO localhost:50050
2025-03-03 23:08:39 - [SENT] to Machine 1, Logical clock: 16, ACTUALLY TO localhost:50051
2025-03-03 23:08:40 - [RECEIVED] from Machine 1, Logical clock: 18, Queue length: 0, MESSAGE sender_id: 1

2025-03-03 23:08:40 - [RECEIVED] from Machine 2, Logical clock: 19, Queue length: 0, MESSAGE sender_id: 2
logical_clock: 12

2025-03-03 23:08:40 - [SENT] to Machine 0, Logical clock: 19, ACTUALLY TO localhost:50050
2025-03-03 23:08:40 - [RECEIVED] from Machine 1, Logical clock: 21, Queue length: 0, MESSAGE sender_id: 1
logical_clock: 4

2025-03-03 23:08:40 - [SENT] to Machine 0, Logical clock: 21, ACTUALLY TO localhost:50050
2025-03-03 23:08:40 - [SENT] to Machine 0, Logical clock: 22, ACTUALLY TO localhost:50050
2025-03-03 23:08:41 - [SENT] to Machine 0, Logical clock: 23, ACTUALLY TO localhost:50050
2025-03-03 23:08:41 - [SENT] to Machine 0, Logical clock: 24, ACTUALLY TO localhost:50050
2025-03-03 23:08:41 - [RECEIVED] from Machine 0, Logical clock: 26, Queue length: 0, MESSAGE logical_clock: 1

2025-03-03 23:08:41 - [RECEIVED] from Machine 2, Logical clock: 27, Queue length: 1, MESSAGE sender_id: 2
logical_clock: 22

2025-03-03 23:08:41 - [SENT] to Machine 0, Logical clock: 27, ACTUALLY TO localhost:50050
2025-03-03 23:08:41 - [SENT] to Machine 0, Logical clock: 28, ACTUALLY TO localhost:50050
2025-03-03 23:08:41 - [SENT] to Machine 1, Logical clock: 28, ACTUALLY TO localhost:50051
2025-03-03 23:08:42 - [RECEIVED] from Machine 1, Logical clock: 30, Queue length: 0, MESSAGE sender_id: 1
logical_clock: 24

2025-03-03 23:08:42 - [RECEIVED] from Machine 2, Logical clock: 31, Queue length: 0, MESSAGE sender_id: 2
logical_clock: 28

2025-03-03 23:08:42 - [SENT] to Machine 0, Logical clock: 31, ACTUALLY TO localhost:50050
2025-03-03 23:08:42 - [INTERNAL], Logical clock: 33
2025-03-03 23:08:42 - [RECEIVED] from Machine 2, Logical clock: 34, Queue length: 4, MESSAGE sender_id: 2
logical_clock: 21

2025-03-03 23:08:42 - [SENT] to Machine 0, Logical clock: 34, ACTUALLY TO localhost:50050
2025-03-03 23:08:43 - [RECEIVED] from Machine 2, Logical clock: 36, Queue length: 1, MESSAGE sender_id: 2
logical_clock: 34

2025-03-03 23:08:43 - [RECEIVED] from Machine 2, Logical clock: 37, Queue length: 1, MESSAGE sender_id: 2
logical_clock: 27

2025-03-03 23:08:43 - [SENT] to Machine 0, Logical clock: 37, ACTUALLY TO localhost:50050
2025-03-03 23:08:43 - [SENT] to Machine 1, Logical clock: 37, ACTUALLY TO localhost:50051
2025-03-03 23:08:43 - [INTERNAL], Logical clock: 39
2025-03-03 23:08:43 - [RECEIVED] from Machine 1, Logical clock: 40, Queue length: 1, MESSAGE sender_id: 1
logical_clock: 24

2025-03-03 23:08:43 - [RECEIVED] from Machine 2, Logical clock: 41, Queue length: 0, MESSAGE sender_id: 2
logical_clock: 24

2025-03-03 23:08:44 - [RECEIVED] from Machine 0, Logical clock: 42, Queue length: 0, MESSAGE logical_clock: 18

2025-03-03 23:08:44 - [SENT] to Machine 0, Logical clock: 42, ACTUALLY TO localhost:50050
2025-03-03 23:08:44 - [RECEIVED] from Machine 2, Logical clock: 44, Queue length: 2, MESSAGE sender_id: 2
logical_clock: 31

2025-03-03 23:08:44 - [SENT] to Machine 0, Logical clock: 44, ACTUALLY TO localhost:50050
2025-03-03 23:08:44 - [SENT] to Machine 0, Logical clock: 45, ACTUALLY TO localhost:50050
2025-03-03 23:08:44 - [SENT] to Machine 0, Logical clock: 46, ACTUALLY TO localhost:50050
2025-03-03 23:08:45 - [SENT] to Machine 0, Logical clock: 47, ACTUALLY TO localhost:50050
2025-03-03 23:08:45 - [SENT] to Machine 0, Logical clock: 48, ACTUALLY TO localhost:50050
2025-03-03 23:08:45 - [RECEIVED] from Machine 0, Logical clock: 50, Queue length: 1, MESSAGE logical_clock: 23

2025-03-03 23:08:45 - [INTERNAL], Logical clock: 51
2025-03-03 23:08:45 - [SENT] to Machine 0, Logical clock: 51, ACTUALLY TO localhost:50050
2025-03-03 23:08:45 - [RECEIVED] from Machine 0, Logical clock: 53, Queue length: 0, MESSAGE logical_clock: 24

2025-03-03 23:08:46 - [RECEIVED] from Machine 1, Logical clock: 54, Queue length: 1, MESSAGE sender_id: 1
logical_clock: 48

2025-03-03 23:08:46 - [RECEIVED] from Machine 2, Logical clock: 55, Queue length: 0, MESSAGE sender_id: 2
logical_clock: 51

2025-03-03 23:08:46 - [RECEIVED] from Machine 2, Logical clock: 56, Queue length: 0, MESSAGE sender_id: 2
logical_clock: 45

2025-03-03 23:08:46 - [SENT] to Machine 0, Logical clock: 56, ACTUALLY TO localhost:50050
2025-03-03 23:08:46 - [SENT] to Machine 0, Logical clock: 57, ACTUALLY TO localhost:50050
2025-03-03 23:08:46 - [SENT] to Machine 0, Logical clock: 58, ACTUALLY TO localhost:50050
2025-03-03 23:08:47 - [RECEIVED] from Machine 2, Logical clock: 60, Queue length: 1, MESSAGE sender_id: 2
logical_clock: 58

2025-03-03 23:08:47 - [SENT] to Machine 0, Logical clock: 60, ACTUALLY TO localhost:50050
2025-03-03 23:08:47 - [SENT] to Machine 1, Logical clock: 60, ACTUALLY TO localhost:50051
2025-03-03 23:08:47 - [SENT] to Machine 0, Logical clock: 61, ACTUALLY TO localhost:50050
2025-03-03 23:08:47 - [RECEIVED] from Machine 2, Logical clock: 63, Queue length: 4, MESSAGE sender_id: 2
logical_clock: 60

2025-03-03 23:08:47 - [INTERNAL], Logical clock: 64
2025-03-03 23:08:47 - [RECEIVED] from Machine 2, Logical clock: 65, Queue length: 0, MESSAGE sender_id: 2
logical_clock: 61

2025-03-03 23:08:48 - [RECEIVED] from Machine 2, Logical clock: 66, Queue length: 1, MESSAGE sender_id: 2
logical_clock: 44

2025-03-03 23:08:48 - [INTERNAL], Logical clock: 67
2025-03-03 23:08:48 - [SENT] to Machine 0, Logical clock: 67, ACTUALLY TO localhost:50050
2025-03-03 23:08:48 - [RECEIVED] from Machine 2, Logical clock: 69, Queue length: 0, MESSAGE sender_id: 2
logical_clock: 60

2025-03-03 23:08:48 - [SENT] to Machine 1, Logical clock: 69, ACTUALLY TO localhost:50051
2025-03-03 23:08:48 - [SENT] to Machine 0, Logical clock: 70, ACTUALLY TO localhost:50050
2025-03-03 23:08:49 - [SENT] to Machine 0, Logical clock: 71, ACTUALLY TO localhost:50050
2025-03-03 23:08:49 - [SENT] to Machine 0, Logical clock: 72, ACTUALLY TO localhost:50050
2025-03-03 23:08:49 - [INTERNAL], Logical clock: 74
2025-03-03 23:08:49 - [RECEIVED] from Machine 1, Logical clock: 75, Queue length: 1, MESSAGE sender_id: 1
logical_clock: 61

2025-03-03 23:08:49 - [INTERNAL], Logical clock: 76
2025-03-03 23:08:49 - [INTERNAL], Logical clock: 77
2025-03-03 23:08:50 - [SENT] to Machine 0, Logical clock: 77, ACTUALLY TO localhost:50050
2025-03-03 23:08:50 - [SENT] to Machine 1, Logical clock: 77, ACTUALLY TO localhost:50051
2025-03-03 23:08:50 - [RECEIVED] from Machine 2, Logical clock: 79, Queue length: 0, MESSAGE sender_id: 2
logical_clock: 46

2025-03-03 23:08:50 - [SENT] to Machine 0, Logical clock: 79, ACTUALLY TO localhost:50050
2025-03-03 23:08:50 - [RECEIVED] from Machine 2, Logical clock: 81, Queue length: 0, MESSAGE sender_id: 2
logical_clock: 70

2025-03-03 23:08:50 - [SENT] to Machine 0, Logical clock: 81, ACTUALLY TO localhost:50050
2025-03-03 23:08:50 - [SENT] to Machine 0, Logical clock: 82, ACTUALLY TO localhost:50050
2025-03-03 23:08:51 - [RECEIVED] from Machine 2, Logical clock: 84, Queue length: 2, MESSAGE sender_id: 2
logical_clock: 57

2025-03-03 23:08:51 - [RECEIVED] from Machine 2, Logical clock: 85, Queue length: 0, MESSAGE sender_id: 2
logical_clock: 72

2025-03-03 23:08:51 - [SENT] to Machine 0, Logical clock: 85, ACTUALLY TO localhost:50050
2025-03-03 23:08:51 - [SENT] to Machine 0, Logical clock: 86, ACTUALLY TO localhost:50050
2025-03-03 23:08:51 - [SENT] to Machine 1, Logical clock: 86, ACTUALLY TO localhost:50051
2025-03-03 23:08:51 - [SENT] to Machine 0, Logical clock: 87, ACTUALLY TO localhost:50050
2025-03-03 23:08:51 - [SENT] to Machine 0, Logical clock: 88, ACTUALLY TO localhost:50050
2025-03-03 23:08:52 - [SENT] to Machine 0, Logical clock: 89, ACTUALLY TO localhost:50050
2025-03-03 23:08:52 - [SENT] to Machine 0, Logical clock: 90, ACTUALLY TO localhost:50050
2025-03-03 23:08:52 - [RECEIVED] from Machine 2, Logical clock: 92, Queue length: 1, MESSAGE sender_id: 2
logical_clock: 87

2025-03-03 23:08:52 - [SENT] to Machine 0, Logical clock: 92, ACTUALLY TO localhost:50050
2025-03-03 23:08:52 - [RECEIVED] from Machine 2, Logical clock: 94, Queue length: 0, MESSAGE sender_id: 2
logical_clock: 82

2025-03-03 23:08:52 - [RECEIVED] from Machine 2, Logical clock: 95, Queue length: 1, MESSAGE sender_id: 2
logical_clock: 88

2025-03-03 23:08:53 - [RECEIVED] from Machine 2, Logical clock: 96, Queue length: 1, MESSAGE sender_id: 2
logical_clock: 77

2025-03-03 23:08:53 - [SENT] to Machine 0, Logical clock: 96, ACTUALLY TO localhost:50050
2025-03-03 23:08:53 - [SENT] to Machine 1, Logical clock: 96, ACTUALLY TO localhost:50051
2025-03-03 23:08:53 - [INTERNAL], Logical clock: 98
2025-03-03 23:08:53 - [INTERNAL], Logical clock: 99
2025-03-03 23:08:53 - [SENT] to Machine 0, Logical clock: 99, ACTUALLY TO localhost:50050
2025-03-03 23:08:53 - [SENT] to Machine 1, Logical clock: 99, ACTUALLY TO localhost:50051
2025-03-03 23:08:53 - [SENT] to Machine 0, Logical clock: 100, ACTUALLY TO localhost:50050
2025-03-03 23:08:53 - [SENT] to Machine 1, Logical clock: 100, ACTUALLY TO localhost:50051
2025-03-03 23:08:54 - [RECEIVED] from Machine 2, Logical clock: 102, Queue length: 0, MESSAGE sender_id: 2
logical_clock: 100

2025-03-03 23:08:54 - [SENT] to Machine 0, Logical clock: 102, ACTUALLY TO localhost:50050
2025-03-03 23:08:54 - [INTERNAL], Logical clock: 104
2025-03-03 23:08:54 - [RECEIVED] from Machine 0, Logical clock: 105, Queue length: 0, MESSAGE logical_clock: 79

2025-03-03 23:08:54 - [RECEIVED] from Machine 2, Logical clock: 106, Queue length: 0, MESSAGE sender_id: 2
logical_clock: 99

2025-03-03 23:08:54 - [SENT] to Machine 0, Logical clock: 106, ACTUALLY TO localhost:50050
2025-03-03 23:08:55 - [SENT] to Machine 0, Logical clock: 107, ACTUALLY TO localhost:50050
2025-03-03 23:08:55 - [INTERNAL], Logical clock: 109
2025-03-03 23:08:55 - [RECEIVED] from Machine 2, Logical clock: 110, Queue length: 1, MESSAGE sender_id: 2
logical_clock: 90

2025-03-03 23:08:55 - [INTERNAL], Logical clock: 111
2025-03-03 23:08:55 - [SENT] to Machine 0, Logical clock: 111, ACTUALLY TO localhost:50050
2025-03-03 23:08:55 - [SENT] to Machine 0, Logical clock: 112, ACTUALLY TO localhost:50050
2025-03-03 23:08:56 - [RECEIVED] from Machine 2, Logical clock: 114, Queue length: 0, MESSAGE sender_id: 2
logical_clock: 99

2025-03-03 23:08:56 - [RECEIVED] from Machine 0, Logical clock: 115, Queue length: 0, MESSAGE logical_clock: 89

2025-03-03 23:08:56 - [RECEIVED] from Machine 2, Logical clock: 116, Queue length: 1, MESSAGE sender_id: 2
logical_clock: 100

2025-03-03 23:08:56 - [SENT] to Machine 0, Logical clock: 116, ACTUALLY TO localhost:50050
2025-03-03 23:08:56 - [RECEIVED] from Machine 0, Logical clock: 118, Queue length: 1, MESSAGE logical_clock: 99

2025-03-03 23:08:56 - [SENT] to Machine 0, Logical clock: 118, ACTUALLY TO localhost:50050
2025-03-03 23:08:57 - [RECEIVED] from Machine 2, Logical clock: 120, Queue length: 0, MESSAGE sender_id: 2
logical_clock: 118

2025-03-03 23:08:57 - [SENT] to Machine 0, Logical clock: 120, ACTUALLY TO localhost:50050
2025-03-03 23:08:57 - [INTERNAL], Logical clock: 122
2025-03-03 23:08:57 - [RECEIVED] from Machine 2, Logical clock: 123, Queue length: 0, MESSAGE sender_id: 2
logical_clock: 120

2025-03-03 23:08:57 - [INTERNAL], Logical clock: 124
2025-03-03 23:08:57 - [RECEIVED] from Machine 2, Logical clock: 125, Queue length: 0, MESSAGE sender_id: 2
logical_clock: 112

2025-03-03 23:08:58 - [SENT] to Machine 0, Logical clock: 125, ACTUALLY TO localhost:50050
2025-03-03 23:08:58 - [INTERNAL], Logical clock: 127
2025-03-03 23:08:58 - [INTERNAL], Logical clock: 128
2025-03-03 23:08:58 - [SENT] to Machine 0, Logical clock: 128, ACTUALLY TO localhost:50050
2025-03-03 23:08:58 - [RECEIVED] from Machine 2, Logical clock: 130, Queue length: 0, MESSAGE sender_id: 2
logical_clock: 125

2025-03-03 23:08:58 - [SENT] to Machine 0, Logical clock: 130, ACTUALLY TO localhost:50050
2025-03-03 23:08:59 - [RECEIVED] from Machine 2, Logical clock: 132, Queue length: 0, MESSAGE sender_id: 2
logical_clock: 116

2025-03-03 23:08:59 - [SENT] to Machine 0, Logical clock: 132, ACTUALLY TO localhost:50050
2025-03-03 23:08:59 - [RECEIVED] from Machine 1, Logical clock: 134, Queue length: 1, MESSAGE sender_id: 1
logical_clock: 114

2025-03-03 23:08:59 - [RECEIVED] from Machine 2, Logical clock: 135, Queue length: 1, MESSAGE sender_id: 2
logical_clock: 128

2025-03-03 23:08:59 - [INTERNAL], Logical clock: 136
2025-03-03 23:08:59 - [INTERNAL], Logical clock: 137
2025-03-03 23:09:00 - [RECEIVED] from Machine 2, Logical clock: 138, Queue length: 0, MESSAGE sender_id: 2
logical_clock: 132

2025-03-03 23:09:00 - [RECEIVED] from Machine 2, Logical clock: 139, Queue length: 0, MESSAGE sender_id: 2
logical_clock: 130

2025-03-03 23:09:00 - [SENT] to Machine 0, Logical clock: 139, ACTUALLY TO localhost:50050
2025-03-03 23:09:00 - [SENT] to Machine 0, Logical clock: 140, ACTUALLY TO localhost:50050
2025-03-03 23:09:00 - [RECEIVED] from Machine 2, Logical clock: 142, Queue length: 2, MESSAGE sender_id: 2
logical_clock: 139

2025-03-03 23:09:00 - [INTERNAL], Logical clock: 143
2025-03-03 23:09:01 - [SENT] to Machine 0, Logical clock: 143, ACTUALLY TO localhost:50050
2025-03-03 23:09:01 - [SENT] to Machine 0, Logical clock: 144, ACTUALLY TO localhost:50050
2025-03-03 23:09:01 - [INTERNAL], Logical clock: 146
2025-03-03 23:09:01 - [INTERNAL], Logical clock: 147
2025-03-03 23:09:01 - [RECEIVED] from Machine 1, Logical clock: 148, Queue length: 0, MESSAGE sender_id: 1
logical_clock: 116

2025-03-03 23:09:01 - [RECEIVED] from Machine 2, Logical clock: 149, Queue length: 0, MESSAGE sender_id: 2
logical_clock: 144

2025-03-03 23:09:02 - [INTERNAL], Logical clock: 150
2025-03-03 23:09:02 - [SENT] to Machine 0, Logical clock: 150, ACTUALLY TO localhost:50050
2025-03-03 23:09:02 - [RECEIVED] from Machine 1, Logical clock: 152, Queue length: 0, MESSAGE sender_id: 1
logical_clock: 123

2025-03-03 23:09:02 - [INTERNAL], Logical clock: 153
2025-03-03 23:09:02 - [SENT] to Machine 0, Logical clock: 153, ACTUALLY TO localhost:50050
2025-03-03 23:09:03 - [RECEIVED] from Machine 2, Logical clock: 155, Queue length: 0, MESSAGE sender_id: 2
logical_clock: 150

2025-03-03 23:09:03 - [INTERNAL], Logical clock: 156
2025-03-03 23:09:03 - [SENT] to Machine 0, Logical clock: 156, ACTUALLY TO localhost:50050
2025-03-03 23:09:03 - [INTERNAL], Logical clock: 158
2025-03-03 23:09:03 - [SENT] to Machine 0, Logical clock: 158, ACTUALLY TO localhost:50050
2025-03-03 23:09:03 - [SENT] to Machine 1, Logical clock: 158, ACTUALLY TO localhost:50051
2025-03-03 23:09:03 - [SENT] to Machine 0, Logical clock: 159, ACTUALLY TO localhost:50050
2025-03-03 23:09:03 - [SENT] to Machine 1, Logical clock: 159, ACTUALLY TO localhost:50051
2025-03-03 23:09:04 - [RECEIVED] from Machine 2, Logical clock: 161, Queue length: 2, MESSAGE sender_id: 2
logical_clock: 143

2025-03-03 23:09:04 - [RECEIVED] from Machine 0, Logical clock: 162, Queue length: 0, MESSAGE logical_clock: 117

2025-03-03 23:09:04 - [RECEIVED] from Machine 0, Logical clock: 163, Queue length: 0, MESSAGE logical_clock: 155

2025-03-03 23:09:04 - [RECEIVED] from Machine 2, Logical clock: 164, Queue length: 5, MESSAGE sender_id: 2
logical_clock: 159

2025-03-03 23:09:04 - [RECEIVED] from Machine 1, Logical clock: 165, Queue length: 0, MESSAGE sender_id: 1
logical_clock: 127

2025-03-03 23:09:04 - [SENT] to Machine 1, Logical clock: 165, ACTUALLY TO localhost:50051
2025-03-03 23:09:05 - [RECEIVED] from Machine 1, Logical clock: 167, Queue length: 0, MESSAGE sender_id: 1
logical_clock: 124

2025-03-03 23:09:05 - [RECEIVED] from Machine 2, Logical clock: 168, Queue length: 0, MESSAGE sender_id: 2
logical_clock: 156

2025-03-03 23:09:05 - [RECEIVED] from Machine 0, Logical clock: 169, Queue length: 0, MESSAGE logical_clock: 143

2025-03-03 23:09:05 - [INTERNAL], Logical clock: 170
2025-03-03 23:09:05 - [SENT] to Machine 0, Logical clock: 170, ACTUALLY TO localhost:50050
2025-03-03 23:09:05 - [SENT] to Machine 0, Logical clock: 171, ACTUALLY TO localhost:50050
2025-03-03 23:09:06 - [INTERNAL], Logical clock: 173
2025-03-03 23:09:06 - [SENT] to Machine 0, Logical clock: 173, ACTUALLY TO localhost:50050
2025-03-03 23:09:06 - [SENT] to Machine 0, Logical clock: 174, ACTUALLY TO localhost:50050
2025-03-03 23:09:06 - [SENT] to Machine 0, Logical clock: 175, ACTUALLY TO localhost:50050
2025-03-03 23:09:06 - [RECEIVED] from Machine 2, Logical clock: 177, Queue length: 2, MESSAGE sender_id: 2
logical_clock: 171

2025-03-03 23:09:06 - [RECEIVED] from Machine 2, Logical clock: 178, Queue length: 0, MESSAGE sender_id: 2
logical_clock: 175

2025-03-03 23:09:07 - [SENT] to Machine 0, Logical clock: 178, ACTUALLY TO localhost:50050
2025-03-03 23:09:07 - [INTERNAL], Logical clock: 180
2025-03-03 23:09:07 - [RECEIVED] from Machine 1, Logical clock: 181, Queue length: 0, MESSAGE sender_id: 1
logical_clock: 128

2025-03-03 23:09:07 - [RECEIVED] from Machine 2, Logical clock: 182, Queue length: 0, MESSAGE sender_id: 2
logical_clock: 178

2025-03-03 23:09:07 - [SENT] to Machine 0, Logical clock: 182, ACTUALLY TO localhost:50050
2025-03-03 23:09:07 - [SENT] to Machine 1, Logical clock: 183, ACTUALLY TO localhost:50051
2025-03-03 23:09:08 - [SENT] to Machine 0, Logical clock: 184, ACTUALLY TO localhost:50050
2025-03-03 23:09:08 - [SENT] to Machine 1, Logical clock: 185, ACTUALLY TO localhost:50051
2025-03-03 23:09:08 - [RECEIVED] from Machine 2, Logical clock: 187, Queue length: 1, MESSAGE sender_id: 2
logical_clock: 183

2025-03-03 23:09:08 - [RECEIVED] from Machine 0, Logical clock: 188, Queue length: 0, MESSAGE logical_clock: 174

2025-03-03 23:09:08 - [SENT] to Machine 0, Logical clock: 188, ACTUALLY TO localhost:50050
2025-03-03 23:09:08 - [RECEIVED] from Machine 2, Logical clock: 190, Queue length: 0, MESSAGE sender_id: 2
logical_clock: 184

2025-03-03 23:09:09 - [RECEIVED] from Machine 2, Logical clock: 191, Queue length: 1, MESSAGE sender_id: 2
logical_clock: 185

2025-03-03 23:09:09 - [RECEIVED] from Machine 2, Logical clock: 192, Queue length: 0, MESSAGE sender_id: 2
logical_clock: 188

2025-03-03 23:09:09 - [SENT] to Machine 0, Logical clock: 192, ACTUALLY TO localhost:50050
2025-03-03 23:09:09 - [RECEIVED] from Machine 1, Logical clock: 194, Queue length: 0, MESSAGE sender_id: 1
logical_clock: 178

2025-03-03 23:09:09 - [SENT] to Machine 0, Logical clock: 194, ACTUALLY TO localhost:50050
2025-03-03 23:09:09 - [INTERNAL], Logical clock: 196
2025-03-03 23:09:10 - [SENT] to Machine 0, Logical clock: 196, ACTUALLY TO localhost:50050
2025-03-03 23:09:10 - [INTERNAL], Logical clock: 198
2025-03-03 23:09:10 - [RECEIVED] from Machine 2, Logical clock: 199, Queue length: 2, MESSAGE sender_id: 2
logical_clock: 192

2025-03-03 23:09:10 - [INTERNAL], Logical clock: 200
2025-03-03 23:09:10 - [SENT] to Machine 0, Logical clock: 200, ACTUALLY TO localhost:50050
2025-03-03 23:09:10 - [SENT] to Machine 0, Logical clock: 201, ACTUALLY TO localhost:50050
2025-03-03 23:09:11 - [RECEIVED] from Machine 1, Logical clock: 203, Queue length: 0, MESSAGE sender_id: 1
logical_clock: 181

2025-03-03 23:09:11 - [SENT] to Machine 0, Logical clock: 203, ACTUALLY TO localhost:50050
2025-03-03 23:09:11 - [RECEIVED] from Machine 0, Logical clock: 205, Queue length: 0, MESSAGE logical_clock: 195

2025-03-03 23:09:11 - [SENT] to Machine 0, Logical clock: 205, ACTUALLY TO localhost:50050
2025-03-03 23:09:11 - [SENT] to Machine 0, Logical clock: 206, ACTUALLY TO localhost:50050
2025-03-03 23:09:11 - [RECEIVED] from Machine 2, Logical clock: 208, Queue length: 1, MESSAGE sender_id: 2
logical_clock: 203

2025-03-03 23:09:12 - [SENT] to Machine 0, Logical clock: 208, ACTUALLY TO localhost:50050
2025-03-03 23:09:12 - [RECEIVED] from Machine 2, Logical clock: 210, Queue length: 0, MESSAGE sender_id: 2
logical_clock: 205

2025-03-03 23:09:12 - [RECEIVED] from Machine 2, Logical clock: 211, Queue length: 1, MESSAGE sender_id: 2
logical_clock: 206

2025-03-03 23:09:12 - [SENT] to Machine 0, Logical clock: 211, ACTUALLY TO localhost:50050
2025-03-03 23:09:12 - [SENT] to Machine 0, Logical clock: 212, ACTUALLY TO localhost:50050
2025-03-03 23:09:12 - [RECEIVED] from Machine 2, Logical clock: 214, Queue length: 0, MESSAGE sender_id: 2
logical_clock: 211

2025-03-03 23:09:13 - [INTERNAL], Logical clock: 215
2025-03-03 23:09:13 - [SENT] to Machine 0, Logical clock: 215, ACTUALLY TO localhost:50050
2025-03-03 23:09:13 - [RECEIVED] from Machine 2, Logical clock: 217, Queue length: 0, MESSAGE sender_id: 2
logical_clock: 200

2025-03-03 23:09:13 - [RECEIVED] from Machine 2, Logical clock: 218, Queue length: 1, MESSAGE sender_id: 2
logical_clock: 174

2025-03-03 23:09:13 - [SENT] to Machine 0, Logical clock: 218, ACTUALLY TO localhost:50050
2025-03-03 23:09:13 - [SENT] to Machine 1, Logical clock: 218, ACTUALLY TO localhost:50051
2025-03-03 23:09:13 - [SENT] to Machine 0, Logical clock: 219, ACTUALLY TO localhost:50050
2025-03-03 23:09:14 - [SENT] to Machine 1, Logical clock: 220, ACTUALLY TO localhost:50051
2025-03-03 23:09:14 - [SENT] to Machine 0, Logical clock: 221, ACTUALLY TO localhost:50050
2025-03-03 23:09:14 - [RECEIVED] from Machine 2, Logical clock: 223, Queue length: 1, MESSAGE sender_id: 2
logical_clock: 220

2025-03-03 23:09:14 - [RECEIVED] from Machine 2, Logical clock: 224, Queue length: 0, MESSAGE sender_id: 2
logical_clock: 221

2025-03-03 23:09:14 - [SENT] to Machine 0, Logical clock: 224, ACTUALLY TO localhost:50050
2025-03-03 23:09:14 - [INTERNAL], Logical clock: 226
2025-03-03 23:09:15 - [RECEIVED] from Machine 0, Logical clock: 227, Queue length: 0, MESSAGE logical_clock: 207

2025-03-03 23:09:15 - [RECEIVED] from Machine 2, Logical clock: 228, Queue length: 0, MESSAGE sender_id: 2
logical_clock: 219

2025-03-03 23:09:15 - [INTERNAL], Logical clock: 229
2025-03-03 23:09:15 - [INTERNAL], Logical clock: 230
2025-03-03 23:09:15 - [INTERNAL], Logical clock: 231
2025-03-03 23:09:15 - [RECEIVED] from Machine 2, Logical clock: 232, Queue length: 0, MESSAGE sender_id: 2
logical_clock: 224

2025-03-03 23:09:16 - [SENT] to Machine 0, Logical clock: 232, ACTUALLY TO localhost:50050
2025-03-03 23:09:16 - [INTERNAL], Logical clock: 234
2025-03-03 23:09:16 - [RECEIVED] from Machine 0, Logical clock: 235, Queue length: 1, MESSAGE logical_clock: 220

2025-03-03 23:09:16 - [INTERNAL], Logical clock: 236
2025-03-03 23:09:16 - [RECEIVED] from Machine 0, Logical clock: 237, Queue length: 1, MESSAGE logical_clock: 206

2025-03-03 23:09:16 - [INTERNAL], Logical clock: 238
2025-03-03 23:09:17 - [RECEIVED] from Machine 0, Logical clock: 239, Queue length: 3, MESSAGE logical_clock: 220

2025-03-03 23:09:17 - [RECEIVED] from Machine 0, Logical clock: 240, Queue length: 0, MESSAGE logical_clock: 222

2025-03-03 23:09:17 - [SENT] to Machine 0, Logical clock: 240, ACTUALLY TO localhost:50050
2025-03-03 23:09:17 - [INTERNAL], Logical clock: 242
2025-03-03 23:09:17 - [INTERNAL], Logical clock: 243
2025-03-03 23:09:17 - [INTERNAL], Logical clock: 244
2025-03-03 23:09:18 - [RECEIVED] from Machine 2, Logical clock: 245, Queue length: 0, MESSAGE sender_id: 2
logical_clock: 208

2025-03-03 23:09:18 - [INTERNAL], Logical clock: 246
2025-03-03 23:09:18 - [SENT] to Machine 0, Logical clock: 246, ACTUALLY TO localhost:50050
2025-03-03 23:09:18 - [SENT] to Machine 1, Logical clock: 246, ACTUALLY TO localhost:50051
2025-03-03 23:09:18 - [RECEIVED] from Machine 2, Logical clock: 248, Queue length: 0, MESSAGE sender_id: 2
logical_clock: 246

2025-03-03 23:09:18 - [RECEIVED] from Machine 0, Logical clock: 249, Queue length: 0, MESSAGE logical_clock: 225

2025-03-03 23:09:18 - [SENT] to Machine 1, Logical clock: 249, ACTUALLY TO localhost:50051
2025-03-03 23:09:19 - [INTERNAL], Logical clock: 251
2025-03-03 23:09:19 - [INTERNAL], Logical clock: 252
2025-03-03 23:09:19 - [SENT] to Machine 1, Logical clock: 252, ACTUALLY TO localhost:50051
2025-03-03 23:09:19 - [SENT] to Machine 0, Logical clock: 253, ACTUALLY TO localhost:50050
2025-03-03 23:09:19 - [SENT] to Machine 1, Logical clock: 253, ACTUALLY TO localhost:50051
2025-03-03 23:09:19 - [SENT] to Machine 0, Logical clock: 254, ACTUALLY TO localhost:50050
2025-03-03 23:09:19 - [RECEIVED] from Machine 1, Logical clock: 256, Queue length: 0, MESSAGE sender_id: 1
logical_clock: 220

2025-03-03 23:09:20 - [SENT] to Machine 0, Logical clock: 256, ACTUALLY TO localhost:50050
2025-03-03 23:09:20 - [RECEIVED] from Machine 2, Logical clock: 258, Queue length: 1, MESSAGE sender_id: 2
logical_clock: 256

2025-03-03 23:09:20 - [INTERNAL], Logical clock: 259
2025-03-03 23:09:20 - [RECEIVED] from Machine 0, Logical clock: 260, Queue length: 0, MESSAGE logical_clock: 221

2025-03-03 23:09:20 - [RECEIVED] from Machine 1, Logical clock: 261, Queue length: 0, MESSAGE sender_id: 1
logical_clock: 247

2025-03-03 23:09:20 - [RECEIVED] from Machine 2, Logical clock: 262, Queue length: 0, MESSAGE sender_id: 2
logical_clock: 218

2025-03-03 23:09:21 - [SENT] to Machine 0, Logical clock: 262, ACTUALLY TO localhost:50050
2025-03-03 23:09:21 - [RECEIVED] from Machine 2, Logical clock: 264, Queue length: 1, MESSAGE sender_id: 2
logical_clock: 252

2025-03-03 23:09:21 - [SENT] to Machine 0, Logical clock: 264, ACTUALLY TO localhost:50050
2025-03-03 23:09:21 - [RECEIVED] from Machine 2, Logical clock: 266, Queue length: 1, MESSAGE sender_id: 2
logical_clock: 254

2025-03-03 23:09:21 - [RECEIVED] from Machine 2, Logical clock: 267, Queue length: 0, MESSAGE sender_id: 2
logical_clock: 264

2025-03-03 23:09:21 - [INTERNAL], Logical clock: 268
2025-03-03 23:09:22 - [RECEIVED] from Machine 2, Logical clock: 269, Queue length: 0, MESSAGE sender_id: 2
logical_clock: 262

2025-03-03 23:09:22 - [INTERNAL], Logical clock: 270
2025-03-03 23:09:22 - [SENT] to Machine 0, Logical clock: 270, ACTUALLY TO localhost:50050
2025-03-03 23:09:22 - [RECEIVED] from Machine 0, Logical clock: 272, Queue length: 0, MESSAGE logical_clock: 258

2025-03-03 23:09:22 - [SENT] to Machine 0, Logical clock: 272, ACTUALLY TO localhost:50050
2025-03-03 23:09:22 - [RECEIVED] from Machine 2, Logical clock: 274, Queue length: 1, MESSAGE sender_id: 2
logical_clock: 272

2025-03-03 23:09:23 - [SENT] to Machine 0, Logical clock: 274, ACTUALLY TO localhost:50050
2025-03-03 23:09:23 - [RECEIVED] from Machine 1, Logical clock: 276, Queue length: 0, MESSAGE sender_id: 1
logical_clock: 249

2025-03-03 23:09:23 - [INTERNAL], Logical clock: 277
2025-03-03 23:09:23 - [SENT] to Machine 0, Logical clock: 277, ACTUALLY TO localhost:50050
2025-03-03 23:09:23 - [SENT] to Machine 1, Logical clock: 277, ACTUALLY TO localhost:50051
2025-03-03 23:09:23 - [RECEIVED] from Machine 0, Logical clock: 279, Queue length: 0, MESSAGE logical_clock: 258

2025-03-03 23:09:23 - [RECEIVED] from Machine 0, Logical clock: 280, Queue length: 0, MESSAGE logical_clock: 260

2025-03-03 23:09:24 - [SENT] to Machine 1, Logical clock: 280, ACTUALLY TO localhost:50051
2025-03-03 23:09:24 - [SENT] to Machine 0, Logical clock: 281, ACTUALLY TO localhost:50050
2025-03-03 23:09:24 - [SENT] to Machine 0, Logical clock: 282, ACTUALLY TO localhost:50050
2025-03-03 23:09:24 - [RECEIVED] from Machine 0, Logical clock: 284, Queue length: 2, MESSAGE logical_clock: 262

2025-03-03 23:09:24 - [RECEIVED] from Machine 2, Logical clock: 285, Queue length: 0, MESSAGE sender_id: 2
logical_clock: 277

2025-03-03 23:09:24 - [RECEIVED] from Machine 0, Logical clock: 286, Queue length: 0, MESSAGE logical_clock: 263

2025-03-03 23:09:25 - [INTERNAL], Logical clock: 287
2025-03-03 23:09:25 - [RECEIVED] from Machine 2, Logical clock: 288, Queue length: 0, MESSAGE sender_id: 2
logical_clock: 277

2025-03-03 23:09:25 - [INTERNAL], Logical clock: 289
2025-03-03 23:09:25 - [INTERNAL], Logical clock: 290
2025-03-03 23:09:25 - [SENT] to Machine 0, Logical clock: 290, ACTUALLY TO localhost:50050
2025-03-03 23:09:25 - [SENT] to Machine 1, Logical clock: 290, ACTUALLY TO localhost:50051
2025-03-03 23:09:25 - [SENT] to Machine 0, Logical clock: 291, ACTUALLY TO localhost:50050
2025-03-03 23:09:26 - [SENT] to Machine 1, Logical clock: 292, ACTUALLY TO localhost:50051
2025-03-03 23:09:26 - [RECEIVED] from Machine 2, Logical clock: 294, Queue length: 0, MESSAGE sender_id: 2
logical_clock: 291

2025-03-03 23:09:26 - [SENT] to Machine 0, Logical clock: 294, ACTUALLY TO localhost:50050
2025-03-03 23:09:26 - [SENT] to Machine 0, Logical clock: 295, ACTUALLY TO localhost:50050
2025-03-03 23:09:26 - [SENT] to Machine 1, Logical clock: 295, ACTUALLY TO localhost:50051
2025-03-03 23:09:26 - [RECEIVED] from Machine 2, Logical clock: 297, Queue length: 1, MESSAGE sender_id: 2
logical_clock: 294

2025-03-03 23:09:26 - [SENT] to Machine 0, Logical clock: 297, ACTUALLY TO localhost:50050
2025-03-03 23:09:27 - [RECEIVED] from Machine 2, Logical clock: 299, Queue length: 1, MESSAGE sender_id: 2
logical_clock: 295

2025-03-03 23:09:27 - [RECEIVED] from Machine 0, Logical clock: 300, Queue length: 0, MESSAGE logical_clock: 263

2025-03-03 23:09:27 - [RECEIVED] from Machine 2, Logical clock: 301, Queue length: 0, MESSAGE sender_id: 2
logical_clock: 270

2025-03-03 23:09:27 - [RECEIVED] from Machine 1, Logical clock: 302, Queue length: 0, MESSAGE sender_id: 1
logical_clock: 286

2025-03-03 23:09:27 - [RECEIVED] from Machine 2, Logical clock: 303, Queue length: 2, MESSAGE sender_id: 2
logical_clock: 292

2025-03-03 23:09:27 - [RECEIVED] from Machine 2, Logical clock: 304, Queue length: 0, MESSAGE sender_id: 2
logical_clock: 290

2025-03-03 23:09:28 - [INTERNAL], Logical clock: 305
2025-03-03 23:09:28 - [RECEIVED] from Machine 2, Logical clock: 306, Queue length: 0, MESSAGE sender_id: 2
logical_clock: 280

2025-03-03 23:09:28 - [SENT] to Machine 1, Logical clock: 306, ACTUALLY TO localhost:50051
2025-03-03 23:09:28 - [INTERNAL], Logical clock: 308
2025-03-03 23:09:28 - [SENT] to Machine 1, Logical clock: 308, ACTUALLY TO localhost:50051
2025-03-03 23:09:28 - [SENT] to Machine 0, Logical clock: 309, ACTUALLY TO localhost:50050
2025-03-03 23:09:29 - [SENT] to Machine 0, Logical clock: 310, ACTUALLY TO localhost:50050
2025-03-03 23:09:29 - [SENT] to Machine 0, Logical clock: 311, ACTUALLY TO localhost:50050
2025-03-03 23:09:29 - [RECEIVED] from Machine 1, Logical clock: 313, Queue length: 0, MESSAGE sender_id: 1
logical_clock: 291

2025-03-03 23:09:29 - [SENT] to Machine 0, Logical clock: 313, ACTUALLY TO localhost:50050
2025-03-03 23:09:29 - [RECEIVED] from Machine 2, Logical clock: 315, Queue length: 0, MESSAGE sender_id: 2
logical_clock: 295

2025-03-03 23:09:29 - [RECEIVED] from Machine 2, Logical clock: 316, Queue length: 0, MESSAGE sender_id: 2
logical_clock: 310

2025-03-03 23:09:30 - [SENT] to Machine 0, Logical clock: 316, ACTUALLY TO localhost:50050
2025-03-03 23:09:30 - [RECEIVED] from Machine 2, Logical clock: 318, Queue length: 1, MESSAGE sender_id: 2
logical_clock: 311

2025-03-03 23:09:30 - [SENT] to Machine 0, Logical clock: 318, ACTUALLY TO localhost:50050
2025-03-03 23:09:30 - [RECEIVED] from Machine 2, Logical clock: 320, Queue length: 1, MESSAGE sender_id: 2
logical_clock: 316

2025-03-03 23:09:30 - [SENT] to Machine 0, Logical clock: 320, ACTUALLY TO localhost:50050
2025-03-03 23:09:30 - [SENT] to Machine 0, Logical clock: 321, ACTUALLY TO localhost:50050
2025-03-03 23:09:31 - [INTERNAL], Logical clock: 323
2025-03-03 23:09:31 - [INTERNAL], Logical clock: 324
2025-03-03 23:09:31 - [RECEIVED] from Machine 2, Logical clock: 325, Queue length: 1, MESSAGE sender_id: 2
logical_clock: 318

2025-03-03 23:09:31 - [RECEIVED] from Machine 2, Logical clock: 326, Queue length: 1, MESSAGE sender_id: 2
logical_clock: 309

2025-03-03 23:09:31 - [RECEIVED] from Machine 2, Logical clock: 327, Queue length: 0, MESSAGE sender_id: 2
logical_clock: 321

2025-03-03 23:09:31 - [INTERNAL], Logical clock: 328
2025-03-03 23:09:32 - [RECEIVED] from Machine 1, Logical clock: 329, Queue length: 0, MESSAGE sender_id: 1
logical_clock: 311

2025-03-03 23:09:32 - [SENT] to Machine 0, Logical clock: 329, ACTUALLY TO localhost:50050
2025-03-03 23:09:32 - [SENT] to Machine 0, Logical clock: 330, ACTUALLY TO localhost:50050
2025-03-03 23:09:32 - [SENT] to Machine 1, Logical clock: 331, ACTUALLY TO localhost:50051
2025-03-03 23:09:32 - [INTERNAL], Logical clock: 333
2025-03-03 23:09:32 - [RECEIVED] from Machine 0, Logical clock: 334, Queue length: 1, MESSAGE logical_clock: 322

2025-03-03 23:09:33 - [INTERNAL], Logical clock: 335
2025-03-03 23:09:33 - [RECEIVED] from Machine 2, Logical clock: 336, Queue length: 0, MESSAGE sender_id: 2
logical_clock: 331

2025-03-03 23:09:33 - [INTERNAL], Logical clock: 337
2025-03-03 23:09:33 - [INTERNAL], Logical clock: 338
2025-03-03 23:09:33 - [INTERNAL], Logical clock: 339
2025-03-03 23:09:33 - [SENT] to Machine 0, Logical clock: 339, ACTUALLY TO localhost:50050
2025-03-03 23:09:34 - [INTERNAL], Logical clock: 341
2025-03-03 23:09:34 - [RECEIVED] from Machine 2, Logical clock: 342, Queue length: 0, MESSAGE sender_id: 2
logical_clock: 339

2025-03-03 23:09:34 - [INTERNAL], Logical clock: 343
2025-03-03 23:09:34 - [RECEIVED] from Machine 0, Logical clock: 344, Queue length: 3, MESSAGE logical_clock: 326

2025-03-03 23:09:34 - [SENT] to Machine 0, Logical clock: 344, ACTUALLY TO localhost:50050
2025-03-03 23:09:34 - [SENT] to Machine 0, Logical clock: 345, ACTUALLY TO localhost:50050
2025-03-03 23:09:35 - [SENT] to Machine 0, Logical clock: 346, ACTUALLY TO localhost:50050
